üîí CORS Configuration:
üìù CORS_ALLOWED_ORIGINS env var: Not set
üåê Resolved CORS origins: [
  'http://localhost:3001',
  'http://localhost:3000',
  'http://localhost:5173',
  'http://localhost:5174',
  'http://localhost:8003',
  'https://bankdev2standalone-production.up.railway.app',
  'https://bankim-nodejs-api-production.up.railway.app'
]
üöÄ Database API Server Started
üì° http://localhost:8003
üìß Email login: POST /api/login
üìß Email 2FA: POST /api/email-code-login
üì± SMS login: POST /api/sms-login & /api/sms-code-login
üë§ Registration: POST /api/register
üèôÔ∏è Cities: GET /api/get-cities?lang=xx
üè† Refinance mortgage: POST /api/refinance-mortgage
üí≥ Refinance credit: POST /api/refinance-credit
üîê Admin login: POST /api/admin/login
üìä Admin stats: GET /api/admin/stats
üè¶ Admin banks: GET /api/admin/banks
üè™ Compare banks: POST /api/customer/compare-banks
üìù Submit application: POST /api/customer/submit-application
üìã Check status: GET /api/applications/:id/status
üîß Admin applications: GET /api/admin/applications
üìä Admin app details: GET /api/admin/applications/:id
‚úèÔ∏è Update app status: PUT /api/admin/applications/:id/status

üè¢ PHASE 2: Bank Worker Registration System
üì® Send invitation: POST /api/bank-worker/invite
üìù Get registration form: GET /api/bank-worker/register/:token
‚úÖ Complete registration: POST /api/bank-worker/register
üìä Check status: GET /api/bank-worker/status/:id
üìã Admin invitations: GET /api/admin/invitations
‚è≥ Admin approval queue: GET /api/admin/approval-queue
‚úÖ Approve worker: POST /api/admin/approve/:id
‚ùå Reject worker: POST /api/admin/reject/:id

‚úÖ Content Database connected: 2025-07-17T17:05:01.284Z
‚úÖ Main Database connected: 2025-07-17T17:05:01.302Z
‚úÖ test-content table deleted successfully (if it existed)
[0mGET /api/content/languages [32m200[0m 201.035 ms - 410[0m
[0mGET /api/content/categories [32m200[0m 173.140 ms - 1578[0m
[0mGET /api/content/items [32m200[0m 468.971 ms - 1449[0m
[0mGET /api/content/login_page/en [32m200[0m 166.019 ms - 387[0m
[0mGET /api/content/app.login.header.welcome/he [32m200[0m 176.920 ms - 117[0m
[0mPOST /api/content [32m200[0m 2271.580 ms - 127[0m
[0mPUT /api/content/5 [32m200[0m 838.587 ms - 459[0m
[0mDELETE /api/content/5 [32m200[0m 256.887 ms - 113[0m
[0mGET /api/banks/list [36m304[0m 625.124 ms - -[0m
[0mGET /api/banks/list [36m304[0m 92.631 ms - -[0m
[0mGET /api/banks/list [36m304[0m 93.497 ms - -[0m
[0mGET /api/content/home_page/en [32m200[0m 579.825 ms - 1601[0m
[0mGET /api/content/home_page/en [32m200[0m 580.944 ms - 2324[0m
[0mGET /api/content/home_page/en [32m200[0m 469.068 ms - 3072[0m
[0mGET /api/content/home_page/he [32m200[0m 1001.827 ms - 3402[0m
[0mGET /api/content/home_page/he [36m304[0m 175.711 ms - -[0m
[0mGET /api/content/home_page/he [36m304[0m 679.525 ms - -[0m
[0mGET /api/banks/list [36m304[0m 782.480 ms - -[0m
[0mGET /api/content/home_page/he [36m304[0m 109.513 ms - -[0m
[0mGET /api/banks/list [36m304[0m 101.873 ms - -[0m
[0mGET /api/banks/list [36m304[0m 128.762 ms - -[0m
[0mGET /api/content/home_page/he [36m304[0m 959.189 ms - -[0m
[0mGET /api/content/home_page/he [36m304[0m 201.631 ms - -[0m
[0mGET /api/content/home_page/he [36m304[0m 128.919 ms - -[0m
[0mGET /api/content/home_page/he [36m304[0m 194.464 ms - -[0m
[0mGET /api/content/home_page/he [32m200[0m 180.450 ms - 3402[0m
[0mGET /api/content/home_page/he [36m304[0m 151.861 ms - -[0m
[0mGET /api/content/home_page/he [36m304[0m 111.134 ms - -[0m
[0mGET /api/content/home_page/he [36m304[0m 100.595 ms - -[0m
[0mGET /api/content/home_page/he [36m304[0m 133.225 ms - -[0m
[0mGET /api/content/home_page/he [36m304[0m 108.245 ms - -[0m
[0mGET /api/content/home_page/he [36m304[0m 121.956 ms - -[0m
[0mGET /api/content/home_page/he [36m304[0m 99.114 ms - -[0m
[0mGET /api/content/home_page/he [36m304[0m 145.767 ms - -[0m
[0mGET /api/content/home_page/en [32m200[0m 109.302 ms - 3072[0m
[0mGET /api/content/home_page/he [32m200[0m 101.385 ms - 3402[0m
[0mGET /api/content/home_page/he [36m304[0m 209.175 ms - -[0m
[0mGET /api/content/home_page/he [36m304[0m 102.754 ms - -[0m
[0mGET /api/content/home_page/he [36m304[0m 127.998 ms - -[0m
[0mGET /api/content/home_page/he [36m304[0m 104.380 ms - -[0m
[0mGET /api/content/home_page/he [36m304[0m 96.935 ms - -[0m
[0mGET /api/content/home_page/he [36m304[0m 103.112 ms - -[0m
[0mGET /api/content/home_page/he [36m304[0m 704.071 ms - -[0m
[0mGET /api/content/home_page/he [36m304[0m 107.221 ms - -[0m
[0mGET /api/content/home_page/he [36m304[0m 105.344 ms - -[0m
[0mGET /api/content/home_page/he [36m304[0m 143.006 ms - -[0m
[0mGET /api/content/home_page/he [36m304[0m 109.917 ms - -[0m
[0mGET /api/content/home_page/he [36m304[0m 134.348 ms - -[0m
[0mGET /api/content/home_page/he [36m304[0m 704.861 ms - -[0m
[0mGET /api/content/home_page/he [36m304[0m 102.582 ms - -[0m
[0mGET /api/content/home_page/he [36m304[0m 111.101 ms - -[0m
[0mGET /api/content/home_page/he [36m304[0m 135.280 ms - -[0m
[0mGET /api/content/home_page/he [36m304[0m 112.035 ms - -[0m
[0mGET /api/content/home_page/he [36m304[0m 132.236 ms - -[0m
[0mGET /api/content/home_page/he [36m304[0m 101.285 ms - -[0m
[0mGET /api/content/home_page/he [36m304[0m 131.001 ms - -[0m
[0mGET /api/content/home_page/he [36m304[0m 122.567 ms - -[0m
[0mGET /api/content/home_page/he [36m304[0m 139.808 ms - -[0m
[0mGET /api/content/home_page/he [36m304[0m 109.127 ms - -[0m
[0mGET /api/content/home_page/he [36m304[0m 139.797 ms - -[0m
[0mGET /api/content/home_page/he [36m304[0m 111.626 ms - -[0m
[0mGET /api/content/home_page/he [36m304[0m 103.316 ms - -[0m
[0mGET /api/content/home_page/he [36m304[0m 179.069 ms - -[0m
[0mGET /api/content/home_page/he [36m304[0m 109.055 ms - -[0m
[0mGET /api/content/home_page/he [36m304[0m 162.349 ms - -[0m
[0mGET /api/content/home_page/he [36m304[0m 739.663 ms - -[0m
[0mGET /api/content/home_page/he [36m304[0m 171.082 ms - -[0m
[0mGET /api/content/home_page/he [36m304[0m 282.802 ms - -[0m
[0mGET /api/content/home_page/he [36m304[0m 132.912 ms - -[0m
[0mGET /api/content/home_page/he [36m304[0m 128.918 ms - -[0m
[0mGET /api/content/home_page/he [36m304[0m 167.545 ms - -[0m
[0mGET /api/content/home_page/he [36m304[0m 137.121 ms - -[0m
[0mGET /api/banks/list [36m304[0m 887.039 ms - -[0m
[0mGET /api/content/home_page/he [36m304[0m 172.308 ms - -[0m
[0mGET /api/banks/list [36m304[0m 125.238 ms - -[0m
[0mGET /api/banks/list [36m304[0m 101.670 ms - -[0m
[0mGET /api/content/home_page/he [36m304[0m 110.301 ms - -[0m
[0mGET /api/content/home_page/he [36m304[0m 110.619 ms - -[0m
[0mGET /api/content/home_page/he [36m304[0m 104.630 ms - -[0m
[0mGET /api/content/home_page/he [36m304[0m 170.004 ms - -[0m
[0mGET /api/content/home_page/en [32m200[0m 1116.318 ms - 3072[0m
[0mGET /api/content/home_page/en [32m200[0m 1180.917 ms - 3072[0m
[0mGET /api/content/home_page/he [36m304[0m 755.901 ms - -[0m
[0mGET /api/content/home_page/he [36m304[0m 340.759 ms - -[0m
[0mGET /api/content/home_page/en [32m200[0m 313.458 ms - 3072[0m
[0mGET /api/content/home_page/he [36m304[0m 269.735 ms - -[0m
[0mGET /api/content/home_page/he [36m304[0m 174.903 ms - -[0m
[0mGET /api/content/home_page/en [32m200[0m 309.521 ms - 3072[0m
[0mGET /api/content/home_page/he [36m304[0m 329.709 ms - -[0m
[0mGET /api/content/home_page/he [36m304[0m 130.605 ms - -[0m
[0mGET /api/content/home_page/he [36m304[0m 142.960 ms - -[0m
[0mGET /api/content/home_page/he [36m304[0m 214.240 ms - -[0m
[0mGET /api/content/home_page/en [32m200[0m 891.833 ms - 3072[0m
[0mGET /api/content/home_page/he [32m200[0m 1052.246 ms - 3402[0m
[0mGET /api/content/home_page/he [36m304[0m 707.522 ms - -[0m
[0mGET /api/content/home_page/he [36m304[0m 169.171 ms - -[0m
[0mGET /api/content/home_page/he [36m304[0m 184.351 ms - -[0m
[0mGET /api/content/home_page/he [36m304[0m 161.255 ms - -[0m
[0mGET /api/content/home_page/he [36m304[0m 168.842 ms - -[0m
[0mGET /api/content/home_page/he [36m304[0m 178.990 ms - -[0m
[0mGET /api/content/home_page/he [36m304[0m 155.216 ms - -[0m
[0mGET /api/content/home_page/he [36m304[0m 149.198 ms - -[0m
[CITIES] Request for language: he
[0mGET /api/get-cities?lang=he [36m304[0m 996.951 ms - -[0m
[CITIES] Request for language: he
[0mGET /api/get-cities?lang=he [36m304[0m 138.181 ms - -[0m
Get calculation parameters error: error: column "min_down_payment_percentage" does not exist
    at /Users/michaelmishayev/Projects/bankDev2_standalone/node_modules/pg-pool/index.js:45:11
    at process.processTicksAndRejections (node:internal/process/task_queues:105:5)
    at async /Users/michaelmishayev/Projects/bankDev2_standalone/server-db.js:8699:27 {
  length: 127,
  severity: 'ERROR',
  code: '42703',
  detail: undefined,
  hint: undefined,
  position: '98',
  internalPosition: undefined,
  internalQuery: undefined,
  where: undefined,
  schema: undefined,
  table: undefined,
  column: undefined,
  dataType: undefined,
  constraint: undefined,
  file: 'parse_relation.c',
  line: '3722',
  routine: 'errorMissingColumn'
}
[0mGET /api/v1/calculation-parameters?business_path=mortgage [32m200[0m 1281.158 ms - 759[0m
Get calculation parameters error: error: column "min_down_payment_percentage" does not exist
    at /Users/michaelmishayev/Projects/bankDev2_standalone/node_modules/pg-pool/index.js:45:11
    at process.processTicksAndRejections (node:internal/process/task_queues:105:5)
    at async /Users/michaelmishayev/Projects/bankDev2_standalone/server-db.js:8699:27 {
  length: 127,
  severity: 'ERROR',
  code: '42703',
  detail: undefined,
  hint: undefined,
  position: '98',
  internalPosition: undefined,
  internalQuery: undefined,
  where: undefined,
  schema: undefined,
  table: undefined,
  column: undefined,
  dataType: undefined,
  constraint: undefined,
  file: 'parse_relation.c',
  line: '3722',
  routine: 'errorMissingColumn'
}
[0mGET /api/v1/calculation-parameters?business_path=mortgage [32m200[0m 534.452 ms - 759[0m
Get calculation parameters error: error: column "min_down_payment_percentage" does not exist
    at /Users/michaelmishayev/Projects/bankDev2_standalone/node_modules/pg-pool/index.js:45:11
    at process.processTicksAndRejections (node:internal/process/task_queues:105:5)
    at async /Users/michaelmishayev/Projects/bankDev2_standalone/server-db.js:8699:27 {
  length: 127,
  severity: 'ERROR',
  code: '42703',
  detail: undefined,
  hint: undefined,
  position: '98',
  internalPosition: undefined,
  internalQuery: undefined,
  where: undefined,
  schema: undefined,
  table: undefined,
  column: undefined,
  dataType: undefined,
  constraint: undefined,
  file: 'parse_relation.c',
  line: '3722',
  routine: 'errorMissingColumn'
}
[0mGET /api/v1/calculation-parameters?business_path=mortgage [32m200[0m 1119.158 ms - 759[0m
Get calculation parameters error: error: column "min_down_payment_percentage" does not exist
    at /Users/michaelmishayev/Projects/bankDev2_standalone/node_modules/pg-pool/index.js:45:11
    at process.processTicksAndRejections (node:internal/process/task_queues:105:5)
    at async /Users/michaelmishayev/Projects/bankDev2_standalone/server-db.js:8699:27 {
  length: 127,
  severity: 'ERROR',
  code: '42703',
  detail: undefined,
  hint: undefined,
  position: '98',
  internalPosition: undefined,
  internalQuery: undefined,
  where: undefined,
  schema: undefined,
  table: undefined,
  column: undefined,
  dataType: undefined,
  constraint: undefined,
  file: 'parse_relation.c',
  line: '3722',
  routine: 'errorMissingColumn'
}
[0mGET /api/v1/calculation-parameters?business_path=mortgage [32m200[0m 888.745 ms - 759[0m
Get calculation parameters error: error: column "min_down_payment_percentage" does not exist
    at /Users/michaelmishayev/Projects/bankDev2_standalone/node_modules/pg-pool/index.js:45:11
    at process.processTicksAndRejections (node:internal/process/task_queues:105:5)
    at async /Users/michaelmishayev/Projects/bankDev2_standalone/server-db.js:8699:27 {
  length: 127,
  severity: 'ERROR',
  code: '42703',
  detail: undefined,
  hint: undefined,
  position: '98',
  internalPosition: undefined,
  internalQuery: undefined,
  where: undefined,
  schema: undefined,
  table: undefined,
  column: undefined,
  dataType: undefined,
  constraint: undefined,
  file: 'parse_relation.c',
  line: '3722',
  routine: 'errorMissingColumn'
}
[0mGET /api/v1/calculation-parameters?business_path=mortgage [32m200[0m 1077.567 ms - 759[0m
Get calculation parameters error: error: column "min_down_payment_percentage" does not exist
    at /Users/michaelmishayev/Projects/bankDev2_standalone/node_modules/pg-pool/index.js:45:11
    at process.processTicksAndRejections (node:internal/process/task_queues:105:5)
    at async /Users/michaelmishayev/Projects/bankDev2_standalone/server-db.js:8699:27 {
  length: 127,
  severity: 'ERROR',
  code: '42703',
  detail: undefined,
  hint: undefined,
  position: '98',
  internalPosition: undefined,
  internalQuery: undefined,
  where: undefined,
  schema: undefined,
  table: undefined,
  column: undefined,
  dataType: undefined,
  constraint: undefined,
  file: 'parse_relation.c',
  line: '3722',
  routine: 'errorMissingColumn'
}
[0mGET /api/v1/calculation-parameters?business_path=mortgage [32m200[0m 1218.198 ms - 759[0m
Get calculation parameters error: error: column "min_down_payment_percentage" does not exist
    at /Users/michaelmishayev/Projects/bankDev2_standalone/node_modules/pg-pool/index.js:45:11
    at process.processTicksAndRejections (node:internal/process/task_queues:105:5)
    at async /Users/michaelmishayev/Projects/bankDev2_standalone/server-db.js:8699:27 {
  length: 127,
  severity: 'ERROR',
  code: '42703',
  detail: undefined,
  hint: undefined,
  position: '98',
  internalPosition: undefined,
  internalQuery: undefined,
  where: undefined,
  schema: undefined,
  table: undefined,
  column: undefined,
  dataType: undefined,
  constraint: undefined,
  file: 'parse_relation.c',
  line: '3722',
  routine: 'errorMissingColumn'
}
[0mGET /api/v1/calculation-parameters?business_path=mortgage [32m200[0m 1096.103 ms - 759[0m
Get calculation parameters error: error: column "min_down_payment_percentage" does not exist
    at /Users/michaelmishayev/Projects/bankDev2_standalone/node_modules/pg-pool/index.js:45:11
    at process.processTicksAndRejections (node:internal/process/task_queues:105:5)
    at async /Users/michaelmishayev/Projects/bankDev2_standalone/server-db.js:8699:27 {
  length: 127,
  severity: 'ERROR',
  code: '42703',
  detail: undefined,
  hint: undefined,
  position: '98',
  internalPosition: undefined,
  internalQuery: undefined,
  where: undefined,
  schema: undefined,
  table: undefined,
  column: undefined,
  dataType: undefined,
  constraint: undefined,
  file: 'parse_relation.c',
  line: '3722',
  routine: 'errorMissingColumn'
}
[0mGET /api/v1/calculation-parameters?business_path=mortgage [32m200[0m 1243.315 ms - 759[0m
[0mGET /api/content/home_page/he [32m200[0m 2299.442 ms - 3402[0m
[0mGET /api/content/home_page/he [36m304[0m 127.830 ms - -[0m
[0mGET /api/content/home_page/he [36m304[0m 119.287 ms - -[0m
[0mGET /api/content/home_page/he [36m304[0m 169.430 ms - -[0m
[0mGET /api/content/home_page/he [36m304[0m 173.257 ms - -[0m
[0mGET /api/content/home_page/he [36m304[0m 171.250 ms - -[0m
[0mGET /api/content/home_page/he [36m304[0m 174.255 ms - -[0m
[0mGET /api/content/home_page/he [36m304[0m 173.700 ms - -[0m
[CITIES] Request for language: he
[0mGET /api/get-cities?lang=he [32m200[0m 803.329 ms - 1553[0m
[CITIES] Request for language: he
[0mGET /api/get-cities?lang=he [36m304[0m 112.933 ms - -[0m
Get calculation parameters error: error: column "min_down_payment_percentage" does not exist
    at /Users/michaelmishayev/Projects/bankDev2_standalone/node_modules/pg-pool/index.js:45:11
    at process.processTicksAndRejections (node:internal/process/task_queues:105:5)
    at async /Users/michaelmishayev/Projects/bankDev2_standalone/server-db.js:8699:27 {
  length: 127,
  severity: 'ERROR',
  code: '42703',
  detail: undefined,
  hint: undefined,
  position: '98',
  internalPosition: undefined,
  internalQuery: undefined,
  where: undefined,
  schema: undefined,
  table: undefined,
  column: undefined,
  dataType: undefined,
  constraint: undefined,
  file: 'parse_relation.c',
  line: '3722',
  routine: 'errorMissingColumn'
}
[0mGET /api/v1/calculation-parameters?business_path=mortgage [32m200[0m 2226.044 ms - 759[0m
Get calculation parameters error: error: column "min_down_payment_percentage" does not exist
    at /Users/michaelmishayev/Projects/bankDev2_standalone/node_modules/pg-pool/index.js:45:11
    at process.processTicksAndRejections (node:internal/process/task_queues:105:5)
    at async /Users/michaelmishayev/Projects/bankDev2_standalone/server-db.js:8699:27 {
  length: 127,
  severity: 'ERROR',
  code: '42703',
  detail: undefined,
  hint: undefined,
  position: '98',
  internalPosition: undefined,
  internalQuery: undefined,
  where: undefined,
  schema: undefined,
  table: undefined,
  column: undefined,
  dataType: undefined,
  constraint: undefined,
  file: 'parse_relation.c',
  line: '3722',
  routine: 'errorMissingColumn'
}
[0mGET /api/v1/calculation-parameters?business_path=mortgage [32m200[0m 610.356 ms - 759[0m
Get calculation parameters error: error: column "min_down_payment_percentage" does not exist
    at /Users/michaelmishayev/Projects/bankDev2_standalone/node_modules/pg-pool/index.js:45:11
    at process.processTicksAndRejections (node:internal/process/task_queues:105:5)
    at async /Users/michaelmishayev/Projects/bankDev2_standalone/server-db.js:8699:27 {
  length: 127,
  severity: 'ERROR',
  code: '42703',
  detail: undefined,
  hint: undefined,
  position: '98',
  internalPosition: undefined,
  internalQuery: undefined,
  where: undefined,
  schema: undefined,
  table: undefined,
  column: undefined,
  dataType: undefined,
  constraint: undefined,
  file: 'parse_relation.c',
  line: '3722',
  routine: 'errorMissingColumn'
}
[0mGET /api/v1/calculation-parameters?business_path=mortgage [32m200[0m 1239.257 ms - 759[0m
Get calculation parameters error: error: column "min_down_payment_percentage" does not exist
    at /Users/michaelmishayev/Projects/bankDev2_standalone/node_modules/pg-pool/index.js:45:11
    at process.processTicksAndRejections (node:internal/process/task_queues:105:5)
    at async /Users/michaelmishayev/Projects/bankDev2_standalone/server-db.js:8699:27 {
  length: 127,
  severity: 'ERROR',
  code: '42703',
  detail: undefined,
  hint: undefined,
  position: '98',
  internalPosition: undefined,
  internalQuery: undefined,
  where: undefined,
  schema: undefined,
  table: undefined,
  column: undefined,
  dataType: undefined,
  constraint: undefined,
  file: 'parse_relation.c',
  line: '3722',
  routine: 'errorMissingColumn'
}
[0mGET /api/v1/calculation-parameters?business_path=mortgage [32m200[0m 1279.829 ms - 759[0m
Get calculation parameters error: error: column "min_down_payment_percentage" does not exist
    at /Users/michaelmishayev/Projects/bankDev2_standalone/node_modules/pg-pool/index.js:45:11
    at process.processTicksAndRejections (node:internal/process/task_queues:105:5)
    at async /Users/michaelmishayev/Projects/bankDev2_standalone/server-db.js:8699:27 {
  length: 127,
  severity: 'ERROR',
  code: '42703',
  detail: undefined,
  hint: undefined,
  position: '98',
  internalPosition: undefined,
  internalQuery: undefined,
  where: undefined,
  schema: undefined,
  table: undefined,
  column: undefined,
  dataType: undefined,
  constraint: undefined,
  file: 'parse_relation.c',
  line: '3722',
  routine: 'errorMissingColumn'
}
[0mGET /api/v1/calculation-parameters?business_path=mortgage [32m200[0m 3774.735 ms - 759[0m
Get calculation parameters error: error: column "min_down_payment_percentage" does not exist
    at /Users/michaelmishayev/Projects/bankDev2_standalone/node_modules/pg-pool/index.js:45:11
    at process.processTicksAndRejections (node:internal/process/task_queues:105:5)
    at async /Users/michaelmishayev/Projects/bankDev2_standalone/server-db.js:8699:27 {
  length: 127,
  severity: 'ERROR',
  code: '42703',
  detail: undefined,
  hint: undefined,
  position: '98',
  internalPosition: undefined,
  internalQuery: undefined,
  where: undefined,
  schema: undefined,
  table: undefined,
  column: undefined,
  dataType: undefined,
  constraint: undefined,
  file: 'parse_relation.c',
  line: '3722',
  routine: 'errorMissingColumn'
}
[0mGET /api/v1/calculation-parameters?business_path=mortgage [32m200[0m 1603.590 ms - 759[0m
Get calculation parameters error: error: column "min_down_payment_percentage" does not exist
    at /Users/michaelmishayev/Projects/bankDev2_standalone/node_modules/pg-pool/index.js:45:11
    at process.processTicksAndRejections (node:internal/process/task_queues:105:5)
    at async /Users/michaelmishayev/Projects/bankDev2_standalone/server-db.js:8699:27 {
  length: 127,
  severity: 'ERROR',
  code: '42703',
  detail: undefined,
  hint: undefined,
  position: '98',
  internalPosition: undefined,
  internalQuery: undefined,
  where: undefined,
  schema: undefined,
  table: undefined,
  column: undefined,
  dataType: undefined,
  constraint: undefined,
  file: 'parse_relation.c',
  line: '3722',
  routine: 'errorMissingColumn'
}
[0mGET /api/v1/calculation-parameters?business_path=mortgage [32m200[0m 1268.403 ms - 759[0m
Get calculation parameters error: error: column "min_down_payment_percentage" does not exist
    at /Users/michaelmishayev/Projects/bankDev2_standalone/node_modules/pg-pool/index.js:45:11
    at process.processTicksAndRejections (node:internal/process/task_queues:105:5)
    at async /Users/michaelmishayev/Projects/bankDev2_standalone/server-db.js:8699:27 {
  length: 127,
  severity: 'ERROR',
  code: '42703',
  detail: undefined,
  hint: undefined,
  position: '98',
  internalPosition: undefined,
  internalQuery: undefined,
  where: undefined,
  schema: undefined,
  table: undefined,
  column: undefined,
  dataType: undefined,
  constraint: undefined,
  file: 'parse_relation.c',
  line: '3722',
  routine: 'errorMissingColumn'
}
[0mGET /api/v1/calculation-parameters?business_path=mortgage [32m200[0m 1277.675 ms - 759[0m
[0mPOST /api/content/batch [33m404[0m 0.403 ms - 157[0m
[0mGET /api/content/home_page/en [32m200[0m 737.705 ms - 3072[0m
[CITIES] Request for language: he
[CITIES] Request for language: he
[0mGET /api/content/mortgage_calculation/he [32m200[0m 3870.734 ms - 113[0m
[0mGET /api/get-cities?lang=he [36m304[0m 3873.481 ms - -[0m
[CITIES] Request for language: he
[0mGET /api/get-cities?lang=he [36m304[0m 3217.863 ms - -[0m
[0mGET /api/get-cities?lang=he [36m304[0m 111.212 ms - -[0m
[0mGET /api/content/mortgage_calculation/he [32m200[0m 3224.638 ms - 113[0m
[0mGET /api/content/mortgage_calculation/he [36m304[0m 121.413 ms - -[0m
[CITIES] Request for language: he
Get calculation parameters error: error: column "min_down_payment_percentage" does not exist
    at /Users/michaelmishayev/Projects/bankDev2_standalone/node_modules/pg-pool/index.js:45:11
    at process.processTicksAndRejections (node:internal/process/task_queues:105:5)
    at async /Users/michaelmishayev/Projects/bankDev2_standalone/server-db.js:8699:27 {
  length: 127,
  severity: 'ERROR',
  code: '42703',
  detail: undefined,
  hint: undefined,
  position: '98',
  internalPosition: undefined,
  internalQuery: undefined,
  where: undefined,
  schema: undefined,
  table: undefined,
  column: undefined,
  dataType: undefined,
  constraint: undefined,
  file: 'parse_relation.c',
  line: '3722',
  routine: 'errorMissingColumn'
}
[0mGET /api/v1/calculation-parameters?business_path=mortgage [32m200[0m 4112.450 ms - 759[0m
[0mGET /api/get-cities?lang=he [36m304[0m 135.391 ms - -[0m
[0mGET /api/content/mortgage_calculation/he [36m304[0m 163.057 ms - -[0m
Get calculation parameters error: error: column "min_down_payment_percentage" does not exist
    at /Users/michaelmishayev/Projects/bankDev2_standalone/node_modules/pg-pool/index.js:45:11
    at process.processTicksAndRejections (node:internal/process/task_queues:105:5)
    at async /Users/michaelmishayev/Projects/bankDev2_standalone/server-db.js:8699:27 {
  length: 127,
  severity: 'ERROR',
  code: '42703',
  detail: undefined,
  hint: undefined,
  position: '98',
  internalPosition: undefined,
  internalQuery: undefined,
  where: undefined,
  schema: undefined,
  table: undefined,
  column: undefined,
  dataType: undefined,
  constraint: undefined,
  file: 'parse_relation.c',
  line: '3722',
  routine: 'errorMissingColumn'
}
[0mGET /api/v1/calculation-parameters?business_path=mortgage [32m200[0m 3569.372 ms - 759[0m
Get calculation parameters error: error: column "min_down_payment_percentage" does not exist
    at /Users/michaelmishayev/Projects/bankDev2_standalone/node_modules/pg-pool/index.js:45:11
    at process.processTicksAndRejections (node:internal/process/task_queues:105:5)
    at async /Users/michaelmishayev/Projects/bankDev2_standalone/server-db.js:8699:27 {
  length: 127,
  severity: 'ERROR',
  code: '42703',
  detail: undefined,
  hint: undefined,
  position: '98',
  internalPosition: undefined,
  internalQuery: undefined,
  where: undefined,
  schema: undefined,
  table: undefined,
  column: undefined,
  dataType: undefined,
  constraint: undefined,
  file: 'parse_relation.c',
  line: '3722',
  routine: 'errorMissingColumn'
}
[0mGET /api/v1/calculation-parameters?business_path=mortgage [32m200[0m 372.018 ms - 759[0m
Get calculation parameters error: error: column "min_down_payment_percentage" does not exist
    at /Users/michaelmishayev/Projects/bankDev2_standalone/node_modules/pg-pool/index.js:45:11
    at process.processTicksAndRejections (node:internal/process/task_queues:105:5)
    at async /Users/michaelmishayev/Projects/bankDev2_standalone/server-db.js:8699:27 {
  length: 127,
  severity: 'ERROR',
  code: '42703',
  detail: undefined,
  hint: undefined,
  position: '98',
  internalPosition: undefined,
  internalQuery: undefined,
  where: undefined,
  schema: undefined,
  table: undefined,
  column: undefined,
  dataType: undefined,
  constraint: undefined,
  file: 'parse_relation.c',
  line: '3722',
  routine: 'errorMissingColumn'
}
[0mGET /api/v1/calculation-parameters?business_path=mortgage [32m200[0m 501.633 ms - 759[0m
Get calculation parameters error: error: column "min_down_payment_percentage" does not exist
    at /Users/michaelmishayev/Projects/bankDev2_standalone/node_modules/pg-pool/index.js:45:11
    at process.processTicksAndRejections (node:internal/process/task_queues:105:5)
    at async /Users/michaelmishayev/Projects/bankDev2_standalone/server-db.js:8699:27 {
  length: 127,
  severity: 'ERROR',
  code: '42703',
  detail: undefined,
  hint: undefined,
  position: '98',
  internalPosition: undefined,
  internalQuery: undefined,
  where: undefined,
  schema: undefined,
  table: undefined,
  column: undefined,
  dataType: undefined,
  constraint: undefined,
  file: 'parse_relation.c',
  line: '3722',
  routine: 'errorMissingColumn'
}
[0mGET /api/v1/calculation-parameters?business_path=mortgage [32m200[0m 1220.162 ms - 759[0m
Get calculation parameters error: error: column "min_down_payment_percentage" does not exist
    at /Users/michaelmishayev/Projects/bankDev2_standalone/node_modules/pg-pool/index.js:45:11
    at process.processTicksAndRejections (node:internal/process/task_queues:105:5)
    at async /Users/michaelmishayev/Projects/bankDev2_standalone/server-db.js:8699:27 {
  length: 127,
  severity: 'ERROR',
  code: '42703',
  detail: undefined,
  hint: undefined,
  position: '98',
  internalPosition: undefined,
  internalQuery: undefined,
  where: undefined,
  schema: undefined,
  table: undefined,
  column: undefined,
  dataType: undefined,
  constraint: undefined,
  file: 'parse_relation.c',
  line: '3722',
  routine: 'errorMissingColumn'
}
[0mGET /api/v1/calculation-parameters?business_path=mortgage [32m200[0m 1102.172 ms - 759[0m
Get calculation parameters error: error: column "min_down_payment_percentage" does not exist
    at /Users/michaelmishayev/Projects/bankDev2_standalone/node_modules/pg-pool/index.js:45:11
    at process.processTicksAndRejections (node:internal/process/task_queues:105:5)
    at async /Users/michaelmishayev/Projects/bankDev2_standalone/server-db.js:8699:27 {
  length: 127,
  severity: 'ERROR',
  code: '42703',
  detail: undefined,
  hint: undefined,
  position: '98',
  internalPosition: undefined,
  internalQuery: undefined,
  where: undefined,
  schema: undefined,
  table: undefined,
  column: undefined,
  dataType: undefined,
  constraint: undefined,
  file: 'parse_relation.c',
  line: '3722',
  routine: 'errorMissingColumn'
}
[0mGET /api/v1/calculation-parameters?business_path=mortgage [32m200[0m 925.980 ms - 759[0m
[0mGET /api/content/mortgage_calculation/he [36m304[0m 120.064 ms - -[0m
[0mGET /api/content/mortgage_calculation/he [36m304[0m 216.610 ms - -[0m
Get calculation parameters error: error: column "min_down_payment_percentage" does not exist
    at /Users/michaelmishayev/Projects/bankDev2_standalone/node_modules/pg-pool/index.js:45:11
    at process.processTicksAndRejections (node:internal/process/task_queues:105:5)
    at async /Users/michaelmishayev/Projects/bankDev2_standalone/server-db.js:8699:27 {
  length: 127,
  severity: 'ERROR',
  code: '42703',
  detail: undefined,
  hint: undefined,
  position: '98',
  internalPosition: undefined,
  internalQuery: undefined,
  where: undefined,
  schema: undefined,
  table: undefined,
  column: undefined,
  dataType: undefined,
  constraint: undefined,
  file: 'parse_relation.c',
  line: '3722',
  routine: 'errorMissingColumn'
}
[0mGET /api/v1/calculation-parameters?business_path=mortgage [32m200[0m 1214.535 ms - 759[0m
Get calculation parameters error: error: column "min_down_payment_percentage" does not exist
    at /Users/michaelmishayev/Projects/bankDev2_standalone/node_modules/pg-pool/index.js:45:11
    at process.processTicksAndRejections (node:internal/process/task_queues:105:5)
    at async /Users/michaelmishayev/Projects/bankDev2_standalone/server-db.js:8699:27 {
  length: 127,
  severity: 'ERROR',
  code: '42703',
  detail: undefined,
  hint: undefined,
  position: '98',
  internalPosition: undefined,
  internalQuery: undefined,
  where: undefined,
  schema: undefined,
  table: undefined,
  column: undefined,
  dataType: undefined,
  constraint: undefined,
  file: 'parse_relation.c',
  line: '3722',
  routine: 'errorMissingColumn'
}
[0mGET /api/v1/calculation-parameters?business_path=mortgage [32m200[0m 3154.776 ms - 759[0m
Get calculation parameters error: error: column "min_down_payment_percentage" does not exist
    at /Users/michaelmishayev/Projects/bankDev2_standalone/node_modules/pg-pool/index.js:45:11
    at process.processTicksAndRejections (node:internal/process/task_queues:105:5)
    at async /Users/michaelmishayev/Projects/bankDev2_standalone/server-db.js:8699:27 {
  length: 127,
  severity: 'ERROR',
  code: '42703',
  detail: undefined,
  hint: undefined,
  position: '98',
  internalPosition: undefined,
  internalQuery: undefined,
  where: undefined,
  schema: undefined,
  table: undefined,
  column: undefined,
  dataType: undefined,
  constraint: undefined,
  file: 'parse_relation.c',
  line: '3722',
  routine: 'errorMissingColumn'
}
[0mGET /api/v1/calculation-parameters?business_path=mortgage [32m200[0m 970.698 ms - 759[0m
[CITIES] Request for language: he
[CITIES] Request for language: he
[0mGET /api/content/mortgage_calculation/he [36m304[0m 1626.749 ms - -[0m
[0mGET /api/get-cities?lang=he [36m304[0m 1900.061 ms - -[0m
[CITIES] Request for language: he
[0mGET /api/content/mortgage_calculation/he [36m304[0m 669.847 ms - -[0m
[0mGET /api/get-cities?lang=he [36m304[0m 1264.430 ms - -[0m
[0mGET /api/content/mortgage_calculation/he [36m304[0m 1441.021 ms - -[0m
[0mGET /api/content/mortgage_calculation/he [36m304[0m 3639.594 ms - -[0m
Get calculation parameters error: error: column "min_down_payment_percentage" does not exist
    at /Users/michaelmishayev/Projects/bankDev2_standalone/node_modules/pg-pool/index.js:45:11
    at process.processTicksAndRejections (node:internal/process/task_queues:105:5)
    at async /Users/michaelmishayev/Projects/bankDev2_standalone/server-db.js:8699:27 {
  length: 127,
  severity: 'ERROR',
  code: '42703',
  detail: undefined,
  hint: undefined,
  position: '98',
  internalPosition: undefined,
  internalQuery: undefined,
  where: undefined,
  schema: undefined,
  table: undefined,
  column: undefined,
  dataType: undefined,
  constraint: undefined,
  file: 'parse_relation.c',
  line: '3722',
  routine: 'errorMissingColumn'
}
[0mGET /api/v1/calculation-parameters?business_path=mortgage [32m200[0m 4629.265 ms - 759[0m
[0mGET /api/get-cities?lang=he [36m304[0m 3934.929 ms - -[0m
[CITIES] Request for language: he
[0mGET /api/content/mortgage_calculation/he [36m304[0m 1376.639 ms - -[0m
[0mGET /api/get-cities?lang=he [36m304[0m 1467.053 ms - -[0m
[0mGET /api/content/mortgage_calculation/he [36m304[0m 1880.116 ms - -[0m
Get calculation parameters error: error: column "min_down_payment_percentage" does not exist
    at /Users/michaelmishayev/Projects/bankDev2_standalone/node_modules/pg-pool/index.js:45:11
    at process.processTicksAndRejections (node:internal/process/task_queues:105:5)
    at async /Users/michaelmishayev/Projects/bankDev2_standalone/server-db.js:8699:27 {
  length: 127,
  severity: 'ERROR',
  code: '42703',
  detail: undefined,
  hint: undefined,
  position: '98',
  internalPosition: undefined,
  internalQuery: undefined,
  where: undefined,
  schema: undefined,
  table: undefined,
  column: undefined,
  dataType: undefined,
  constraint: undefined,
  file: 'parse_relation.c',
  line: '3722',
  routine: 'errorMissingColumn'
}
[0mGET /api/v1/calculation-parameters?business_path=mortgage [32m200[0m 6417.735 ms - 759[0m
[0mGET /api/content/mortgage_calculation/he [36m304[0m 988.682 ms - -[0m
Get calculation parameters error: error: column "min_down_payment_percentage" does not exist
    at /Users/michaelmishayev/Projects/bankDev2_standalone/node_modules/pg-pool/index.js:45:11
    at process.processTicksAndRejections (node:internal/process/task_queues:105:5)
    at async /Users/michaelmishayev/Projects/bankDev2_standalone/server-db.js:8699:27 {
  length: 127,
  severity: 'ERROR',
  code: '42703',
  detail: undefined,
  hint: undefined,
  position: '98',
  internalPosition: undefined,
  internalQuery: undefined,
  where: undefined,
  schema: undefined,
  table: undefined,
  column: undefined,
  dataType: undefined,
  constraint: undefined,
  file: 'parse_relation.c',
  line: '3722',
  routine: 'errorMissingColumn'
}
[0mGET /api/v1/calculation-parameters?business_path=mortgage [32m200[0m 2767.927 ms - 759[0m
[0mGET /api/content/mortgage_calculation/he [36m304[0m 201.114 ms - -[0m
Get calculation parameters error: error: column "min_down_payment_percentage" does not exist
    at /Users/michaelmishayev/Projects/bankDev2_standalone/node_modules/pg-pool/index.js:45:11
    at process.processTicksAndRejections (node:internal/process/task_queues:105:5)
    at async /Users/michaelmishayev/Projects/bankDev2_standalone/server-db.js:8699:27 {
  length: 127,
  severity: 'ERROR',
  code: '42703',
  detail: undefined,
  hint: undefined,
  position: '98',
  internalPosition: undefined,
  internalQuery: undefined,
  where: undefined,
  schema: undefined,
  table: undefined,
  column: undefined,
  dataType: undefined,
  constraint: undefined,
  file: 'parse_relation.c',
  line: '3722',
  routine: 'errorMissingColumn'
}
[0mGET /api/v1/calculation-parameters?business_path=mortgage [32m200[0m 473.250 ms - 759[0m
[0mGET /api/content/mortgage_calculation/he [36m304[0m 172.618 ms - -[0m
[0mGET /api/content/mortgage_calculation/he [36m304[0m 304.920 ms - -[0m
[CITIES] Request for language: he
[0mGET /api/get-cities?lang=he [36m304[0m 3730.554 ms - -[0m
[CITIES] Request for language: he
[0mGET /api/content/mortgage_calculation/he [36m304[0m 4160.837 ms - -[0m
[0mGET /api/get-cities?lang=he [36m304[0m 423.599 ms - -[0m
[0mGET /api/content/mortgage_calculation/he [36m304[0m 164.122 ms - -[0m
Get calculation parameters error: error: column "min_down_payment_percentage" does not exist
    at /Users/michaelmishayev/Projects/bankDev2_standalone/node_modules/pg-pool/index.js:45:11
    at process.processTicksAndRejections (node:internal/process/task_queues:105:5)
    at async /Users/michaelmishayev/Projects/bankDev2_standalone/server-db.js:8699:27 {
  length: 127,
  severity: 'ERROR',
  code: '42703',
  detail: undefined,
  hint: undefined,
  position: '98',
  internalPosition: undefined,
  internalQuery: undefined,
  where: undefined,
  schema: undefined,
  table: undefined,
  column: undefined,
  dataType: undefined,
  constraint: undefined,
  file: 'parse_relation.c',
  line: '3722',
  routine: 'errorMissingColumn'
}
[0mGET /api/v1/calculation-parameters?business_path=mortgage [32m200[0m 4332.217 ms - 759[0m
[0mGET /api/content/mortgage_calculation/he [36m304[0m 114.357 ms - -[0m
[0mGET /api/content/mortgage_calculation/he [36m304[0m 129.493 ms - -[0m
Get calculation parameters error: error: column "min_down_payment_percentage" does not exist
    at /Users/michaelmishayev/Projects/bankDev2_standalone/node_modules/pg-pool/index.js:45:11
    at process.processTicksAndRejections (node:internal/process/task_queues:105:5)
    at async /Users/michaelmishayev/Projects/bankDev2_standalone/server-db.js:8699:27 {
  length: 127,
  severity: 'ERROR',
  code: '42703',
  detail: undefined,
  hint: undefined,
  position: '98',
  internalPosition: undefined,
  internalQuery: undefined,
  where: undefined,
  schema: undefined,
  table: undefined,
  column: undefined,
  dataType: undefined,
  constraint: undefined,
  file: 'parse_relation.c',
  line: '3722',
  routine: 'errorMissingColumn'
}
[0mGET /api/v1/calculation-parameters?business_path=mortgage [32m200[0m 388.254 ms - 759[0m
Get calculation parameters error: error: column "min_down_payment_percentage" does not exist
    at /Users/michaelmishayev/Projects/bankDev2_standalone/node_modules/pg-pool/index.js:45:11
    at process.processTicksAndRejections (node:internal/process/task_queues:105:5)
    at async /Users/michaelmishayev/Projects/bankDev2_standalone/server-db.js:8699:27 {
  length: 127,
  severity: 'ERROR',
  code: '42703',
  detail: undefined,
  hint: undefined,
  position: '98',
  internalPosition: undefined,
  internalQuery: undefined,
  where: undefined,
  schema: undefined,
  table: undefined,
  column: undefined,
  dataType: undefined,
  constraint: undefined,
  file: 'parse_relation.c',
  line: '3722',
  routine: 'errorMissingColumn'
}
[0mGET /api/v1/calculation-parameters?business_path=mortgage [32m200[0m 1012.068 ms - 759[0m
Get calculation parameters error: error: column "min_down_payment_percentage" does not exist
    at /Users/michaelmishayev/Projects/bankDev2_standalone/node_modules/pg-pool/index.js:45:11
    at process.processTicksAndRejections (node:internal/process/task_queues:105:5)
    at async /Users/michaelmishayev/Projects/bankDev2_standalone/server-db.js:8699:27 {
  length: 127,
  severity: 'ERROR',
  code: '42703',
  detail: undefined,
  hint: undefined,
  position: '98',
  internalPosition: undefined,
  internalQuery: undefined,
  where: undefined,
  schema: undefined,
  table: undefined,
  column: undefined,
  dataType: undefined,
  constraint: undefined,
  file: 'parse_relation.c',
  line: '3722',
  routine: 'errorMissingColumn'
}
[0mGET /api/v1/calculation-parameters?business_path=mortgage [32m200[0m 983.490 ms - 759[0m
Get calculation parameters error: error: column "min_down_payment_percentage" does not exist
    at /Users/michaelmishayev/Projects/bankDev2_standalone/node_modules/pg-pool/index.js:45:11
    at process.processTicksAndRejections (node:internal/process/task_queues:105:5)
    at async /Users/michaelmishayev/Projects/bankDev2_standalone/server-db.js:8699:27 {
  length: 127,
  severity: 'ERROR',
  code: '42703',
  detail: undefined,
  hint: undefined,
  position: '98',
  internalPosition: undefined,
  internalQuery: undefined,
  where: undefined,
  schema: undefined,
  table: undefined,
  column: undefined,
  dataType: undefined,
  constraint: undefined,
  file: 'parse_relation.c',
  line: '3722',
  routine: 'errorMissingColumn'
}
[0mGET /api/v1/calculation-parameters?business_path=mortgage [32m200[0m 6355.651 ms - 759[0m
Get calculation parameters error: error: column "min_down_payment_percentage" does not exist
    at /Users/michaelmishayev/Projects/bankDev2_standalone/node_modules/pg-pool/index.js:45:11
    at process.processTicksAndRejections (node:internal/process/task_queues:105:5)
    at async /Users/michaelmishayev/Projects/bankDev2_standalone/server-db.js:8699:27 {
  length: 127,
  severity: 'ERROR',
  code: '42703',
  detail: undefined,
  hint: undefined,
  position: '98',
  internalPosition: undefined,
  internalQuery: undefined,
  where: undefined,
  schema: undefined,
  table: undefined,
  column: undefined,
  dataType: undefined,
  constraint: undefined,
  file: 'parse_relation.c',
  line: '3722',
  routine: 'errorMissingColumn'
}
[0mGET /api/v1/calculation-parameters?business_path=mortgage [32m200[0m 1839.421 ms - 759[0m
Get calculation parameters error: error: column "min_down_payment_percentage" does not exist
    at /Users/michaelmishayev/Projects/bankDev2_standalone/node_modules/pg-pool/index.js:45:11
    at process.processTicksAndRejections (node:internal/process/task_queues:105:5)
    at async /Users/michaelmishayev/Projects/bankDev2_standalone/server-db.js:8699:27 {
  length: 127,
  severity: 'ERROR',
  code: '42703',
  detail: undefined,
  hint: undefined,
  position: '98',
  internalPosition: undefined,
  internalQuery: undefined,
  where: undefined,
  schema: undefined,
  table: undefined,
  column: undefined,
  dataType: undefined,
  constraint: undefined,
  file: 'parse_relation.c',
  line: '3722',
  routine: 'errorMissingColumn'
}
[0mGET /api/v1/calculation-parameters?business_path=mortgage [32m200[0m 1035.767 ms - 759[0m
Get calculation parameters error: error: column "min_down_payment_percentage" does not exist
    at /Users/michaelmishayev/Projects/bankDev2_standalone/node_modules/pg-pool/index.js:45:11
    at process.processTicksAndRejections (node:internal/process/task_queues:105:5)
    at async /Users/michaelmishayev/Projects/bankDev2_standalone/server-db.js:8699:27 {
  length: 127,
  severity: 'ERROR',
  code: '42703',
  detail: undefined,
  hint: undefined,
  position: '98',
  internalPosition: undefined,
  internalQuery: undefined,
  where: undefined,
  schema: undefined,
  table: undefined,
  column: undefined,
  dataType: undefined,
  constraint: undefined,
  file: 'parse_relation.c',
  line: '3722',
  routine: 'errorMissingColumn'
}
[0mGET /api/v1/calculation-parameters?business_path=mortgage [32m200[0m 1104.640 ms - 759[0m
[0mGET /api/content/mortgage_calculation/he [36m304[0m 2464.089 ms - -[0m
[0mGET /api/content/mortgage_calculation/he [36m304[0m 2373.974 ms - -[0m
[0mGET /api/content/mortgage_calculation/he [36m304[0m 133.424 ms - -[0m
[0mGET /api/content/mortgage_calculation/he [36m304[0m 135.139 ms - -[0m
[0mGET /api/content/mortgage_calculation/he [36m304[0m 1559.039 ms - -[0m
[0mGET /api/content/mortgage_calculation/he [36m304[0m 1921.010 ms - -[0m
[0mGET /api/content/mortgage_calculation/he [36m304[0m 1061.153 ms - -[0m
[0mGET /api/content/mortgage_calculation/he [36m304[0m 1410.948 ms - -[0m
[CITIES] Request for language: he
[0mGET /api/content/mortgage_calculation/he [36m304[0m 1968.413 ms - -[0m
[0mGET /api/get-cities?lang=he [36m304[0m 1969.727 ms - -[0m
[CITIES] Request for language: he
[0mGET /api/content/mortgage_calculation/he [36m304[0m 133.488 ms - -[0m
[0mGET /api/get-cities?lang=he [36m304[0m 143.771 ms - -[0m
Get calculation parameters error: error: column "min_down_payment_percentage" does not exist
    at /Users/michaelmishayev/Projects/bankDev2_standalone/node_modules/pg-pool/index.js:45:11
    at process.processTicksAndRejections (node:internal/process/task_queues:105:5)
    at async /Users/michaelmishayev/Projects/bankDev2_standalone/server-db.js:8699:27 {
  length: 127,
  severity: 'ERROR',
  code: '42703',
  detail: undefined,
  hint: undefined,
  position: '98',
  internalPosition: undefined,
  internalQuery: undefined,
  where: undefined,
  schema: undefined,
  table: undefined,
  column: undefined,
  dataType: undefined,
  constraint: undefined,
  file: 'parse_relation.c',
  line: '3722',
  routine: 'errorMissingColumn'
}
[0mGET /api/v1/calculation-parameters?business_path=mortgage [32m200[0m 2207.961 ms - 759[0m
[0mGET /api/content/mortgage_calculation/he [36m304[0m 143.431 ms - -[0m
[0mGET /api/content/mortgage_calculation/he [36m304[0m 663.742 ms - -[0m
Get calculation parameters error: error: column "min_down_payment_percentage" does not exist
    at /Users/michaelmishayev/Projects/bankDev2_standalone/node_modules/pg-pool/index.js:45:11
    at process.processTicksAndRejections (node:internal/process/task_queues:105:5)
    at async /Users/michaelmishayev/Projects/bankDev2_standalone/server-db.js:8699:27 {
  length: 127,
  severity: 'ERROR',
  code: '42703',
  detail: undefined,
  hint: undefined,
  position: '98',
  internalPosition: undefined,
  internalQuery: undefined,
  where: undefined,
  schema: undefined,
  table: undefined,
  column: undefined,
  dataType: undefined,
  constraint: undefined,
  file: 'parse_relation.c',
  line: '3722',
  routine: 'errorMissingColumn'
}
[0mGET /api/v1/calculation-parameters?business_path=mortgage [32m200[0m 1467.157 ms - 759[0m
Get calculation parameters error: error: column "min_down_payment_percentage" does not exist
    at /Users/michaelmishayev/Projects/bankDev2_standalone/node_modules/pg-pool/index.js:45:11
    at process.processTicksAndRejections (node:internal/process/task_queues:105:5)
    at async /Users/michaelmishayev/Projects/bankDev2_standalone/server-db.js:8699:27 {
  length: 127,
  severity: 'ERROR',
  code: '42703',
  detail: undefined,
  hint: undefined,
  position: '98',
  internalPosition: undefined,
  internalQuery: undefined,
  where: undefined,
  schema: undefined,
  table: undefined,
  column: undefined,
  dataType: undefined,
  constraint: undefined,
  file: 'parse_relation.c',
  line: '3722',
  routine: 'errorMissingColumn'
}
[0mGET /api/v1/calculation-parameters?business_path=mortgage [32m200[0m 1017.911 ms - 759[0m
Get calculation parameters error: error: column "min_down_payment_percentage" does not exist
    at /Users/michaelmishayev/Projects/bankDev2_standalone/node_modules/pg-pool/index.js:45:11
    at process.processTicksAndRejections (node:internal/process/task_queues:105:5)
    at async /Users/michaelmishayev/Projects/bankDev2_standalone/server-db.js:8699:27 {
  length: 127,
  severity: 'ERROR',
  code: '42703',
  detail: undefined,
  hint: undefined,
  position: '98',
  internalPosition: undefined,
  internalQuery: undefined,
  where: undefined,
  schema: undefined,
  table: undefined,
  column: undefined,
  dataType: undefined,
  constraint: undefined,
  file: 'parse_relation.c',
  line: '3722',
  routine: 'errorMissingColumn'
}
[0mGET /api/v1/calculation-parameters?business_path=mortgage [32m200[0m 1095.251 ms - 759[0m
Get calculation parameters error: error: column "min_down_payment_percentage" does not exist
    at /Users/michaelmishayev/Projects/bankDev2_standalone/node_modules/pg-pool/index.js:45:11
    at process.processTicksAndRejections (node:internal/process/task_queues:105:5)
    at async /Users/michaelmishayev/Projects/bankDev2_standalone/server-db.js:8699:27 {
  length: 127,
  severity: 'ERROR',
  code: '42703',
  detail: undefined,
  hint: undefined,
  position: '98',
  internalPosition: undefined,
  internalQuery: undefined,
  where: undefined,
  schema: undefined,
  table: undefined,
  column: undefined,
  dataType: undefined,
  constraint: undefined,
  file: 'parse_relation.c',
  line: '3722',
  routine: 'errorMissingColumn'
}
[0mGET /api/v1/calculation-parameters?business_path=mortgage [32m200[0m 1173.282 ms - 759[0m
Get calculation parameters error: error: column "min_down_payment_percentage" does not exist
    at /Users/michaelmishayev/Projects/bankDev2_standalone/node_modules/pg-pool/index.js:45:11
    at process.processTicksAndRejections (node:internal/process/task_queues:105:5)
    at async /Users/michaelmishayev/Projects/bankDev2_standalone/server-db.js:8699:27 {
  length: 127,
  severity: 'ERROR',
  code: '42703',
  detail: undefined,
  hint: undefined,
  position: '98',
  internalPosition: undefined,
  internalQuery: undefined,
  where: undefined,
  schema: undefined,
  table: undefined,
  column: undefined,
  dataType: undefined,
  constraint: undefined,
  file: 'parse_relation.c',
  line: '3722',
  routine: 'errorMissingColumn'
}
[0mGET /api/v1/calculation-parameters?business_path=mortgage [32m200[0m 921.179 ms - 759[0m
Get calculation parameters error: error: column "min_down_payment_percentage" does not exist
    at /Users/michaelmishayev/Projects/bankDev2_standalone/node_modules/pg-pool/index.js:45:11
    at process.processTicksAndRejections (node:internal/process/task_queues:105:5)
    at async /Users/michaelmishayev/Projects/bankDev2_standalone/server-db.js:8699:27 {
  length: 127,
  severity: 'ERROR',
  code: '42703',
  detail: undefined,
  hint: undefined,
  position: '98',
  internalPosition: undefined,
  internalQuery: undefined,
  where: undefined,
  schema: undefined,
  table: undefined,
  column: undefined,
  dataType: undefined,
  constraint: undefined,
  file: 'parse_relation.c',
  line: '3722',
  routine: 'errorMissingColumn'
}
[0mGET /api/v1/calculation-parameters?business_path=mortgage [32m200[0m 1101.060 ms - 759[0m
Get calculation parameters error: error: column "min_down_payment_percentage" does not exist
    at /Users/michaelmishayev/Projects/bankDev2_standalone/node_modules/pg-pool/index.js:45:11
    at process.processTicksAndRejections (node:internal/process/task_queues:105:5)
    at async /Users/michaelmishayev/Projects/bankDev2_standalone/server-db.js:8699:27 {
  length: 127,
  severity: 'ERROR',
  code: '42703',
  detail: undefined,
  hint: undefined,
  position: '98',
  internalPosition: undefined,
  internalQuery: undefined,
  where: undefined,
  schema: undefined,
  table: undefined,
  column: undefined,
  dataType: undefined,
  constraint: undefined,
  file: 'parse_relation.c',
  line: '3722',
  routine: 'errorMissingColumn'
}
[0mGET /api/v1/calculation-parameters?business_path=mortgage [32m200[0m 986.086 ms - 759[0m
[CITIES] Request for language: he
[0mGET /api/get-cities?lang=he [36m304[0m 1111.315 ms - -[0m
[CITIES] Request for language: he
[0mGET /api/content/mortgage_calculation/he [36m304[0m 1294.004 ms - -[0m
Get calculation parameters error: error: column "min_down_payment_percentage" does not exist
    at /Users/michaelmishayev/Projects/bankDev2_standalone/node_modules/pg-pool/index.js:45:11
    at process.processTicksAndRejections (node:internal/process/task_queues:105:5)
    at async /Users/michaelmishayev/Projects/bankDev2_standalone/server-db.js:8699:27 {
  length: 127,
  severity: 'ERROR',
  code: '42703',
  detail: undefined,
  hint: undefined,
  position: '98',
  internalPosition: undefined,
  internalQuery: undefined,
  where: undefined,
  schema: undefined,
  table: undefined,
  column: undefined,
  dataType: undefined,
  constraint: undefined,
  file: 'parse_relation.c',
  line: '3722',
  routine: 'errorMissingColumn'
}
[0mGET /api/v1/calculation-parameters?business_path=mortgage [32m200[0m 1297.040 ms - 759[0m
[0mGET /api/get-cities?lang=he [36m304[0m 182.501 ms - -[0m
[0mGET /api/content/mortgage_calculation/he [36m304[0m 165.739 ms - -[0m
[0mGET /api/content/mortgage_calculation/he [36m304[0m 109.053 ms - -[0m
[0mGET /api/content/mortgage_calculation/he [36m304[0m 140.642 ms - -[0m
Get calculation parameters error: error: column "min_down_payment_percentage" does not exist
    at /Users/michaelmishayev/Projects/bankDev2_standalone/node_modules/pg-pool/index.js:45:11
    at process.processTicksAndRejections (node:internal/process/task_queues:105:5)
    at async /Users/michaelmishayev/Projects/bankDev2_standalone/server-db.js:8699:27 {
  length: 127,
  severity: 'ERROR',
  code: '42703',
  detail: undefined,
  hint: undefined,
  position: '98',
  internalPosition: undefined,
  internalQuery: undefined,
  where: undefined,
  schema: undefined,
  table: undefined,
  column: undefined,
  dataType: undefined,
  constraint: undefined,
  file: 'parse_relation.c',
  line: '3722',
  routine: 'errorMissingColumn'
}
[0mGET /api/v1/calculation-parameters?business_path=mortgage [32m200[0m 1098.984 ms - 759[0m
Get calculation parameters error: error: column "min_down_payment_percentage" does not exist
    at /Users/michaelmishayev/Projects/bankDev2_standalone/node_modules/pg-pool/index.js:45:11
    at process.processTicksAndRejections (node:internal/process/task_queues:105:5)
    at async /Users/michaelmishayev/Projects/bankDev2_standalone/server-db.js:8699:27 {
  length: 127,
  severity: 'ERROR',
  code: '42703',
  detail: undefined,
  hint: undefined,
  position: '98',
  internalPosition: undefined,
  internalQuery: undefined,
  where: undefined,
  schema: undefined,
  table: undefined,
  column: undefined,
  dataType: undefined,
  constraint: undefined,
  file: 'parse_relation.c',
  line: '3722',
  routine: 'errorMissingColumn'
}
[0mGET /api/v1/calculation-parameters?business_path=mortgage [32m200[0m 481.134 ms - 759[0m
Get calculation parameters error: error: column "min_down_payment_percentage" does not exist
    at /Users/michaelmishayev/Projects/bankDev2_standalone/node_modules/pg-pool/index.js:45:11
    at process.processTicksAndRejections (node:internal/process/task_queues:105:5)
    at async /Users/michaelmishayev/Projects/bankDev2_standalone/server-db.js:8699:27 {
  length: 127,
  severity: 'ERROR',
  code: '42703',
  detail: undefined,
  hint: undefined,
  position: '98',
  internalPosition: undefined,
  internalQuery: undefined,
  where: undefined,
  schema: undefined,
  table: undefined,
  column: undefined,
  dataType: undefined,
  constraint: undefined,
  file: 'parse_relation.c',
  line: '3722',
  routine: 'errorMissingColumn'
}
[0mGET /api/v1/calculation-parameters?business_path=mortgage [32m200[0m 1995.622 ms - 759[0m
Get calculation parameters error: error: column "min_down_payment_percentage" does not exist
    at /Users/michaelmishayev/Projects/bankDev2_standalone/node_modules/pg-pool/index.js:45:11
    at process.processTicksAndRejections (node:internal/process/task_queues:105:5)
    at async /Users/michaelmishayev/Projects/bankDev2_standalone/server-db.js:8699:27 {
  length: 127,
  severity: 'ERROR',
  code: '42703',
  detail: undefined,
  hint: undefined,
  position: '98',
  internalPosition: undefined,
  internalQuery: undefined,
  where: undefined,
  schema: undefined,
  table: undefined,
  column: undefined,
  dataType: undefined,
  constraint: undefined,
  file: 'parse_relation.c',
  line: '3722',
  routine: 'errorMissingColumn'
}
[0mGET /api/v1/calculation-parameters?business_path=mortgage [32m200[0m 1174.965 ms - 759[0m
Get calculation parameters error: error: column "min_down_payment_percentage" does not exist
    at /Users/michaelmishayev/Projects/bankDev2_standalone/node_modules/pg-pool/index.js:45:11
    at process.processTicksAndRejections (node:internal/process/task_queues:105:5)
    at async /Users/michaelmishayev/Projects/bankDev2_standalone/server-db.js:8699:27 {
  length: 127,
  severity: 'ERROR',
  code: '42703',
  detail: undefined,
  hint: undefined,
  position: '98',
  internalPosition: undefined,
  internalQuery: undefined,
  where: undefined,
  schema: undefined,
  table: undefined,
  column: undefined,
  dataType: undefined,
  constraint: undefined,
  file: 'parse_relation.c',
  line: '3722',
  routine: 'errorMissingColumn'
}
[0mGET /api/v1/calculation-parameters?business_path=mortgage [32m200[0m 1106.550 ms - 759[0m
Get calculation parameters error: error: column "min_down_payment_percentage" does not exist
    at /Users/michaelmishayev/Projects/bankDev2_standalone/node_modules/pg-pool/index.js:45:11
    at process.processTicksAndRejections (node:internal/process/task_queues:105:5)
    at async /Users/michaelmishayev/Projects/bankDev2_standalone/server-db.js:8699:27 {
  length: 127,
  severity: 'ERROR',
  code: '42703',
  detail: undefined,
  hint: undefined,
  position: '98',
  internalPosition: undefined,
  internalQuery: undefined,
  where: undefined,
  schema: undefined,
  table: undefined,
  column: undefined,
  dataType: undefined,
  constraint: undefined,
  file: 'parse_relation.c',
  line: '3722',
  routine: 'errorMissingColumn'
}
[0mGET /api/v1/calculation-parameters?business_path=mortgage [32m200[0m 1107.707 ms - 759[0m
Get calculation parameters error: error: column "min_down_payment_percentage" does not exist
    at /Users/michaelmishayev/Projects/bankDev2_standalone/node_modules/pg-pool/index.js:45:11
    at process.processTicksAndRejections (node:internal/process/task_queues:105:5)
    at async /Users/michaelmishayev/Projects/bankDev2_standalone/server-db.js:8699:27 {
  length: 127,
  severity: 'ERROR',
  code: '42703',
  detail: undefined,
  hint: undefined,
  position: '98',
  internalPosition: undefined,
  internalQuery: undefined,
  where: undefined,
  schema: undefined,
  table: undefined,
  column: undefined,
  dataType: undefined,
  constraint: undefined,
  file: 'parse_relation.c',
  line: '3722',
  routine: 'errorMissingColumn'
}
[0mGET /api/v1/calculation-parameters?business_path=mortgage [32m200[0m 2173.455 ms - 759[0m
[CITIES] Request for language: he
[0mGET /api/content/mortgage_calculation/he [36m304[0m 2870.529 ms - -[0m
[0mGET /api/get-cities?lang=he [36m304[0m 2872.199 ms - -[0m
[CITIES] Request for language: he
[0mGET /api/content/mortgage_calculation/he [36m304[0m 1902.387 ms - -[0m
[0mGET /api/get-cities?lang=he [36m304[0m 1912.020 ms - -[0m
[0mGET /api/content/mortgage_calculation/he [36m304[0m 645.826 ms - -[0m
Get calculation parameters error: error: column "min_down_payment_percentage" does not exist
    at /Users/michaelmishayev/Projects/bankDev2_standalone/node_modules/pg-pool/index.js:45:11
    at process.processTicksAndRejections (node:internal/process/task_queues:105:5)
    at async /Users/michaelmishayev/Projects/bankDev2_standalone/server-db.js:8699:27 {
  length: 127,
  severity: 'ERROR',
  code: '42703',
  detail: undefined,
  hint: undefined,
  position: '98',
  internalPosition: undefined,
  internalQuery: undefined,
  where: undefined,
  schema: undefined,
  table: undefined,
  column: undefined,
  dataType: undefined,
  constraint: undefined,
  file: 'parse_relation.c',
  line: '3722',
  routine: 'errorMissingColumn'
}
[0mGET /api/v1/calculation-parameters?business_path=mortgage [32m200[0m 5444.514 ms - 759[0m
[0mGET /api/content/mortgage_calculation/he [36m304[0m 168.027 ms - -[0m
Get calculation parameters error: error: column "min_down_payment_percentage" does not exist
    at /Users/michaelmishayev/Projects/bankDev2_standalone/node_modules/pg-pool/index.js:45:11
    at process.processTicksAndRejections (node:internal/process/task_queues:105:5)
    at async /Users/michaelmishayev/Projects/bankDev2_standalone/server-db.js:8699:27 {
  length: 127,
  severity: 'ERROR',
  code: '42703',
  detail: undefined,
  hint: undefined,
  position: '98',
  internalPosition: undefined,
  internalQuery: undefined,
  where: undefined,
  schema: undefined,
  table: undefined,
  column: undefined,
  dataType: undefined,
  constraint: undefined,
  file: 'parse_relation.c',
  line: '3722',
  routine: 'errorMissingColumn'
}
[0mGET /api/v1/calculation-parameters?business_path=mortgage [32m200[0m 530.116 ms - 759[0m
Get calculation parameters error: error: column "min_down_payment_percentage" does not exist
    at /Users/michaelmishayev/Projects/bankDev2_standalone/node_modules/pg-pool/index.js:45:11
    at process.processTicksAndRejections (node:internal/process/task_queues:105:5)
    at async /Users/michaelmishayev/Projects/bankDev2_standalone/server-db.js:8699:27 {
  length: 127,
  severity: 'ERROR',
  code: '42703',
  detail: undefined,
  hint: undefined,
  position: '98',
  internalPosition: undefined,
  internalQuery: undefined,
  where: undefined,
  schema: undefined,
  table: undefined,
  column: undefined,
  dataType: undefined,
  constraint: undefined,
  file: 'parse_relation.c',
  line: '3722',
  routine: 'errorMissingColumn'
}
[0mGET /api/v1/calculation-parameters?business_path=mortgage [32m200[0m 1205.359 ms - 759[0m
Get calculation parameters error: error: column "min_down_payment_percentage" does not exist
    at /Users/michaelmishayev/Projects/bankDev2_standalone/node_modules/pg-pool/index.js:45:11
    at process.processTicksAndRejections (node:internal/process/task_queues:105:5)
    at async /Users/michaelmishayev/Projects/bankDev2_standalone/server-db.js:8699:27 {
  length: 127,
  severity: 'ERROR',
  code: '42703',
  detail: undefined,
  hint: undefined,
  position: '98',
  internalPosition: undefined,
  internalQuery: undefined,
  where: undefined,
  schema: undefined,
  table: undefined,
  column: undefined,
  dataType: undefined,
  constraint: undefined,
  file: 'parse_relation.c',
  line: '3722',
  routine: 'errorMissingColumn'
}
[0mGET /api/v1/calculation-parameters?business_path=mortgage [32m200[0m 1071.579 ms - 759[0m
Get calculation parameters error: error: column "min_down_payment_percentage" does not exist
    at /Users/michaelmishayev/Projects/bankDev2_standalone/node_modules/pg-pool/index.js:45:11
    at process.processTicksAndRejections (node:internal/process/task_queues:105:5)
    at async /Users/michaelmishayev/Projects/bankDev2_standalone/server-db.js:8699:27 {
  length: 127,
  severity: 'ERROR',
  code: '42703',
  detail: undefined,
  hint: undefined,
  position: '98',
  internalPosition: undefined,
  internalQuery: undefined,
  where: undefined,
  schema: undefined,
  table: undefined,
  column: undefined,
  dataType: undefined,
  constraint: undefined,
  file: 'parse_relation.c',
  line: '3722',
  routine: 'errorMissingColumn'
}
[0mGET /api/v1/calculation-parameters?business_path=mortgage [32m200[0m 1086.521 ms - 759[0m
Get calculation parameters error: error: column "min_down_payment_percentage" does not exist
    at /Users/michaelmishayev/Projects/bankDev2_standalone/node_modules/pg-pool/index.js:45:11
    at process.processTicksAndRejections (node:internal/process/task_queues:105:5)
    at async /Users/michaelmishayev/Projects/bankDev2_standalone/server-db.js:8699:27 {
  length: 127,
  severity: 'ERROR',
  code: '42703',
  detail: undefined,
  hint: undefined,
  position: '98',
  internalPosition: undefined,
  internalQuery: undefined,
  where: undefined,
  schema: undefined,
  table: undefined,
  column: undefined,
  dataType: undefined,
  constraint: undefined,
  file: 'parse_relation.c',
  line: '3722',
  routine: 'errorMissingColumn'
}
[0mGET /api/v1/calculation-parameters?business_path=mortgage [32m200[0m 961.154 ms - 759[0m
Get calculation parameters error: error: column "min_down_payment_percentage" does not exist
    at /Users/michaelmishayev/Projects/bankDev2_standalone/node_modules/pg-pool/index.js:45:11
    at process.processTicksAndRejections (node:internal/process/task_queues:105:5)
    at async /Users/michaelmishayev/Projects/bankDev2_standalone/server-db.js:8699:27 {
  length: 127,
  severity: 'ERROR',
  code: '42703',
  detail: undefined,
  hint: undefined,
  position: '98',
  internalPosition: undefined,
  internalQuery: undefined,
  where: undefined,
  schema: undefined,
  table: undefined,
  column: undefined,
  dataType: undefined,
  constraint: undefined,
  file: 'parse_relation.c',
  line: '3722',
  routine: 'errorMissingColumn'
}
[0mGET /api/v1/calculation-parameters?business_path=mortgage [32m200[0m 1146.239 ms - 759[0m
Get calculation parameters error: error: column "min_down_payment_percentage" does not exist
    at /Users/michaelmishayev/Projects/bankDev2_standalone/node_modules/pg-pool/index.js:45:11
    at process.processTicksAndRejections (node:internal/process/task_queues:105:5)
    at async /Users/michaelmishayev/Projects/bankDev2_standalone/server-db.js:8699:27 {
  length: 127,
  severity: 'ERROR',
  code: '42703',
  detail: undefined,
  hint: undefined,
  position: '98',
  internalPosition: undefined,
  internalQuery: undefined,
  where: undefined,
  schema: undefined,
  table: undefined,
  column: undefined,
  dataType: undefined,
  constraint: undefined,
  file: 'parse_relation.c',
  line: '3722',
  routine: 'errorMissingColumn'
}
[0mGET /api/v1/calculation-parameters?business_path=mortgage [32m200[0m 3547.301 ms - 759[0m
[0mGET /api/content/mortgage_calculation/en [32m200[0m 889.821 ms - 113[0m
[0mGET /api/content-db/health [32m200[0m 951.160 ms - 196[0m
[0mPOST /api/content-db/test-table [33m404[0m 0.145 ms - 165[0m
[0mPOST /api/content [33m400[0m 0.085 ms - 110[0m
[0mGET /api/content-db/tables [32m200[0m 1957.131 ms - 466[0m
[0mPOST /api/content-db/insert [33m404[0m 0.072 ms - 161[0m
[0mGET /api/content-db/test [32m200[0m 1161.335 ms - 408[0m
[0mDELETE /api/content-db/delete-test-content [32m200[0m 442.427 ms - 206[0m
[0mGET /api/content-db/tables [32m200[0m 145.809 ms - 522[0m
[0mPOST /api/content [32m200[0m 1478.102 ms - 137[0m
[0mPOST /api/content [32m200[0m 1109.323 ms - 137[0m
[0mPOST /api/content [32m200[0m 2099.116 ms - 137[0m
[0mPOST /api/content [32m200[0m 998.272 ms - 137[0m
[0mGET /api/content/mortgage_calculation/en [32m200[0m 3721.723 ms - 113[0m
[0mPOST /api/content [32m200[0m 1124.885 ms - 156[0m
[CITIES] Request for language: he
[0mGET /api/content/mortgage_calculation/he [36m304[0m 1596.171 ms - -[0m
[0mGET /api/content/mortgage_calculation/he [36m304[0m 836.465 ms - -[0m
[0mGET /api/content/mortgage_calculation/he [36m304[0m 206.149 ms - -[0m
[0mGET /api/content/mortgage_calculation/he [36m304[0m 438.510 ms - -[0m
[0mGET /api/get-cities?lang=he [36m304[0m 4040.939 ms - -[0m
[CITIES] Request for language: he
[0mGET /api/get-cities?lang=he [36m304[0m 1653.198 ms - -[0m
Get calculation parameters error: error: column "min_down_payment_percentage" does not exist
    at /Users/michaelmishayev/Projects/bankDev2_standalone/node_modules/pg-pool/index.js:45:11
    at process.processTicksAndRejections (node:internal/process/task_queues:105:5)
    at async /Users/michaelmishayev/Projects/bankDev2_standalone/server-db.js:8699:27 {
  length: 127,
  severity: 'ERROR',
  code: '42703',
  detail: undefined,
  hint: undefined,
  position: '98',
  internalPosition: undefined,
  internalQuery: undefined,
  where: undefined,
  schema: undefined,
  table: undefined,
  column: undefined,
  dataType: undefined,
  constraint: undefined,
  file: 'parse_relation.c',
  line: '3722',
  routine: 'errorMissingColumn'
}
[0mGET /api/v1/calculation-parameters?business_path=mortgage [32m200[0m 6343.045 ms - 759[0m
Get calculation parameters error: error: column "min_down_payment_percentage" does not exist
    at /Users/michaelmishayev/Projects/bankDev2_standalone/node_modules/pg-pool/index.js:45:11
    at process.processTicksAndRejections (node:internal/process/task_queues:105:5)
    at async /Users/michaelmishayev/Projects/bankDev2_standalone/server-db.js:8699:27 {
  length: 127,
  severity: 'ERROR',
  code: '42703',
  detail: undefined,
  hint: undefined,
  position: '98',
  internalPosition: undefined,
  internalQuery: undefined,
  where: undefined,
  schema: undefined,
  table: undefined,
  column: undefined,
  dataType: undefined,
  constraint: undefined,
  file: 'parse_relation.c',
  line: '3722',
  routine: 'errorMissingColumn'
}
[0mGET /api/v1/calculation-parameters?business_path=mortgage [32m200[0m 669.334 ms - 759[0m
Get calculation parameters error: error: column "min_down_payment_percentage" does not exist
    at /Users/michaelmishayev/Projects/bankDev2_standalone/node_modules/pg-pool/index.js:45:11
    at process.processTicksAndRejections (node:internal/process/task_queues:105:5)
    at async /Users/michaelmishayev/Projects/bankDev2_standalone/server-db.js:8699:27 {
  length: 127,
  severity: 'ERROR',
  code: '42703',
  detail: undefined,
  hint: undefined,
  position: '98',
  internalPosition: undefined,
  internalQuery: undefined,
  where: undefined,
  schema: undefined,
  table: undefined,
  column: undefined,
  dataType: undefined,
  constraint: undefined,
  file: 'parse_relation.c',
  line: '3722',
  routine: 'errorMissingColumn'
}
[0mGET /api/v1/calculation-parameters?business_path=mortgage [32m200[0m 4678.255 ms - 759[0m
Get calculation parameters error: error: column "min_down_payment_percentage" does not exist
    at /Users/michaelmishayev/Projects/bankDev2_standalone/node_modules/pg-pool/index.js:45:11
    at process.processTicksAndRejections (node:internal/process/task_queues:105:5)
    at async /Users/michaelmishayev/Projects/bankDev2_standalone/server-db.js:8699:27 {
  length: 127,
  severity: 'ERROR',
  code: '42703',
  detail: undefined,
  hint: undefined,
  position: '98',
  internalPosition: undefined,
  internalQuery: undefined,
  where: undefined,
  schema: undefined,
  table: undefined,
  column: undefined,
  dataType: undefined,
  constraint: undefined,
  file: 'parse_relation.c',
  line: '3722',
  routine: 'errorMissingColumn'
}
[0mGET /api/v1/calculation-parameters?business_path=mortgage [32m200[0m 906.814 ms - 759[0m
Get calculation parameters error: error: column "min_down_payment_percentage" does not exist
    at /Users/michaelmishayev/Projects/bankDev2_standalone/node_modules/pg-pool/index.js:45:11
    at process.processTicksAndRejections (node:internal/process/task_queues:105:5)
    at async /Users/michaelmishayev/Projects/bankDev2_standalone/server-db.js:8699:27 {
  length: 127,
  severity: 'ERROR',
  code: '42703',
  detail: undefined,
  hint: undefined,
  position: '98',
  internalPosition: undefined,
  internalQuery: undefined,
  where: undefined,
  schema: undefined,
  table: undefined,
  column: undefined,
  dataType: undefined,
  constraint: undefined,
  file: 'parse_relation.c',
  line: '3722',
  routine: 'errorMissingColumn'
}
[0mGET /api/v1/calculation-parameters?business_path=mortgage [32m200[0m 977.761 ms - 759[0m
Get calculation parameters error: error: column "min_down_payment_percentage" does not exist
    at /Users/michaelmishayev/Projects/bankDev2_standalone/node_modules/pg-pool/index.js:45:11
    at process.processTicksAndRejections (node:internal/process/task_queues:105:5)
    at async /Users/michaelmishayev/Projects/bankDev2_standalone/server-db.js:8699:27 {
  length: 127,
  severity: 'ERROR',
  code: '42703',
  detail: undefined,
  hint: undefined,
  position: '98',
  internalPosition: undefined,
  internalQuery: undefined,
  where: undefined,
  schema: undefined,
  table: undefined,
  column: undefined,
  dataType: undefined,
  constraint: undefined,
  file: 'parse_relation.c',
  line: '3722',
  routine: 'errorMissingColumn'
}
[0mGET /api/v1/calculation-parameters?business_path=mortgage [32m200[0m 982.699 ms - 759[0m
Get calculation parameters error: error: column "min_down_payment_percentage" does not exist
    at /Users/michaelmishayev/Projects/bankDev2_standalone/node_modules/pg-pool/index.js:45:11
    at process.processTicksAndRejections (node:internal/process/task_queues:105:5)
    at async /Users/michaelmishayev/Projects/bankDev2_standalone/server-db.js:8699:27 {
  length: 127,
  severity: 'ERROR',
  code: '42703',
  detail: undefined,
  hint: undefined,
  position: '98',
  internalPosition: undefined,
  internalQuery: undefined,
  where: undefined,
  schema: undefined,
  table: undefined,
  column: undefined,
  dataType: undefined,
  constraint: undefined,
  file: 'parse_relation.c',
  line: '3722',
  routine: 'errorMissingColumn'
}
[0mGET /api/v1/calculation-parameters?business_path=mortgage [32m200[0m 1298.729 ms - 759[0m
Get calculation parameters error: error: column "min_down_payment_percentage" does not exist
    at /Users/michaelmishayev/Projects/bankDev2_standalone/node_modules/pg-pool/index.js:45:11
    at process.processTicksAndRejections (node:internal/process/task_queues:105:5)
    at async /Users/michaelmishayev/Projects/bankDev2_standalone/server-db.js:8699:27 {
  length: 127,
  severity: 'ERROR',
  code: '42703',
  detail: undefined,
  hint: undefined,
  position: '98',
  internalPosition: undefined,
  internalQuery: undefined,
  where: undefined,
  schema: undefined,
  table: undefined,
  column: undefined,
  dataType: undefined,
  constraint: undefined,
  file: 'parse_relation.c',
  line: '3722',
  routine: 'errorMissingColumn'
}
[0mGET /api/v1/calculation-parameters?business_path=mortgage [32m200[0m 5273.066 ms - 759[0m
[0mGET /api/content/mortgage_calculation/en [32m200[0m 627.903 ms - 113[0m
[0mGET /api/content/home_page/en [32m200[0m 644.127 ms - 3072[0m
[0mPOST /api/content [32m200[0m 4575.174 ms - 126[0m
[0mGET /api/content/mortgage_calculation/en [32m200[0m 139.429 ms - 113[0m
[0mPOST /api/content [32m200[0m 1293.201 ms - 133[0m
[0mGET /api/content/home_page/en [32m200[0m 123.286 ms - 3072[0m
[0mPOST /api/content [32m200[0m 1327.169 ms - 126[0m
[CITIES] Request for language: he
[0mGET /api/get-cities?lang=he [36m304[0m 2039.378 ms - -[0m
[CITIES] Request for language: he
[0mGET /api/content/mortgage_calculation/he [36m304[0m 2576.521 ms - -[0m
[0mGET /api/get-cities?lang=he [36m304[0m 2199.322 ms - -[0m
[0mGET /api/content/mortgage_calculation/he [36m304[0m 1741.067 ms - -[0m
Get calculation parameters error: error: column "min_down_payment_percentage" does not exist
    at /Users/michaelmishayev/Projects/bankDev2_standalone/node_modules/pg-pool/index.js:45:11
    at process.processTicksAndRejections (node:internal/process/task_queues:105:5)
    at async /Users/michaelmishayev/Projects/bankDev2_standalone/server-db.js:8699:27 {
  length: 127,
  severity: 'ERROR',
  code: '42703',
  detail: undefined,
  hint: undefined,
  position: '98',
  internalPosition: undefined,
  internalQuery: undefined,
  where: undefined,
  schema: undefined,
  table: undefined,
  column: undefined,
  dataType: undefined,
  constraint: undefined,
  file: 'parse_relation.c',
  line: '3722',
  routine: 'errorMissingColumn'
}
[0mGET /api/v1/calculation-parameters?business_path=mortgage [32m200[0m 4329.068 ms - 759[0m
[0mGET /api/content/mortgage_calculation/he [36m304[0m 260.181 ms - -[0m
[0mGET /api/content/mortgage_calculation/he [36m304[0m 257.408 ms - -[0m
Get calculation parameters error: error: column "min_down_payment_percentage" does not exist
    at /Users/michaelmishayev/Projects/bankDev2_standalone/node_modules/pg-pool/index.js:45:11
    at process.processTicksAndRejections (node:internal/process/task_queues:105:5)
    at async /Users/michaelmishayev/Projects/bankDev2_standalone/server-db.js:8699:27 {
  length: 127,
  severity: 'ERROR',
  code: '42703',
  detail: undefined,
  hint: undefined,
  position: '98',
  internalPosition: undefined,
  internalQuery: undefined,
  where: undefined,
  schema: undefined,
  table: undefined,
  column: undefined,
  dataType: undefined,
  constraint: undefined,
  file: 'parse_relation.c',
  line: '3722',
  routine: 'errorMissingColumn'
}
[0mGET /api/v1/calculation-parameters?business_path=mortgage [32m200[0m 670.935 ms - 759[0m
Get calculation parameters error: error: column "min_down_payment_percentage" does not exist
    at /Users/michaelmishayev/Projects/bankDev2_standalone/node_modules/pg-pool/index.js:45:11
    at process.processTicksAndRejections (node:internal/process/task_queues:105:5)
    at async /Users/michaelmishayev/Projects/bankDev2_standalone/server-db.js:8699:27 {
  length: 127,
  severity: 'ERROR',
  code: '42703',
  detail: undefined,
  hint: undefined,
  position: '98',
  internalPosition: undefined,
  internalQuery: undefined,
  where: undefined,
  schema: undefined,
  table: undefined,
  column: undefined,
  dataType: undefined,
  constraint: undefined,
  file: 'parse_relation.c',
  line: '3722',
  routine: 'errorMissingColumn'
}
[0mGET /api/v1/calculation-parameters?business_path=mortgage [32m200[0m 1879.982 ms - 759[0m
Get calculation parameters error: error: column "min_down_payment_percentage" does not exist
    at /Users/michaelmishayev/Projects/bankDev2_standalone/node_modules/pg-pool/index.js:45:11
    at process.processTicksAndRejections (node:internal/process/task_queues:105:5)
    at async /Users/michaelmishayev/Projects/bankDev2_standalone/server-db.js:8699:27 {
  length: 127,
  severity: 'ERROR',
  code: '42703',
  detail: undefined,
  hint: undefined,
  position: '98',
  internalPosition: undefined,
  internalQuery: undefined,
  where: undefined,
  schema: undefined,
  table: undefined,
  column: undefined,
  dataType: undefined,
  constraint: undefined,
  file: 'parse_relation.c',
  line: '3722',
  routine: 'errorMissingColumn'
}
[0mGET /api/v1/calculation-parameters?business_path=mortgage [32m200[0m 3751.386 ms - 759[0m
Get calculation parameters error: error: column "min_down_payment_percentage" does not exist
    at /Users/michaelmishayev/Projects/bankDev2_standalone/node_modules/pg-pool/index.js:45:11
    at process.processTicksAndRejections (node:internal/process/task_queues:105:5)
    at async /Users/michaelmishayev/Projects/bankDev2_standalone/server-db.js:8699:27 {
  length: 127,
  severity: 'ERROR',
  code: '42703',
  detail: undefined,
  hint: undefined,
  position: '98',
  internalPosition: undefined,
  internalQuery: undefined,
  where: undefined,
  schema: undefined,
  table: undefined,
  column: undefined,
  dataType: undefined,
  constraint: undefined,
  file: 'parse_relation.c',
  line: '3722',
  routine: 'errorMissingColumn'
}
[0mGET /api/v1/calculation-parameters?business_path=mortgage [32m200[0m 6996.491 ms - 759[0m
Get calculation parameters error: error: column "min_down_payment_percentage" does not exist
    at /Users/michaelmishayev/Projects/bankDev2_standalone/node_modules/pg-pool/index.js:45:11
    at process.processTicksAndRejections (node:internal/process/task_queues:105:5)
    at async /Users/michaelmishayev/Projects/bankDev2_standalone/server-db.js:8699:27 {
  length: 127,
  severity: 'ERROR',
  code: '42703',
  detail: undefined,
  hint: undefined,
  position: '98',
  internalPosition: undefined,
  internalQuery: undefined,
  where: undefined,
  schema: undefined,
  table: undefined,
  column: undefined,
  dataType: undefined,
  constraint: undefined,
  file: 'parse_relation.c',
  line: '3722',
  routine: 'errorMissingColumn'
}
[0mGET /api/v1/calculation-parameters?business_path=mortgage [32m200[0m 1544.571 ms - 759[0m
Get calculation parameters error: error: column "min_down_payment_percentage" does not exist
    at /Users/michaelmishayev/Projects/bankDev2_standalone/node_modules/pg-pool/index.js:45:11
    at process.processTicksAndRejections (node:internal/process/task_queues:105:5)
    at async /Users/michaelmishayev/Projects/bankDev2_standalone/server-db.js:8699:27 {
  length: 127,
  severity: 'ERROR',
  code: '42703',
  detail: undefined,
  hint: undefined,
  position: '98',
  internalPosition: undefined,
  internalQuery: undefined,
  where: undefined,
  schema: undefined,
  table: undefined,
  column: undefined,
  dataType: undefined,
  constraint: undefined,
  file: 'parse_relation.c',
  line: '3722',
  routine: 'errorMissingColumn'
}
[0mGET /api/v1/calculation-parameters?business_path=mortgage [32m200[0m 1156.673 ms - 759[0m
Get calculation parameters error: error: column "min_down_payment_percentage" does not exist
    at /Users/michaelmishayev/Projects/bankDev2_standalone/node_modules/pg-pool/index.js:45:11
    at process.processTicksAndRejections (node:internal/process/task_queues:105:5)
    at async /Users/michaelmishayev/Projects/bankDev2_standalone/server-db.js:8699:27 {
  length: 127,
  severity: 'ERROR',
  code: '42703',
  detail: undefined,
  hint: undefined,
  position: '98',
  internalPosition: undefined,
  internalQuery: undefined,
  where: undefined,
  schema: undefined,
  table: undefined,
  column: undefined,
  dataType: undefined,
  constraint: undefined,
  file: 'parse_relation.c',
  line: '3722',
  routine: 'errorMissingColumn'
}
[0mGET /api/v1/calculation-parameters?business_path=mortgage [32m200[0m 3192.459 ms - 759[0m
