üîí CORS Configuration:
üìù CORS_ALLOWED_ORIGINS env var: Not set
üåê Resolved CORS origins: [
  'http://localhost:3001',
  'http://localhost:3000',
  'http://localhost:5173',
  'http://localhost:5174',
  'http://localhost:8003',
  'https://bankdev2standalone-production.up.railway.app',
  'https://bankim-nodejs-api-production.up.railway.app'
]
üöÄ Database API Server Started
üì° http://localhost:8003
üìß Email login: POST /api/login
üìß Email 2FA: POST /api/email-code-login
üì± SMS login: POST /api/sms-login & /api/sms-code-login
üë§ Registration: POST /api/register
üèôÔ∏è Cities: GET /api/get-cities?lang=xx
üè† Refinance mortgage: POST /api/refinance-mortgage
üí≥ Refinance credit: POST /api/refinance-credit
üîê Admin login: POST /api/admin/login
üìä Admin stats: GET /api/admin/stats
üè¶ Admin banks: GET /api/admin/banks
üè™ Compare banks: POST /api/customer/compare-banks
üìù Submit application: POST /api/customer/submit-application
üìã Check status: GET /api/applications/:id/status
üîß Admin applications: GET /api/admin/applications
üìä Admin app details: GET /api/admin/applications/:id
‚úèÔ∏è Update app status: PUT /api/admin/applications/:id/status

üè¢ PHASE 2: Bank Worker Registration System
üì® Send invitation: POST /api/bank-worker/invite
üìù Get registration form: GET /api/bank-worker/register/:token
‚úÖ Complete registration: POST /api/bank-worker/register
üìä Check status: GET /api/bank-worker/status/:id
üìã Admin invitations: GET /api/admin/invitations
‚è≥ Admin approval queue: GET /api/admin/approval-queue
‚úÖ Approve worker: POST /api/admin/approve/:id
‚ùå Reject worker: POST /api/admin/reject/:id

‚úÖ Content Database connected: 2025-07-20T08:22:33.752Z
‚úÖ Main Database connected: 2025-07-20T08:22:33.774Z
‚úÖ test-content table deleted successfully (if it existed)
[0mGET /api/content-db/health [32m200[0m 122.667 ms - 196[0m
üîß Debug: Updating translation status from draft to approved...
‚úÖ Updated 0 translation records to approved status
[0mPOST /api/content/fix-status [32m200[0m 699.540 ms - 116[0m
[0mGET /api/content/items [32m200[0m 1081.736 ms - 10550[0m
[0mPOST /api/content [32m200[0m 1481.373 ms - 143[0m
[0mGET /api/content/mortgage_calculation/en [32m200[0m 584.320 ms - 386[0m
[0mGET /api/content/mortgage_calculation/en [32m200[0m 116.084 ms - 386[0m
[0mPOST /api/content [32m200[0m 1122.342 ms - 143[0m
[0mPOST /api/content [32m200[0m 1274.756 ms - 162[0m
[0mPOST /api/content [32m200[0m 1626.924 ms - 154[0m
[0mGET /api/content/mortgage_calculation/he [32m200[0m 617.509 ms - 885[0m
[0mGET /api/content/mortgage_calculation/he [32m200[0m 162.557 ms - 885[0m
[0mGET /api/content/mortgage_calculation/he [32m200[0m 897.662 ms - 885[0m
[0mGET /api/content/mortgage_calculation/he [32m200[0m 1979.291 ms - 885[0m
[0mGET /api/content/mortgage_calculation/he [32m200[0m 1252.375 ms - 885[0m
[0mGET /api/content/mortgage_calculation/he [36m304[0m 133.932 ms - -[0m
[0mGET /api/content/mortgage_calculation/he [32m200[0m 596.619 ms - 885[0m
[0mGET /api/content/mortgage_calculation/he [32m200[0m 105.232 ms - 885[0m
[0mGET /api/content/home_page/he [32m200[0m 1138.899 ms - 3402[0m
[0mGET /api/content/home_page/he [36m304[0m 100.081 ms - -[0m
[0mGET /api/content/home_page/he [36m304[0m 116.142 ms - -[0m
[0mGET /api/content/home_page/he [36m304[0m 119.849 ms - -[0m
[0mGET /api/content/home_page/he [36m304[0m 111.827 ms - -[0m
[0mGET /api/content/home_page/he [36m304[0m 299.094 ms - -[0m
[0mGET /api/content/home_page/he [36m304[0m 147.937 ms - -[0m
[0mGET /api/content/home_page/he [36m304[0m 109.914 ms - -[0m
[CITIES] Request for language: he
[0mGET /api/content/mortgage_calculation/he [32m200[0m 811.682 ms - 885[0m
[0mGET /api/content/mortgage_calculation/he [36m304[0m 177.606 ms - -[0m
[0mGET /api/get-cities?lang=he [36m304[0m 992.729 ms - -[0m
[CITIES] Request for language: he
[0mGET /api/content/mortgage_calculation/he [36m304[0m 211.245 ms - -[0m
Get calculation parameters error: error: column "min_down_payment_percentage" does not exist
    at /Users/michaelmishayev/Projects/bankDev2_standalone/node_modules/pg-pool/index.js:45:11
    at process.processTicksAndRejections (node:internal/process/task_queues:105:5)
    at async /Users/michaelmishayev/Projects/bankDev2_standalone/server-db.js:8746:27 {
  length: 127,
  severity: 'ERROR',
  code: '42703',
  detail: undefined,
  hint: undefined,
  position: '98',
  internalPosition: undefined,
  internalQuery: undefined,
  where: undefined,
  schema: undefined,
  table: undefined,
  column: undefined,
  dataType: undefined,
  constraint: undefined,
  file: 'parse_relation.c',
  line: '3722',
  routine: 'errorMissingColumn'
}
[0mGET /api/v1/calculation-parameters?business_path=mortgage [32m200[0m 1212.505 ms - 759[0m
[0mGET /api/get-cities?lang=he [36m304[0m 217.444 ms - -[0m
[0mGET /api/content/mortgage_calculation/he [36m304[0m 268.609 ms - -[0m
Get calculation parameters error: error: column "min_down_payment_percentage" does not exist
    at /Users/michaelmishayev/Projects/bankDev2_standalone/node_modules/pg-pool/index.js:45:11
    at process.processTicksAndRejections (node:internal/process/task_queues:105:5)
    at async /Users/michaelmishayev/Projects/bankDev2_standalone/server-db.js:8746:27 {
  length: 127,
  severity: 'ERROR',
  code: '42703',
  detail: undefined,
  hint: undefined,
  position: '98',
  internalPosition: undefined,
  internalQuery: undefined,
  where: undefined,
  schema: undefined,
  table: undefined,
  column: undefined,
  dataType: undefined,
  constraint: undefined,
  file: 'parse_relation.c',
  line: '3722',
  routine: 'errorMissingColumn'
}
[0mGET /api/v1/calculation-parameters?business_path=mortgage [32m200[0m 836.666 ms - 759[0m
Get calculation parameters error: error: column "min_down_payment_percentage" does not exist
    at /Users/michaelmishayev/Projects/bankDev2_standalone/node_modules/pg-pool/index.js:45:11
    at process.processTicksAndRejections (node:internal/process/task_queues:105:5)
    at async /Users/michaelmishayev/Projects/bankDev2_standalone/server-db.js:8746:27 {
  length: 127,
  severity: 'ERROR',
  code: '42703',
  detail: undefined,
  hint: undefined,
  position: '98',
  internalPosition: undefined,
  internalQuery: undefined,
  where: undefined,
  schema: undefined,
  table: undefined,
  column: undefined,
  dataType: undefined,
  constraint: undefined,
  file: 'parse_relation.c',
  line: '3722',
  routine: 'errorMissingColumn'
}
[0mGET /api/v1/calculation-parameters?business_path=mortgage [32m200[0m 1009.970 ms - 759[0m
Get calculation parameters error: error: column "min_down_payment_percentage" does not exist
    at /Users/michaelmishayev/Projects/bankDev2_standalone/node_modules/pg-pool/index.js:45:11
    at process.processTicksAndRejections (node:internal/process/task_queues:105:5)
    at async /Users/michaelmishayev/Projects/bankDev2_standalone/server-db.js:8746:27 {
  length: 127,
  severity: 'ERROR',
  code: '42703',
  detail: undefined,
  hint: undefined,
  position: '98',
  internalPosition: undefined,
  internalQuery: undefined,
  where: undefined,
  schema: undefined,
  table: undefined,
  column: undefined,
  dataType: undefined,
  constraint: undefined,
  file: 'parse_relation.c',
  line: '3722',
  routine: 'errorMissingColumn'
}
[0mGET /api/v1/calculation-parameters?business_path=mortgage [32m200[0m 1067.145 ms - 759[0m
Get calculation parameters error: error: column "min_down_payment_percentage" does not exist
    at /Users/michaelmishayev/Projects/bankDev2_standalone/node_modules/pg-pool/index.js:45:11
    at process.processTicksAndRejections (node:internal/process/task_queues:105:5)
    at async /Users/michaelmishayev/Projects/bankDev2_standalone/server-db.js:8746:27 {
  length: 127,
  severity: 'ERROR',
  code: '42703',
  detail: undefined,
  hint: undefined,
  position: '98',
  internalPosition: undefined,
  internalQuery: undefined,
  where: undefined,
  schema: undefined,
  table: undefined,
  column: undefined,
  dataType: undefined,
  constraint: undefined,
  file: 'parse_relation.c',
  line: '3722',
  routine: 'errorMissingColumn'
}
[0mGET /api/v1/calculation-parameters?business_path=mortgage [32m200[0m 951.614 ms - 759[0m
Get calculation parameters error: error: column "min_down_payment_percentage" does not exist
    at /Users/michaelmishayev/Projects/bankDev2_standalone/node_modules/pg-pool/index.js:45:11
    at process.processTicksAndRejections (node:internal/process/task_queues:105:5)
    at async /Users/michaelmishayev/Projects/bankDev2_standalone/server-db.js:8746:27 {
  length: 127,
  severity: 'ERROR',
  code: '42703',
  detail: undefined,
  hint: undefined,
  position: '98',
  internalPosition: undefined,
  internalQuery: undefined,
  where: undefined,
  schema: undefined,
  table: undefined,
  column: undefined,
  dataType: undefined,
  constraint: undefined,
  file: 'parse_relation.c',
  line: '3722',
  routine: 'errorMissingColumn'
}
[0mGET /api/v1/calculation-parameters?business_path=mortgage [32m200[0m 1033.530 ms - 759[0m
Get calculation parameters error: error: column "min_down_payment_percentage" does not exist
    at /Users/michaelmishayev/Projects/bankDev2_standalone/node_modules/pg-pool/index.js:45:11
    at process.processTicksAndRejections (node:internal/process/task_queues:105:5)
    at async /Users/michaelmishayev/Projects/bankDev2_standalone/server-db.js:8746:27 {
  length: 127,
  severity: 'ERROR',
  code: '42703',
  detail: undefined,
  hint: undefined,
  position: '98',
  internalPosition: undefined,
  internalQuery: undefined,
  where: undefined,
  schema: undefined,
  table: undefined,
  column: undefined,
  dataType: undefined,
  constraint: undefined,
  file: 'parse_relation.c',
  line: '3722',
  routine: 'errorMissingColumn'
}
[0mGET /api/v1/calculation-parameters?business_path=mortgage [32m200[0m 928.579 ms - 759[0m
Get calculation parameters error: error: column "min_down_payment_percentage" does not exist
    at /Users/michaelmishayev/Projects/bankDev2_standalone/node_modules/pg-pool/index.js:45:11
    at process.processTicksAndRejections (node:internal/process/task_queues:105:5)
    at async /Users/michaelmishayev/Projects/bankDev2_standalone/server-db.js:8746:27 {
  length: 127,
  severity: 'ERROR',
  code: '42703',
  detail: undefined,
  hint: undefined,
  position: '98',
  internalPosition: undefined,
  internalQuery: undefined,
  where: undefined,
  schema: undefined,
  table: undefined,
  column: undefined,
  dataType: undefined,
  constraint: undefined,
  file: 'parse_relation.c',
  line: '3722',
  routine: 'errorMissingColumn'
}
[0mGET /api/v1/calculation-parameters?business_path=mortgage [32m200[0m 872.063 ms - 759[0m
Get calculation parameters error: error: column "min_down_payment_percentage" does not exist
    at /Users/michaelmishayev/Projects/bankDev2_standalone/node_modules/pg-pool/index.js:45:11
    at process.processTicksAndRejections (node:internal/process/task_queues:105:5)
    at async /Users/michaelmishayev/Projects/bankDev2_standalone/server-db.js:8746:27 {
  length: 127,
  severity: 'ERROR',
  code: '42703',
  detail: undefined,
  hint: undefined,
  position: '98',
  internalPosition: undefined,
  internalQuery: undefined,
  where: undefined,
  schema: undefined,
  table: undefined,
  column: undefined,
  dataType: undefined,
  constraint: undefined,
  file: 'parse_relation.c',
  line: '3722',
  routine: 'errorMissingColumn'
}
[0mGET /api/v1/calculation-parameters?business_path=mortgage [32m200[0m 840.815 ms - 759[0m
[0mGET /api/content/mortgage_calculation/he [32m200[0m 167.839 ms - 885[0m
Get calculation parameters error: error: column "min_down_payment_percentage" does not exist
    at /Users/michaelmishayev/Projects/bankDev2_standalone/node_modules/pg-pool/index.js:45:11
    at process.processTicksAndRejections (node:internal/process/task_queues:105:5)
    at async /Users/michaelmishayev/Projects/bankDev2_standalone/server-db.js:8746:27 {
  length: 127,
  severity: 'ERROR',
  code: '42703',
  detail: undefined,
  hint: undefined,
  position: '98',
  internalPosition: undefined,
  internalQuery: undefined,
  where: undefined,
  schema: undefined,
  table: undefined,
  column: undefined,
  dataType: undefined,
  constraint: undefined,
  file: 'parse_relation.c',
  line: '3722',
  routine: 'errorMissingColumn'
}
[0mGET /api/v1/calculation-parameters?business_path=mortgage [32m200[0m 831.197 ms - 759[0m
Get calculation parameters error: error: column "min_down_payment_percentage" does not exist
    at /Users/michaelmishayev/Projects/bankDev2_standalone/node_modules/pg-pool/index.js:45:11
    at process.processTicksAndRejections (node:internal/process/task_queues:105:5)
    at async /Users/michaelmishayev/Projects/bankDev2_standalone/server-db.js:8746:27 {
  length: 127,
  severity: 'ERROR',
  code: '42703',
  detail: undefined,
  hint: undefined,
  position: '98',
  internalPosition: undefined,
  internalQuery: undefined,
  where: undefined,
  schema: undefined,
  table: undefined,
  column: undefined,
  dataType: undefined,
  constraint: undefined,
  file: 'parse_relation.c',
  line: '3722',
  routine: 'errorMissingColumn'
}
[0mGET /api/v1/calculation-parameters?business_path=mortgage [32m200[0m 1280.174 ms - 759[0m
Get calculation parameters error: error: column "min_down_payment_percentage" does not exist
    at /Users/michaelmishayev/Projects/bankDev2_standalone/node_modules/pg-pool/index.js:45:11
    at process.processTicksAndRejections (node:internal/process/task_queues:105:5)
    at async /Users/michaelmishayev/Projects/bankDev2_standalone/server-db.js:8746:27 {
  length: 127,
  severity: 'ERROR',
  code: '42703',
  detail: undefined,
  hint: undefined,
  position: '98',
  internalPosition: undefined,
  internalQuery: undefined,
  where: undefined,
  schema: undefined,
  table: undefined,
  column: undefined,
  dataType: undefined,
  constraint: undefined,
  file: 'parse_relation.c',
  line: '3722',
  routine: 'errorMissingColumn'
}
[0mGET /api/v1/calculation-parameters?business_path=mortgage [32m200[0m 773.840 ms - 759[0m
Get calculation parameters error: error: column "min_down_payment_percentage" does not exist
    at /Users/michaelmishayev/Projects/bankDev2_standalone/node_modules/pg-pool/index.js:45:11
    at process.processTicksAndRejections (node:internal/process/task_queues:105:5)
    at async /Users/michaelmishayev/Projects/bankDev2_standalone/server-db.js:8746:27 {
  length: 127,
  severity: 'ERROR',
  code: '42703',
  detail: undefined,
  hint: undefined,
  position: '98',
  internalPosition: undefined,
  internalQuery: undefined,
  where: undefined,
  schema: undefined,
  table: undefined,
  column: undefined,
  dataType: undefined,
  constraint: undefined,
  file: 'parse_relation.c',
  line: '3722',
  routine: 'errorMissingColumn'
}
[0mGET /api/v1/calculation-parameters?business_path=mortgage [32m200[0m 899.324 ms - 759[0m
Get calculation parameters error: error: column "min_down_payment_percentage" does not exist
    at /Users/michaelmishayev/Projects/bankDev2_standalone/node_modules/pg-pool/index.js:45:11
    at process.processTicksAndRejections (node:internal/process/task_queues:105:5)
    at async /Users/michaelmishayev/Projects/bankDev2_standalone/server-db.js:8746:27 {
  length: 127,
  severity: 'ERROR',
  code: '42703',
  detail: undefined,
  hint: undefined,
  position: '98',
  internalPosition: undefined,
  internalQuery: undefined,
  where: undefined,
  schema: undefined,
  table: undefined,
  column: undefined,
  dataType: undefined,
  constraint: undefined,
  file: 'parse_relation.c',
  line: '3722',
  routine: 'errorMissingColumn'
}
[0mGET /api/v1/calculation-parameters?business_path=mortgage [32m200[0m 799.134 ms - 759[0m
[0mGET /api/content/mortgage_calculation/he [36m304[0m 1082.562 ms - -[0m
[0mGET /api/content/mortgage_calculation/he [36m304[0m 104.063 ms - -[0m
[0mGET /api/content/mortgage_calculation/he [32m200[0m 785.212 ms - 885[0m
[0mGET /api/content/mortgage_calculation/he [32m200[0m 801.992 ms - 885[0m
[CITIES] Request for language: he
[0mGET /api/content/mortgage_calculation/he [36m304[0m 265.853 ms - -[0m
[0mGET /api/content/mortgage_calculation/he [36m304[0m 290.307 ms - -[0m
[0mGET /api/content/mortgage_calculation/he [36m304[0m 105.220 ms - -[0m
[0mGET /api/get-cities?lang=he [36m304[0m 774.659 ms - -[0m
[CITIES] Request for language: he
[0mGET /api/get-cities?lang=he [36m304[0m 112.843 ms - -[0m
[0mGET /api/content/mortgage_calculation/he [36m304[0m 204.628 ms - -[0m
Get calculation parameters error: error: column "min_down_payment_percentage" does not exist
    at /Users/michaelmishayev/Projects/bankDev2_standalone/node_modules/pg-pool/index.js:45:11
    at process.processTicksAndRejections (node:internal/process/task_queues:105:5)
    at async /Users/michaelmishayev/Projects/bankDev2_standalone/server-db.js:8746:27 {
  length: 127,
  severity: 'ERROR',
  code: '42703',
  detail: undefined,
  hint: undefined,
  position: '98',
  internalPosition: undefined,
  internalQuery: undefined,
  where: undefined,
  schema: undefined,
  table: undefined,
  column: undefined,
  dataType: undefined,
  constraint: undefined,
  file: 'parse_relation.c',
  line: '3722',
  routine: 'errorMissingColumn'
}
[0mGET /api/v1/calculation-parameters?business_path=mortgage [32m200[0m 1117.844 ms - 759[0m
Get calculation parameters error: error: column "min_down_payment_percentage" does not exist
    at /Users/michaelmishayev/Projects/bankDev2_standalone/node_modules/pg-pool/index.js:45:11
    at process.processTicksAndRejections (node:internal/process/task_queues:105:5)
    at async /Users/michaelmishayev/Projects/bankDev2_standalone/server-db.js:8746:27 {
  length: 127,
  severity: 'ERROR',
  code: '42703',
  detail: undefined,
  hint: undefined,
  position: '98',
  internalPosition: undefined,
  internalQuery: undefined,
  where: undefined,
  schema: undefined,
  table: undefined,
  column: undefined,
  dataType: undefined,
  constraint: undefined,
  file: 'parse_relation.c',
  line: '3722',
  routine: 'errorMissingColumn'
}
[0mGET /api/v1/calculation-parameters?business_path=mortgage [32m200[0m 380.402 ms - 759[0m
Get calculation parameters error: error: column "min_down_payment_percentage" does not exist
    at /Users/michaelmishayev/Projects/bankDev2_standalone/node_modules/pg-pool/index.js:45:11
    at process.processTicksAndRejections (node:internal/process/task_queues:105:5)
    at async /Users/michaelmishayev/Projects/bankDev2_standalone/server-db.js:8746:27 {
  length: 127,
  severity: 'ERROR',
  code: '42703',
  detail: undefined,
  hint: undefined,
  position: '98',
  internalPosition: undefined,
  internalQuery: undefined,
  where: undefined,
  schema: undefined,
  table: undefined,
  column: undefined,
  dataType: undefined,
  constraint: undefined,
  file: 'parse_relation.c',
  line: '3722',
  routine: 'errorMissingColumn'
}
[0mGET /api/v1/calculation-parameters?business_path=mortgage [32m200[0m 812.894 ms - 759[0m
Get calculation parameters error: error: column "min_down_payment_percentage" does not exist
    at /Users/michaelmishayev/Projects/bankDev2_standalone/node_modules/pg-pool/index.js:45:11
    at process.processTicksAndRejections (node:internal/process/task_queues:105:5)
    at async /Users/michaelmishayev/Projects/bankDev2_standalone/server-db.js:8746:27 {
  length: 127,
  severity: 'ERROR',
  code: '42703',
  detail: undefined,
  hint: undefined,
  position: '98',
  internalPosition: undefined,
  internalQuery: undefined,
  where: undefined,
  schema: undefined,
  table: undefined,
  column: undefined,
  dataType: undefined,
  constraint: undefined,
  file: 'parse_relation.c',
  line: '3722',
  routine: 'errorMissingColumn'
}
[0mGET /api/v1/calculation-parameters?business_path=mortgage [32m200[0m 914.962 ms - 759[0m
Get calculation parameters error: error: column "min_down_payment_percentage" does not exist
    at /Users/michaelmishayev/Projects/bankDev2_standalone/node_modules/pg-pool/index.js:45:11
    at process.processTicksAndRejections (node:internal/process/task_queues:105:5)
    at async /Users/michaelmishayev/Projects/bankDev2_standalone/server-db.js:8746:27 {
  length: 127,
  severity: 'ERROR',
  code: '42703',
  detail: undefined,
  hint: undefined,
  position: '98',
  internalPosition: undefined,
  internalQuery: undefined,
  where: undefined,
  schema: undefined,
  table: undefined,
  column: undefined,
  dataType: undefined,
  constraint: undefined,
  file: 'parse_relation.c',
  line: '3722',
  routine: 'errorMissingColumn'
}
[0mGET /api/v1/calculation-parameters?business_path=mortgage [32m200[0m 834.731 ms - 759[0m
Get calculation parameters error: error: column "min_down_payment_percentage" does not exist
    at /Users/michaelmishayev/Projects/bankDev2_standalone/node_modules/pg-pool/index.js:45:11
    at process.processTicksAndRejections (node:internal/process/task_queues:105:5)
    at async /Users/michaelmishayev/Projects/bankDev2_standalone/server-db.js:8746:27 {
  length: 127,
  severity: 'ERROR',
  code: '42703',
  detail: undefined,
  hint: undefined,
  position: '98',
  internalPosition: undefined,
  internalQuery: undefined,
  where: undefined,
  schema: undefined,
  table: undefined,
  column: undefined,
  dataType: undefined,
  constraint: undefined,
  file: 'parse_relation.c',
  line: '3722',
  routine: 'errorMissingColumn'
}
[0mGET /api/v1/calculation-parameters?business_path=mortgage [32m200[0m 1108.446 ms - 759[0m
Get calculation parameters error: error: column "min_down_payment_percentage" does not exist
    at /Users/michaelmishayev/Projects/bankDev2_standalone/node_modules/pg-pool/index.js:45:11
    at process.processTicksAndRejections (node:internal/process/task_queues:105:5)
    at async /Users/michaelmishayev/Projects/bankDev2_standalone/server-db.js:8746:27 {
  length: 127,
  severity: 'ERROR',
  code: '42703',
  detail: undefined,
  hint: undefined,
  position: '98',
  internalPosition: undefined,
  internalQuery: undefined,
  where: undefined,
  schema: undefined,
  table: undefined,
  column: undefined,
  dataType: undefined,
  constraint: undefined,
  file: 'parse_relation.c',
  line: '3722',
  routine: 'errorMissingColumn'
}
[0mGET /api/v1/calculation-parameters?business_path=mortgage [32m200[0m 815.469 ms - 759[0m
Get calculation parameters error: error: column "min_down_payment_percentage" does not exist
    at /Users/michaelmishayev/Projects/bankDev2_standalone/node_modules/pg-pool/index.js:45:11
    at process.processTicksAndRejections (node:internal/process/task_queues:105:5)
    at async /Users/michaelmishayev/Projects/bankDev2_standalone/server-db.js:8746:27 {
  length: 127,
  severity: 'ERROR',
  code: '42703',
  detail: undefined,
  hint: undefined,
  position: '98',
  internalPosition: undefined,
  internalQuery: undefined,
  where: undefined,
  schema: undefined,
  table: undefined,
  column: undefined,
  dataType: undefined,
  constraint: undefined,
  file: 'parse_relation.c',
  line: '3722',
  routine: 'errorMissingColumn'
}
[0mGET /api/v1/calculation-parameters?business_path=mortgage [32m200[0m 816.190 ms - 759[0m
Get calculation parameters error: error: column "min_down_payment_percentage" does not exist
    at /Users/michaelmishayev/Projects/bankDev2_standalone/node_modules/pg-pool/index.js:45:11
    at process.processTicksAndRejections (node:internal/process/task_queues:105:5)
    at async /Users/michaelmishayev/Projects/bankDev2_standalone/server-db.js:8746:27 {
  length: 127,
  severity: 'ERROR',
  code: '42703',
  detail: undefined,
  hint: undefined,
  position: '98',
  internalPosition: undefined,
  internalQuery: undefined,
  where: undefined,
  schema: undefined,
  table: undefined,
  column: undefined,
  dataType: undefined,
  constraint: undefined,
  file: 'parse_relation.c',
  line: '3722',
  routine: 'errorMissingColumn'
}
[0mGET /api/v1/calculation-parameters?business_path=mortgage [32m200[0m 1329.083 ms - 759[0m
Get calculation parameters error: error: column "min_down_payment_percentage" does not exist
    at /Users/michaelmishayev/Projects/bankDev2_standalone/node_modules/pg-pool/index.js:45:11
    at process.processTicksAndRejections (node:internal/process/task_queues:105:5)
    at async /Users/michaelmishayev/Projects/bankDev2_standalone/server-db.js:8746:27 {
  length: 127,
  severity: 'ERROR',
  code: '42703',
  detail: undefined,
  hint: undefined,
  position: '98',
  internalPosition: undefined,
  internalQuery: undefined,
  where: undefined,
  schema: undefined,
  table: undefined,
  column: undefined,
  dataType: undefined,
  constraint: undefined,
  file: 'parse_relation.c',
  line: '3722',
  routine: 'errorMissingColumn'
}
[0mGET /api/v1/calculation-parameters?business_path=mortgage [32m200[0m 833.124 ms - 759[0m
Get calculation parameters error: error: column "min_down_payment_percentage" does not exist
    at /Users/michaelmishayev/Projects/bankDev2_standalone/node_modules/pg-pool/index.js:45:11
    at process.processTicksAndRejections (node:internal/process/task_queues:105:5)
    at async /Users/michaelmishayev/Projects/bankDev2_standalone/server-db.js:8746:27 {
  length: 127,
  severity: 'ERROR',
  code: '42703',
  detail: undefined,
  hint: undefined,
  position: '98',
  internalPosition: undefined,
  internalQuery: undefined,
  where: undefined,
  schema: undefined,
  table: undefined,
  column: undefined,
  dataType: undefined,
  constraint: undefined,
  file: 'parse_relation.c',
  line: '3722',
  routine: 'errorMissingColumn'
}
[0mGET /api/v1/calculation-parameters?business_path=mortgage [32m200[0m 807.780 ms - 759[0m
Get calculation parameters error: error: column "min_down_payment_percentage" does not exist
    at /Users/michaelmishayev/Projects/bankDev2_standalone/node_modules/pg-pool/index.js:45:11
    at process.processTicksAndRejections (node:internal/process/task_queues:105:5)
    at async /Users/michaelmishayev/Projects/bankDev2_standalone/server-db.js:8746:27 {
  length: 127,
  severity: 'ERROR',
  code: '42703',
  detail: undefined,
  hint: undefined,
  position: '98',
  internalPosition: undefined,
  internalQuery: undefined,
  where: undefined,
  schema: undefined,
  table: undefined,
  column: undefined,
  dataType: undefined,
  constraint: undefined,
  file: 'parse_relation.c',
  line: '3722',
  routine: 'errorMissingColumn'
}
[0mGET /api/v1/calculation-parameters?business_path=mortgage [32m200[0m 919.510 ms - 759[0m
Get calculation parameters error: error: column "min_down_payment_percentage" does not exist
    at /Users/michaelmishayev/Projects/bankDev2_standalone/node_modules/pg-pool/index.js:45:11
    at process.processTicksAndRejections (node:internal/process/task_queues:105:5)
    at async /Users/michaelmishayev/Projects/bankDev2_standalone/server-db.js:8746:27 {
  length: 127,
  severity: 'ERROR',
  code: '42703',
  detail: undefined,
  hint: undefined,
  position: '98',
  internalPosition: undefined,
  internalQuery: undefined,
  where: undefined,
  schema: undefined,
  table: undefined,
  column: undefined,
  dataType: undefined,
  constraint: undefined,
  file: 'parse_relation.c',
  line: '3722',
  routine: 'errorMissingColumn'
}
[0mGET /api/v1/calculation-parameters?business_path=mortgage [32m200[0m 828.338 ms - 759[0m
Get calculation parameters error: error: column "min_down_payment_percentage" does not exist
    at /Users/michaelmishayev/Projects/bankDev2_standalone/node_modules/pg-pool/index.js:45:11
    at process.processTicksAndRejections (node:internal/process/task_queues:105:5)
    at async /Users/michaelmishayev/Projects/bankDev2_standalone/server-db.js:8746:27 {
  length: 127,
  severity: 'ERROR',
  code: '42703',
  detail: undefined,
  hint: undefined,
  position: '98',
  internalPosition: undefined,
  internalQuery: undefined,
  where: undefined,
  schema: undefined,
  table: undefined,
  column: undefined,
  dataType: undefined,
  constraint: undefined,
  file: 'parse_relation.c',
  line: '3722',
  routine: 'errorMissingColumn'
}
[0mGET /api/v1/calculation-parameters?business_path=mortgage [32m200[0m 1029.826 ms - 759[0m
[CITIES] Request for language: he
[CITIES] Request for language: he
[0mGET /api/get-cities?lang=he [32m200[0m 782.664 ms - 1553[0m
[0mGET /api/get-cities?lang=he [32m200[0m 782.079 ms - 1553[0m
[0mGET /api/content/mortgage_calculation/he [32m200[0m 784.788 ms - 885[0m
[0mGET /api/content/mortgage_calculation/he [32m200[0m 788.041 ms - 885[0m
[0mGET /api/content/mortgage_calculation/he [32m200[0m 870.049 ms - 885[0m
[0mGET /api/content/mortgage_calculation/he [32m200[0m 224.113 ms - 885[0m
Get calculation parameters error: error: column "min_down_payment_percentage" does not exist
    at /Users/michaelmishayev/Projects/bankDev2_standalone/node_modules/pg-pool/index.js:45:11
    at process.processTicksAndRejections (node:internal/process/task_queues:105:5)
    at async /Users/michaelmishayev/Projects/bankDev2_standalone/server-db.js:8746:27 {
  length: 127,
  severity: 'ERROR',
  code: '42703',
  detail: undefined,
  hint: undefined,
  position: '98',
  internalPosition: undefined,
  internalQuery: undefined,
  where: undefined,
  schema: undefined,
  table: undefined,
  column: undefined,
  dataType: undefined,
  constraint: undefined,
  file: 'parse_relation.c',
  line: '3722',
  routine: 'errorMissingColumn'
}
[0mGET /api/v1/calculation-parameters?business_path=mortgage [32m200[0m 1016.929 ms - 759[0m
Get calculation parameters error: error: column "min_down_payment_percentage" does not exist
    at /Users/michaelmishayev/Projects/bankDev2_standalone/node_modules/pg-pool/index.js:45:11
    at process.processTicksAndRejections (node:internal/process/task_queues:105:5)
    at async /Users/michaelmishayev/Projects/bankDev2_standalone/server-db.js:8746:27 {
  length: 127,
  severity: 'ERROR',
  code: '42703',
  detail: undefined,
  hint: undefined,
  position: '98',
  internalPosition: undefined,
  internalQuery: undefined,
  where: undefined,
  schema: undefined,
  table: undefined,
  column: undefined,
  dataType: undefined,
  constraint: undefined,
  file: 'parse_relation.c',
  line: '3722',
  routine: 'errorMissingColumn'
}
[0mGET /api/v1/calculation-parameters?business_path=mortgage [32m200[0m 1177.667 ms - 759[0m
Get calculation parameters error: error: column "min_down_payment_percentage" does not exist
    at /Users/michaelmishayev/Projects/bankDev2_standalone/node_modules/pg-pool/index.js:45:11
    at process.processTicksAndRejections (node:internal/process/task_queues:105:5)
    at async /Users/michaelmishayev/Projects/bankDev2_standalone/server-db.js:8746:27 {
  length: 127,
  severity: 'ERROR',
  code: '42703',
  detail: undefined,
  hint: undefined,
  position: '98',
  internalPosition: undefined,
  internalQuery: undefined,
  where: undefined,
  schema: undefined,
  table: undefined,
  column: undefined,
  dataType: undefined,
  constraint: undefined,
  file: 'parse_relation.c',
  line: '3722',
  routine: 'errorMissingColumn'
}
[0mGET /api/v1/calculation-parameters?business_path=mortgage [32m200[0m 1180.986 ms - 759[0m
Get calculation parameters error: error: column "min_down_payment_percentage" does not exist
    at /Users/michaelmishayev/Projects/bankDev2_standalone/node_modules/pg-pool/index.js:45:11
    at process.processTicksAndRejections (node:internal/process/task_queues:105:5)
    at async /Users/michaelmishayev/Projects/bankDev2_standalone/server-db.js:8746:27 {
  length: 127,
  severity: 'ERROR',
  code: '42703',
  detail: undefined,
  hint: undefined,
  position: '98',
  internalPosition: undefined,
  internalQuery: undefined,
  where: undefined,
  schema: undefined,
  table: undefined,
  column: undefined,
  dataType: undefined,
  constraint: undefined,
  file: 'parse_relation.c',
  line: '3722',
  routine: 'errorMissingColumn'
}
[0mGET /api/v1/calculation-parameters?business_path=mortgage [32m200[0m 1183.128 ms - 759[0m
Get calculation parameters error: error: column "min_down_payment_percentage" does not exist
    at /Users/michaelmishayev/Projects/bankDev2_standalone/node_modules/pg-pool/index.js:45:11
    at process.processTicksAndRejections (node:internal/process/task_queues:105:5)
    at async /Users/michaelmishayev/Projects/bankDev2_standalone/server-db.js:8746:27 {
  length: 127,
  severity: 'ERROR',
  code: '42703',
  detail: undefined,
  hint: undefined,
  position: '98',
  internalPosition: undefined,
  internalQuery: undefined,
  where: undefined,
  schema: undefined,
  table: undefined,
  column: undefined,
  dataType: undefined,
  constraint: undefined,
  file: 'parse_relation.c',
  line: '3722',
  routine: 'errorMissingColumn'
}
[0mGET /api/v1/calculation-parameters?business_path=mortgage [32m200[0m 1182.955 ms - 759[0m
Get calculation parameters error: error: column "min_down_payment_percentage" does not exist
    at /Users/michaelmishayev/Projects/bankDev2_standalone/node_modules/pg-pool/index.js:45:11
    at process.processTicksAndRejections (node:internal/process/task_queues:105:5)
    at async /Users/michaelmishayev/Projects/bankDev2_standalone/server-db.js:8746:27 {
  length: 127,
  severity: 'ERROR',
  code: '42703',
  detail: undefined,
  hint: undefined,
  position: '98',
  internalPosition: undefined,
  internalQuery: undefined,
  where: undefined,
  schema: undefined,
  table: undefined,
  column: undefined,
  dataType: undefined,
  constraint: undefined,
  file: 'parse_relation.c',
  line: '3722',
  routine: 'errorMissingColumn'
}
[0mGET /api/v1/calculation-parameters?business_path=mortgage [32m200[0m 1180.519 ms - 759[0m
Get calculation parameters error: error: column "min_down_payment_percentage" does not exist
    at /Users/michaelmishayev/Projects/bankDev2_standalone/node_modules/pg-pool/index.js:45:11
    at process.processTicksAndRejections (node:internal/process/task_queues:105:5)
    at async /Users/michaelmishayev/Projects/bankDev2_standalone/server-db.js:8746:27 {
  length: 127,
  severity: 'ERROR',
  code: '42703',
  detail: undefined,
  hint: undefined,
  position: '98',
  internalPosition: undefined,
  internalQuery: undefined,
  where: undefined,
  schema: undefined,
  table: undefined,
  column: undefined,
  dataType: undefined,
  constraint: undefined,
  file: 'parse_relation.c',
  line: '3722',
  routine: 'errorMissingColumn'
}
[0mGET /api/v1/calculation-parameters?business_path=mortgage [32m200[0m 878.569 ms - 759[0m
Get calculation parameters error: error: column "min_down_payment_percentage" does not exist
    at /Users/michaelmishayev/Projects/bankDev2_standalone/node_modules/pg-pool/index.js:45:11
    at process.processTicksAndRejections (node:internal/process/task_queues:105:5)
    at async /Users/michaelmishayev/Projects/bankDev2_standalone/server-db.js:8746:27 {
  length: 127,
  severity: 'ERROR',
  code: '42703',
  detail: undefined,
  hint: undefined,
  position: '98',
  internalPosition: undefined,
  internalQuery: undefined,
  where: undefined,
  schema: undefined,
  table: undefined,
  column: undefined,
  dataType: undefined,
  constraint: undefined,
  file: 'parse_relation.c',
  line: '3722',
  routine: 'errorMissingColumn'
}
[0mGET /api/v1/calculation-parameters?business_path=mortgage [32m200[0m 828.796 ms - 759[0m
‚ùå Failed to create content item: new row for relation "content_items" violates check constraint "content_items_content_type_check"
[0mPOST /api/content [31m500[0m 952.034 ms - 172[0m
‚ùå Failed to create content item: new row for relation "content_items" violates check constraint "content_items_content_type_check"
[0mPOST /api/content [31m500[0m 532.394 ms - 172[0m
‚ùå Failed to create content item: new row for relation "content_items" violates check constraint "content_items_content_type_check"
[0mPOST /api/content [31m500[0m 429.512 ms - 172[0m
‚ùå Failed to create content item: new row for relation "content_items" violates check constraint "content_items_content_type_check"
[0mPOST /api/content [31m500[0m 381.598 ms - 172[0m
‚ùå Failed to create content item: new row for relation "content_items" violates check constraint "content_items_content_type_check"
[0mPOST /api/content [31m500[0m 371.804 ms - 172[0m
‚ùå Failed to create content item: new row for relation "content_items" violates check constraint "content_items_content_type_check"
[0mPOST /api/content [31m500[0m 418.165 ms - 172[0m
‚ùå Failed to create content item: new row for relation "content_items" violates check constraint "content_items_content_type_check"
[0mPOST /api/content [31m500[0m 384.515 ms - 172[0m
‚ùå Failed to create content item: new row for relation "content_items" violates check constraint "content_items_content_type_check"
[0mPOST /api/content [31m500[0m 358.412 ms - 172[0m
‚ùå Failed to create content item: new row for relation "content_items" violates check constraint "content_items_content_type_check"
[0mPOST /api/content [31m500[0m 410.763 ms - 172[0m
‚ùå Failed to create content item: new row for relation "content_items" violates check constraint "content_items_content_type_check"
[0mPOST /api/content [31m500[0m 394.870 ms - 172[0m
‚ùå Failed to create content item: new row for relation "content_items" violates check constraint "content_items_content_type_check"
[0mPOST /api/content [31m500[0m 354.322 ms - 172[0m
‚ùå Failed to create content item: new row for relation "content_items" violates check constraint "content_items_content_type_check"
[0mPOST /api/content [31m500[0m 411.362 ms - 172[0m
‚ùå Failed to create content item: new row for relation "content_items" violates check constraint "content_items_content_type_check"
[0mPOST /api/content [31m500[0m 381.782 ms - 172[0m
‚ùå Failed to create content item: new row for relation "content_items" violates check constraint "content_items_content_type_check"
[0mPOST /api/content [31m500[0m 364.046 ms - 172[0m
‚ùå Failed to create content item: new row for relation "content_items" violates check constraint "content_items_content_type_check"
[0mPOST /api/content [31m500[0m 391.005 ms - 172[0m
‚ùå Failed to create content item: new row for relation "content_items" violates check constraint "content_items_content_type_check"
[0mPOST /api/content [31m500[0m 396.674 ms - 172[0m
‚ùå Failed to create content item: new row for relation "content_items" violates check constraint "content_items_content_type_check"
[0mPOST /api/content [31m500[0m 379.018 ms - 172[0m
‚ùå Failed to create content item: new row for relation "content_items" violates check constraint "content_items_content_type_check"
[0mPOST /api/content [31m500[0m 371.790 ms - 172[0m
‚ùå Failed to create content item: new row for relation "content_items" violates check constraint "content_items_content_type_check"
[0mPOST /api/content [31m500[0m 420.008 ms - 172[0m
‚ùå Failed to create content item: new row for relation "content_items" violates check constraint "content_items_content_type_check"
[0mPOST /api/content [31m500[0m 400.701 ms - 172[0m
‚ùå Failed to create content item: new row for relation "content_items" violates check constraint "content_items_content_type_check"
[0mPOST /api/content [31m500[0m 334.494 ms - 172[0m
‚ùå Failed to create content item: new row for relation "content_items" violates check constraint "content_items_content_type_check"
[0mPOST /api/content [31m500[0m 408.558 ms - 172[0m
‚ùå Failed to create content item: new row for relation "content_items" violates check constraint "content_items_content_type_check"
[0mPOST /api/content [31m500[0m 404.998 ms - 172[0m
‚ùå Failed to create content item: new row for relation "content_items" violates check constraint "content_items_content_type_check"
[0mPOST /api/content [31m500[0m 340.444 ms - 172[0m
‚ùå Failed to create content item: new row for relation "content_items" violates check constraint "content_items_content_type_check"
[0mPOST /api/content [31m500[0m 328.559 ms - 172[0m
‚ùå Failed to create content item: new row for relation "content_items" violates check constraint "content_items_content_type_check"
[0mPOST /api/content [31m500[0m 408.873 ms - 172[0m
‚ùå Failed to create content item: new row for relation "content_items" violates check constraint "content_items_content_type_check"
[0mPOST /api/content [31m500[0m 404.313 ms - 172[0m
‚ùå Failed to create content item: new row for relation "content_items" violates check constraint "content_items_content_type_check"
[0mPOST /api/content [31m500[0m 358.311 ms - 172[0m
‚ùå Failed to create content item: new row for relation "content_items" violates check constraint "content_items_content_type_check"
[0mPOST /api/content [31m500[0m 381.835 ms - 172[0m
‚ùå Failed to create content item: new row for relation "content_items" violates check constraint "content_items_content_type_check"
[0mPOST /api/content [31m500[0m 344.295 ms - 172[0m
‚ùå Failed to create content item: new row for relation "content_items" violates check constraint "content_items_content_type_check"
[0mPOST /api/content [31m500[0m 353.438 ms - 172[0m
‚ùå Failed to create content item: new row for relation "content_items" violates check constraint "content_items_content_type_check"
[0mPOST /api/content [31m500[0m 365.328 ms - 172[0m
‚ùå Failed to create content item: new row for relation "content_items" violates check constraint "content_items_content_type_check"
[0mPOST /api/content [31m500[0m 344.298 ms - 172[0m
[0mGET /api/content/mortgage_calculation/en [32m200[0m 700.340 ms - 869[0m
[0mGET /api/content/items [32m200[0m 285.727 ms - 11960[0m
‚ùå Failed to create content item: duplicate key value violates unique constraint "content_items_content_key_key"
[0mPOST /api/content [31m500[0m 955.157 ms - 151[0m
‚ùå Failed to create content item: duplicate key value violates unique constraint "content_items_content_key_key"
[0mPOST /api/content [31m500[0m 393.615 ms - 151[0m
‚ùå Failed to create content item: duplicate key value violates unique constraint "content_items_content_key_key"
[0mPOST /api/content [31m500[0m 337.528 ms - 151[0m
‚ùå Failed to create content item: duplicate key value violates unique constraint "content_items_content_key_key"
[0mPOST /api/content [31m500[0m 354.338 ms - 151[0m
[0mPOST /api/content [32m200[0m 714.546 ms - 148[0m
[0mPOST /api/content [32m200[0m 791.346 ms - 147[0m
[0mPOST /api/content [32m200[0m 744.924 ms - 147[0m
[0mPOST /api/content [32m200[0m 914.272 ms - 158[0m
[0mPOST /api/content [32m200[0m 746.151 ms - 154[0m
[0mPOST /api/content [32m200[0m 723.545 ms - 147[0m
[0mPOST /api/content [32m200[0m 1015.537 ms - 150[0m
[0mPOST /api/content [32m200[0m 952.605 ms - 148[0m
[0mPOST /api/content [32m200[0m 984.582 ms - 151[0m
[0mPOST /api/content [32m200[0m 664.118 ms - 161[0m
[0mPOST /api/content [32m200[0m 839.300 ms - 164[0m
[0mPOST /api/content [32m200[0m 725.291 ms - 149[0m
[0mPOST /api/content [32m200[0m 1149.277 ms - 159[0m
[0mPOST /api/content [32m200[0m 777.325 ms - 159[0m
[0mPOST /api/content [32m200[0m 717.870 ms - 158[0m
[0mPOST /api/content [32m200[0m 720.162 ms - 157[0m
[0mPOST /api/content [32m200[0m 674.489 ms - 157[0m
[0mPOST /api/content [32m200[0m 671.204 ms - 157[0m
[0mPOST /api/content [32m200[0m 775.834 ms - 157[0m
[0mPOST /api/content [32m200[0m 831.977 ms - 157[0m
[0mPOST /api/content [32m200[0m 628.719 ms - 157[0m
[0mPOST /api/content [32m200[0m 699.760 ms - 157[0m
[0mPOST /api/content [32m200[0m 832.717 ms - 158[0m
[0mPOST /api/content [32m200[0m 836.815 ms - 159[0m
[0mPOST /api/content [32m200[0m 941.404 ms - 159[0m
[0mPOST /api/content [32m200[0m 676.621 ms - 159[0m
[0mPOST /api/content [32m200[0m 754.500 ms - 171[0m
[0mPOST /api/content [32m200[0m 826.269 ms - 171[0m
[0mPOST /api/content [32m200[0m 726.734 ms - 171[0m
[0mGET /api/content/mortgage_calculation/he [32m200[0m 851.198 ms - 5860[0m
[0mGET /api/content/mortgage_calculation/he [32m200[0m 906.299 ms - 5860[0m
[0mGET /api/content/mortgage_calculation/he [36m304[0m 186.896 ms - -[0m
[0mGET /api/content/mortgage_calculation/he [32m200[0m 1010.057 ms - 5860[0m
[0mGET /api/content/mortgage_calculation/he [36m304[0m 818.680 ms - -[0m
[0mGET /api/content/mortgage_calculation/he [32m200[0m 889.074 ms - 5860[0m
[0mGET /api/content/mortgage_calculation/he [32m200[0m 981.883 ms - 5860[0m
[0mGET /api/content/mortgage_calculation/he [36m304[0m 213.817 ms - -[0m
[CITIES] Request for language: he
[0mGET /api/content/mortgage_calculation/he [36m304[0m 120.183 ms - -[0m
[0mGET /api/content/mortgage_calculation/he [36m304[0m 193.468 ms - -[0m
[0mGET /api/content/mortgage_calculation/he [36m304[0m 209.861 ms - -[0m
[0mGET /api/content/mortgage_calculation/he [36m304[0m 354.514 ms - -[0m
[0mGET /api/get-cities?lang=he [36m304[0m 1100.889 ms - -[0m
[CITIES] Request for language: he
[0mGET /api/get-cities?lang=he [36m304[0m 145.991 ms - -[0m
Get calculation parameters error: error: column "min_down_payment_percentage" does not exist
    at /Users/michaelmishayev/Projects/bankDev2_standalone/node_modules/pg-pool/index.js:45:11
    at process.processTicksAndRejections (node:internal/process/task_queues:105:5)
    at async /Users/michaelmishayev/Projects/bankDev2_standalone/server-db.js:8746:27 {
  length: 127,
  severity: 'ERROR',
  code: '42703',
  detail: undefined,
  hint: undefined,
  position: '98',
  internalPosition: undefined,
  internalQuery: undefined,
  where: undefined,
  schema: undefined,
  table: undefined,
  column: undefined,
  dataType: undefined,
  constraint: undefined,
  file: 'parse_relation.c',
  line: '3722',
  routine: 'errorMissingColumn'
}
[0mGET /api/v1/calculation-parameters?business_path=mortgage [32m200[0m 1333.996 ms - 759[0m
Get calculation parameters error: error: column "min_down_payment_percentage" does not exist
    at /Users/michaelmishayev/Projects/bankDev2_standalone/node_modules/pg-pool/index.js:45:11
    at process.processTicksAndRejections (node:internal/process/task_queues:105:5)
    at async /Users/michaelmishayev/Projects/bankDev2_standalone/server-db.js:8746:27 {
  length: 127,
  severity: 'ERROR',
  code: '42703',
  detail: undefined,
  hint: undefined,
  position: '98',
  internalPosition: undefined,
  internalQuery: undefined,
  where: undefined,
  schema: undefined,
  table: undefined,
  column: undefined,
  dataType: undefined,
  constraint: undefined,
  file: 'parse_relation.c',
  line: '3722',
  routine: 'errorMissingColumn'
}
[0mGET /api/v1/calculation-parameters?business_path=mortgage [32m200[0m 493.057 ms - 759[0m
Get calculation parameters error: error: column "min_down_payment_percentage" does not exist
    at /Users/michaelmishayev/Projects/bankDev2_standalone/node_modules/pg-pool/index.js:45:11
    at process.processTicksAndRejections (node:internal/process/task_queues:105:5)
    at async /Users/michaelmishayev/Projects/bankDev2_standalone/server-db.js:8746:27 {
  length: 127,
  severity: 'ERROR',
  code: '42703',
  detail: undefined,
  hint: undefined,
  position: '98',
  internalPosition: undefined,
  internalQuery: undefined,
  where: undefined,
  schema: undefined,
  table: undefined,
  column: undefined,
  dataType: undefined,
  constraint: undefined,
  file: 'parse_relation.c',
  line: '3722',
  routine: 'errorMissingColumn'
}
[0mGET /api/v1/calculation-parameters?business_path=mortgage [32m200[0m 915.781 ms - 759[0m
Get calculation parameters error: error: column "min_down_payment_percentage" does not exist
    at /Users/michaelmishayev/Projects/bankDev2_standalone/node_modules/pg-pool/index.js:45:11
    at process.processTicksAndRejections (node:internal/process/task_queues:105:5)
    at async /Users/michaelmishayev/Projects/bankDev2_standalone/server-db.js:8746:27 {
  length: 127,
  severity: 'ERROR',
  code: '42703',
  detail: undefined,
  hint: undefined,
  position: '98',
  internalPosition: undefined,
  internalQuery: undefined,
  where: undefined,
  schema: undefined,
  table: undefined,
  column: undefined,
  dataType: undefined,
  constraint: undefined,
  file: 'parse_relation.c',
  line: '3722',
  routine: 'errorMissingColumn'
}
[0mGET /api/v1/calculation-parameters?business_path=mortgage [32m200[0m 901.291 ms - 759[0m
Get calculation parameters error: error: column "min_down_payment_percentage" does not exist
    at /Users/michaelmishayev/Projects/bankDev2_standalone/node_modules/pg-pool/index.js:45:11
    at process.processTicksAndRejections (node:internal/process/task_queues:105:5)
    at async /Users/michaelmishayev/Projects/bankDev2_standalone/server-db.js:8746:27 {
  length: 127,
  severity: 'ERROR',
  code: '42703',
  detail: undefined,
  hint: undefined,
  position: '98',
  internalPosition: undefined,
  internalQuery: undefined,
  where: undefined,
  schema: undefined,
  table: undefined,
  column: undefined,
  dataType: undefined,
  constraint: undefined,
  file: 'parse_relation.c',
  line: '3722',
  routine: 'errorMissingColumn'
}
[0mGET /api/v1/calculation-parameters?business_path=mortgage [32m200[0m 900.693 ms - 759[0m
Get calculation parameters error: error: column "min_down_payment_percentage" does not exist
    at /Users/michaelmishayev/Projects/bankDev2_standalone/node_modules/pg-pool/index.js:45:11
    at process.processTicksAndRejections (node:internal/process/task_queues:105:5)
    at async /Users/michaelmishayev/Projects/bankDev2_standalone/server-db.js:8746:27 {
  length: 127,
  severity: 'ERROR',
  code: '42703',
  detail: undefined,
  hint: undefined,
  position: '98',
  internalPosition: undefined,
  internalQuery: undefined,
  where: undefined,
  schema: undefined,
  table: undefined,
  column: undefined,
  dataType: undefined,
  constraint: undefined,
  file: 'parse_relation.c',
  line: '3722',
  routine: 'errorMissingColumn'
}
[0mGET /api/v1/calculation-parameters?business_path=mortgage [32m200[0m 867.490 ms - 759[0m
Get calculation parameters error: error: column "min_down_payment_percentage" does not exist
    at /Users/michaelmishayev/Projects/bankDev2_standalone/node_modules/pg-pool/index.js:45:11
    at process.processTicksAndRejections (node:internal/process/task_queues:105:5)
    at async /Users/michaelmishayev/Projects/bankDev2_standalone/server-db.js:8746:27 {
  length: 127,
  severity: 'ERROR',
  code: '42703',
  detail: undefined,
  hint: undefined,
  position: '98',
  internalPosition: undefined,
  internalQuery: undefined,
  where: undefined,
  schema: undefined,
  table: undefined,
  column: undefined,
  dataType: undefined,
  constraint: undefined,
  file: 'parse_relation.c',
  line: '3722',
  routine: 'errorMissingColumn'
}
[0mGET /api/v1/calculation-parameters?business_path=mortgage [32m200[0m 924.352 ms - 759[0m
Get calculation parameters error: error: column "min_down_payment_percentage" does not exist
    at /Users/michaelmishayev/Projects/bankDev2_standalone/node_modules/pg-pool/index.js:45:11
    at process.processTicksAndRejections (node:internal/process/task_queues:105:5)
    at async /Users/michaelmishayev/Projects/bankDev2_standalone/server-db.js:8746:27 {
  length: 127,
  severity: 'ERROR',
  code: '42703',
  detail: undefined,
  hint: undefined,
  position: '98',
  internalPosition: undefined,
  internalQuery: undefined,
  where: undefined,
  schema: undefined,
  table: undefined,
  column: undefined,
  dataType: undefined,
  constraint: undefined,
  file: 'parse_relation.c',
  line: '3722',
  routine: 'errorMissingColumn'
}
[0mGET /api/v1/calculation-parameters?business_path=mortgage [32m200[0m 1071.969 ms - 759[0m
Get calculation parameters error: error: column "min_down_payment_percentage" does not exist
    at /Users/michaelmishayev/Projects/bankDev2_standalone/node_modules/pg-pool/index.js:45:11
    at process.processTicksAndRejections (node:internal/process/task_queues:105:5)
    at async /Users/michaelmishayev/Projects/bankDev2_standalone/server-db.js:8746:27 {
  length: 127,
  severity: 'ERROR',
  code: '42703',
  detail: undefined,
  hint: undefined,
  position: '98',
  internalPosition: undefined,
  internalQuery: undefined,
  where: undefined,
  schema: undefined,
  table: undefined,
  column: undefined,
  dataType: undefined,
  constraint: undefined,
  file: 'parse_relation.c',
  line: '3722',
  routine: 'errorMissingColumn'
}
[0mGET /api/v1/calculation-parameters?business_path=mortgage [32m200[0m 913.513 ms - 759[0m
Get calculation parameters error: error: column "min_down_payment_percentage" does not exist
    at /Users/michaelmishayev/Projects/bankDev2_standalone/node_modules/pg-pool/index.js:45:11
    at process.processTicksAndRejections (node:internal/process/task_queues:105:5)
    at async /Users/michaelmishayev/Projects/bankDev2_standalone/server-db.js:8746:27 {
  length: 127,
  severity: 'ERROR',
  code: '42703',
  detail: undefined,
  hint: undefined,
  position: '98',
  internalPosition: undefined,
  internalQuery: undefined,
  where: undefined,
  schema: undefined,
  table: undefined,
  column: undefined,
  dataType: undefined,
  constraint: undefined,
  file: 'parse_relation.c',
  line: '3722',
  routine: 'errorMissingColumn'
}
[0mGET /api/v1/calculation-parameters?business_path=mortgage [32m200[0m 1046.255 ms - 759[0m
Get calculation parameters error: error: column "min_down_payment_percentage" does not exist
    at /Users/michaelmishayev/Projects/bankDev2_standalone/node_modules/pg-pool/index.js:45:11
    at process.processTicksAndRejections (node:internal/process/task_queues:105:5)
    at async /Users/michaelmishayev/Projects/bankDev2_standalone/server-db.js:8746:27 {
  length: 127,
  severity: 'ERROR',
  code: '42703',
  detail: undefined,
  hint: undefined,
  position: '98',
  internalPosition: undefined,
  internalQuery: undefined,
  where: undefined,
  schema: undefined,
  table: undefined,
  column: undefined,
  dataType: undefined,
  constraint: undefined,
  file: 'parse_relation.c',
  line: '3722',
  routine: 'errorMissingColumn'
}
[0mGET /api/v1/calculation-parameters?business_path=mortgage [32m200[0m 1454.197 ms - 759[0m
Get calculation parameters error: error: column "min_down_payment_percentage" does not exist
    at /Users/michaelmishayev/Projects/bankDev2_standalone/node_modules/pg-pool/index.js:45:11
    at process.processTicksAndRejections (node:internal/process/task_queues:105:5)
    at async /Users/michaelmishayev/Projects/bankDev2_standalone/server-db.js:8746:27 {
  length: 127,
  severity: 'ERROR',
  code: '42703',
  detail: undefined,
  hint: undefined,
  position: '98',
  internalPosition: undefined,
  internalQuery: undefined,
  where: undefined,
  schema: undefined,
  table: undefined,
  column: undefined,
  dataType: undefined,
  constraint: undefined,
  file: 'parse_relation.c',
  line: '3722',
  routine: 'errorMissingColumn'
}
[0mGET /api/v1/calculation-parameters?business_path=mortgage [32m200[0m 1038.437 ms - 759[0m
Get calculation parameters error: error: column "min_down_payment_percentage" does not exist
    at /Users/michaelmishayev/Projects/bankDev2_standalone/node_modules/pg-pool/index.js:45:11
    at process.processTicksAndRejections (node:internal/process/task_queues:105:5)
    at async /Users/michaelmishayev/Projects/bankDev2_standalone/server-db.js:8746:27 {
  length: 127,
  severity: 'ERROR',
  code: '42703',
  detail: undefined,
  hint: undefined,
  position: '98',
  internalPosition: undefined,
  internalQuery: undefined,
  where: undefined,
  schema: undefined,
  table: undefined,
  column: undefined,
  dataType: undefined,
  constraint: undefined,
  file: 'parse_relation.c',
  line: '3722',
  routine: 'errorMissingColumn'
}
[0mGET /api/v1/calculation-parameters?business_path=mortgage [32m200[0m 912.761 ms - 759[0m
Get calculation parameters error: error: column "min_down_payment_percentage" does not exist
    at /Users/michaelmishayev/Projects/bankDev2_standalone/node_modules/pg-pool/index.js:45:11
    at process.processTicksAndRejections (node:internal/process/task_queues:105:5)
    at async /Users/michaelmishayev/Projects/bankDev2_standalone/server-db.js:8746:27 {
  length: 127,
  severity: 'ERROR',
  code: '42703',
  detail: undefined,
  hint: undefined,
  position: '98',
  internalPosition: undefined,
  internalQuery: undefined,
  where: undefined,
  schema: undefined,
  table: undefined,
  column: undefined,
  dataType: undefined,
  constraint: undefined,
  file: 'parse_relation.c',
  line: '3722',
  routine: 'errorMissingColumn'
}
[0mGET /api/v1/calculation-parameters?business_path=mortgage [32m200[0m 1305.367 ms - 759[0m
[0mGET /api/v1/content?lng=he [33m404[0m 0.401 ms - 34[0m
[0mGET /api/v1/locales?lng=he [33m404[0m 0.227 ms - 34[0m
[0mGET /api/v1/ [33m404[0m 0.339 ms - 34[0m
[0mGET /api/content/calculate_mortgage/he [32m200[0m 827.807 ms - 111[0m
[0mGET /api/content/categories [32m200[0m 181.479 ms - 1578[0m
[0mGET /api/content/items?limit=10 [32m200[0m 220.506 ms - 3814[0m
[0mGET /api/content/items?search=mobile_step [32m200[0m 980.356 ms - 2075[0m
[0mGET /api/content/items?search=video_calculate_mortgage [32m200[0m 650.544 ms - 781[0m
[0mGET /api/content/app.mortgage.step.mobile_step_1_fixed/he [32m200[0m 109.888 ms - 130[0m
[0mGET /api/content/mortgage_calculation/he [32m200[0m 151.049 ms - 5860[0m
[CITIES] Request for language: he
[CITIES] Request for language: he
[0mGET /api/content/mortgage_calculation/he [32m200[0m 134.394 ms - 5860[0m
[0mGET /api/content/mortgage_calculation/he [32m200[0m 112.313 ms - 5860[0m
[0mGET /api/get-cities?lang=he [32m200[0m 650.359 ms - 1553[0m
[0mGET /api/content/mortgage_calculation/he [32m200[0m 656.917 ms - 5860[0m
[0mGET /api/get-cities?lang=he [32m200[0m 658.264 ms - 1553[0m
[0mGET /api/content/mortgage_calculation/he [32m200[0m 731.847 ms - 5860[0m
Get calculation parameters error: error: column "min_down_payment_percentage" does not exist
    at /Users/michaelmishayev/Projects/bankDev2_standalone/node_modules/pg-pool/index.js:45:11
    at process.processTicksAndRejections (node:internal/process/task_queues:105:5)
    at async /Users/michaelmishayev/Projects/bankDev2_standalone/server-db.js:8746:27 {
  length: 127,
  severity: 'ERROR',
  code: '42703',
  detail: undefined,
  hint: undefined,
  position: '98',
  internalPosition: undefined,
  internalQuery: undefined,
  where: undefined,
  schema: undefined,
  table: undefined,
  column: undefined,
  dataType: undefined,
  constraint: undefined,
  file: 'parse_relation.c',
  line: '3722',
  routine: 'errorMissingColumn'
}
[0mGET /api/v1/calculation-parameters?business_path=mortgage [32m200[0m 1055.173 ms - 759[0m
Get calculation parameters error: error: column "min_down_payment_percentage" does not exist
    at /Users/michaelmishayev/Projects/bankDev2_standalone/node_modules/pg-pool/index.js:45:11
    at process.processTicksAndRejections (node:internal/process/task_queues:105:5)
    at async /Users/michaelmishayev/Projects/bankDev2_standalone/server-db.js:8746:27 {
  length: 127,
  severity: 'ERROR',
  code: '42703',
  detail: undefined,
  hint: undefined,
  position: '98',
  internalPosition: undefined,
  internalQuery: undefined,
  where: undefined,
  schema: undefined,
  table: undefined,
  column: undefined,
  dataType: undefined,
  constraint: undefined,
  file: 'parse_relation.c',
  line: '3722',
  routine: 'errorMissingColumn'
}
[0mGET /api/v1/calculation-parameters?business_path=mortgage [32m200[0m 1053.159 ms - 759[0m
Get calculation parameters error: error: column "min_down_payment_percentage" does not exist
    at /Users/michaelmishayev/Projects/bankDev2_standalone/node_modules/pg-pool/index.js:45:11
    at process.processTicksAndRejections (node:internal/process/task_queues:105:5)
    at async /Users/michaelmishayev/Projects/bankDev2_standalone/server-db.js:8746:27 {
  length: 127,
  severity: 'ERROR',
  code: '42703',
  detail: undefined,
  hint: undefined,
  position: '98',
  internalPosition: undefined,
  internalQuery: undefined,
  where: undefined,
  schema: undefined,
  table: undefined,
  column: undefined,
  dataType: undefined,
  constraint: undefined,
  file: 'parse_relation.c',
  line: '3722',
  routine: 'errorMissingColumn'
}
[0mGET /api/v1/calculation-parameters?business_path=mortgage [32m200[0m 1057.082 ms - 759[0m
Get calculation parameters error: error: column "min_down_payment_percentage" does not exist
    at /Users/michaelmishayev/Projects/bankDev2_standalone/node_modules/pg-pool/index.js:45:11
    at process.processTicksAndRejections (node:internal/process/task_queues:105:5)
    at async /Users/michaelmishayev/Projects/bankDev2_standalone/server-db.js:8746:27 {
  length: 127,
  severity: 'ERROR',
  code: '42703',
  detail: undefined,
  hint: undefined,
  position: '98',
  internalPosition: undefined,
  internalQuery: undefined,
  where: undefined,
  schema: undefined,
  table: undefined,
  column: undefined,
  dataType: undefined,
  constraint: undefined,
  file: 'parse_relation.c',
  line: '3722',
  routine: 'errorMissingColumn'
}
[0mGET /api/v1/calculation-parameters?business_path=mortgage [32m200[0m 1055.206 ms - 759[0m
Get calculation parameters error: error: column "min_down_payment_percentage" does not exist
    at /Users/michaelmishayev/Projects/bankDev2_standalone/node_modules/pg-pool/index.js:45:11
    at process.processTicksAndRejections (node:internal/process/task_queues:105:5)
    at async /Users/michaelmishayev/Projects/bankDev2_standalone/server-db.js:8746:27 {
  length: 127,
  severity: 'ERROR',
  code: '42703',
  detail: undefined,
  hint: undefined,
  position: '98',
  internalPosition: undefined,
  internalQuery: undefined,
  where: undefined,
  schema: undefined,
  table: undefined,
  column: undefined,
  dataType: undefined,
  constraint: undefined,
  file: 'parse_relation.c',
  line: '3722',
  routine: 'errorMissingColumn'
}
[0mGET /api/v1/calculation-parameters?business_path=mortgage [32m200[0m 1060.072 ms - 759[0m
Get calculation parameters error: error: column "min_down_payment_percentage" does not exist
    at /Users/michaelmishayev/Projects/bankDev2_standalone/node_modules/pg-pool/index.js:45:11
    at process.processTicksAndRejections (node:internal/process/task_queues:105:5)
    at async /Users/michaelmishayev/Projects/bankDev2_standalone/server-db.js:8746:27 {
  length: 127,
  severity: 'ERROR',
  code: '42703',
  detail: undefined,
  hint: undefined,
  position: '98',
  internalPosition: undefined,
  internalQuery: undefined,
  where: undefined,
  schema: undefined,
  table: undefined,
  column: undefined,
  dataType: undefined,
  constraint: undefined,
  file: 'parse_relation.c',
  line: '3722',
  routine: 'errorMissingColumn'
}
[0mGET /api/v1/calculation-parameters?business_path=mortgage [32m200[0m 1059.917 ms - 759[0m
Get calculation parameters error: error: column "min_down_payment_percentage" does not exist
    at /Users/michaelmishayev/Projects/bankDev2_standalone/node_modules/pg-pool/index.js:45:11
    at process.processTicksAndRejections (node:internal/process/task_queues:105:5)
    at async /Users/michaelmishayev/Projects/bankDev2_standalone/server-db.js:8746:27 {
  length: 127,
  severity: 'ERROR',
  code: '42703',
  detail: undefined,
  hint: undefined,
  position: '98',
  internalPosition: undefined,
  internalQuery: undefined,
  where: undefined,
  schema: undefined,
  table: undefined,
  column: undefined,
  dataType: undefined,
  constraint: undefined,
  file: 'parse_relation.c',
  line: '3722',
  routine: 'errorMissingColumn'
}
[0mGET /api/v1/calculation-parameters?business_path=mortgage [32m200[0m 307.080 ms - 759[0m
Get calculation parameters error: error: column "min_down_payment_percentage" does not exist
    at /Users/michaelmishayev/Projects/bankDev2_standalone/node_modules/pg-pool/index.js:45:11
    at process.processTicksAndRejections (node:internal/process/task_queues:105:5)
    at async /Users/michaelmishayev/Projects/bankDev2_standalone/server-db.js:8746:27 {
  length: 127,
  severity: 'ERROR',
  code: '42703',
  detail: undefined,
  hint: undefined,
  position: '98',
  internalPosition: undefined,
  internalQuery: undefined,
  where: undefined,
  schema: undefined,
  table: undefined,
  column: undefined,
  dataType: undefined,
  constraint: undefined,
  file: 'parse_relation.c',
  line: '3722',
  routine: 'errorMissingColumn'
}
[0mGET /api/v1/calculation-parameters?business_path=mortgage [32m200[0m 317.149 ms - 759[0m
[0mGET /api/content/mortgage_calculation/he [32m200[0m 99.865 ms - 5860[0m
[0mGET /api/content/mortgage_calculation/he [32m200[0m 918.580 ms - 5860[0m
[0mGET /api/content/home_page/he [32m200[0m 630.083 ms - 3402[0m
[0mGET /api/content/home_page/he [36m304[0m 147.997 ms - -[0m
[0mGET /api/content/home_page/he [36m304[0m 170.439 ms - -[0m
[0mGET /api/content/home_page/he [36m304[0m 117.167 ms - -[0m
[0mGET /api/content/home_page/he [36m304[0m 179.754 ms - -[0m
[0mGET /api/content/home_page/he [36m304[0m 108.876 ms - -[0m
[0mGET /api/content/home_page/he [36m304[0m 122.834 ms - -[0m
[0mGET /api/content/home_page/he [36m304[0m 113.980 ms - -[0m
[CITIES] Request for language: he
[0mGET /api/get-cities?lang=he [36m304[0m 635.586 ms - -[0m
[CITIES] Request for language: he
[0mGET /api/content/mortgage_calculation/he [32m200[0m 644.157 ms - 5860[0m
[0mGET /api/get-cities?lang=he [36m304[0m 117.733 ms - -[0m
[0mGET /api/content/mortgage_calculation/he [36m304[0m 114.383 ms - -[0m
Get calculation parameters error: error: column "min_down_payment_percentage" does not exist
    at /Users/michaelmishayev/Projects/bankDev2_standalone/node_modules/pg-pool/index.js:45:11
    at process.processTicksAndRejections (node:internal/process/task_queues:105:5)
    at async /Users/michaelmishayev/Projects/bankDev2_standalone/server-db.js:8746:27 {
  length: 127,
  severity: 'ERROR',
  code: '42703',
  detail: undefined,
  hint: undefined,
  position: '98',
  internalPosition: undefined,
  internalQuery: undefined,
  where: undefined,
  schema: undefined,
  table: undefined,
  column: undefined,
  dataType: undefined,
  constraint: undefined,
  file: 'parse_relation.c',
  line: '3722',
  routine: 'errorMissingColumn'
}
[0mGET /api/v1/calculation-parameters?business_path=mortgage [32m200[0m 878.272 ms - 759[0m
[0mGET /api/content/mortgage_calculation/he [36m304[0m 117.292 ms - -[0m
[0mGET /api/content/mortgage_calculation/he [36m304[0m 117.967 ms - -[0m
Get calculation parameters error: error: column "min_down_payment_percentage" does not exist
    at /Users/michaelmishayev/Projects/bankDev2_standalone/node_modules/pg-pool/index.js:45:11
    at process.processTicksAndRejections (node:internal/process/task_queues:105:5)
    at async /Users/michaelmishayev/Projects/bankDev2_standalone/server-db.js:8746:27 {
  length: 127,
  severity: 'ERROR',
  code: '42703',
  detail: undefined,
  hint: undefined,
  position: '98',
  internalPosition: undefined,
  internalQuery: undefined,
  where: undefined,
  schema: undefined,
  table: undefined,
  column: undefined,
  dataType: undefined,
  constraint: undefined,
  file: 'parse_relation.c',
  line: '3722',
  routine: 'errorMissingColumn'
}
[0mGET /api/v1/calculation-parameters?business_path=mortgage [32m200[0m 333.700 ms - 759[0m
Get calculation parameters error: error: column "min_down_payment_percentage" does not exist
    at /Users/michaelmishayev/Projects/bankDev2_standalone/node_modules/pg-pool/index.js:45:11
    at process.processTicksAndRejections (node:internal/process/task_queues:105:5)
    at async /Users/michaelmishayev/Projects/bankDev2_standalone/server-db.js:8746:27 {
  length: 127,
  severity: 'ERROR',
  code: '42703',
  detail: undefined,
  hint: undefined,
  position: '98',
  internalPosition: undefined,
  internalQuery: undefined,
  where: undefined,
  schema: undefined,
  table: undefined,
  column: undefined,
  dataType: undefined,
  constraint: undefined,
  file: 'parse_relation.c',
  line: '3722',
  routine: 'errorMissingColumn'
}
[0mGET /api/v1/calculation-parameters?business_path=mortgage [32m200[0m 860.476 ms - 759[0m
Get calculation parameters error: error: column "min_down_payment_percentage" does not exist
    at /Users/michaelmishayev/Projects/bankDev2_standalone/node_modules/pg-pool/index.js:45:11
    at process.processTicksAndRejections (node:internal/process/task_queues:105:5)
    at async /Users/michaelmishayev/Projects/bankDev2_standalone/server-db.js:8746:27 {
  length: 127,
  severity: 'ERROR',
  code: '42703',
  detail: undefined,
  hint: undefined,
  position: '98',
  internalPosition: undefined,
  internalQuery: undefined,
  where: undefined,
  schema: undefined,
  table: undefined,
  column: undefined,
  dataType: undefined,
  constraint: undefined,
  file: 'parse_relation.c',
  line: '3722',
  routine: 'errorMissingColumn'
}
[0mGET /api/v1/calculation-parameters?business_path=mortgage [32m200[0m 807.950 ms - 759[0m
Get calculation parameters error: error: column "min_down_payment_percentage" does not exist
    at /Users/michaelmishayev/Projects/bankDev2_standalone/node_modules/pg-pool/index.js:45:11
    at process.processTicksAndRejections (node:internal/process/task_queues:105:5)
    at async /Users/michaelmishayev/Projects/bankDev2_standalone/server-db.js:8746:27 {
  length: 127,
  severity: 'ERROR',
  code: '42703',
  detail: undefined,
  hint: undefined,
  position: '98',
  internalPosition: undefined,
  internalQuery: undefined,
  where: undefined,
  schema: undefined,
  table: undefined,
  column: undefined,
  dataType: undefined,
  constraint: undefined,
  file: 'parse_relation.c',
  line: '3722',
  routine: 'errorMissingColumn'
}
[0mGET /api/v1/calculation-parameters?business_path=mortgage [32m200[0m 882.272 ms - 759[0m
Get calculation parameters error: error: column "min_down_payment_percentage" does not exist
    at /Users/michaelmishayev/Projects/bankDev2_standalone/node_modules/pg-pool/index.js:45:11
    at process.processTicksAndRejections (node:internal/process/task_queues:105:5)
    at async /Users/michaelmishayev/Projects/bankDev2_standalone/server-db.js:8746:27 {
  length: 127,
  severity: 'ERROR',
  code: '42703',
  detail: undefined,
  hint: undefined,
  position: '98',
  internalPosition: undefined,
  internalQuery: undefined,
  where: undefined,
  schema: undefined,
  table: undefined,
  column: undefined,
  dataType: undefined,
  constraint: undefined,
  file: 'parse_relation.c',
  line: '3722',
  routine: 'errorMissingColumn'
}
[0mGET /api/v1/calculation-parameters?business_path=mortgage [32m200[0m 764.448 ms - 759[0m
Get calculation parameters error: error: column "min_down_payment_percentage" does not exist
    at /Users/michaelmishayev/Projects/bankDev2_standalone/node_modules/pg-pool/index.js:45:11
    at process.processTicksAndRejections (node:internal/process/task_queues:105:5)
    at async /Users/michaelmishayev/Projects/bankDev2_standalone/server-db.js:8746:27 {
  length: 127,
  severity: 'ERROR',
  code: '42703',
  detail: undefined,
  hint: undefined,
  position: '98',
  internalPosition: undefined,
  internalQuery: undefined,
  where: undefined,
  schema: undefined,
  table: undefined,
  column: undefined,
  dataType: undefined,
  constraint: undefined,
  file: 'parse_relation.c',
  line: '3722',
  routine: 'errorMissingColumn'
}
[0mGET /api/v1/calculation-parameters?business_path=mortgage [32m200[0m 1038.756 ms - 759[0m
Get calculation parameters error: error: column "min_down_payment_percentage" does not exist
    at /Users/michaelmishayev/Projects/bankDev2_standalone/node_modules/pg-pool/index.js:45:11
    at process.processTicksAndRejections (node:internal/process/task_queues:105:5)
    at async /Users/michaelmishayev/Projects/bankDev2_standalone/server-db.js:8746:27 {
  length: 127,
  severity: 'ERROR',
  code: '42703',
  detail: undefined,
  hint: undefined,
  position: '98',
  internalPosition: undefined,
  internalQuery: undefined,
  where: undefined,
  schema: undefined,
  table: undefined,
  column: undefined,
  dataType: undefined,
  constraint: undefined,
  file: 'parse_relation.c',
  line: '3722',
  routine: 'errorMissingColumn'
}
[0mGET /api/v1/calculation-parameters?business_path=mortgage [32m200[0m 730.561 ms - 759[0m
‚ùå Failed to create content item: duplicate key value violates unique constraint "content_items_content_key_key"
[0mPOST /api/content [31m500[0m 837.787 ms - 151[0m
‚ùå Failed to create content item: duplicate key value violates unique constraint "content_items_content_key_key"
[0mPOST /api/content [31m500[0m 368.304 ms - 151[0m
‚ùå Failed to create content item: duplicate key value violates unique constraint "content_items_content_key_key"
[0mPOST /api/content [31m500[0m 361.186 ms - 151[0m
‚ùå Failed to create content item: duplicate key value violates unique constraint "content_items_content_key_key"
[0mPOST /api/content [31m500[0m 416.930 ms - 151[0m
‚ùå Failed to create content item: duplicate key value violates unique constraint "content_items_content_key_key"
[0mPOST /api/content [31m500[0m 564.933 ms - 151[0m
‚ùå Failed to create content item: duplicate key value violates unique constraint "content_items_content_key_key"
[0mPOST /api/content [31m500[0m 374.901 ms - 151[0m
‚ùå Failed to create content item: duplicate key value violates unique constraint "content_items_content_key_key"
[0mPOST /api/content [31m500[0m 402.362 ms - 151[0m
‚ùå Failed to create content item: duplicate key value violates unique constraint "content_items_content_key_key"
[0mPOST /api/content [31m500[0m 421.029 ms - 151[0m
‚ùå Failed to create content item: duplicate key value violates unique constraint "content_items_content_key_key"
[0mPOST /api/content [31m500[0m 337.068 ms - 151[0m
‚ùå Failed to create content item: duplicate key value violates unique constraint "content_items_content_key_key"
[0mPOST /api/content [31m500[0m 390.438 ms - 151[0m
‚ùå Failed to create content item: duplicate key value violates unique constraint "content_items_content_key_key"
[0mPOST /api/content [31m500[0m 342.228 ms - 151[0m
‚ùå Failed to create content item: duplicate key value violates unique constraint "content_items_content_key_key"
[0mPOST /api/content [31m500[0m 371.165 ms - 151[0m
‚ùå Failed to create content item: duplicate key value violates unique constraint "content_items_content_key_key"
[0mPOST /api/content [31m500[0m 374.134 ms - 151[0m
‚ùå Failed to create content item: duplicate key value violates unique constraint "content_items_content_key_key"
[0mPOST /api/content [31m500[0m 480.077 ms - 151[0m
‚ùå Failed to create content item: duplicate key value violates unique constraint "content_items_content_key_key"
[0mPOST /api/content [31m500[0m 349.059 ms - 151[0m
‚ùå Failed to create content item: duplicate key value violates unique constraint "content_items_content_key_key"
[0mPOST /api/content [31m500[0m 403.481 ms - 151[0m
‚ùå Failed to create content item: duplicate key value violates unique constraint "content_items_content_key_key"
[0mPOST /api/content [31m500[0m 417.366 ms - 151[0m
‚ùå Failed to create content item: duplicate key value violates unique constraint "content_items_content_key_key"
[0mPOST /api/content [31m500[0m 323.205 ms - 151[0m
‚ùå Failed to create content item: duplicate key value violates unique constraint "content_items_content_key_key"
[0mPOST /api/content [31m500[0m 325.303 ms - 151[0m
‚ùå Failed to create content item: duplicate key value violates unique constraint "content_items_content_key_key"
[0mPOST /api/content [31m500[0m 386.779 ms - 151[0m
‚ùå Failed to create content item: duplicate key value violates unique constraint "content_items_content_key_key"
[0mPOST /api/content [31m500[0m 751.653 ms - 151[0m
‚ùå Failed to create content item: duplicate key value violates unique constraint "content_items_content_key_key"
[0mPOST /api/content [31m500[0m 325.297 ms - 151[0m
‚ùå Failed to create content item: duplicate key value violates unique constraint "content_items_content_key_key"
[0mPOST /api/content [31m500[0m 409.138 ms - 151[0m
‚ùå Failed to create content item: duplicate key value violates unique constraint "content_items_content_key_key"
[0mPOST /api/content [31m500[0m 405.047 ms - 151[0m
‚ùå Failed to create content item: duplicate key value violates unique constraint "content_items_content_key_key"
[0mPOST /api/content [31m500[0m 336.594 ms - 151[0m
‚ùå Failed to create content item: duplicate key value violates unique constraint "content_items_content_key_key"
[0mPOST /api/content [31m500[0m 460.897 ms - 151[0m
‚ùå Failed to create content item: duplicate key value violates unique constraint "content_items_content_key_key"
[0mPOST /api/content [31m500[0m 481.125 ms - 151[0m
‚ùå Failed to create content item: duplicate key value violates unique constraint "content_items_content_key_key"
[0mPOST /api/content [31m500[0m 425.438 ms - 151[0m
‚ùå Failed to create content item: duplicate key value violates unique constraint "content_items_content_key_key"
[0mPOST /api/content [31m500[0m 367.691 ms - 151[0m
‚ùå Failed to create content item: duplicate key value violates unique constraint "content_items_content_key_key"
[0mPOST /api/content [31m500[0m 788.226 ms - 151[0m
‚ùå Failed to create content item: duplicate key value violates unique constraint "content_items_content_key_key"
[0mPOST /api/content [31m500[0m 664.708 ms - 151[0m
‚ùå Failed to create content item: duplicate key value violates unique constraint "content_items_content_key_key"
[0mPOST /api/content [31m500[0m 967.213 ms - 151[0m
‚ùå Failed to create content item: duplicate key value violates unique constraint "content_items_content_key_key"
[0mPOST /api/content [31m500[0m 571.871 ms - 151[0m
[0mGET /api/content/mortgage_calculation/he [32m200[0m 958.378 ms - 5860[0m
[0mGET /api/content/mortgage_calculation/he [32m200[0m 268.791 ms - 5860[0m
[0mGET /api/content/items?search=mobile_step_3 [32m200[0m 896.271 ms - 405[0m
[0mGET /api/content/items?search=mobile_step_3 [32m200[0m 213.929 ms - 405[0m
[CITIES] Request for language: he
[0mGET /api/get-cities?lang=he [36m304[0m 699.065 ms - -[0m
[CITIES] Request for language: he
[0mGET /api/content/mortgage_calculation/he [36m304[0m 781.218 ms - -[0m
[0mGET /api/get-cities?lang=he [36m304[0m 155.040 ms - -[0m
[0mGET /api/content/mortgage_calculation/he [36m304[0m 170.086 ms - -[0m
Get calculation parameters error: error: column "min_down_payment_percentage" does not exist
    at /Users/michaelmishayev/Projects/bankDev2_standalone/node_modules/pg-pool/index.js:45:11
    at process.processTicksAndRejections (node:internal/process/task_queues:105:5)
    at async /Users/michaelmishayev/Projects/bankDev2_standalone/server-db.js:8746:27 {
  length: 127,
  severity: 'ERROR',
  code: '42703',
  detail: undefined,
  hint: undefined,
  position: '98',
  internalPosition: undefined,
  internalQuery: undefined,
  where: undefined,
  schema: undefined,
  table: undefined,
  column: undefined,
  dataType: undefined,
  constraint: undefined,
  file: 'parse_relation.c',
  line: '3722',
  routine: 'errorMissingColumn'
}
[0mGET /api/v1/calculation-parameters?business_path=mortgage [32m200[0m 1061.890 ms - 759[0m
[0mGET /api/content/mortgage_calculation/he [36m304[0m 103.929 ms - -[0m
[0mGET /api/content/mortgage_calculation/he [36m304[0m 103.237 ms - -[0m
Get calculation parameters error: error: column "min_down_payment_percentage" does not exist
    at /Users/michaelmishayev/Projects/bankDev2_standalone/node_modules/pg-pool/index.js:45:11
    at process.processTicksAndRejections (node:internal/process/task_queues:105:5)
    at async /Users/michaelmishayev/Projects/bankDev2_standalone/server-db.js:8746:27 {
  length: 127,
  severity: 'ERROR',
  code: '42703',
  detail: undefined,
  hint: undefined,
  position: '98',
  internalPosition: undefined,
  internalQuery: undefined,
  where: undefined,
  schema: undefined,
  table: undefined,
  column: undefined,
  dataType: undefined,
  constraint: undefined,
  file: 'parse_relation.c',
  line: '3722',
  routine: 'errorMissingColumn'
}
[0mGET /api/v1/calculation-parameters?business_path=mortgage [32m200[0m 441.210 ms - 759[0m
Get calculation parameters error: error: column "min_down_payment_percentage" does not exist
    at /Users/michaelmishayev/Projects/bankDev2_standalone/node_modules/pg-pool/index.js:45:11
    at process.processTicksAndRejections (node:internal/process/task_queues:105:5)
    at async /Users/michaelmishayev/Projects/bankDev2_standalone/server-db.js:8746:27 {
  length: 127,
  severity: 'ERROR',
  code: '42703',
  detail: undefined,
  hint: undefined,
  position: '98',
  internalPosition: undefined,
  internalQuery: undefined,
  where: undefined,
  schema: undefined,
  table: undefined,
  column: undefined,
  dataType: undefined,
  constraint: undefined,
  file: 'parse_relation.c',
  line: '3722',
  routine: 'errorMissingColumn'
}
[0mGET /api/v1/calculation-parameters?business_path=mortgage [32m200[0m 927.243 ms - 759[0m
Get calculation parameters error: error: column "min_down_payment_percentage" does not exist
    at /Users/michaelmishayev/Projects/bankDev2_standalone/node_modules/pg-pool/index.js:45:11
    at process.processTicksAndRejections (node:internal/process/task_queues:105:5)
    at async /Users/michaelmishayev/Projects/bankDev2_standalone/server-db.js:8746:27 {
  length: 127,
  severity: 'ERROR',
  code: '42703',
  detail: undefined,
  hint: undefined,
  position: '98',
  internalPosition: undefined,
  internalQuery: undefined,
  where: undefined,
  schema: undefined,
  table: undefined,
  column: undefined,
  dataType: undefined,
  constraint: undefined,
  file: 'parse_relation.c',
  line: '3722',
  routine: 'errorMissingColumn'
}
[0mGET /api/v1/calculation-parameters?business_path=mortgage [32m200[0m 801.647 ms - 759[0m
Get calculation parameters error: error: column "min_down_payment_percentage" does not exist
    at /Users/michaelmishayev/Projects/bankDev2_standalone/node_modules/pg-pool/index.js:45:11
    at process.processTicksAndRejections (node:internal/process/task_queues:105:5)
    at async /Users/michaelmishayev/Projects/bankDev2_standalone/server-db.js:8746:27 {
  length: 127,
  severity: 'ERROR',
  code: '42703',
  detail: undefined,
  hint: undefined,
  position: '98',
  internalPosition: undefined,
  internalQuery: undefined,
  where: undefined,
  schema: undefined,
  table: undefined,
  column: undefined,
  dataType: undefined,
  constraint: undefined,
  file: 'parse_relation.c',
  line: '3722',
  routine: 'errorMissingColumn'
}
[0mGET /api/v1/calculation-parameters?business_path=mortgage [32m200[0m 927.357 ms - 759[0m
Get calculation parameters error: error: column "min_down_payment_percentage" does not exist
    at /Users/michaelmishayev/Projects/bankDev2_standalone/node_modules/pg-pool/index.js:45:11
    at process.processTicksAndRejections (node:internal/process/task_queues:105:5)
    at async /Users/michaelmishayev/Projects/bankDev2_standalone/server-db.js:8746:27 {
  length: 127,
  severity: 'ERROR',
  code: '42703',
  detail: undefined,
  hint: undefined,
  position: '98',
  internalPosition: undefined,
  internalQuery: undefined,
  where: undefined,
  schema: undefined,
  table: undefined,
  column: undefined,
  dataType: undefined,
  constraint: undefined,
  file: 'parse_relation.c',
  line: '3722',
  routine: 'errorMissingColumn'
}
[0mGET /api/v1/calculation-parameters?business_path=mortgage [32m200[0m 921.815 ms - 759[0m
Get calculation parameters error: error: column "min_down_payment_percentage" does not exist
    at /Users/michaelmishayev/Projects/bankDev2_standalone/node_modules/pg-pool/index.js:45:11
    at process.processTicksAndRejections (node:internal/process/task_queues:105:5)
    at async /Users/michaelmishayev/Projects/bankDev2_standalone/server-db.js:8746:27 {
  length: 127,
  severity: 'ERROR',
  code: '42703',
  detail: undefined,
  hint: undefined,
  position: '98',
  internalPosition: undefined,
  internalQuery: undefined,
  where: undefined,
  schema: undefined,
  table: undefined,
  column: undefined,
  dataType: undefined,
  constraint: undefined,
  file: 'parse_relation.c',
  line: '3722',
  routine: 'errorMissingColumn'
}
[0mGET /api/v1/calculation-parameters?business_path=mortgage [32m200[0m 771.405 ms - 759[0m
Get calculation parameters error: error: column "min_down_payment_percentage" does not exist
    at /Users/michaelmishayev/Projects/bankDev2_standalone/node_modules/pg-pool/index.js:45:11
    at process.processTicksAndRejections (node:internal/process/task_queues:105:5)
    at async /Users/michaelmishayev/Projects/bankDev2_standalone/server-db.js:8746:27 {
  length: 127,
  severity: 'ERROR',
  code: '42703',
  detail: undefined,
  hint: undefined,
  position: '98',
  internalPosition: undefined,
  internalQuery: undefined,
  where: undefined,
  schema: undefined,
  table: undefined,
  column: undefined,
  dataType: undefined,
  constraint: undefined,
  file: 'parse_relation.c',
  line: '3722',
  routine: 'errorMissingColumn'
}
[0mGET /api/v1/calculation-parameters?business_path=mortgage [32m200[0m 964.089 ms - 759[0m
[CITIES] Request for language: he
[0mGET /api/get-cities?lang=he [36m304[0m 622.596 ms - -[0m
[CITIES] Request for language: he
[0mGET /api/content/mortgage_calculation/he [36m304[0m 726.548 ms - -[0m
[0mGET /api/get-cities?lang=he [36m304[0m 136.694 ms - -[0m
Get calculation parameters error: error: column "min_down_payment_percentage" does not exist
    at /Users/michaelmishayev/Projects/bankDev2_standalone/node_modules/pg-pool/index.js:45:11
    at process.processTicksAndRejections (node:internal/process/task_queues:105:5)
    at async /Users/michaelmishayev/Projects/bankDev2_standalone/server-db.js:8746:27 {
  length: 127,
  severity: 'ERROR',
  code: '42703',
  detail: undefined,
  hint: undefined,
  position: '98',
  internalPosition: undefined,
  internalQuery: undefined,
  where: undefined,
  schema: undefined,
  table: undefined,
  column: undefined,
  dataType: undefined,
  constraint: undefined,
  file: 'parse_relation.c',
  line: '3722',
  routine: 'errorMissingColumn'
}
[0mGET /api/v1/calculation-parameters?business_path=mortgage [32m200[0m 878.750 ms - 759[0m
[0mGET /api/content/mortgage_calculation/he [36m304[0m 182.011 ms - -[0m
[0mGET /api/content/mortgage_calculation/he [36m304[0m 149.588 ms - -[0m
[0mGET /api/content/mortgage_calculation/he [36m304[0m 167.631 ms - -[0m
Get calculation parameters error: error: column "min_down_payment_percentage" does not exist
    at /Users/michaelmishayev/Projects/bankDev2_standalone/node_modules/pg-pool/index.js:45:11
    at process.processTicksAndRejections (node:internal/process/task_queues:105:5)
    at async /Users/michaelmishayev/Projects/bankDev2_standalone/server-db.js:8746:27 {
  length: 127,
  severity: 'ERROR',
  code: '42703',
  detail: undefined,
  hint: undefined,
  position: '98',
  internalPosition: undefined,
  internalQuery: undefined,
  where: undefined,
  schema: undefined,
  table: undefined,
  column: undefined,
  dataType: undefined,
  constraint: undefined,
  file: 'parse_relation.c',
  line: '3722',
  routine: 'errorMissingColumn'
}
[0mGET /api/v1/calculation-parameters?business_path=mortgage [32m200[0m 478.831 ms - 759[0m
Get calculation parameters error: error: column "min_down_payment_percentage" does not exist
    at /Users/michaelmishayev/Projects/bankDev2_standalone/node_modules/pg-pool/index.js:45:11
    at process.processTicksAndRejections (node:internal/process/task_queues:105:5)
    at async /Users/michaelmishayev/Projects/bankDev2_standalone/server-db.js:8746:27 {
  length: 127,
  severity: 'ERROR',
  code: '42703',
  detail: undefined,
  hint: undefined,
  position: '98',
  internalPosition: undefined,
  internalQuery: undefined,
  where: undefined,
  schema: undefined,
  table: undefined,
  column: undefined,
  dataType: undefined,
  constraint: undefined,
  file: 'parse_relation.c',
  line: '3722',
  routine: 'errorMissingColumn'
}
[0mGET /api/v1/calculation-parameters?business_path=mortgage [32m200[0m 919.634 ms - 759[0m
Get calculation parameters error: error: column "min_down_payment_percentage" does not exist
    at /Users/michaelmishayev/Projects/bankDev2_standalone/node_modules/pg-pool/index.js:45:11
    at process.processTicksAndRejections (node:internal/process/task_queues:105:5)
    at async /Users/michaelmishayev/Projects/bankDev2_standalone/server-db.js:8746:27 {
  length: 127,
  severity: 'ERROR',
  code: '42703',
  detail: undefined,
  hint: undefined,
  position: '98',
  internalPosition: undefined,
  internalQuery: undefined,
  where: undefined,
  schema: undefined,
  table: undefined,
  column: undefined,
  dataType: undefined,
  constraint: undefined,
  file: 'parse_relation.c',
  line: '3722',
  routine: 'errorMissingColumn'
}
[0mGET /api/v1/calculation-parameters?business_path=mortgage [32m200[0m 839.761 ms - 759[0m
Get calculation parameters error: error: column "min_down_payment_percentage" does not exist
    at /Users/michaelmishayev/Projects/bankDev2_standalone/node_modules/pg-pool/index.js:45:11
    at process.processTicksAndRejections (node:internal/process/task_queues:105:5)
    at async /Users/michaelmishayev/Projects/bankDev2_standalone/server-db.js:8746:27 {
  length: 127,
  severity: 'ERROR',
  code: '42703',
  detail: undefined,
  hint: undefined,
  position: '98',
  internalPosition: undefined,
  internalQuery: undefined,
  where: undefined,
  schema: undefined,
  table: undefined,
  column: undefined,
  dataType: undefined,
  constraint: undefined,
  file: 'parse_relation.c',
  line: '3722',
  routine: 'errorMissingColumn'
}
[0mGET /api/v1/calculation-parameters?business_path=mortgage [32m200[0m 987.949 ms - 759[0m
Get calculation parameters error: error: column "min_down_payment_percentage" does not exist
    at /Users/michaelmishayev/Projects/bankDev2_standalone/node_modules/pg-pool/index.js:45:11
    at process.processTicksAndRejections (node:internal/process/task_queues:105:5)
    at async /Users/michaelmishayev/Projects/bankDev2_standalone/server-db.js:8746:27 {
  length: 127,
  severity: 'ERROR',
  code: '42703',
  detail: undefined,
  hint: undefined,
  position: '98',
  internalPosition: undefined,
  internalQuery: undefined,
  where: undefined,
  schema: undefined,
  table: undefined,
  column: undefined,
  dataType: undefined,
  constraint: undefined,
  file: 'parse_relation.c',
  line: '3722',
  routine: 'errorMissingColumn'
}
[0mGET /api/v1/calculation-parameters?business_path=mortgage [32m200[0m 920.116 ms - 759[0m
Get calculation parameters error: error: column "min_down_payment_percentage" does not exist
    at /Users/michaelmishayev/Projects/bankDev2_standalone/node_modules/pg-pool/index.js:45:11
    at process.processTicksAndRejections (node:internal/process/task_queues:105:5)
    at async /Users/michaelmishayev/Projects/bankDev2_standalone/server-db.js:8746:27 {
  length: 127,
  severity: 'ERROR',
  code: '42703',
  detail: undefined,
  hint: undefined,
  position: '98',
  internalPosition: undefined,
  internalQuery: undefined,
  where: undefined,
  schema: undefined,
  table: undefined,
  column: undefined,
  dataType: undefined,
  constraint: undefined,
  file: 'parse_relation.c',
  line: '3722',
  routine: 'errorMissingColumn'
}
[0mGET /api/v1/calculation-parameters?business_path=mortgage [32m200[0m 782.946 ms - 759[0m
Get calculation parameters error: error: column "min_down_payment_percentage" does not exist
    at /Users/michaelmishayev/Projects/bankDev2_standalone/node_modules/pg-pool/index.js:45:11
    at process.processTicksAndRejections (node:internal/process/task_queues:105:5)
    at async /Users/michaelmishayev/Projects/bankDev2_standalone/server-db.js:8746:27 {
  length: 127,
  severity: 'ERROR',
  code: '42703',
  detail: undefined,
  hint: undefined,
  position: '98',
  internalPosition: undefined,
  internalQuery: undefined,
  where: undefined,
  schema: undefined,
  table: undefined,
  column: undefined,
  dataType: undefined,
  constraint: undefined,
  file: 'parse_relation.c',
  line: '3722',
  routine: 'errorMissingColumn'
}
[0mGET /api/v1/calculation-parameters?business_path=mortgage [32m200[0m 769.495 ms - 759[0m
[CITIES] Request for language: he
[CITIES] Request for language: he
[0mGET /api/content/mortgage_calculation/he [32m200[0m 709.552 ms - 5860[0m
[0mGET /api/get-cities?lang=he [32m200[0m 713.813 ms - 1553[0m
[0mGET /api/content/mortgage_calculation/he [32m200[0m 720.849 ms - 5860[0m
[0mGET /api/get-cities?lang=he [32m200[0m 719.664 ms - 1553[0m
[0mGET /api/content/mortgage_calculation/he [32m200[0m 723.676 ms - 5860[0m
[0mGET /api/content/mortgage_calculation/he [32m200[0m 101.934 ms - 5860[0m
Get calculation parameters error: error: column "min_down_payment_percentage" does not exist
    at /Users/michaelmishayev/Projects/bankDev2_standalone/node_modules/pg-pool/index.js:45:11
    at process.processTicksAndRejections (node:internal/process/task_queues:105:5)
    at async /Users/michaelmishayev/Projects/bankDev2_standalone/server-db.js:8746:27 {
  length: 127,
  severity: 'ERROR',
  code: '42703',
  detail: undefined,
  hint: undefined,
  position: '98',
  internalPosition: undefined,
  internalQuery: undefined,
  where: undefined,
  schema: undefined,
  table: undefined,
  column: undefined,
  dataType: undefined,
  constraint: undefined,
  file: 'parse_relation.c',
  line: '3722',
  routine: 'errorMissingColumn'
}
[0mGET /api/v1/calculation-parameters?business_path=mortgage [32m200[0m 864.454 ms - 759[0m
Get calculation parameters error: error: column "min_down_payment_percentage" does not exist
    at /Users/michaelmishayev/Projects/bankDev2_standalone/node_modules/pg-pool/index.js:45:11
    at process.processTicksAndRejections (node:internal/process/task_queues:105:5)
    at async /Users/michaelmishayev/Projects/bankDev2_standalone/server-db.js:8746:27 {
  length: 127,
  severity: 'ERROR',
  code: '42703',
  detail: undefined,
  hint: undefined,
  position: '98',
  internalPosition: undefined,
  internalQuery: undefined,
  where: undefined,
  schema: undefined,
  table: undefined,
  column: undefined,
  dataType: undefined,
  constraint: undefined,
  file: 'parse_relation.c',
  line: '3722',
  routine: 'errorMissingColumn'
}
[0mGET /api/v1/calculation-parameters?business_path=mortgage [32m200[0m 923.674 ms - 759[0m
Get calculation parameters error: error: column "min_down_payment_percentage" does not exist
    at /Users/michaelmishayev/Projects/bankDev2_standalone/node_modules/pg-pool/index.js:45:11
    at process.processTicksAndRejections (node:internal/process/task_queues:105:5)
    at async /Users/michaelmishayev/Projects/bankDev2_standalone/server-db.js:8746:27 {
  length: 127,
  severity: 'ERROR',
  code: '42703',
  detail: undefined,
  hint: undefined,
  position: '98',
  internalPosition: undefined,
  internalQuery: undefined,
  where: undefined,
  schema: undefined,
  table: undefined,
  column: undefined,
  dataType: undefined,
  constraint: undefined,
  file: 'parse_relation.c',
  line: '3722',
  routine: 'errorMissingColumn'
}
[0mGET /api/v1/calculation-parameters?business_path=mortgage [32m200[0m 926.635 ms - 759[0m
Get calculation parameters error: error: column "min_down_payment_percentage" does not exist
    at /Users/michaelmishayev/Projects/bankDev2_standalone/node_modules/pg-pool/index.js:45:11
    at process.processTicksAndRejections (node:internal/process/task_queues:105:5)
    at async /Users/michaelmishayev/Projects/bankDev2_standalone/server-db.js:8746:27 {
  length: 127,
  severity: 'ERROR',
  code: '42703',
  detail: undefined,
  hint: undefined,
  position: '98',
  internalPosition: undefined,
  internalQuery: undefined,
  where: undefined,
  schema: undefined,
  table: undefined,
  column: undefined,
  dataType: undefined,
  constraint: undefined,
  file: 'parse_relation.c',
  line: '3722',
  routine: 'errorMissingColumn'
}
[0mGET /api/v1/calculation-parameters?business_path=mortgage [32m200[0m 927.465 ms - 759[0m
Get calculation parameters error: error: column "min_down_payment_percentage" does not exist
    at /Users/michaelmishayev/Projects/bankDev2_standalone/node_modules/pg-pool/index.js:45:11
    at process.processTicksAndRejections (node:internal/process/task_queues:105:5)
    at async /Users/michaelmishayev/Projects/bankDev2_standalone/server-db.js:8746:27 {
  length: 127,
  severity: 'ERROR',
  code: '42703',
  detail: undefined,
  hint: undefined,
  position: '98',
  internalPosition: undefined,
  internalQuery: undefined,
  where: undefined,
  schema: undefined,
  table: undefined,
  column: undefined,
  dataType: undefined,
  constraint: undefined,
  file: 'parse_relation.c',
  line: '3722',
  routine: 'errorMissingColumn'
}
[0mGET /api/v1/calculation-parameters?business_path=mortgage [32m200[0m 937.543 ms - 759[0m
Get calculation parameters error: error: column "min_down_payment_percentage" does not exist
    at /Users/michaelmishayev/Projects/bankDev2_standalone/node_modules/pg-pool/index.js:45:11
    at process.processTicksAndRejections (node:internal/process/task_queues:105:5)
    at async /Users/michaelmishayev/Projects/bankDev2_standalone/server-db.js:8746:27 {
  length: 127,
  severity: 'ERROR',
  code: '42703',
  detail: undefined,
  hint: undefined,
  position: '98',
  internalPosition: undefined,
  internalQuery: undefined,
  where: undefined,
  schema: undefined,
  table: undefined,
  column: undefined,
  dataType: undefined,
  constraint: undefined,
  file: 'parse_relation.c',
  line: '3722',
  routine: 'errorMissingColumn'
}
[0mGET /api/v1/calculation-parameters?business_path=mortgage [32m200[0m 942.152 ms - 759[0m
Get calculation parameters error: error: column "min_down_payment_percentage" does not exist
    at /Users/michaelmishayev/Projects/bankDev2_standalone/node_modules/pg-pool/index.js:45:11
    at process.processTicksAndRejections (node:internal/process/task_queues:105:5)
    at async /Users/michaelmishayev/Projects/bankDev2_standalone/server-db.js:8746:27 {
  length: 127,
  severity: 'ERROR',
  code: '42703',
  detail: undefined,
  hint: undefined,
  position: '98',
  internalPosition: undefined,
  internalQuery: undefined,
  where: undefined,
  schema: undefined,
  table: undefined,
  column: undefined,
  dataType: undefined,
  constraint: undefined,
  file: 'parse_relation.c',
  line: '3722',
  routine: 'errorMissingColumn'
}
[0mGET /api/v1/calculation-parameters?business_path=mortgage [32m200[0m 389.068 ms - 759[0m
Get calculation parameters error: error: column "min_down_payment_percentage" does not exist
    at /Users/michaelmishayev/Projects/bankDev2_standalone/node_modules/pg-pool/index.js:45:11
    at process.processTicksAndRejections (node:internal/process/task_queues:105:5)
    at async /Users/michaelmishayev/Projects/bankDev2_standalone/server-db.js:8746:27 {
  length: 127,
  severity: 'ERROR',
  code: '42703',
  detail: undefined,
  hint: undefined,
  position: '98',
  internalPosition: undefined,
  internalQuery: undefined,
  where: undefined,
  schema: undefined,
  table: undefined,
  column: undefined,
  dataType: undefined,
  constraint: undefined,
  file: 'parse_relation.c',
  line: '3722',
  routine: 'errorMissingColumn'
}
[0mGET /api/v1/calculation-parameters?business_path=mortgage [32m200[0m 404.160 ms - 759[0m
‚ùå Failed to create content item: duplicate key value violates unique constraint "content_items_content_key_key"
[0mPOST /api/content [31m500[0m 959.960 ms - 151[0m
‚ùå Failed to create content item: duplicate key value violates unique constraint "content_items_content_key_key"
[0mPOST /api/content [31m500[0m 1316.492 ms - 151[0m
‚ùå Failed to create content item: duplicate key value violates unique constraint "content_items_content_key_key"
[0mPOST /api/content [31m500[0m 407.804 ms - 151[0m
‚ùå Failed to create content item: duplicate key value violates unique constraint "content_items_content_key_key"
[0mPOST /api/content [31m500[0m 312.527 ms - 151[0m
‚ùå Failed to create content item: duplicate key value violates unique constraint "content_items_content_key_key"
[0mPOST /api/content [31m500[0m 353.545 ms - 151[0m
‚ùå Failed to create content item: duplicate key value violates unique constraint "content_items_content_key_key"
[0mPOST /api/content [31m500[0m 699.687 ms - 151[0m
‚ùå Failed to create content item: duplicate key value violates unique constraint "content_items_content_key_key"
[0mPOST /api/content [31m500[0m 349.362 ms - 151[0m
‚ùå Failed to create content item: duplicate key value violates unique constraint "content_items_content_key_key"
[0mPOST /api/content [31m500[0m 379.178 ms - 151[0m
‚ùå Failed to create content item: duplicate key value violates unique constraint "content_items_content_key_key"
[0mPOST /api/content [31m500[0m 332.390 ms - 151[0m
‚ùå Failed to create content item: duplicate key value violates unique constraint "content_items_content_key_key"
[0mPOST /api/content [31m500[0m 336.439 ms - 151[0m
‚ùå Failed to create content item: duplicate key value violates unique constraint "content_items_content_key_key"
[0mPOST /api/content [31m500[0m 1254.947 ms - 151[0m
‚ùå Failed to create content item: duplicate key value violates unique constraint "content_items_content_key_key"
[0mPOST /api/content [31m500[0m 358.052 ms - 151[0m
‚ùå Failed to create content item: duplicate key value violates unique constraint "content_items_content_key_key"
[0mPOST /api/content [31m500[0m 2259.995 ms - 151[0m
‚ùå Failed to create content item: duplicate key value violates unique constraint "content_items_content_key_key"
[0mPOST /api/content [31m500[0m 392.152 ms - 151[0m
‚ùå Failed to create content item: duplicate key value violates unique constraint "content_items_content_key_key"
[0mPOST /api/content [31m500[0m 458.355 ms - 151[0m
‚ùå Failed to create content item: duplicate key value violates unique constraint "content_items_content_key_key"
[0mPOST /api/content [31m500[0m 1569.919 ms - 151[0m
‚ùå Failed to create content item: duplicate key value violates unique constraint "content_items_content_key_key"
[0mPOST /api/content [31m500[0m 949.409 ms - 151[0m
‚ùå Failed to create content item: duplicate key value violates unique constraint "content_items_content_key_key"
[0mPOST /api/content [31m500[0m 392.332 ms - 151[0m
‚ùå Failed to create content item: duplicate key value violates unique constraint "content_items_content_key_key"
[0mPOST /api/content [31m500[0m 369.777 ms - 151[0m
‚ùå Failed to create content item: duplicate key value violates unique constraint "content_items_content_key_key"
[0mPOST /api/content [31m500[0m 408.793 ms - 151[0m
‚ùå Failed to create content item: duplicate key value violates unique constraint "content_items_content_key_key"
[0mPOST /api/content [31m500[0m 374.107 ms - 151[0m
‚ùå Failed to create content item: duplicate key value violates unique constraint "content_items_content_key_key"
[0mPOST /api/content [31m500[0m 341.101 ms - 151[0m
‚ùå Failed to create content item: duplicate key value violates unique constraint "content_items_content_key_key"
[0mPOST /api/content [31m500[0m 396.356 ms - 151[0m
‚ùå Failed to create content item: duplicate key value violates unique constraint "content_items_content_key_key"
[0mPOST /api/content [31m500[0m 391.515 ms - 151[0m
‚ùå Failed to create content item: duplicate key value violates unique constraint "content_items_content_key_key"
[0mPOST /api/content [31m500[0m 442.955 ms - 151[0m
‚ùå Failed to create content item: duplicate key value violates unique constraint "content_items_content_key_key"
[0mPOST /api/content [31m500[0m 938.939 ms - 151[0m
‚ùå Failed to create content item: duplicate key value violates unique constraint "content_items_content_key_key"
[0mPOST /api/content [31m500[0m 332.479 ms - 151[0m
‚ùå Failed to create content item: duplicate key value violates unique constraint "content_items_content_key_key"
[0mPOST /api/content [31m500[0m 496.087 ms - 151[0m
‚ùå Failed to create content item: duplicate key value violates unique constraint "content_items_content_key_key"
[0mPOST /api/content [31m500[0m 318.539 ms - 151[0m
‚ùå Failed to create content item: duplicate key value violates unique constraint "content_items_content_key_key"
[0mPOST /api/content [31m500[0m 340.473 ms - 151[0m
‚ùå Failed to create content item: duplicate key value violates unique constraint "content_items_content_key_key"
[0mPOST /api/content [31m500[0m 493.980 ms - 151[0m
‚ùå Failed to create content item: duplicate key value violates unique constraint "content_items_content_key_key"
[0mPOST /api/content [31m500[0m 423.878 ms - 151[0m
‚ùå Failed to create content item: duplicate key value violates unique constraint "content_items_content_key_key"
[0mPOST /api/content [31m500[0m 314.122 ms - 151[0m
[0mGET /api/content/mortgage_calculation/he [32m200[0m 603.477 ms - 5860[0m
[CITIES] Request for language: he
[0mGET /api/content/mortgage_calculation/he [36m304[0m 162.596 ms - -[0m
[0mGET /api/content/mortgage_calculation/he [36m304[0m 200.284 ms - -[0m
[0mGET /api/content/mortgage_calculation/he [36m304[0m 158.552 ms - -[0m
[0mGET /api/content/mortgage_calculation/he [36m304[0m 152.412 ms - -[0m
[0mGET /api/get-cities?lang=he [36m304[0m 1032.331 ms - -[0m
[CITIES] Request for language: he
[0mGET /api/get-cities?lang=he [36m304[0m 104.128 ms - -[0m
Get calculation parameters error: error: column "min_down_payment_percentage" does not exist
    at /Users/michaelmishayev/Projects/bankDev2_standalone/node_modules/pg-pool/index.js:45:11
    at process.processTicksAndRejections (node:internal/process/task_queues:105:5)
    at async /Users/michaelmishayev/Projects/bankDev2_standalone/server-db.js:8746:27 {
  length: 127,
  severity: 'ERROR',
  code: '42703',
  detail: undefined,
  hint: undefined,
  position: '98',
  internalPosition: undefined,
  internalQuery: undefined,
  where: undefined,
  schema: undefined,
  table: undefined,
  column: undefined,
  dataType: undefined,
  constraint: undefined,
  file: 'parse_relation.c',
  line: '3722',
  routine: 'errorMissingColumn'
}
[0mGET /api/v1/calculation-parameters?business_path=mortgage [32m200[0m 1260.707 ms - 759[0m
Get calculation parameters error: error: column "min_down_payment_percentage" does not exist
    at /Users/michaelmishayev/Projects/bankDev2_standalone/node_modules/pg-pool/index.js:45:11
    at process.processTicksAndRejections (node:internal/process/task_queues:105:5)
    at async /Users/michaelmishayev/Projects/bankDev2_standalone/server-db.js:8746:27 {
  length: 127,
  severity: 'ERROR',
  code: '42703',
  detail: undefined,
  hint: undefined,
  position: '98',
  internalPosition: undefined,
  internalQuery: undefined,
  where: undefined,
  schema: undefined,
  table: undefined,
  column: undefined,
  dataType: undefined,
  constraint: undefined,
  file: 'parse_relation.c',
  line: '3722',
  routine: 'errorMissingColumn'
}
[0mGET /api/v1/calculation-parameters?business_path=mortgage [32m200[0m 346.236 ms - 759[0m
Get calculation parameters error: error: column "min_down_payment_percentage" does not exist
    at /Users/michaelmishayev/Projects/bankDev2_standalone/node_modules/pg-pool/index.js:45:11
    at process.processTicksAndRejections (node:internal/process/task_queues:105:5)
    at async /Users/michaelmishayev/Projects/bankDev2_standalone/server-db.js:8746:27 {
  length: 127,
  severity: 'ERROR',
  code: '42703',
  detail: undefined,
  hint: undefined,
  position: '98',
  internalPosition: undefined,
  internalQuery: undefined,
  where: undefined,
  schema: undefined,
  table: undefined,
  column: undefined,
  dataType: undefined,
  constraint: undefined,
  file: 'parse_relation.c',
  line: '3722',
  routine: 'errorMissingColumn'
}
[0mGET /api/v1/calculation-parameters?business_path=mortgage [32m200[0m 736.858 ms - 759[0m
Get calculation parameters error: error: column "min_down_payment_percentage" does not exist
    at /Users/michaelmishayev/Projects/bankDev2_standalone/node_modules/pg-pool/index.js:45:11
    at process.processTicksAndRejections (node:internal/process/task_queues:105:5)
    at async /Users/michaelmishayev/Projects/bankDev2_standalone/server-db.js:8746:27 {
  length: 127,
  severity: 'ERROR',
  code: '42703',
  detail: undefined,
  hint: undefined,
  position: '98',
  internalPosition: undefined,
  internalQuery: undefined,
  where: undefined,
  schema: undefined,
  table: undefined,
  column: undefined,
  dataType: undefined,
  constraint: undefined,
  file: 'parse_relation.c',
  line: '3722',
  routine: 'errorMissingColumn'
}
[0mGET /api/v1/calculation-parameters?business_path=mortgage [32m200[0m 925.421 ms - 759[0m
Get calculation parameters error: error: column "min_down_payment_percentage" does not exist
    at /Users/michaelmishayev/Projects/bankDev2_standalone/node_modules/pg-pool/index.js:45:11
    at process.processTicksAndRejections (node:internal/process/task_queues:105:5)
    at async /Users/michaelmishayev/Projects/bankDev2_standalone/server-db.js:8746:27 {
  length: 127,
  severity: 'ERROR',
  code: '42703',
  detail: undefined,
  hint: undefined,
  position: '98',
  internalPosition: undefined,
  internalQuery: undefined,
  where: undefined,
  schema: undefined,
  table: undefined,
  column: undefined,
  dataType: undefined,
  constraint: undefined,
  file: 'parse_relation.c',
  line: '3722',
  routine: 'errorMissingColumn'
}
[0mGET /api/v1/calculation-parameters?business_path=mortgage [32m200[0m 821.380 ms - 759[0m
Get calculation parameters error: error: column "min_down_payment_percentage" does not exist
    at /Users/michaelmishayev/Projects/bankDev2_standalone/node_modules/pg-pool/index.js:45:11
    at process.processTicksAndRejections (node:internal/process/task_queues:105:5)
    at async /Users/michaelmishayev/Projects/bankDev2_standalone/server-db.js:8746:27 {
  length: 127,
  severity: 'ERROR',
  code: '42703',
  detail: undefined,
  hint: undefined,
  position: '98',
  internalPosition: undefined,
  internalQuery: undefined,
  where: undefined,
  schema: undefined,
  table: undefined,
  column: undefined,
  dataType: undefined,
  constraint: undefined,
  file: 'parse_relation.c',
  line: '3722',
  routine: 'errorMissingColumn'
}
[0mGET /api/v1/calculation-parameters?business_path=mortgage [32m200[0m 809.657 ms - 759[0m
Get calculation parameters error: error: column "min_down_payment_percentage" does not exist
    at /Users/michaelmishayev/Projects/bankDev2_standalone/node_modules/pg-pool/index.js:45:11
    at process.processTicksAndRejections (node:internal/process/task_queues:105:5)
    at async /Users/michaelmishayev/Projects/bankDev2_standalone/server-db.js:8746:27 {
  length: 127,
  severity: 'ERROR',
  code: '42703',
  detail: undefined,
  hint: undefined,
  position: '98',
  internalPosition: undefined,
  internalQuery: undefined,
  where: undefined,
  schema: undefined,
  table: undefined,
  column: undefined,
  dataType: undefined,
  constraint: undefined,
  file: 'parse_relation.c',
  line: '3722',
  routine: 'errorMissingColumn'
}
[0mGET /api/v1/calculation-parameters?business_path=mortgage [32m200[0m 835.868 ms - 759[0m
Get calculation parameters error: error: column "min_down_payment_percentage" does not exist
    at /Users/michaelmishayev/Projects/bankDev2_standalone/node_modules/pg-pool/index.js:45:11
    at process.processTicksAndRejections (node:internal/process/task_queues:105:5)
    at async /Users/michaelmishayev/Projects/bankDev2_standalone/server-db.js:8746:27 {
  length: 127,
  severity: 'ERROR',
  code: '42703',
  detail: undefined,
  hint: undefined,
  position: '98',
  internalPosition: undefined,
  internalQuery: undefined,
  where: undefined,
  schema: undefined,
  table: undefined,
  column: undefined,
  dataType: undefined,
  constraint: undefined,
  file: 'parse_relation.c',
  line: '3722',
  routine: 'errorMissingColumn'
}
[0mGET /api/v1/calculation-parameters?business_path=mortgage [32m200[0m 893.509 ms - 759[0m
[CITIES] Request for language: he
[CITIES] Request for language: he
[0mGET /api/get-cities?lang=he [32m200[0m 550.790 ms - 1553[0m
[0mGET /api/get-cities?lang=he [32m200[0m 557.866 ms - 1553[0m
[0mGET /api/content/mortgage_calculation/he [32m200[0m 576.570 ms - 5860[0m
[0mGET /api/content/mortgage_calculation/he [32m200[0m 608.109 ms - 5860[0m
[0mGET /api/content/mortgage_calculation/he [32m200[0m 670.948 ms - 5860[0m
Get calculation parameters error: error: column "min_down_payment_percentage" does not exist
    at /Users/michaelmishayev/Projects/bankDev2_standalone/node_modules/pg-pool/index.js:45:11
    at process.processTicksAndRejections (node:internal/process/task_queues:105:5)
    at async /Users/michaelmishayev/Projects/bankDev2_standalone/server-db.js:8746:27 {
  length: 127,
  severity: 'ERROR',
  code: '42703',
  detail: undefined,
  hint: undefined,
  position: '98',
  internalPosition: undefined,
  internalQuery: undefined,
  where: undefined,
  schema: undefined,
  table: undefined,
  column: undefined,
  dataType: undefined,
  constraint: undefined,
  file: 'parse_relation.c',
  line: '3722',
  routine: 'errorMissingColumn'
}
[0mGET /api/v1/calculation-parameters?business_path=mortgage [32m200[0m 701.500 ms - 759[0m
Get calculation parameters error: error: column "min_down_payment_percentage" does not exist
    at /Users/michaelmishayev/Projects/bankDev2_standalone/node_modules/pg-pool/index.js:45:11
    at process.processTicksAndRejections (node:internal/process/task_queues:105:5)
    at async /Users/michaelmishayev/Projects/bankDev2_standalone/server-db.js:8746:27 {
  length: 127,
  severity: 'ERROR',
  code: '42703',
  detail: undefined,
  hint: undefined,
  position: '98',
  internalPosition: undefined,
  internalQuery: undefined,
  where: undefined,
  schema: undefined,
  table: undefined,
  column: undefined,
  dataType: undefined,
  constraint: undefined,
  file: 'parse_relation.c',
  line: '3722',
  routine: 'errorMissingColumn'
}
[0mGET /api/v1/calculation-parameters?business_path=mortgage [32m200[0m 758.528 ms - 759[0m
Get calculation parameters error: error: column "min_down_payment_percentage" does not exist
    at /Users/michaelmishayev/Projects/bankDev2_standalone/node_modules/pg-pool/index.js:45:11
    at process.processTicksAndRejections (node:internal/process/task_queues:105:5)
    at async /Users/michaelmishayev/Projects/bankDev2_standalone/server-db.js:8746:27 {
  length: 127,
  severity: 'ERROR',
  code: '42703',
  detail: undefined,
  hint: undefined,
  position: '98',
  internalPosition: undefined,
  internalQuery: undefined,
  where: undefined,
  schema: undefined,
  table: undefined,
  column: undefined,
  dataType: undefined,
  constraint: undefined,
  file: 'parse_relation.c',
  line: '3722',
  routine: 'errorMissingColumn'
}
[0mGET /api/v1/calculation-parameters?business_path=mortgage [32m200[0m 761.577 ms - 759[0m
Get calculation parameters error: error: column "min_down_payment_percentage" does not exist
    at /Users/michaelmishayev/Projects/bankDev2_standalone/node_modules/pg-pool/index.js:45:11
    at process.processTicksAndRejections (node:internal/process/task_queues:105:5)
    at async /Users/michaelmishayev/Projects/bankDev2_standalone/server-db.js:8746:27 {
  length: 127,
  severity: 'ERROR',
  code: '42703',
  detail: undefined,
  hint: undefined,
  position: '98',
  internalPosition: undefined,
  internalQuery: undefined,
  where: undefined,
  schema: undefined,
  table: undefined,
  column: undefined,
  dataType: undefined,
  constraint: undefined,
  file: 'parse_relation.c',
  line: '3722',
  routine: 'errorMissingColumn'
}
[0mGET /api/v1/calculation-parameters?business_path=mortgage [32m200[0m 776.867 ms - 759[0m
Get calculation parameters error: error: column "min_down_payment_percentage" does not exist
    at /Users/michaelmishayev/Projects/bankDev2_standalone/node_modules/pg-pool/index.js:45:11
    at process.processTicksAndRejections (node:internal/process/task_queues:105:5)
    at async /Users/michaelmishayev/Projects/bankDev2_standalone/server-db.js:8746:27 {
  length: 127,
  severity: 'ERROR',
  code: '42703',
  detail: undefined,
  hint: undefined,
  position: '98',
  internalPosition: undefined,
  internalQuery: undefined,
  where: undefined,
  schema: undefined,
  table: undefined,
  column: undefined,
  dataType: undefined,
  constraint: undefined,
  file: 'parse_relation.c',
  line: '3722',
  routine: 'errorMissingColumn'
}
[0mGET /api/v1/calculation-parameters?business_path=mortgage [32m200[0m 775.851 ms - 759[0m
Get calculation parameters error: error: column "min_down_payment_percentage" does not exist
    at /Users/michaelmishayev/Projects/bankDev2_standalone/node_modules/pg-pool/index.js:45:11
    at process.processTicksAndRejections (node:internal/process/task_queues:105:5)
    at async /Users/michaelmishayev/Projects/bankDev2_standalone/server-db.js:8746:27 {
  length: 127,
  severity: 'ERROR',
  code: '42703',
  detail: undefined,
  hint: undefined,
  position: '98',
  internalPosition: undefined,
  internalQuery: undefined,
  where: undefined,
  schema: undefined,
  table: undefined,
  column: undefined,
  dataType: undefined,
  constraint: undefined,
  file: 'parse_relation.c',
  line: '3722',
  routine: 'errorMissingColumn'
}
[0mGET /api/v1/calculation-parameters?business_path=mortgage [32m200[0m 776.328 ms - 759[0m
Get calculation parameters error: error: column "min_down_payment_percentage" does not exist
    at /Users/michaelmishayev/Projects/bankDev2_standalone/node_modules/pg-pool/index.js:45:11
    at process.processTicksAndRejections (node:internal/process/task_queues:105:5)
    at async /Users/michaelmishayev/Projects/bankDev2_standalone/server-db.js:8746:27 {
  length: 127,
  severity: 'ERROR',
  code: '42703',
  detail: undefined,
  hint: undefined,
  position: '98',
  internalPosition: undefined,
  internalQuery: undefined,
  where: undefined,
  schema: undefined,
  table: undefined,
  column: undefined,
  dataType: undefined,
  constraint: undefined,
  file: 'parse_relation.c',
  line: '3722',
  routine: 'errorMissingColumn'
}
[0mGET /api/v1/calculation-parameters?business_path=mortgage [32m200[0m 335.249 ms - 759[0m
Get calculation parameters error: error: column "min_down_payment_percentage" does not exist
    at /Users/michaelmishayev/Projects/bankDev2_standalone/node_modules/pg-pool/index.js:45:11
    at process.processTicksAndRejections (node:internal/process/task_queues:105:5)
    at async /Users/michaelmishayev/Projects/bankDev2_standalone/server-db.js:8746:27 {
  length: 127,
  severity: 'ERROR',
  code: '42703',
  detail: undefined,
  hint: undefined,
  position: '98',
  internalPosition: undefined,
  internalQuery: undefined,
  where: undefined,
  schema: undefined,
  table: undefined,
  column: undefined,
  dataType: undefined,
  constraint: undefined,
  file: 'parse_relation.c',
  line: '3722',
  routine: 'errorMissingColumn'
}
[0mGET /api/v1/calculation-parameters?business_path=mortgage [32m200[0m 301.205 ms - 759[0m
[0mGET /api/content/mortgage_calculation/he [32m200[0m 507.112 ms - 5860[0m
[CITIES] Request for language: he
[0mGET /api/get-cities?lang=he [36m304[0m 1018.689 ms - -[0m
[CITIES] Request for language: he
[0mGET /api/content/mortgage_calculation/he [36m304[0m 1028.195 ms - -[0m
[0mGET /api/get-cities?lang=he [36m304[0m 100.181 ms - -[0m
[0mGET /api/content/mortgage_calculation/he [36m304[0m 108.353 ms - -[0m
Get calculation parameters error: error: column "min_down_payment_percentage" does not exist
    at /Users/michaelmishayev/Projects/bankDev2_standalone/node_modules/pg-pool/index.js:45:11
    at process.processTicksAndRejections (node:internal/process/task_queues:105:5)
    at async /Users/michaelmishayev/Projects/bankDev2_standalone/server-db.js:8746:27 {
  length: 127,
  severity: 'ERROR',
  code: '42703',
  detail: undefined,
  hint: undefined,
  position: '98',
  internalPosition: undefined,
  internalQuery: undefined,
  where: undefined,
  schema: undefined,
  table: undefined,
  column: undefined,
  dataType: undefined,
  constraint: undefined,
  file: 'parse_relation.c',
  line: '3722',
  routine: 'errorMissingColumn'
}
[0mGET /api/v1/calculation-parameters?business_path=mortgage [32m200[0m 1245.019 ms - 759[0m
[0mGET /api/content/mortgage_calculation/he [36m304[0m 107.295 ms - -[0m
[0mGET /api/content/mortgage_calculation/he [36m304[0m 110.060 ms - -[0m
Get calculation parameters error: error: column "min_down_payment_percentage" does not exist
    at /Users/michaelmishayev/Projects/bankDev2_standalone/node_modules/pg-pool/index.js:45:11
    at process.processTicksAndRejections (node:internal/process/task_queues:105:5)
    at async /Users/michaelmishayev/Projects/bankDev2_standalone/server-db.js:8746:27 {
  length: 127,
  severity: 'ERROR',
  code: '42703',
  detail: undefined,
  hint: undefined,
  position: '98',
  internalPosition: undefined,
  internalQuery: undefined,
  where: undefined,
  schema: undefined,
  table: undefined,
  column: undefined,
  dataType: undefined,
  constraint: undefined,
  file: 'parse_relation.c',
  line: '3722',
  routine: 'errorMissingColumn'
}
[0mGET /api/v1/calculation-parameters?business_path=mortgage [32m200[0m 320.760 ms - 759[0m
Get calculation parameters error: error: column "min_down_payment_percentage" does not exist
    at /Users/michaelmishayev/Projects/bankDev2_standalone/node_modules/pg-pool/index.js:45:11
    at process.processTicksAndRejections (node:internal/process/task_queues:105:5)
    at async /Users/michaelmishayev/Projects/bankDev2_standalone/server-db.js:8746:27 {
  length: 127,
  severity: 'ERROR',
  code: '42703',
  detail: undefined,
  hint: undefined,
  position: '98',
  internalPosition: undefined,
  internalQuery: undefined,
  where: undefined,
  schema: undefined,
  table: undefined,
  column: undefined,
  dataType: undefined,
  constraint: undefined,
  file: 'parse_relation.c',
  line: '3722',
  routine: 'errorMissingColumn'
}
[0mGET /api/v1/calculation-parameters?business_path=mortgage [32m200[0m 851.502 ms - 759[0m
Get calculation parameters error: error: column "min_down_payment_percentage" does not exist
    at /Users/michaelmishayev/Projects/bankDev2_standalone/node_modules/pg-pool/index.js:45:11
    at process.processTicksAndRejections (node:internal/process/task_queues:105:5)
    at async /Users/michaelmishayev/Projects/bankDev2_standalone/server-db.js:8746:27 {
  length: 127,
  severity: 'ERROR',
  code: '42703',
  detail: undefined,
  hint: undefined,
  position: '98',
  internalPosition: undefined,
  internalQuery: undefined,
  where: undefined,
  schema: undefined,
  table: undefined,
  column: undefined,
  dataType: undefined,
  constraint: undefined,
  file: 'parse_relation.c',
  line: '3722',
  routine: 'errorMissingColumn'
}
[0mGET /api/v1/calculation-parameters?business_path=mortgage [32m200[0m 773.325 ms - 759[0m
Get calculation parameters error: error: column "min_down_payment_percentage" does not exist
    at /Users/michaelmishayev/Projects/bankDev2_standalone/node_modules/pg-pool/index.js:45:11
    at process.processTicksAndRejections (node:internal/process/task_queues:105:5)
    at async /Users/michaelmishayev/Projects/bankDev2_standalone/server-db.js:8746:27 {
  length: 127,
  severity: 'ERROR',
  code: '42703',
  detail: undefined,
  hint: undefined,
  position: '98',
  internalPosition: undefined,
  internalQuery: undefined,
  where: undefined,
  schema: undefined,
  table: undefined,
  column: undefined,
  dataType: undefined,
  constraint: undefined,
  file: 'parse_relation.c',
  line: '3722',
  routine: 'errorMissingColumn'
}
[0mGET /api/v1/calculation-parameters?business_path=mortgage [32m200[0m 839.679 ms - 759[0m
Get calculation parameters error: error: column "min_down_payment_percentage" does not exist
    at /Users/michaelmishayev/Projects/bankDev2_standalone/node_modules/pg-pool/index.js:45:11
    at process.processTicksAndRejections (node:internal/process/task_queues:105:5)
    at async /Users/michaelmishayev/Projects/bankDev2_standalone/server-db.js:8746:27 {
  length: 127,
  severity: 'ERROR',
  code: '42703',
  detail: undefined,
  hint: undefined,
  position: '98',
  internalPosition: undefined,
  internalQuery: undefined,
  where: undefined,
  schema: undefined,
  table: undefined,
  column: undefined,
  dataType: undefined,
  constraint: undefined,
  file: 'parse_relation.c',
  line: '3722',
  routine: 'errorMissingColumn'
}
[0mGET /api/v1/calculation-parameters?business_path=mortgage [32m200[0m 908.116 ms - 759[0m
Get calculation parameters error: error: column "min_down_payment_percentage" does not exist
    at /Users/michaelmishayev/Projects/bankDev2_standalone/node_modules/pg-pool/index.js:45:11
    at process.processTicksAndRejections (node:internal/process/task_queues:105:5)
    at async /Users/michaelmishayev/Projects/bankDev2_standalone/server-db.js:8746:27 {
  length: 127,
  severity: 'ERROR',
  code: '42703',
  detail: undefined,
  hint: undefined,
  position: '98',
  internalPosition: undefined,
  internalQuery: undefined,
  where: undefined,
  schema: undefined,
  table: undefined,
  column: undefined,
  dataType: undefined,
  constraint: undefined,
  file: 'parse_relation.c',
  line: '3722',
  routine: 'errorMissingColumn'
}
[0mGET /api/v1/calculation-parameters?business_path=mortgage [32m200[0m 894.533 ms - 759[0m
Get calculation parameters error: error: column "min_down_payment_percentage" does not exist
    at /Users/michaelmishayev/Projects/bankDev2_standalone/node_modules/pg-pool/index.js:45:11
    at process.processTicksAndRejections (node:internal/process/task_queues:105:5)
    at async /Users/michaelmishayev/Projects/bankDev2_standalone/server-db.js:8746:27 {
  length: 127,
  severity: 'ERROR',
  code: '42703',
  detail: undefined,
  hint: undefined,
  position: '98',
  internalPosition: undefined,
  internalQuery: undefined,
  where: undefined,
  schema: undefined,
  table: undefined,
  column: undefined,
  dataType: undefined,
  constraint: undefined,
  file: 'parse_relation.c',
  line: '3722',
  routine: 'errorMissingColumn'
}
[0mGET /api/v1/calculation-parameters?business_path=mortgage [32m200[0m 1064.902 ms - 759[0m
[CITIES] Request for language: he
[0mGET /api/content/mortgage_calculation/he [36m304[0m 917.848 ms - -[0m
[0mGET /api/get-cities?lang=he [36m304[0m 936.966 ms - -[0m
[CITIES] Request for language: he
[0mGET /api/get-cities?lang=he [36m304[0m 161.012 ms - -[0m
[0mGET /api/content/mortgage_calculation/he [36m304[0m 179.374 ms - -[0m
[0mGET /api/content/mortgage_calculation/he [36m304[0m 167.185 ms - -[0m
Get calculation parameters error: error: column "min_down_payment_percentage" does not exist
    at /Users/michaelmishayev/Projects/bankDev2_standalone/node_modules/pg-pool/index.js:45:11
    at process.processTicksAndRejections (node:internal/process/task_queues:105:5)
    at async /Users/michaelmishayev/Projects/bankDev2_standalone/server-db.js:8746:27 {
  length: 127,
  severity: 'ERROR',
  code: '42703',
  detail: undefined,
  hint: undefined,
  position: '98',
  internalPosition: undefined,
  internalQuery: undefined,
  where: undefined,
  schema: undefined,
  table: undefined,
  column: undefined,
  dataType: undefined,
  constraint: undefined,
  file: 'parse_relation.c',
  line: '3722',
  routine: 'errorMissingColumn'
}
[0mGET /api/v1/calculation-parameters?business_path=mortgage [32m200[0m 1311.587 ms - 759[0m
[0mGET /api/content/mortgage_calculation/he [36m304[0m 156.024 ms - -[0m
Get calculation parameters error: error: column "min_down_payment_percentage" does not exist
    at /Users/michaelmishayev/Projects/bankDev2_standalone/node_modules/pg-pool/index.js:45:11
    at process.processTicksAndRejections (node:internal/process/task_queues:105:5)
    at async /Users/michaelmishayev/Projects/bankDev2_standalone/server-db.js:8746:27 {
  length: 127,
  severity: 'ERROR',
  code: '42703',
  detail: undefined,
  hint: undefined,
  position: '98',
  internalPosition: undefined,
  internalQuery: undefined,
  where: undefined,
  schema: undefined,
  table: undefined,
  column: undefined,
  dataType: undefined,
  constraint: undefined,
  file: 'parse_relation.c',
  line: '3722',
  routine: 'errorMissingColumn'
}
[0mGET /api/v1/calculation-parameters?business_path=mortgage [32m200[0m 369.776 ms - 759[0m
Get calculation parameters error: error: column "min_down_payment_percentage" does not exist
    at /Users/michaelmishayev/Projects/bankDev2_standalone/node_modules/pg-pool/index.js:45:11
    at process.processTicksAndRejections (node:internal/process/task_queues:105:5)
    at async /Users/michaelmishayev/Projects/bankDev2_standalone/server-db.js:8746:27 {
  length: 127,
  severity: 'ERROR',
  code: '42703',
  detail: undefined,
  hint: undefined,
  position: '98',
  internalPosition: undefined,
  internalQuery: undefined,
  where: undefined,
  schema: undefined,
  table: undefined,
  column: undefined,
  dataType: undefined,
  constraint: undefined,
  file: 'parse_relation.c',
  line: '3722',
  routine: 'errorMissingColumn'
}
[0mGET /api/v1/calculation-parameters?business_path=mortgage [32m200[0m 716.682 ms - 759[0m
Get calculation parameters error: error: column "min_down_payment_percentage" does not exist
    at /Users/michaelmishayev/Projects/bankDev2_standalone/node_modules/pg-pool/index.js:45:11
    at process.processTicksAndRejections (node:internal/process/task_queues:105:5)
    at async /Users/michaelmishayev/Projects/bankDev2_standalone/server-db.js:8746:27 {
  length: 127,
  severity: 'ERROR',
  code: '42703',
  detail: undefined,
  hint: undefined,
  position: '98',
  internalPosition: undefined,
  internalQuery: undefined,
  where: undefined,
  schema: undefined,
  table: undefined,
  column: undefined,
  dataType: undefined,
  constraint: undefined,
  file: 'parse_relation.c',
  line: '3722',
  routine: 'errorMissingColumn'
}
[0mGET /api/v1/calculation-parameters?business_path=mortgage [32m200[0m 695.894 ms - 759[0m
Get calculation parameters error: error: column "min_down_payment_percentage" does not exist
    at /Users/michaelmishayev/Projects/bankDev2_standalone/node_modules/pg-pool/index.js:45:11
    at process.processTicksAndRejections (node:internal/process/task_queues:105:5)
    at async /Users/michaelmishayev/Projects/bankDev2_standalone/server-db.js:8746:27 {
  length: 127,
  severity: 'ERROR',
  code: '42703',
  detail: undefined,
  hint: undefined,
  position: '98',
  internalPosition: undefined,
  internalQuery: undefined,
  where: undefined,
  schema: undefined,
  table: undefined,
  column: undefined,
  dataType: undefined,
  constraint: undefined,
  file: 'parse_relation.c',
  line: '3722',
  routine: 'errorMissingColumn'
}
[0mGET /api/v1/calculation-parameters?business_path=mortgage [32m200[0m 1803.870 ms - 759[0m
Get calculation parameters error: error: column "min_down_payment_percentage" does not exist
    at /Users/michaelmishayev/Projects/bankDev2_standalone/node_modules/pg-pool/index.js:45:11
    at process.processTicksAndRejections (node:internal/process/task_queues:105:5)
    at async /Users/michaelmishayev/Projects/bankDev2_standalone/server-db.js:8746:27 {
  length: 127,
  severity: 'ERROR',
  code: '42703',
  detail: undefined,
  hint: undefined,
  position: '98',
  internalPosition: undefined,
  internalQuery: undefined,
  where: undefined,
  schema: undefined,
  table: undefined,
  column: undefined,
  dataType: undefined,
  constraint: undefined,
  file: 'parse_relation.c',
  line: '3722',
  routine: 'errorMissingColumn'
}
[0mGET /api/v1/calculation-parameters?business_path=mortgage [32m200[0m 879.015 ms - 759[0m
Get calculation parameters error: error: column "min_down_payment_percentage" does not exist
    at /Users/michaelmishayev/Projects/bankDev2_standalone/node_modules/pg-pool/index.js:45:11
    at process.processTicksAndRejections (node:internal/process/task_queues:105:5)
    at async /Users/michaelmishayev/Projects/bankDev2_standalone/server-db.js:8746:27 {
  length: 127,
  severity: 'ERROR',
  code: '42703',
  detail: undefined,
  hint: undefined,
  position: '98',
  internalPosition: undefined,
  internalQuery: undefined,
  where: undefined,
  schema: undefined,
  table: undefined,
  column: undefined,
  dataType: undefined,
  constraint: undefined,
  file: 'parse_relation.c',
  line: '3722',
  routine: 'errorMissingColumn'
}
[0mGET /api/v1/calculation-parameters?business_path=mortgage [32m200[0m 800.898 ms - 759[0m
Get calculation parameters error: error: column "min_down_payment_percentage" does not exist
    at /Users/michaelmishayev/Projects/bankDev2_standalone/node_modules/pg-pool/index.js:45:11
    at process.processTicksAndRejections (node:internal/process/task_queues:105:5)
    at async /Users/michaelmishayev/Projects/bankDev2_standalone/server-db.js:8746:27 {
  length: 127,
  severity: 'ERROR',
  code: '42703',
  detail: undefined,
  hint: undefined,
  position: '98',
  internalPosition: undefined,
  internalQuery: undefined,
  where: undefined,
  schema: undefined,
  table: undefined,
  column: undefined,
  dataType: undefined,
  constraint: undefined,
  file: 'parse_relation.c',
  line: '3722',
  routine: 'errorMissingColumn'
}
[0mGET /api/v1/calculation-parameters?business_path=mortgage [32m200[0m 1620.316 ms - 759[0m
[CITIES] Request for language: he
[CITIES] Request for language: he
[0mGET /api/content/mortgage_calculation/he [32m200[0m 855.474 ms - 5860[0m
[0mGET /api/content/mortgage_calculation/he [32m200[0m 869.277 ms - 5860[0m
[0mGET /api/get-cities?lang=he [32m200[0m 885.508 ms - 1553[0m
[0mGET /api/content/mortgage_calculation/he [32m200[0m 103.791 ms - 5860[0m
Get calculation parameters error: error: column "min_down_payment_percentage" does not exist
    at /Users/michaelmishayev/Projects/bankDev2_standalone/node_modules/pg-pool/index.js:45:11
    at process.processTicksAndRejections (node:internal/process/task_queues:105:5)
    at async /Users/michaelmishayev/Projects/bankDev2_standalone/server-db.js:8746:27 {
  length: 127,
  severity: 'ERROR',
  code: '42703',
  detail: undefined,
  hint: undefined,
  position: '98',
  internalPosition: undefined,
  internalQuery: undefined,
  where: undefined,
  schema: undefined,
  table: undefined,
  column: undefined,
  dataType: undefined,
  constraint: undefined,
  file: 'parse_relation.c',
  line: '3722',
  routine: 'errorMissingColumn'
}
[0mGET /api/v1/calculation-parameters?business_path=mortgage [32m200[0m 1063.705 ms - 759[0m
Get calculation parameters error: error: column "min_down_payment_percentage" does not exist
    at /Users/michaelmishayev/Projects/bankDev2_standalone/node_modules/pg-pool/index.js:45:11
    at process.processTicksAndRejections (node:internal/process/task_queues:105:5)
    at async /Users/michaelmishayev/Projects/bankDev2_standalone/server-db.js:8746:27 {
  length: 127,
  severity: 'ERROR',
  code: '42703',
  detail: undefined,
  hint: undefined,
  position: '98',
  internalPosition: undefined,
  internalQuery: undefined,
  where: undefined,
  schema: undefined,
  table: undefined,
  column: undefined,
  dataType: undefined,
  constraint: undefined,
  file: 'parse_relation.c',
  line: '3722',
  routine: 'errorMissingColumn'
}
[0mGET /api/v1/calculation-parameters?business_path=mortgage [32m200[0m 1066.773 ms - 759[0m
[0mGET /api/get-cities?lang=he [32m200[0m 1066.181 ms - 1553[0m
[0mGET /api/content/mortgage_calculation/he [32m200[0m 1055.136 ms - 5860[0m
Get calculation parameters error: error: column "min_down_payment_percentage" does not exist
    at /Users/michaelmishayev/Projects/bankDev2_standalone/node_modules/pg-pool/index.js:45:11
    at process.processTicksAndRejections (node:internal/process/task_queues:105:5)
    at async /Users/michaelmishayev/Projects/bankDev2_standalone/server-db.js:8746:27 {
  length: 127,
  severity: 'ERROR',
  code: '42703',
  detail: undefined,
  hint: undefined,
  position: '98',
  internalPosition: undefined,
  internalQuery: undefined,
  where: undefined,
  schema: undefined,
  table: undefined,
  column: undefined,
  dataType: undefined,
  constraint: undefined,
  file: 'parse_relation.c',
  line: '3722',
  routine: 'errorMissingColumn'
}
[0mGET /api/v1/calculation-parameters?business_path=mortgage [32m200[0m 1172.427 ms - 759[0m
Get calculation parameters error: error: column "min_down_payment_percentage" does not exist
    at /Users/michaelmishayev/Projects/bankDev2_standalone/node_modules/pg-pool/index.js:45:11
    at process.processTicksAndRejections (node:internal/process/task_queues:105:5)
    at async /Users/michaelmishayev/Projects/bankDev2_standalone/server-db.js:8746:27 {
  length: 127,
  severity: 'ERROR',
  code: '42703',
  detail: undefined,
  hint: undefined,
  position: '98',
  internalPosition: undefined,
  internalQuery: undefined,
  where: undefined,
  schema: undefined,
  table: undefined,
  column: undefined,
  dataType: undefined,
  constraint: undefined,
  file: 'parse_relation.c',
  line: '3722',
  routine: 'errorMissingColumn'
}
[0mGET /api/v1/calculation-parameters?business_path=mortgage [32m200[0m 1172.677 ms - 759[0m
Get calculation parameters error: error: column "min_down_payment_percentage" does not exist
    at /Users/michaelmishayev/Projects/bankDev2_standalone/node_modules/pg-pool/index.js:45:11
    at process.processTicksAndRejections (node:internal/process/task_queues:105:5)
    at async /Users/michaelmishayev/Projects/bankDev2_standalone/server-db.js:8746:27 {
  length: 127,
  severity: 'ERROR',
  code: '42703',
  detail: undefined,
  hint: undefined,
  position: '98',
  internalPosition: undefined,
  internalQuery: undefined,
  where: undefined,
  schema: undefined,
  table: undefined,
  column: undefined,
  dataType: undefined,
  constraint: undefined,
  file: 'parse_relation.c',
  line: '3722',
  routine: 'errorMissingColumn'
}
[0mGET /api/v1/calculation-parameters?business_path=mortgage [32m200[0m 1173.742 ms - 759[0m
Get calculation parameters error: error: column "min_down_payment_percentage" does not exist
    at /Users/michaelmishayev/Projects/bankDev2_standalone/node_modules/pg-pool/index.js:45:11
    at process.processTicksAndRejections (node:internal/process/task_queues:105:5)
    at async /Users/michaelmishayev/Projects/bankDev2_standalone/server-db.js:8746:27 {
  length: 127,
  severity: 'ERROR',
  code: '42703',
  detail: undefined,
  hint: undefined,
  position: '98',
  internalPosition: undefined,
  internalQuery: undefined,
  where: undefined,
  schema: undefined,
  table: undefined,
  column: undefined,
  dataType: undefined,
  constraint: undefined,
  file: 'parse_relation.c',
  line: '3722',
  routine: 'errorMissingColumn'
}
[0mGET /api/v1/calculation-parameters?business_path=mortgage [32m200[0m 1174.746 ms - 759[0m
Get calculation parameters error: error: column "min_down_payment_percentage" does not exist
    at /Users/michaelmishayev/Projects/bankDev2_standalone/node_modules/pg-pool/index.js:45:11
    at process.processTicksAndRejections (node:internal/process/task_queues:105:5)
    at async /Users/michaelmishayev/Projects/bankDev2_standalone/server-db.js:8746:27 {
  length: 127,
  severity: 'ERROR',
  code: '42703',
  detail: undefined,
  hint: undefined,
  position: '98',
  internalPosition: undefined,
  internalQuery: undefined,
  where: undefined,
  schema: undefined,
  table: undefined,
  column: undefined,
  dataType: undefined,
  constraint: undefined,
  file: 'parse_relation.c',
  line: '3722',
  routine: 'errorMissingColumn'
}
[0mGET /api/v1/calculation-parameters?business_path=mortgage [32m200[0m 309.356 ms - 759[0m
Get calculation parameters error: error: column "min_down_payment_percentage" does not exist
    at /Users/michaelmishayev/Projects/bankDev2_standalone/node_modules/pg-pool/index.js:45:11
    at process.processTicksAndRejections (node:internal/process/task_queues:105:5)
    at async /Users/michaelmishayev/Projects/bankDev2_standalone/server-db.js:8746:27 {
  length: 127,
  severity: 'ERROR',
  code: '42703',
  detail: undefined,
  hint: undefined,
  position: '98',
  internalPosition: undefined,
  internalQuery: undefined,
  where: undefined,
  schema: undefined,
  table: undefined,
  column: undefined,
  dataType: undefined,
  constraint: undefined,
  file: 'parse_relation.c',
  line: '3722',
  routine: 'errorMissingColumn'
}
[0mGET /api/v1/calculation-parameters?business_path=mortgage [32m200[0m 342.530 ms - 759[0m
