<?xml version="1.0" encoding="UTF-8"?>
<coverage generated="1756046805971" clover="3.2.0">
  <project timestamp="1756046805971" name="All files">
    <metrics statements="74" coveredstatements="49" conditionals="45" coveredconditionals="34" methods="9" coveredmethods="4" elements="128" coveredelements="87" complexity="0" loc="74" ncloc="74" packages="1" files="7" classes="7"/>
    <file name="calculateCreditAnnuityPayment.ts" path="/Users/michaelmishayev/Projects/bankDev2_standalone/mainapp/src/utils/helpers/calculateCreditAnnuityPayment.ts">
      <metrics statements="5" coveredstatements="5" conditionals="0" coveredconditionals="0" methods="1" coveredmethods="1"/>
      <line num="21" count="1" type="stmt"/>
      <line num="26" count="11074" type="stmt"/>
      <line num="27" count="11074" type="stmt"/>
      <line num="30" count="11074" type="stmt"/>
      <line num="33" count="11074" type="stmt"/>
    </file>
    <file name="calculateMonthlyPayment.ts" path="/Users/michaelmishayev/Projects/bankDev2_standalone/mainapp/src/utils/helpers/calculateMonthlyPayment.ts">
      <metrics statements="17" coveredstatements="17" conditionals="12" coveredconditionals="12" methods="1" coveredmethods="1"/>
      <line num="26" count="1" type="stmt"/>
      <line num="32" count="51436" type="cond" truecount="1" falsecount="0"/>
      <line num="33" count="1" type="stmt"/>
      <line num="36" count="51435" type="cond" truecount="1" falsecount="0"/>
      <line num="37" count="1" type="stmt"/>
      <line num="41" count="51434" type="cond" truecount="5" falsecount="0"/>
      <line num="42" count="2" type="stmt"/>
      <line num="46" count="51432" type="cond" truecount="4" falsecount="0"/>
      <line num="47" count="4" type="stmt"/>
      <line num="51" count="51428" type="cond" truecount="1" falsecount="0"/>
      <line num="52" count="2" type="stmt"/>
      <line num="56" count="51426" type="stmt"/>
      <line num="59" count="51426" type="stmt"/>
      <line num="62" count="51426" type="stmt"/>
      <line num="66" count="51426" type="stmt"/>
      <line num="69" count="51426" type="stmt"/>
      <line num="72" count="1" type="stmt"/>
    </file>
    <file name="calculatePeriod.ts" path="/Users/michaelmishayev/Projects/bankDev2_standalone/mainapp/src/utils/helpers/calculatePeriod.ts">
      <metrics statements="19" coveredstatements="17" conditionals="15" coveredconditionals="13" methods="1" coveredmethods="1"/>
      <line num="26" count="1" type="stmt"/>
      <line num="32" count="1205" type="cond" truecount="1" falsecount="0"/>
      <line num="33" count="1" type="stmt"/>
      <line num="36" count="1204" type="cond" truecount="1" falsecount="0"/>
      <line num="37" count="1" type="stmt"/>
      <line num="41" count="1203" type="cond" truecount="4" falsecount="1"/>
      <line num="42" count="0" type="stmt"/>
      <line num="46" count="1203" type="stmt"/>
      <line num="49" count="1203" type="stmt"/>
      <line num="52" count="1203" type="cond" truecount="4" falsecount="0"/>
      <line num="53" count="4" type="stmt"/>
      <line num="57" count="1199" type="cond" truecount="1" falsecount="0"/>
      <line num="58" count="3" type="stmt"/>
      <line num="63" count="1196" type="stmt"/>
      <line num="67" count="1196" type="cond" truecount="2" falsecount="1"/>
      <line num="68" count="0" type="stmt"/>
      <line num="72" count="1196" type="stmt"/>
      <line num="75" count="1196" type="stmt"/>
      <line num="78" count="1" type="stmt"/>
    </file>
    <file name="calculateRemainingAmount.ts" path="/Users/michaelmishayev/Projects/bankDev2_standalone/mainapp/src/utils/helpers/calculateRemainingAmount.ts">
      <metrics statements="10" coveredstatements="10" conditionals="9" coveredconditionals="9" methods="1" coveredmethods="1"/>
      <line num="13" count="1" type="stmt"/>
      <line num="18" count="11278" type="cond" truecount="1" falsecount="0"/>
      <line num="19" count="1" type="stmt"/>
      <line num="23" count="11277" type="cond" truecount="4" falsecount="0"/>
      <line num="24" count="2" type="stmt"/>
      <line num="28" count="11275" type="cond" truecount="4" falsecount="0"/>
      <line num="29" count="6" type="stmt"/>
      <line num="34" count="11269" type="stmt"/>
      <line num="37" count="11269" type="stmt"/>
      <line num="40" count="1" type="stmt"/>
    </file>
    <file name="debounce.ts" path="/Users/michaelmishayev/Projects/bankDev2_standalone/mainapp/src/utils/helpers/debounce.ts">
      <metrics statements="5" coveredstatements="0" conditionals="1" coveredconditionals="0" methods="3" coveredmethods="0"/>
      <line num="3" count="0" type="stmt"/>
      <line num="9" count="0" type="stmt"/>
      <line num="10" count="0" type="stmt"/>
      <line num="11" count="0" type="stmt"/>
      <line num="12" count="0" type="stmt"/>
    </file>
    <file name="fmt.ts" path="/Users/michaelmishayev/Projects/bankDev2_standalone/mainapp/src/utils/helpers/fmt.ts">
      <metrics statements="9" coveredstatements="0" conditionals="2" coveredconditionals="0" methods="1" coveredmethods="0"/>
      <line num="2" count="0" type="stmt"/>
      <line num="3" count="0" type="stmt"/>
      <line num="4" count="0" type="cond" truecount="0" falsecount="1"/>
      <line num="5" count="0" type="stmt"/>
      <line num="7" count="0" type="cond" truecount="0" falsecount="1"/>
      <line num="8" count="0" type="stmt"/>
      <line num="10" count="0" type="stmt"/>
      <line num="12" count="0" type="stmt"/>
      <line num="16" count="0" type="stmt"/>
    </file>
    <file name="getYearWord.ts" path="/Users/michaelmishayev/Projects/bankDev2_standalone/mainapp/src/utils/helpers/getYearWord.ts">
      <metrics statements="9" coveredstatements="0" conditionals="6" coveredconditionals="0" methods="1" coveredmethods="0"/>
      <line num="1" count="0" type="stmt"/>
      <line num="17" count="0" type="stmt"/>
      <line num="18" count="0" type="stmt"/>
      <line num="19" count="0" type="stmt"/>
      <line num="21" count="0" type="cond" truecount="0" falsecount="3"/>
      <line num="22" count="0" type="cond" truecount="0" falsecount="3"/>
      <line num="23" count="0" type="stmt"/>
      <line num="24" count="0" type="stmt"/>
      <line num="27" count="0" type="stmt"/>
    </file>
  </project>
</coverage>
