{"/Users/michaelmishayev/Projects/bankDev2_standalone/mainapp/src/utils/helpers/calculateCreditAnnuityPayment.ts": {"path":"/Users/michaelmishayev/Projects/bankDev2_standalone/mainapp/src/utils/helpers/calculateCreditAnnuityPayment.ts","statementMap":{"0":{"start":{"line":21,"column":45},"end":{"line":34,"column":1}},"1":{"start":{"line":26,"column":24},"end":{"line":26,"column":35}},"2":{"start":{"line":27,"column":34},"end":{"line":27,"column":61}},"3":{"start":{"line":30,"column":4},"end":{"line":31,"column":56}},"4":{"start":{"line":33,"column":2},"end":{"line":33,"column":null}},"5":{"start":{"line":21,"column":13},"end":{"line":21,"column":45}}},"fnMap":{"0":{"name":"(anonymous_0)","decl":{"start":{"line":21,"column":45},"end":{"line":21,"column":null}},"loc":{"start":{"line":25,"column":12},"end":{"line":34,"column":1}}}},"branchMap":{},"s":{"0":1,"1":11074,"2":11074,"3":11074,"4":11074,"5":1},"f":{"0":11074},"b":{}}
,"/Users/michaelmishayev/Projects/bankDev2_standalone/mainapp/src/utils/helpers/calculateMonthlyPayment.ts": {"path":"/Users/michaelmishayev/Projects/bankDev2_standalone/mainapp/src/utils/helpers/calculateMonthlyPayment.ts","statementMap":{"0":{"start":{"line":26,"column":32},"end":{"line":70,"column":1}},"1":{"start":{"line":32,"column":2},"end":{"line":34,"column":null}},"2":{"start":{"line":33,"column":4},"end":{"line":33,"column":null}},"3":{"start":{"line":36,"column":2},"end":{"line":38,"column":null}},"4":{"start":{"line":37,"column":4},"end":{"line":37,"column":null}},"5":{"start":{"line":41,"column":2},"end":{"line":43,"column":null}},"6":{"start":{"line":42,"column":4},"end":{"line":42,"column":null}},"7":{"start":{"line":46,"column":2},"end":{"line":48,"column":null}},"8":{"start":{"line":47,"column":4},"end":{"line":47,"column":null}},"9":{"start":{"line":51,"column":2},"end":{"line":53,"column":null}},"10":{"start":{"line":52,"column":4},"end":{"line":52,"column":null}},"11":{"start":{"line":56,"column":21},"end":{"line":56,"column":49}},"12":{"start":{"line":59,"column":22},"end":{"line":59,"column":43}},"13":{"start":{"line":62,"column":20},"end":{"line":62,"column":58}},"14":{"start":{"line":66,"column":4},"end":{"line":66,"column":60}},"15":{"start":{"line":69,"column":2},"end":{"line":69,"column":null}},"16":{"start":{"line":72,"column":0},"end":{"line":72,"column":null}}},"fnMap":{"0":{"name":"(anonymous_0)","decl":{"start":{"line":26,"column":32},"end":{"line":26,"column":null}},"loc":{"start":{"line":31,"column":12},"end":{"line":70,"column":1}}}},"branchMap":{"0":{"loc":{"start":{"line":32,"column":2},"end":{"line":34,"column":null}},"type":"if","locations":[{"start":{"line":32,"column":2},"end":{"line":34,"column":null}}]},"1":{"loc":{"start":{"line":36,"column":2},"end":{"line":38,"column":null}},"type":"if","locations":[{"start":{"line":36,"column":2},"end":{"line":38,"column":null}}]},"2":{"loc":{"start":{"line":41,"column":2},"end":{"line":43,"column":null}},"type":"if","locations":[{"start":{"line":41,"column":2},"end":{"line":43,"column":null}}]},"3":{"loc":{"start":{"line":41,"column":6},"end":{"line":41,"column":115}},"type":"binary-expr","locations":[{"start":{"line":41,"column":6},"end":{"line":41,"column":31}},{"start":{"line":41,"column":35},"end":{"line":41,"column":63}},{"start":{"line":41,"column":67},"end":{"line":41,"column":87}},{"start":{"line":41,"column":91},"end":{"line":41,"column":115}}]},"4":{"loc":{"start":{"line":46,"column":2},"end":{"line":48,"column":null}},"type":"if","locations":[{"start":{"line":46,"column":2},"end":{"line":48,"column":null}}]},"5":{"loc":{"start":{"line":46,"column":6},"end":{"line":46,"column":56}},"type":"binary-expr","locations":[{"start":{"line":46,"column":6},"end":{"line":46,"column":17}},{"start":{"line":46,"column":21},"end":{"line":46,"column":37}},{"start":{"line":46,"column":41},"end":{"line":46,"column":56}}]},"6":{"loc":{"start":{"line":51,"column":2},"end":{"line":53,"column":null}},"type":"if","locations":[{"start":{"line":51,"column":2},"end":{"line":53,"column":null}}]}},"s":{"0":1,"1":51436,"2":1,"3":51435,"4":1,"5":51434,"6":2,"7":51432,"8":4,"9":51428,"10":2,"11":51426,"12":51426,"13":51426,"14":51426,"15":51426,"16":1},"f":{"0":51436},"b":{"0":[1],"1":[1],"2":[2],"3":[51434,51432,51432,51432],"4":[4],"5":[51432,51431,51429],"6":[2]}}
,"/Users/michaelmishayev/Projects/bankDev2_standalone/mainapp/src/utils/helpers/calculatePeriod.ts": {"path":"/Users/michaelmishayev/Projects/bankDev2_standalone/mainapp/src/utils/helpers/calculatePeriod.ts","statementMap":{"0":{"start":{"line":26,"column":24},"end":{"line":76,"column":1}},"1":{"start":{"line":32,"column":2},"end":{"line":34,"column":null}},"2":{"start":{"line":33,"column":4},"end":{"line":33,"column":null}},"3":{"start":{"line":36,"column":2},"end":{"line":38,"column":null}},"4":{"start":{"line":37,"column":4},"end":{"line":37,"column":null}},"5":{"start":{"line":41,"column":2},"end":{"line":43,"column":null}},"6":{"start":{"line":42,"column":4},"end":{"line":42,"column":null}},"7":{"start":{"line":46,"column":21},"end":{"line":46,"column":49}},"8":{"start":{"line":49,"column":22},"end":{"line":49,"column":43}},"9":{"start":{"line":52,"column":2},"end":{"line":54,"column":null}},"10":{"start":{"line":53,"column":4},"end":{"line":53,"column":null}},"11":{"start":{"line":57,"column":2},"end":{"line":59,"column":null}},"12":{"start":{"line":58,"column":4},"end":{"line":58,"column":15}},"13":{"start":{"line":63,"column":4},"end":{"line":64,"column":29}},"14":{"start":{"line":67,"column":2},"end":{"line":69,"column":null}},"15":{"start":{"line":68,"column":4},"end":{"line":68,"column":null}},"16":{"start":{"line":72,"column":22},"end":{"line":72,"column":39}},"17":{"start":{"line":75,"column":2},"end":{"line":75,"column":null}},"18":{"start":{"line":78,"column":0},"end":{"line":78,"column":null}}},"fnMap":{"0":{"name":"(anonymous_0)","decl":{"start":{"line":26,"column":24},"end":{"line":26,"column":null}},"loc":{"start":{"line":31,"column":4},"end":{"line":76,"column":1}}}},"branchMap":{"0":{"loc":{"start":{"line":32,"column":2},"end":{"line":34,"column":null}},"type":"if","locations":[{"start":{"line":32,"column":2},"end":{"line":34,"column":null}}]},"1":{"loc":{"start":{"line":36,"column":2},"end":{"line":38,"column":null}},"type":"if","locations":[{"start":{"line":36,"column":2},"end":{"line":38,"column":null}}]},"2":{"loc":{"start":{"line":41,"column":2},"end":{"line":43,"column":null}},"type":"if","locations":[{"start":{"line":41,"column":2},"end":{"line":43,"column":null}}]},"3":{"loc":{"start":{"line":41,"column":6},"end":{"line":41,"column":123}},"type":"binary-expr","locations":[{"start":{"line":41,"column":6},"end":{"line":41,"column":31}},{"start":{"line":41,"column":35},"end":{"line":41,"column":63}},{"start":{"line":41,"column":67},"end":{"line":41,"column":95}},{"start":{"line":41,"column":99},"end":{"line":41,"column":123}}]},"4":{"loc":{"start":{"line":52,"column":2},"end":{"line":54,"column":null}},"type":"if","locations":[{"start":{"line":52,"column":2},"end":{"line":54,"column":null}}]},"5":{"loc":{"start":{"line":52,"column":6},"end":{"line":52,"column":64}},"type":"binary-expr","locations":[{"start":{"line":52,"column":6},"end":{"line":52,"column":21}},{"start":{"line":52,"column":25},"end":{"line":52,"column":41}},{"start":{"line":52,"column":45},"end":{"line":52,"column":64}}]},"6":{"loc":{"start":{"line":57,"column":2},"end":{"line":59,"column":null}},"type":"if","locations":[{"start":{"line":57,"column":2},"end":{"line":59,"column":null}}]},"7":{"loc":{"start":{"line":67,"column":2},"end":{"line":69,"column":null}},"type":"if","locations":[{"start":{"line":67,"column":2},"end":{"line":69,"column":null}}]},"8":{"loc":{"start":{"line":67,"column":6},"end":{"line":67,"column":57}},"type":"binary-expr","locations":[{"start":{"line":67,"column":6},"end":{"line":67,"column":36}},{"start":{"line":67,"column":40},"end":{"line":67,"column":57}}]}},"s":{"0":1,"1":1205,"2":1,"3":1204,"4":1,"5":1203,"6":0,"7":1203,"8":1203,"9":1203,"10":4,"11":1199,"12":3,"13":1196,"14":1196,"15":0,"16":1196,"17":1196,"18":1},"f":{"0":1205},"b":{"0":[1],"1":[1],"2":[0],"3":[1203,1203,1203,1203],"4":[4],"5":[1203,1201,1200],"6":[3],"7":[0],"8":[1196,1196]}}
,"/Users/michaelmishayev/Projects/bankDev2_standalone/mainapp/src/utils/helpers/calculateRemainingAmount.ts": {"path":"/Users/michaelmishayev/Projects/bankDev2_standalone/mainapp/src/utils/helpers/calculateRemainingAmount.ts","statementMap":{"0":{"start":{"line":13,"column":33},"end":{"line":38,"column":1}},"1":{"start":{"line":18,"column":2},"end":{"line":20,"column":null}},"2":{"start":{"line":19,"column":4},"end":{"line":19,"column":null}},"3":{"start":{"line":23,"column":2},"end":{"line":25,"column":null}},"4":{"start":{"line":24,"column":4},"end":{"line":24,"column":null}},"5":{"start":{"line":28,"column":2},"end":{"line":30,"column":null}},"6":{"start":{"line":29,"column":4},"end":{"line":29,"column":null}},"7":{"start":{"line":34,"column":4},"end":{"line":34,"column":71}},"8":{"start":{"line":37,"column":2},"end":{"line":37,"column":null}},"9":{"start":{"line":40,"column":0},"end":{"line":40,"column":null}}},"fnMap":{"0":{"name":"(anonymous_0)","decl":{"start":{"line":13,"column":33},"end":{"line":13,"column":null}},"loc":{"start":{"line":17,"column":12},"end":{"line":38,"column":1}}}},"branchMap":{"0":{"loc":{"start":{"line":18,"column":2},"end":{"line":20,"column":null}},"type":"if","locations":[{"start":{"line":18,"column":2},"end":{"line":20,"column":null}}]},"1":{"loc":{"start":{"line":23,"column":2},"end":{"line":25,"column":null}},"type":"if","locations":[{"start":{"line":23,"column":2},"end":{"line":25,"column":null}}]},"2":{"loc":{"start":{"line":23,"column":6},"end":{"line":23,"column":103}},"type":"binary-expr","locations":[{"start":{"line":23,"column":6},"end":{"line":23,"column":43}},{"start":{"line":23,"column":47},"end":{"line":23,"column":75}},{"start":{"line":23,"column":79},"end":{"line":23,"column":103}}]},"3":{"loc":{"start":{"line":28,"column":2},"end":{"line":30,"column":null}},"type":"if","locations":[{"start":{"line":28,"column":2},"end":{"line":30,"column":null}}]},"4":{"loc":{"start":{"line":28,"column":6},"end":{"line":28,"column":76}},"type":"binary-expr","locations":[{"start":{"line":28,"column":6},"end":{"line":28,"column":34}},{"start":{"line":28,"column":38},"end":{"line":28,"column":57}},{"start":{"line":28,"column":61},"end":{"line":28,"column":76}}]}},"s":{"0":1,"1":11278,"2":1,"3":11277,"4":2,"5":11275,"6":6,"7":11269,"8":11269,"9":1},"f":{"0":11278},"b":{"0":[1],"1":[2],"2":[11277,11275,11275],"3":[6],"4":[11275,11273,11271]}}
,"/Users/michaelmishayev/Projects/bankDev2_standalone/mainapp/src/utils/helpers/debounce.ts": {"path":"/Users/michaelmishayev/Projects/bankDev2_standalone/mainapp/src/utils/helpers/debounce.ts","statementMap":{"0":{"start":{"line":9,"column":2},"end":{"line":14,"column":null}},"1":{"start":{"line":10,"column":4},"end":{"line":10,"column":null}},"2":{"start":{"line":11,"column":4},"end":{"line":13,"column":null}},"3":{"start":{"line":12,"column":6},"end":{"line":12,"column":null}},"4":{"start":{"line":3,"column":0},"end":{"line":3,"column":16}}},"fnMap":{"0":{"name":"debounce","decl":{"start":{"line":3,"column":16},"end":{"line":3,"column":24}},"loc":{"start":{"line":5,"column":15},"end":{"line":15,"column":1}}},"1":{"name":"(anonymous_1)","decl":{"start":{"line":9,"column":9},"end":{"line":9,"column":34}},"loc":{"start":{"line":9,"column":56},"end":{"line":14,"column":3}}},"2":{"name":"(anonymous_2)","decl":{"start":{"line":11,"column":23},"end":{"line":11,"column":26}},"loc":{"start":{"line":11,"column":28},"end":{"line":13,"column":5}}}},"branchMap":{"0":{"loc":{"start":{"line":5,"column":2},"end":{"line":5,"column":15}},"type":"default-arg","locations":[{"start":{"line":5,"column":12},"end":{"line":5,"column":15}}]}},"s":{"0":0,"1":0,"2":0,"3":0,"4":0},"f":{"0":0,"1":0,"2":0},"b":{"0":[0]}}
,"/Users/michaelmishayev/Projects/bankDev2_standalone/mainapp/src/utils/helpers/fmt.ts": {"path":"/Users/michaelmishayev/Projects/bankDev2_standalone/mainapp/src/utils/helpers/fmt.ts","statementMap":{"0":{"start":{"line":2,"column":22},"end":{"line":14,"column":1}},"1":{"start":{"line":3,"column":2},"end":{"line":13,"column":null}},"2":{"start":{"line":4,"column":4},"end":{"line":6,"column":null}},"3":{"start":{"line":5,"column":6},"end":{"line":5,"column":null}},"4":{"start":{"line":7,"column":4},"end":{"line":9,"column":null}},"5":{"start":{"line":8,"column":6},"end":{"line":8,"column":null}},"6":{"start":{"line":10,"column":4},"end":{"line":10,"column":null}},"7":{"start":{"line":12,"column":4},"end":{"line":12,"column":null}},"8":{"start":{"line":16,"column":0},"end":{"line":16,"column":null}}},"fnMap":{"0":{"name":"(anonymous_0)","decl":{"start":{"line":2,"column":22},"end":{"line":2,"column":23}},"loc":{"start":{"line":2,"column":67},"end":{"line":14,"column":1}}}},"branchMap":{"0":{"loc":{"start":{"line":4,"column":4},"end":{"line":6,"column":null}},"type":"if","locations":[{"start":{"line":4,"column":4},"end":{"line":6,"column":null}}]},"1":{"loc":{"start":{"line":7,"column":4},"end":{"line":9,"column":null}},"type":"if","locations":[{"start":{"line":7,"column":4},"end":{"line":9,"column":null}}]}},"s":{"0":0,"1":0,"2":0,"3":0,"4":0,"5":0,"6":0,"7":0,"8":0},"f":{"0":0},"b":{"0":[0],"1":[0]}}
,"/Users/michaelmishayev/Projects/bankDev2_standalone/mainapp/src/utils/helpers/getYearWord.ts": {"path":"/Users/michaelmishayev/Projects/bankDev2_standalone/mainapp/src/utils/helpers/getYearWord.ts","statementMap":{"0":{"start":{"line":1,"column":0},"end":{"line":1,"column":29}},"1":{"start":{"line":17,"column":20},"end":{"line":25,"column":1}},"2":{"start":{"line":18,"column":20},"end":{"line":18,"column":28}},"3":{"start":{"line":19,"column":24},"end":{"line":19,"column":33}},"4":{"start":{"line":21,"column":2},"end":{"line":21,"column":null}},"5":{"start":{"line":21,"column":47},"end":{"line":21,"column":null}},"6":{"start":{"line":22,"column":2},"end":{"line":23,"column":null}},"7":{"start":{"line":23,"column":4},"end":{"line":23,"column":null}},"8":{"start":{"line":24,"column":2},"end":{"line":24,"column":null}},"9":{"start":{"line":27,"column":0},"end":{"line":27,"column":null}}},"fnMap":{"0":{"name":"(anonymous_1)","decl":{"start":{"line":17,"column":20},"end":{"line":17,"column":21}},"loc":{"start":{"line":17,"column":36},"end":{"line":25,"column":1}}}},"branchMap":{"0":{"loc":{"start":{"line":21,"column":2},"end":{"line":21,"column":null}},"type":"if","locations":[{"start":{"line":21,"column":2},"end":{"line":21,"column":null}}]},"1":{"loc":{"start":{"line":21,"column":6},"end":{"line":21,"column":45}},"type":"binary-expr","locations":[{"start":{"line":21,"column":6},"end":{"line":21,"column":21}},{"start":{"line":21,"column":25},"end":{"line":21,"column":45}}]},"2":{"loc":{"start":{"line":22,"column":2},"end":{"line":23,"column":null}},"type":"if","locations":[{"start":{"line":22,"column":2},"end":{"line":23,"column":null}}]},"3":{"loc":{"start":{"line":22,"column":6},"end":{"line":22,"column":76}},"type":"binary-expr","locations":[{"start":{"line":22,"column":6},"end":{"line":22,"column":35}},{"start":{"line":22,"column":39},"end":{"line":22,"column":76}}]}},"s":{"0":0,"1":0,"2":0,"3":0,"4":0,"5":0,"6":0,"7":0,"8":0,"9":0},"f":{"0":0},"b":{"0":[0],"1":[0,0],"2":[0],"3":[0,0]}}
}
