{"/Users/michaelmishayev/Projects/bankDev2_standalone/mainapp/src/pages/Services/pages/CalculateMortgage/pages/FirstStep/FirstStep.tsx": {"path":"/Users/michaelmishayev/Projects/bankDev2_standalone/mainapp/src/pages/Services/pages/CalculateMortgage/pages/FirstStep/FirstStep.tsx","statementMap":{"0":{"start":{"line":32,"column":0},"end":{"line":32,"column":37}},"1":{"start":{"line":34,"column":0},"end":{"line":34,"column":69}},"2":{"start":{"line":35,"column":0},"end":{"line":35,"column":46}},"3":{"start":{"line":36,"column":0},"end":{"line":36,"column":42}},"4":{"start":{"line":37,"column":0},"end":{"line":37,"column":26}},"5":{"start":{"line":39,"column":0},"end":{"line":39,"column":56}},"6":{"start":{"line":40,"column":0},"end":{"line":40,"column":68}},"7":{"start":{"line":41,"column":0},"end":{"line":41,"column":65}},"8":{"start":{"line":42,"column":0},"end":{"line":42,"column":56}},"9":{"start":{"line":43,"column":0},"end":{"line":43,"column":89}},"10":{"start":{"line":44,"column":0},"end":{"line":44,"column":70}},"11":{"start":{"line":45,"column":0},"end":{"line":45,"column":70}},"12":{"start":{"line":46,"column":0},"end":{"line":46,"column":54}},"13":{"start":{"line":47,"column":0},"end":{"line":47,"column":77}},"14":{"start":{"line":49,"column":0},"end":{"line":49,"column":66}},"15":{"start":{"line":50,"column":0},"end":{"line":50,"column":57}},"16":{"start":{"line":53,"column":35},"end":{"line":82,"column":2}},"17":{"start":{"line":53,"column":41},"end":{"line":82,"column":2}},"18":{"start":{"line":64,"column":38},"end":{"line":64,"column":68}},"19":{"start":{"line":65,"column":8},"end":{"line":65,"column":null}},"20":{"start":{"line":53,"column":13},"end":{"line":53,"column":35}},"21":{"start":{"line":85,"column":28},"end":{"line":85,"column":48}},"22":{"start":{"line":87,"column":2},"end":{"line":89,"column":null}},"23":{"start":{"line":88,"column":4},"end":{"line":88,"column":null}},"24":{"start":{"line":91,"column":2},"end":{"line":91,"column":null}},"25":{"start":{"line":84,"column":0},"end":{"line":84,"column":16}},"26":{"start":{"line":94,"column":18},"end":{"line":149,"column":1}},"27":{"start":{"line":95,"column":22},"end":{"line":95,"column":38}},"28":{"start":{"line":96,"column":25},"end":{"line":96,"column":56}},"29":{"start":{"line":97,"column":19},"end":{"line":97,"column":35}},"30":{"start":{"line":99,"column":19},"end":{"line":99,"column":32}},"31":{"start":{"line":101,"column":21},"end":{"line":101,"column":62}},"32":{"start":{"line":101,"column":47},"end":{"line":101,"column":61}},"33":{"start":{"line":103,"column":18},"end":{"line":103,"column":64}},"34":{"start":{"line":103,"column":44},"end":{"line":103,"column":63}},"35":{"start":{"line":105,"column":24},"end":{"line":115,"column":null}},"36":{"start":{"line":117,"column":2},"end":{"line":148,"column":null}},"37":{"start":{"line":124,"column":10},"end":{"line":124,"column":null}},"38":{"start":{"line":125,"column":10},"end":{"line":130,"column":null}},"39":{"start":{"line":126,"column":12},"end":{"line":126,"column":null}},"40":{"start":{"line":128,"column":12},"end":{"line":128,"column":null}},"41":{"start":{"line":129,"column":12},"end":{"line":129,"column":null}},"42":{"start":{"line":151,"column":0},"end":{"line":151,"column":null}}},"fnMap":{"0":{"name":"(anonymous_7)","decl":{"start":{"line":53,"column":35},"end":{"line":53,"column":38}},"loc":{"start":{"line":53,"column":41},"end":{"line":82,"column":2}}},"1":{"name":"(anonymous_8)","decl":{"start":{"line":63,"column":6},"end":{"line":63,"column":16}},"loc":{"start":{"line":63,"column":21},"end":{"line":66,"column":7}}},"2":{"name":"validateInitialPayment","decl":{"start":{"line":84,"column":16},"end":{"line":84,"column":38}},"loc":{"start":{"line":84,"column":76},"end":{"line":92,"column":1}}},"3":{"name":"(anonymous_10)","decl":{"start":{"line":94,"column":18},"end":{"line":94,"column":21}},"loc":{"start":{"line":94,"column":23},"end":{"line":149,"column":1}}},"4":{"name":"(anonymous_11)","decl":{"start":{"line":101,"column":36},"end":{"line":101,"column":37}},"loc":{"start":{"line":101,"column":47},"end":{"line":101,"column":61}}},"5":{"name":"(anonymous_12)","decl":{"start":{"line":103,"column":33},"end":{"line":103,"column":34}},"loc":{"start":{"line":103,"column":44},"end":{"line":103,"column":63}}},"6":{"name":"(anonymous_13)","decl":{"start":{"line":123,"column":18},"end":{"line":123,"column":19}},"loc":{"start":{"line":123,"column":29},"end":{"line":131,"column":9}}}},"branchMap":{"0":{"loc":{"start":{"line":64,"column":38},"end":{"line":64,"column":68}},"type":"binary-expr","locations":[{"start":{"line":64,"column":38},"end":{"line":64,"column":63}},{"start":{"line":64,"column":67},"end":{"line":64,"column":68}}]},"1":{"loc":{"start":{"line":87,"column":2},"end":{"line":89,"column":null}},"type":"if","locations":[{"start":{"line":87,"column":2},"end":{"line":89,"column":null}}]},"2":{"loc":{"start":{"line":106,"column":19},"end":{"line":106,"column":54}},"type":"binary-expr","locations":[{"start":{"line":106,"column":19},"end":{"line":106,"column":43}},{"start":{"line":106,"column":47},"end":{"line":106,"column":54}}]},"3":{"loc":{"start":{"line":107,"column":21},"end":{"line":107,"column":53}},"type":"binary-expr","locations":[{"start":{"line":107,"column":21},"end":{"line":107,"column":47}},{"start":{"line":107,"column":51},"end":{"line":107,"column":53}}]},"4":{"loc":{"start":{"line":108,"column":24},"end":{"line":108,"column":59}},"type":"binary-expr","locations":[{"start":{"line":108,"column":24},"end":{"line":108,"column":53}},{"start":{"line":108,"column":57},"end":{"line":108,"column":59}}]},"5":{"loc":{"start":{"line":109,"column":16},"end":{"line":109,"column":47}},"type":"binary-expr","locations":[{"start":{"line":109,"column":16},"end":{"line":109,"column":37}},{"start":{"line":109,"column":41},"end":{"line":109,"column":47}}]},"6":{"loc":{"start":{"line":110,"column":16},"end":{"line":110,"column":43}},"type":"binary-expr","locations":[{"start":{"line":110,"column":16},"end":{"line":110,"column":37}},{"start":{"line":110,"column":41},"end":{"line":110,"column":43}}]},"7":{"loc":{"start":{"line":111,"column":21},"end":{"line":111,"column":53}},"type":"binary-expr","locations":[{"start":{"line":111,"column":21},"end":{"line":111,"column":47}},{"start":{"line":111,"column":51},"end":{"line":111,"column":53}}]},"8":{"loc":{"start":{"line":112,"column":23},"end":{"line":112,"column":57}},"type":"binary-expr","locations":[{"start":{"line":112,"column":23},"end":{"line":112,"column":51}},{"start":{"line":112,"column":55},"end":{"line":112,"column":57}}]},"9":{"loc":{"start":{"line":113,"column":12},"end":{"line":113,"column":34}},"type":"binary-expr","locations":[{"start":{"line":113,"column":12},"end":{"line":113,"column":29}},{"start":{"line":113,"column":33},"end":{"line":113,"column":34}}]},"10":{"loc":{"start":{"line":114,"column":20},"end":{"line":114,"column":54}},"type":"binary-expr","locations":[{"start":{"line":114,"column":20},"end":{"line":114,"column":45}},{"start":{"line":114,"column":49},"end":{"line":114,"column":54}}]},"11":{"loc":{"start":{"line":125,"column":10},"end":{"line":130,"column":null}},"type":"if","locations":[{"start":{"line":125,"column":10},"end":{"line":130,"column":null}},{"start":{"line":127,"column":17},"end":{"line":130,"column":null}}]}},"s":{"0":0,"1":0,"2":0,"3":0,"4":0,"5":0,"6":0,"7":0,"8":0,"9":0,"10":0,"11":0,"12":0,"13":0,"14":0,"15":0,"16":0,"17":0,"18":0,"19":0,"20":0,"21":0,"22":0,"23":0,"24":0,"25":0,"26":0,"27":0,"28":0,"29":0,"30":0,"31":0,"32":0,"33":0,"34":0,"35":0,"36":0,"37":0,"38":0,"39":0,"40":0,"41":0,"42":0},"f":{"0":0,"1":0,"2":0,"3":0,"4":0,"5":0,"6":0},"b":{"0":[0,0],"1":[0],"2":[0,0],"3":[0,0],"4":[0,0],"5":[0,0],"6":[0,0],"7":[0,0],"8":[0,0],"9":[0,0],"10":[0,0],"11":[0,0]}}
,"/Users/michaelmishayev/Projects/bankDev2_standalone/mainapp/src/pages/Services/pages/CalculateMortgage/pages/FirstStep/MortgagePhoneVerificationModal.tsx": {"path":"/Users/michaelmishayev/Projects/bankDev2_standalone/mainapp/src/pages/Services/pages/CalculateMortgage/pages/FirstStep/MortgagePhoneVerificationModal.tsx","statementMap":{"0":{"start":{"line":1,"column":0},"end":{"line":1,"column":25}},"1":{"start":{"line":2,"column":0},"end":{"line":2,"column":46}},"2":{"start":{"line":3,"column":0},"end":{"line":3,"column":65}},"3":{"start":{"line":4,"column":0},"end":{"line":4,"column":81}},"4":{"start":{"line":5,"column":0},"end":{"line":5,"column":70}},"5":{"start":{"line":6,"column":0},"end":{"line":6,"column":112}},"6":{"start":{"line":7,"column":0},"end":{"line":7,"column":116}},"7":{"start":{"line":9,"column":49},"end":{"line":41,"column":1}},"8":{"start":{"line":10,"column":19},"end":{"line":10,"column":35}},"9":{"start":{"line":11,"column":19},"end":{"line":11,"column":35}},"10":{"start":{"line":13,"column":17},"end":{"line":13,"column":72}},"11":{"start":{"line":13,"column":43},"end":{"line":13,"column":71}},"12":{"start":{"line":15,"column":22},"end":{"line":18,"column":3}},"13":{"start":{"line":16,"column":4},"end":{"line":16,"column":null}},"14":{"start":{"line":17,"column":4},"end":{"line":17,"column":null}},"15":{"start":{"line":20,"column":24},"end":{"line":26,"column":3}},"16":{"start":{"line":22,"column":4},"end":{"line":22,"column":null}},"17":{"start":{"line":24,"column":4},"end":{"line":24,"column":null}},"18":{"start":{"line":25,"column":4},"end":{"line":25,"column":null}},"19":{"start":{"line":28,"column":2},"end":{"line":28,"column":null}},"20":{"start":{"line":28,"column":15},"end":{"line":28,"column":null}},"21":{"start":{"line":30,"column":2},"end":{"line":40,"column":null}},"22":{"start":{"line":43,"column":0},"end":{"line":43,"column":null}}},"fnMap":{"0":{"name":"(anonymous_1)","decl":{"start":{"line":9,"column":49},"end":{"line":9,"column":52}},"loc":{"start":{"line":9,"column":54},"end":{"line":41,"column":1}}},"1":{"name":"(anonymous_2)","decl":{"start":{"line":13,"column":32},"end":{"line":13,"column":33}},"loc":{"start":{"line":13,"column":43},"end":{"line":13,"column":71}}},"2":{"name":"(anonymous_3)","decl":{"start":{"line":15,"column":22},"end":{"line":15,"column":25}},"loc":{"start":{"line":15,"column":27},"end":{"line":18,"column":3}}},"3":{"name":"(anonymous_4)","decl":{"start":{"line":20,"column":24},"end":{"line":20,"column":27}},"loc":{"start":{"line":20,"column":29},"end":{"line":26,"column":3}}}},"branchMap":{"0":{"loc":{"start":{"line":28,"column":2},"end":{"line":28,"column":null}},"type":"if","locations":[{"start":{"line":28,"column":2},"end":{"line":28,"column":null}}]},"1":{"loc":{"start":{"line":30,"column":9},"end":{"line":39,"column":null}},"type":"cond-expr","locations":[{"start":{"line":31,"column":4},"end":{"line":33,"column":null}},{"start":{"line":36,"column":4},"end":{"line":38,"column":null}}]}},"s":{"0":0,"1":0,"2":0,"3":0,"4":0,"5":0,"6":0,"7":0,"8":0,"9":0,"10":0,"11":0,"12":0,"13":0,"14":0,"15":0,"16":0,"17":0,"18":0,"19":0,"20":0,"21":0,"22":0},"f":{"0":0,"1":0,"2":0,"3":0},"b":{"0":[0],"1":[0,0]}}
,"/Users/michaelmishayev/Projects/bankDev2_standalone/mainapp/src/pages/Services/pages/CalculateMortgage/pages/FirstStep/FirstStepForm/FirstStepForm.tsx": {"path":"/Users/michaelmishayev/Projects/bankDev2_standalone/mainapp/src/pages/Services/pages/CalculateMortgage/pages/FirstStep/FirstStepForm/FirstStepForm.tsx","statementMap":{"0":{"start":{"line":1,"column":0},"end":{"line":1,"column":41}},"1":{"start":{"line":2,"column":0},"end":{"line":2,"column":46}},"2":{"start":{"line":3,"column":0},"end":{"line":3,"column":43}},"3":{"start":{"line":5,"column":0},"end":{"line":5,"column":97}},"4":{"start":{"line":6,"column":0},"end":{"line":6,"column":54}},"5":{"start":{"line":7,"column":0},"end":{"line":7,"column":58}},"6":{"start":{"line":8,"column":0},"end":{"line":8,"column":44}},"7":{"start":{"line":9,"column":0},"end":{"line":9,"column":73}},"8":{"start":{"line":10,"column":0},"end":{"line":10,"column":56}},"9":{"start":{"line":11,"column":0},"end":{"line":11,"column":50}},"10":{"start":{"line":12,"column":0},"end":{"line":12,"column":56}},"11":{"start":{"line":13,"column":0},"end":{"line":13,"column":68}},"12":{"start":{"line":14,"column":0},"end":{"line":14,"column":64}},"13":{"start":{"line":15,"column":0},"end":{"line":15,"column":44}},"14":{"start":{"line":16,"column":0},"end":{"line":16,"column":49}},"15":{"start":{"line":17,"column":0},"end":{"line":17,"column":71}},"16":{"start":{"line":19,"column":0},"end":{"line":19,"column":56}},"17":{"start":{"line":20,"column":0},"end":{"line":20,"column":60}},"18":{"start":{"line":21,"column":0},"end":{"line":21,"column":69}},"19":{"start":{"line":28,"column":22},"end":{"line":322,"column":1}},"20":{"start":{"line":29,"column":22},"end":{"line":29,"column":38}},"21":{"start":{"line":30,"column":25},"end":{"line":30,"column":56}},"22":{"start":{"line":31,"column":19},"end":{"line":31,"column":35}},"23":{"start":{"line":34,"column":101},"end":{"line":34,"column":134}},"24":{"start":{"line":36,"column":40},"end":{"line":36,"column":66}},"25":{"start":{"line":37,"column":36},"end":{"line":37,"column":73}},"26":{"start":{"line":38,"column":54},"end":{"line":38,"column":68}},"27":{"start":{"line":40,"column":2},"end":{"line":114,"column":null}},"28":{"start":{"line":41,"column":24},"end":{"line":57,"column":5}},"29":{"start":{"line":42,"column":6},"end":{"line":56,"column":null}},"30":{"start":{"line":43,"column":25},"end":{"line":43,"column":77}},"31":{"start":{"line":44,"column":21},"end":{"line":44,"column":42}},"32":{"start":{"line":45,"column":8},"end":{"line":53,"column":null}},"33":{"start":{"line":46,"column":34},"end":{"line":49,"column":13}},"34":{"start":{"line":46,"column":59},"end":{"line":49,"column":12}},"35":{"start":{"line":50,"column":10},"end":{"line":50,"column":null}},"36":{"start":{"line":52,"column":10},"end":{"line":52,"column":null}},"37":{"start":{"line":55,"column":8},"end":{"line":55,"column":null}},"38":{"start":{"line":60,"column":27},"end":{"line":110,"column":5}},"39":{"start":{"line":61,"column":6},"end":{"line":109,"column":null}},"40":{"start":{"line":62,"column":8},"end":{"line":62,"column":null}},"41":{"start":{"line":63,"column":27},"end":{"line":65,"column":60}},"42":{"start":{"line":66,"column":25},"end":{"line":66,"column":102}},"43":{"start":{"line":67,"column":21},"end":{"line":67,"column":42}},"44":{"start":{"line":69,"column":8},"end":{"line":87,"column":null}},"45":{"start":{"line":71,"column":51},"end":{"line":71,"column":53}},"46":{"start":{"line":72,"column":10},"end":{"line":74,"column":null}},"47":{"start":{"line":73,"column":12},"end":{"line":73,"column":76}},"48":{"start":{"line":75,"column":10},"end":{"line":75,"column":null}},"49":{"start":{"line":76,"column":10},"end":{"line":76,"column":null}},"50":{"start":{"line":77,"column":15},"end":{"line":87,"column":null}},"51":{"start":{"line":79,"column":51},"end":{"line":79,"column":53}},"52":{"start":{"line":80,"column":10},"end":{"line":82,"column":null}},"53":{"start":{"line":81,"column":12},"end":{"line":81,"column":null}},"54":{"start":{"line":83,"column":10},"end":{"line":83,"column":null}},"55":{"start":{"line":84,"column":10},"end":{"line":84,"column":null}},"56":{"start":{"line":86,"column":10},"end":{"line":86,"column":null}},"57":{"start":{"line":89,"column":8},"end":{"line":89,"column":null}},"58":{"start":{"line":91,"column":8},"end":{"line":91,"column":null}},"59":{"start":{"line":92,"column":8},"end":{"line":106,"column":null}},"60":{"start":{"line":93,"column":25},"end":{"line":93,"column":78}},"61":{"start":{"line":94,"column":10},"end":{"line":98,"column":null}},"62":{"start":{"line":100,"column":10},"end":{"line":100,"column":null}},"63":{"start":{"line":101,"column":10},"end":{"line":105,"column":null}},"64":{"start":{"line":108,"column":8},"end":{"line":108,"column":null}},"65":{"start":{"line":112,"column":4},"end":{"line":112,"column":null}},"66":{"start":{"line":113,"column":4},"end":{"line":113,"column":null}},"67":{"start":{"line":118,"column":26},"end":{"line":118,"column":57}},"68":{"start":{"line":119,"column":20},"end":{"line":119,"column":44}},"69":{"start":{"line":120,"column":25},"end":{"line":120,"column":55}},"70":{"start":{"line":121,"column":33},"end":{"line":121,"column":71}},"71":{"start":{"line":124,"column":36},"end":{"line":128,"column":null}},"72":{"start":{"line":131,"column":2},"end":{"line":137,"column":null}},"73":{"start":{"line":140,"column":2},"end":{"line":142,"column":null}},"74":{"start":{"line":141,"column":4},"end":{"line":141,"column":null}},"75":{"start":{"line":145,"column":2},"end":{"line":147,"column":null}},"76":{"start":{"line":146,"column":4},"end":{"line":146,"column":null}},"77":{"start":{"line":150,"column":4},"end":{"line":150,"column":46}},"78":{"start":{"line":154,"column":27},"end":{"line":160,"column":3}},"79":{"start":{"line":155,"column":4},"end":{"line":155,"column":null}},"80":{"start":{"line":155,"column":47},"end":{"line":155,"column":null}},"81":{"start":{"line":158,"column":21},"end":{"line":158,"column":82}},"82":{"start":{"line":159,"column":4},"end":{"line":159,"column":null}},"83":{"start":{"line":163,"column":31},"end":{"line":168,"column":3}},"84":{"start":{"line":164,"column":4},"end":{"line":164,"column":null}},"85":{"start":{"line":164,"column":47},"end":{"line":164,"column":null}},"86":{"start":{"line":166,"column":26},"end":{"line":166,"column":76}},"87":{"start":{"line":167,"column":4},"end":{"line":167,"column":41}},"88":{"start":{"line":171,"column":2},"end":{"line":187,"column":null}},"89":{"start":{"line":172,"column":4},"end":{"line":186,"column":null}},"90":{"start":{"line":173,"column":25},"end":{"line":173,"column":93}},"91":{"start":{"line":174,"column":25},"end":{"line":174,"column":45}},"92":{"start":{"line":177,"column":6},"end":{"line":185,"column":null}},"93":{"start":{"line":178,"column":8},"end":{"line":178,"column":null}},"94":{"start":{"line":179,"column":8},"end":{"line":179,"column":null}},"95":{"start":{"line":182,"column":11},"end":{"line":185,"column":null}},"96":{"start":{"line":183,"column":8},"end":{"line":183,"column":null}},"97":{"start":{"line":184,"column":8},"end":{"line":184,"column":null}},"98":{"start":{"line":189,"column":2},"end":{"line":321,"column":null}},"99":{"start":{"line":197,"column":16},"end":{"line":197,"column":null}},"100":{"start":{"line":198,"column":16},"end":{"line":198,"column":null}},"101":{"start":{"line":215,"column":35},"end":{"line":215,"column":74}},"102":{"start":{"line":216,"column":28},"end":{"line":216,"column":68}},"103":{"start":{"line":230,"column":35},"end":{"line":230,"column":77}},"104":{"start":{"line":231,"column":28},"end":{"line":231,"column":71}},"105":{"start":{"line":251,"column":16},"end":{"line":251,"column":null}},"106":{"start":{"line":252,"column":16},"end":{"line":252,"column":null}},"107":{"start":{"line":268,"column":35},"end":{"line":268,"column":69}},"108":{"start":{"line":269,"column":28},"end":{"line":269,"column":63}},"109":{"start":{"line":284,"column":35},"end":{"line":284,"column":74}},"110":{"start":{"line":285,"column":28},"end":{"line":285,"column":68}},"111":{"start":{"line":303,"column":35},"end":{"line":303,"column":76}},"112":{"start":{"line":304,"column":28},"end":{"line":304,"column":70}},"113":{"start":{"line":324,"column":0},"end":{"line":324,"column":null}}},"fnMap":{"0":{"name":"(anonymous_1)","decl":{"start":{"line":28,"column":22},"end":{"line":28,"column":25}},"loc":{"start":{"line":28,"column":27},"end":{"line":322,"column":1}}},"1":{"name":"(anonymous_2)","decl":{"start":{"line":40,"column":12},"end":{"line":40,"column":15}},"loc":{"start":{"line":40,"column":17},"end":{"line":114,"column":3}}},"2":{"name":"(anonymous_3)","decl":{"start":{"line":41,"column":24},"end":{"line":41,"column":29}},"loc":{"start":{"line":41,"column":35},"end":{"line":57,"column":5}}},"3":{"name":"(anonymous_4)","decl":{"start":{"line":46,"column":48},"end":{"line":46,"column":49}},"loc":{"start":{"line":46,"column":59},"end":{"line":49,"column":12}}},"4":{"name":"(anonymous_5)","decl":{"start":{"line":60,"column":27},"end":{"line":60,"column":32}},"loc":{"start":{"line":60,"column":38},"end":{"line":110,"column":5}}},"5":{"name":"(anonymous_6)","decl":{"start":{"line":72,"column":65},"end":{"line":72,"column":68}},"loc":{"start":{"line":72,"column":71},"end":{"line":74,"column":11}}},"6":{"name":"(anonymous_7)","decl":{"start":{"line":80,"column":65},"end":{"line":80,"column":68}},"loc":{"start":{"line":80,"column":71},"end":{"line":82,"column":11}}},"7":{"name":"(anonymous_8)","decl":{"start":{"line":154,"column":27},"end":{"line":154,"column":28}},"loc":{"start":{"line":154,"column":88},"end":{"line":160,"column":3}}},"8":{"name":"(anonymous_9)","decl":{"start":{"line":163,"column":31},"end":{"line":163,"column":32}},"loc":{"start":{"line":163,"column":92},"end":{"line":168,"column":3}}},"9":{"name":"(anonymous_10)","decl":{"start":{"line":171,"column":12},"end":{"line":171,"column":15}},"loc":{"start":{"line":171,"column":17},"end":{"line":187,"column":3}}},"10":{"name":"(anonymous_11)","decl":{"start":{"line":196,"column":28},"end":{"line":196,"column":29}},"loc":{"start":{"line":196,"column":38},"end":{"line":199,"column":15}}},"11":{"name":"(anonymous_12)","decl":{"start":{"line":215,"column":24},"end":{"line":215,"column":25}},"loc":{"start":{"line":215,"column":35},"end":{"line":215,"column":74}}},"12":{"name":"(anonymous_13)","decl":{"start":{"line":216,"column":22},"end":{"line":216,"column":25}},"loc":{"start":{"line":216,"column":28},"end":{"line":216,"column":68}}},"13":{"name":"(anonymous_14)","decl":{"start":{"line":230,"column":24},"end":{"line":230,"column":25}},"loc":{"start":{"line":230,"column":35},"end":{"line":230,"column":77}}},"14":{"name":"(anonymous_15)","decl":{"start":{"line":231,"column":22},"end":{"line":231,"column":25}},"loc":{"start":{"line":231,"column":28},"end":{"line":231,"column":71}}},"15":{"name":"(anonymous_16)","decl":{"start":{"line":250,"column":28},"end":{"line":250,"column":29}},"loc":{"start":{"line":250,"column":38},"end":{"line":253,"column":15}}},"16":{"name":"(anonymous_17)","decl":{"start":{"line":268,"column":24},"end":{"line":268,"column":25}},"loc":{"start":{"line":268,"column":35},"end":{"line":268,"column":69}}},"17":{"name":"(anonymous_18)","decl":{"start":{"line":269,"column":22},"end":{"line":269,"column":25}},"loc":{"start":{"line":269,"column":28},"end":{"line":269,"column":63}}},"18":{"name":"(anonymous_19)","decl":{"start":{"line":284,"column":24},"end":{"line":284,"column":25}},"loc":{"start":{"line":284,"column":35},"end":{"line":284,"column":74}}},"19":{"name":"(anonymous_20)","decl":{"start":{"line":285,"column":22},"end":{"line":285,"column":25}},"loc":{"start":{"line":285,"column":28},"end":{"line":285,"column":68}}},"20":{"name":"(anonymous_21)","decl":{"start":{"line":303,"column":24},"end":{"line":303,"column":25}},"loc":{"start":{"line":303,"column":35},"end":{"line":303,"column":76}}},"21":{"name":"(anonymous_22)","decl":{"start":{"line":304,"column":22},"end":{"line":304,"column":25}},"loc":{"start":{"line":304,"column":28},"end":{"line":304,"column":70}}}},"branchMap":{"0":{"loc":{"start":{"line":45,"column":8},"end":{"line":53,"column":null}},"type":"if","locations":[{"start":{"line":45,"column":8},"end":{"line":53,"column":null}},{"start":{"line":51,"column":15},"end":{"line":53,"column":null}}]},"1":{"loc":{"start":{"line":63,"column":27},"end":{"line":65,"column":60}},"type":"cond-expr","locations":[{"start":{"line":64,"column":12},"end":{"line":64,"column":18}},{"start":{"line":65,"column":12},"end":{"line":65,"column":60}}]},"2":{"loc":{"start":{"line":63,"column":27},"end":{"line":63,"column":111}},"type":"binary-expr","locations":[{"start":{"line":63,"column":27},"end":{"line":63,"column":67}},{"start":{"line":63,"column":71},"end":{"line":63,"column":111}}]},"3":{"loc":{"start":{"line":65,"column":12},"end":{"line":65,"column":60}},"type":"binary-expr","locations":[{"start":{"line":65,"column":12},"end":{"line":65,"column":50}},{"start":{"line":65,"column":54},"end":{"line":65,"column":60}}]},"4":{"loc":{"start":{"line":69,"column":8},"end":{"line":87,"column":null}},"type":"if","locations":[{"start":{"line":69,"column":8},"end":{"line":87,"column":null}},{"start":{"line":77,"column":15},"end":{"line":87,"column":null}}]},"5":{"loc":{"start":{"line":69,"column":12},"end":{"line":69,"column":74}},"type":"binary-expr","locations":[{"start":{"line":69,"column":12},"end":{"line":69,"column":37}},{"start":{"line":69,"column":41},"end":{"line":69,"column":74}}]},"6":{"loc":{"start":{"line":77,"column":15},"end":{"line":87,"column":null}},"type":"if","locations":[{"start":{"line":77,"column":15},"end":{"line":87,"column":null}},{"start":{"line":85,"column":15},"end":{"line":87,"column":null}}]},"7":{"loc":{"start":{"line":77,"column":19},"end":{"line":77,"column":80}},"type":"binary-expr","locations":[{"start":{"line":77,"column":19},"end":{"line":77,"column":42}},{"start":{"line":77,"column":46},"end":{"line":77,"column":80}}]},"8":{"loc":{"start":{"line":95,"column":25},"end":{"line":95,"column":87}},"type":"binary-expr","locations":[{"start":{"line":95,"column":25},"end":{"line":95,"column":79}},{"start":{"line":95,"column":83},"end":{"line":95,"column":87}}]},"9":{"loc":{"start":{"line":96,"column":26},"end":{"line":96,"column":89}},"type":"binary-expr","locations":[{"start":{"line":96,"column":26},"end":{"line":96,"column":81}},{"start":{"line":96,"column":85},"end":{"line":96,"column":89}}]},"10":{"loc":{"start":{"line":97,"column":30},"end":{"line":97,"column":97}},"type":"binary-expr","locations":[{"start":{"line":97,"column":30},"end":{"line":97,"column":89}},{"start":{"line":97,"column":93},"end":{"line":97,"column":97}}]},"11":{"loc":{"start":{"line":136,"column":15},"end":{"line":136,"column":117}},"type":"cond-expr","locations":[{"start":{"line":136,"column":59},"end":{"line":136,"column":89}},{"start":{"line":136,"column":92},"end":{"line":136,"column":117}}]},"12":{"loc":{"start":{"line":140,"column":2},"end":{"line":142,"column":null}},"type":"if","locations":[{"start":{"line":140,"column":2},"end":{"line":142,"column":null}}]},"13":{"loc":{"start":{"line":145,"column":2},"end":{"line":147,"column":null}},"type":"if","locations":[{"start":{"line":145,"column":2},"end":{"line":147,"column":null}}]},"14":{"loc":{"start":{"line":145,"column":6},"end":{"line":145,"column":39}},"type":"binary-expr","locations":[{"start":{"line":145,"column":6},"end":{"line":145,"column":18}},{"start":{"line":145,"column":22},"end":{"line":145,"column":39}}]},"15":{"loc":{"start":{"line":155,"column":4},"end":{"line":155,"column":null}},"type":"if","locations":[{"start":{"line":155,"column":4},"end":{"line":155,"column":null}}]},"16":{"loc":{"start":{"line":155,"column":8},"end":{"line":155,"column":45}},"type":"binary-expr","locations":[{"start":{"line":155,"column":8},"end":{"line":155,"column":22}},{"start":{"line":155,"column":26},"end":{"line":155,"column":45}}]},"17":{"loc":{"start":{"line":158,"column":21},"end":{"line":158,"column":82}},"type":"binary-expr","locations":[{"start":{"line":158,"column":21},"end":{"line":158,"column":49}},{"start":{"line":158,"column":53},"end":{"line":158,"column":74}},{"start":{"line":158,"column":78},"end":{"line":158,"column":82}}]},"18":{"loc":{"start":{"line":164,"column":4},"end":{"line":164,"column":null}},"type":"if","locations":[{"start":{"line":164,"column":4},"end":{"line":164,"column":null}}]},"19":{"loc":{"start":{"line":164,"column":8},"end":{"line":164,"column":45}},"type":"binary-expr","locations":[{"start":{"line":164,"column":8},"end":{"line":164,"column":22}},{"start":{"line":164,"column":26},"end":{"line":164,"column":45}}]},"20":{"loc":{"start":{"line":172,"column":4},"end":{"line":186,"column":null}},"type":"if","locations":[{"start":{"line":172,"column":4},"end":{"line":186,"column":null}}]},"21":{"loc":{"start":{"line":172,"column":8},"end":{"line":172,"column":56}},"type":"binary-expr","locations":[{"start":{"line":172,"column":8},"end":{"line":172,"column":32}},{"start":{"line":172,"column":36},"end":{"line":172,"column":56}}]},"22":{"loc":{"start":{"line":177,"column":6},"end":{"line":185,"column":null}},"type":"if","locations":[{"start":{"line":177,"column":6},"end":{"line":185,"column":null}},{"start":{"line":182,"column":11},"end":{"line":185,"column":null}}]},"23":{"loc":{"start":{"line":182,"column":11},"end":{"line":185,"column":null}},"type":"if","locations":[{"start":{"line":182,"column":11},"end":{"line":185,"column":null}}]},"24":{"loc":{"start":{"line":207,"column":13},"end":{"line":207,"column":75}},"type":"binary-expr","locations":[{"start":{"line":207,"column":13},"end":{"line":207,"column":33}},{"start":{"line":207,"column":37},"end":{"line":207,"column":75}}]},"25":{"loc":{"start":{"line":220,"column":21},"end":{"line":220,"column":70}},"type":"binary-expr","locations":[{"start":{"line":220,"column":21},"end":{"line":220,"column":44}},{"start":{"line":220,"column":48},"end":{"line":220,"column":70}}]},"26":{"loc":{"start":{"line":226,"column":21},"end":{"line":226,"column":119}},"type":"binary-expr","locations":[{"start":{"line":226,"column":21},"end":{"line":226,"column":42}},{"start":{"line":226,"column":46},"end":{"line":226,"column":119}}]},"27":{"loc":{"start":{"line":228,"column":27},"end":{"line":228,"column":145}},"type":"binary-expr","locations":[{"start":{"line":228,"column":27},"end":{"line":228,"column":54}},{"start":{"line":228,"column":58},"end":{"line":228,"column":145}}]},"28":{"loc":{"start":{"line":232,"column":21},"end":{"line":232,"column":76}},"type":"binary-expr","locations":[{"start":{"line":232,"column":21},"end":{"line":232,"column":47}},{"start":{"line":232,"column":51},"end":{"line":232,"column":76}}]},"29":{"loc":{"start":{"line":236,"column":13},"end":{"line":237,"column":null}},"type":"binary-expr","locations":[{"start":{"line":236,"column":13},"end":{"line":236,"column":27}},{"start":{"line":237,"column":14},"end":{"line":237,"column":124}}]},"30":{"loc":{"start":{"line":248,"column":19},"end":{"line":248,"column":44}},"type":"binary-expr","locations":[{"start":{"line":248,"column":19},"end":{"line":248,"column":39}},{"start":{"line":248,"column":43},"end":{"line":248,"column":44}}]},"31":{"loc":{"start":{"line":260,"column":13},"end":{"line":260,"column":69}},"type":"binary-expr","locations":[{"start":{"line":260,"column":13},"end":{"line":260,"column":30}},{"start":{"line":260,"column":34},"end":{"line":260,"column":69}}]},"32":{"loc":{"start":{"line":264,"column":21},"end":{"line":264,"column":106}},"type":"binary-expr","locations":[{"start":{"line":264,"column":21},"end":{"line":264,"column":36}},{"start":{"line":264,"column":40},"end":{"line":264,"column":106}}]},"33":{"loc":{"start":{"line":266,"column":27},"end":{"line":266,"column":124}},"type":"binary-expr","locations":[{"start":{"line":266,"column":27},"end":{"line":266,"column":48}},{"start":{"line":266,"column":52},"end":{"line":266,"column":124}}]},"34":{"loc":{"start":{"line":270,"column":21},"end":{"line":270,"column":60}},"type":"binary-expr","locations":[{"start":{"line":270,"column":21},"end":{"line":270,"column":39}},{"start":{"line":270,"column":43},"end":{"line":270,"column":60}}]},"35":{"loc":{"start":{"line":274,"column":13},"end":{"line":275,"column":null}},"type":"binary-expr","locations":[{"start":{"line":274,"column":13},"end":{"line":274,"column":27}},{"start":{"line":275,"column":14},"end":{"line":275,"column":129}}]},"36":{"loc":{"start":{"line":280,"column":21},"end":{"line":280,"column":118}},"type":"binary-expr","locations":[{"start":{"line":280,"column":21},"end":{"line":280,"column":41}},{"start":{"line":280,"column":45},"end":{"line":280,"column":118}}]},"37":{"loc":{"start":{"line":282,"column":27},"end":{"line":282,"column":136}},"type":"binary-expr","locations":[{"start":{"line":282,"column":27},"end":{"line":282,"column":53}},{"start":{"line":282,"column":57},"end":{"line":282,"column":136}}]},"38":{"loc":{"start":{"line":286,"column":21},"end":{"line":286,"column":70}},"type":"binary-expr","locations":[{"start":{"line":286,"column":21},"end":{"line":286,"column":44}},{"start":{"line":286,"column":48},"end":{"line":286,"column":70}}]},"39":{"loc":{"start":{"line":290,"column":13},"end":{"line":291,"column":null}},"type":"binary-expr","locations":[{"start":{"line":290,"column":13},"end":{"line":290,"column":27}},{"start":{"line":291,"column":14},"end":{"line":291,"column":135}}]},"40":{"loc":{"start":{"line":299,"column":21},"end":{"line":299,"column":147}},"type":"binary-expr","locations":[{"start":{"line":299,"column":21},"end":{"line":299,"column":49}},{"start":{"line":299,"column":53},"end":{"line":299,"column":147}}]},"41":{"loc":{"start":{"line":300,"column":20},"end":{"line":300,"column":122}},"type":"cond-expr","locations":[{"start":{"line":300,"column":64},"end":{"line":300,"column":94}},{"start":{"line":300,"column":97},"end":{"line":300,"column":122}}]},"42":{"loc":{"start":{"line":301,"column":27},"end":{"line":301,"column":165}},"type":"binary-expr","locations":[{"start":{"line":301,"column":27},"end":{"line":301,"column":61}},{"start":{"line":301,"column":65},"end":{"line":301,"column":165}}]},"43":{"loc":{"start":{"line":305,"column":21},"end":{"line":305,"column":74}},"type":"binary-expr","locations":[{"start":{"line":305,"column":21},"end":{"line":305,"column":46}},{"start":{"line":305,"column":50},"end":{"line":305,"column":74}}]},"44":{"loc":{"start":{"line":309,"column":13},"end":{"line":310,"column":null}},"type":"binary-expr","locations":[{"start":{"line":309,"column":13},"end":{"line":309,"column":27}},{"start":{"line":310,"column":14},"end":{"line":310,"column":143}}]}},"s":{"0":0,"1":0,"2":0,"3":0,"4":0,"5":0,"6":0,"7":0,"8":0,"9":0,"10":0,"11":0,"12":0,"13":0,"14":0,"15":0,"16":0,"17":0,"18":0,"19":0,"20":0,"21":0,"22":0,"23":0,"24":0,"25":0,"26":0,"27":0,"28":0,"29":0,"30":0,"31":0,"32":0,"33":0,"34":0,"35":0,"36":0,"37":0,"38":0,"39":0,"40":0,"41":0,"42":0,"43":0,"44":0,"45":0,"46":0,"47":0,"48":0,"49":0,"50":0,"51":0,"52":0,"53":0,"54":0,"55":0,"56":0,"57":0,"58":0,"59":0,"60":0,"61":0,"62":0,"63":0,"64":0,"65":0,"66":0,"67":0,"68":0,"69":0,"70":0,"71":0,"72":0,"73":0,"74":0,"75":0,"76":0,"77":0,"78":0,"79":0,"80":0,"81":0,"82":0,"83":0,"84":0,"85":0,"86":0,"87":0,"88":0,"89":0,"90":0,"91":0,"92":0,"93":0,"94":0,"95":0,"96":0,"97":0,"98":0,"99":0,"100":0,"101":0,"102":0,"103":0,"104":0,"105":0,"106":0,"107":0,"108":0,"109":0,"110":0,"111":0,"112":0,"113":0},"f":{"0":0,"1":0,"2":0,"3":0,"4":0,"5":0,"6":0,"7":0,"8":0,"9":0,"10":0,"11":0,"12":0,"13":0,"14":0,"15":0,"16":0,"17":0,"18":0,"19":0,"20":0,"21":0},"b":{"0":[0,0],"1":[0,0],"2":[0,0],"3":[0,0],"4":[0,0],"5":[0,0],"6":[0,0],"7":[0,0],"8":[0,0],"9":[0,0],"10":[0,0],"11":[0,0],"12":[0],"13":[0],"14":[0,0],"15":[0],"16":[0,0],"17":[0,0,0],"18":[0],"19":[0,0],"20":[0],"21":[0,0],"22":[0,0],"23":[0],"24":[0,0],"25":[0,0],"26":[0,0],"27":[0,0],"28":[0,0],"29":[0,0],"30":[0,0],"31":[0,0],"32":[0,0],"33":[0,0],"34":[0,0],"35":[0,0],"36":[0,0],"37":[0,0],"38":[0,0],"39":[0,0],"40":[0,0],"41":[0,0],"42":[0,0],"43":[0,0],"44":[0,0]}}
}
