TN:
SF:src/utils/helpers/calculateCreditAnnuityPayment.ts
FN:21,(anonymous_0)
FNF:1
FNH:1
FNDA:11074,(anonymous_0)
DA:21,1
DA:26,11074
DA:27,11074
DA:30,11074
DA:33,11074
LF:5
LH:5
BRF:0
BRH:0
end_of_record
TN:
SF:src/utils/helpers/calculateMonthlyPayment.ts
FN:26,(anonymous_0)
FNF:1
FNH:1
FNDA:51436,(anonymous_0)
DA:26,1
DA:32,51436
DA:33,1
DA:36,51435
DA:37,1
DA:41,51434
DA:42,2
DA:46,51432
DA:47,4
DA:51,51428
DA:52,2
DA:56,51426
DA:59,51426
DA:62,51426
DA:66,51426
DA:69,51426
DA:72,1
LF:17
LH:17
BRDA:32,0,0,1
BRDA:36,1,0,1
BRDA:41,2,0,2
BRDA:41,3,0,51434
BRDA:41,3,1,51432
BRDA:41,3,2,51432
BRDA:41,3,3,51432
BRDA:46,4,0,4
BRDA:46,5,0,51432
BRDA:46,5,1,51431
BRDA:46,5,2,51429
BRDA:51,6,0,2
BRF:12
BRH:12
end_of_record
TN:
SF:src/utils/helpers/calculatePeriod.ts
FN:26,(anonymous_0)
FNF:1
FNH:1
FNDA:1205,(anonymous_0)
DA:26,1
DA:32,1205
DA:33,1
DA:36,1204
DA:37,1
DA:41,1203
DA:42,0
DA:46,1203
DA:49,1203
DA:52,1203
DA:53,4
DA:57,1199
DA:58,3
DA:63,1196
DA:67,1196
DA:68,0
DA:72,1196
DA:75,1196
DA:78,1
LF:19
LH:17
BRDA:32,0,0,1
BRDA:36,1,0,1
BRDA:41,2,0,0
BRDA:41,3,0,1203
BRDA:41,3,1,1203
BRDA:41,3,2,1203
BRDA:41,3,3,1203
BRDA:52,4,0,4
BRDA:52,5,0,1203
BRDA:52,5,1,1201
BRDA:52,5,2,1200
BRDA:57,6,0,3
BRDA:67,7,0,0
BRDA:67,8,0,1196
BRDA:67,8,1,1196
BRF:15
BRH:13
end_of_record
TN:
SF:src/utils/helpers/calculateRemainingAmount.ts
FN:13,(anonymous_0)
FNF:1
FNH:1
FNDA:11278,(anonymous_0)
DA:13,1
DA:18,11278
DA:19,1
DA:23,11277
DA:24,2
DA:28,11275
DA:29,6
DA:34,11269
DA:37,11269
DA:40,1
LF:10
LH:10
BRDA:18,0,0,1
BRDA:23,1,0,2
BRDA:23,2,0,11277
BRDA:23,2,1,11275
BRDA:23,2,2,11275
BRDA:28,3,0,6
BRDA:28,4,0,11275
BRDA:28,4,1,11273
BRDA:28,4,2,11271
BRF:9
BRH:9
end_of_record
TN:
SF:src/utils/helpers/debounce.ts
FN:3,debounce
FN:9,(anonymous_1)
FN:11,(anonymous_2)
FNF:3
FNH:0
FNDA:0,debounce
FNDA:0,(anonymous_1)
FNDA:0,(anonymous_2)
DA:3,0
DA:9,0
DA:10,0
DA:11,0
DA:12,0
LF:5
LH:0
BRDA:5,0,0,0
BRF:1
BRH:0
end_of_record
TN:
SF:src/utils/helpers/fmt.ts
FN:2,(anonymous_0)
FNF:1
FNH:0
FNDA:0,(anonymous_0)
DA:2,0
DA:3,0
DA:4,0
DA:5,0
DA:7,0
DA:8,0
DA:10,0
DA:12,0
DA:16,0
LF:9
LH:0
BRDA:4,0,0,0
BRDA:7,1,0,0
BRF:2
BRH:0
end_of_record
TN:
SF:src/utils/helpers/getYearWord.ts
FN:17,(anonymous_1)
FNF:1
FNH:0
FNDA:0,(anonymous_1)
DA:1,0
DA:17,0
DA:18,0
DA:19,0
DA:21,0
DA:22,0
DA:23,0
DA:24,0
DA:27,0
LF:9
LH:0
BRDA:21,0,0,0
BRDA:21,1,0,0
BRDA:21,1,1,0
BRDA:22,2,0,0
BRDA:22,3,0,0
BRDA:22,3,1,0
BRF:6
BRH:0
end_of_record
