TN:
SF:src/app/App.tsx
FN:21,(anonymous_7)
FN:22,(anonymous_8)
FN:22,(anonymous_9)
FN:27,(anonymous_10)
FN:29,(anonymous_11)
FN:36,(anonymous_12)
FN:67,(anonymous_13)
FN:71,(anonymous_14)
FN:72,(anonymous_15)
FN:76,(anonymous_16)
FN:91,(anonymous_17)
FN:112,(anonymous_18)
FN:113,(anonymous_19)
FN:124,(anonymous_20)
FNF:14
FNH:0
FNDA:0,(anonymous_7)
FNDA:0,(anonymous_8)
FNDA:0,(anonymous_9)
FNDA:0,(anonymous_10)
FNDA:0,(anonymous_11)
FNDA:0,(anonymous_12)
FNDA:0,(anonymous_13)
FNDA:0,(anonymous_14)
FNDA:0,(anonymous_15)
FNDA:0,(anonymous_16)
FNDA:0,(anonymous_17)
FNDA:0,(anonymous_18)
FNDA:0,(anonymous_19)
FNDA:0,(anonymous_20)
DA:1,0
DA:2,0
DA:3,0
DA:4,0
DA:6,0
DA:7,0
DA:8,0
DA:9,0
DA:10,0
DA:11,0
DA:12,0
DA:15,0
DA:16,0
DA:17,0
DA:19,0
DA:21,0
DA:22,0
DA:27,0
DA:28,0
DA:29,0
DA:32,0
DA:33,0
DA:34,0
DA:36,0
DA:47,0
DA:49,0
DA:50,0
DA:51,0
DA:52,0
DA:58,0
DA:59,0
DA:61,0
DA:67,0
DA:68,0
DA:70,0
DA:71,0
DA:72,0
DA:73,0
DA:76,0
DA:77,0
DA:78,0
DA:84,0
DA:87,0
DA:88,0
DA:89,0
DA:90,0
DA:91,0
DA:93,0
DA:98,0
DA:99,0
DA:100,0
DA:102,0
DA:104,0
DA:105,0
DA:109,0
DA:112,0
DA:113,0
DA:114,0
DA:122,0
DA:124,0
DA:125,0
DA:130,0
DA:131,0
DA:145,0
DA:158,0
LF:65
LH:0
BRDA:49,0,0,0
BRDA:49,0,1,0
BRDA:53,1,0,0
BRDA:53,1,1,0
BRDA:54,2,0,0
BRDA:54,2,1,0
BRDA:70,3,0,0
BRDA:88,4,0,0
BRDA:130,5,0,0
BRF:9
BRH:0
end_of_record
TN:
SF:src/app/AppRoutes/AuthRoutes.tsx
FN:3,(anonymous_1)
FNF:1
FNH:0
FNDA:0,(anonymous_1)
DA:1,0
DA:3,0
DA:4,0
DA:7,0
LF:4
LH:0
BRF:0
BRH:0
end_of_record
TN:
SF:src/app/AppRoutes/MainRoutes.tsx
FN:9,(anonymous_7)
FN:9,(anonymous_8)
FN:11,(anonymous_9)
FN:12,(anonymous_10)
FN:12,(anonymous_11)
FN:18,(anonymous_12)
FN:18,(anonymous_13)
FN:21,(anonymous_14)
FN:22,(anonymous_15)
FN:22,(anonymous_16)
FN:27,(anonymous_17)
FN:28,(anonymous_18)
FN:28,(anonymous_19)
FN:33,(anonymous_20)
FN:34,(anonymous_21)
FN:34,(anonymous_22)
FN:39,(anonymous_23)
FN:40,(anonymous_24)
FN:40,(anonymous_25)
FN:45,(anonymous_26)
FN:46,(anonymous_27)
FN:46,(anonymous_28)
FN:51,(anonymous_29)
FN:51,(anonymous_30)
FN:52,(anonymous_31)
FN:52,(anonymous_32)
FN:53,(anonymous_33)
FN:53,(anonymous_34)
FN:54,(anonymous_35)
FN:55,(anonymous_36)
FN:55,(anonymous_37)
FN:57,(anonymous_38)
FN:57,(anonymous_39)
FN:58,(anonymous_40)
FN:59,(anonymous_41)
FN:59,(anonymous_42)
FN:63,(anonymous_43)
FN:64,(anonymous_44)
FN:64,(anonymous_45)
FN:68,(anonymous_46)
FN:69,(anonymous_47)
FN:69,(anonymous_48)
FN:73,(anonymous_49)
FN:74,(anonymous_50)
FN:74,(anonymous_51)
FN:78,(anonymous_52)
FN:79,(anonymous_53)
FN:79,(anonymous_54)
FN:83,(anonymous_55)
FN:84,(anonymous_56)
FN:84,(anonymous_57)
FN:89,(anonymous_58)
FN:90,(anonymous_59)
FN:90,(anonymous_60)
FN:95,(anonymous_61)
FN:96,(anonymous_62)
FN:96,(anonymous_63)
FN:101,(anonymous_64)
FN:102,(anonymous_65)
FN:102,(anonymous_66)
FN:107,(anonymous_67)
FN:108,(anonymous_68)
FN:108,(anonymous_69)
FN:113,(anonymous_70)
FN:114,(anonymous_71)
FN:114,(anonymous_72)
FN:116,(anonymous_73)
FN:117,(anonymous_74)
FN:117,(anonymous_75)
FN:119,(anonymous_76)
FN:120,(anonymous_77)
FN:120,(anonymous_78)
FN:125,(anonymous_79)
FN:126,(anonymous_80)
FN:126,(anonymous_81)
FN:131,(anonymous_82)
FN:132,(anonymous_83)
FN:132,(anonymous_84)
FN:136,(anonymous_85)
FN:137,(anonymous_86)
FN:137,(anonymous_87)
FN:141,(anonymous_88)
FN:142,(anonymous_89)
FN:142,(anonymous_90)
FN:146,(anonymous_91)
FN:147,(anonymous_92)
FN:147,(anonymous_93)
FN:151,(anonymous_94)
FN:152,(anonymous_95)
FN:152,(anonymous_96)
FN:156,(anonymous_97)
FN:157,(anonymous_98)
FN:157,(anonymous_99)
FN:163,(anonymous_100)
FN:164,(anonymous_101)
FN:164,(anonymous_102)
FN:169,(anonymous_103)
FN:170,(anonymous_104)
FN:170,(anonymous_105)
FN:175,(anonymous_106)
FN:176,(anonymous_107)
FN:176,(anonymous_108)
FN:181,(anonymous_109)
FN:182,(anonymous_110)
FN:182,(anonymous_111)
FN:187,(anonymous_112)
FN:188,(anonymous_113)
FN:188,(anonymous_114)
FN:193,(anonymous_115)
FN:194,(anonymous_116)
FN:194,(anonymous_117)
FN:199,(anonymous_118)
FN:200,(anonymous_119)
FN:200,(anonymous_120)
FN:205,(anonymous_121)
FN:206,(anonymous_122)
FN:206,(anonymous_123)
FN:211,(anonymous_124)
FN:212,(anonymous_125)
FN:212,(anonymous_126)
FN:217,(anonymous_127)
FN:218,(anonymous_128)
FN:218,(anonymous_129)
FN:224,(anonymous_130)
FN:225,(anonymous_131)
FN:225,(anonymous_132)
FN:231,(anonymous_133)
FN:231,(anonymous_134)
FN:232,(anonymous_135)
FN:232,(anonymous_136)
FN:233,(anonymous_137)
FN:233,(anonymous_138)
FN:236,(anonymous_139)
FN:237,(anonymous_140)
FN:237,(anonymous_141)
FN:242,(anonymous_142)
FN:243,(anonymous_143)
FN:243,(anonymous_144)
FN:249,(anonymous_145)
FN:249,(anonymous_146)
FN:252,(anonymous_147)
FN:252,(anonymous_148)
FN:255,(anonymous_149)
FN:256,(anonymous_150)
FN:256,(anonymous_151)
FN:261,(anonymous_152)
FN:262,(anonymous_153)
FN:262,(anonymous_154)
FN:267,(anonymous_155)
FN:428,(anonymous_156)
FNF:150
FNH:0
FNDA:0,(anonymous_7)
FNDA:0,(anonymous_8)
FNDA:0,(anonymous_9)
FNDA:0,(anonymous_10)
FNDA:0,(anonymous_11)
FNDA:0,(anonymous_12)
FNDA:0,(anonymous_13)
FNDA:0,(anonymous_14)
FNDA:0,(anonymous_15)
FNDA:0,(anonymous_16)
FNDA:0,(anonymous_17)
FNDA:0,(anonymous_18)
FNDA:0,(anonymous_19)
FNDA:0,(anonymous_20)
FNDA:0,(anonymous_21)
FNDA:0,(anonymous_22)
FNDA:0,(anonymous_23)
FNDA:0,(anonymous_24)
FNDA:0,(anonymous_25)
FNDA:0,(anonymous_26)
FNDA:0,(anonymous_27)
FNDA:0,(anonymous_28)
FNDA:0,(anonymous_29)
FNDA:0,(anonymous_30)
FNDA:0,(anonymous_31)
FNDA:0,(anonymous_32)
FNDA:0,(anonymous_33)
FNDA:0,(anonymous_34)
FNDA:0,(anonymous_35)
FNDA:0,(anonymous_36)
FNDA:0,(anonymous_37)
FNDA:0,(anonymous_38)
FNDA:0,(anonymous_39)
FNDA:0,(anonymous_40)
FNDA:0,(anonymous_41)
FNDA:0,(anonymous_42)
FNDA:0,(anonymous_43)
FNDA:0,(anonymous_44)
FNDA:0,(anonymous_45)
FNDA:0,(anonymous_46)
FNDA:0,(anonymous_47)
FNDA:0,(anonymous_48)
FNDA:0,(anonymous_49)
FNDA:0,(anonymous_50)
FNDA:0,(anonymous_51)
FNDA:0,(anonymous_52)
FNDA:0,(anonymous_53)
FNDA:0,(anonymous_54)
FNDA:0,(anonymous_55)
FNDA:0,(anonymous_56)
FNDA:0,(anonymous_57)
FNDA:0,(anonymous_58)
FNDA:0,(anonymous_59)
FNDA:0,(anonymous_60)
FNDA:0,(anonymous_61)
FNDA:0,(anonymous_62)
FNDA:0,(anonymous_63)
FNDA:0,(anonymous_64)
FNDA:0,(anonymous_65)
FNDA:0,(anonymous_66)
FNDA:0,(anonymous_67)
FNDA:0,(anonymous_68)
FNDA:0,(anonymous_69)
FNDA:0,(anonymous_70)
FNDA:0,(anonymous_71)
FNDA:0,(anonymous_72)
FNDA:0,(anonymous_73)
FNDA:0,(anonymous_74)
FNDA:0,(anonymous_75)
FNDA:0,(anonymous_76)
FNDA:0,(anonymous_77)
FNDA:0,(anonymous_78)
FNDA:0,(anonymous_79)
FNDA:0,(anonymous_80)
FNDA:0,(anonymous_81)
FNDA:0,(anonymous_82)
FNDA:0,(anonymous_83)
FNDA:0,(anonymous_84)
FNDA:0,(anonymous_85)
FNDA:0,(anonymous_86)
FNDA:0,(anonymous_87)
FNDA:0,(anonymous_88)
FNDA:0,(anonymous_89)
FNDA:0,(anonymous_90)
FNDA:0,(anonymous_91)
FNDA:0,(anonymous_92)
FNDA:0,(anonymous_93)
FNDA:0,(anonymous_94)
FNDA:0,(anonymous_95)
FNDA:0,(anonymous_96)
FNDA:0,(anonymous_97)
FNDA:0,(anonymous_98)
FNDA:0,(anonymous_99)
FNDA:0,(anonymous_100)
FNDA:0,(anonymous_101)
FNDA:0,(anonymous_102)
FNDA:0,(anonymous_103)
FNDA:0,(anonymous_104)
FNDA:0,(anonymous_105)
FNDA:0,(anonymous_106)
FNDA:0,(anonymous_107)
FNDA:0,(anonymous_108)
FNDA:0,(anonymous_109)
FNDA:0,(anonymous_110)
FNDA:0,(anonymous_111)
FNDA:0,(anonymous_112)
FNDA:0,(anonymous_113)
FNDA:0,(anonymous_114)
FNDA:0,(anonymous_115)
FNDA:0,(anonymous_116)
FNDA:0,(anonymous_117)
FNDA:0,(anonymous_118)
FNDA:0,(anonymous_119)
FNDA:0,(anonymous_120)
FNDA:0,(anonymous_121)
FNDA:0,(anonymous_122)
FNDA:0,(anonymous_123)
FNDA:0,(anonymous_124)
FNDA:0,(anonymous_125)
FNDA:0,(anonymous_126)
FNDA:0,(anonymous_127)
FNDA:0,(anonymous_128)
FNDA:0,(anonymous_129)
FNDA:0,(anonymous_130)
FNDA:0,(anonymous_131)
FNDA:0,(anonymous_132)
FNDA:0,(anonymous_133)
FNDA:0,(anonymous_134)
FNDA:0,(anonymous_135)
FNDA:0,(anonymous_136)
FNDA:0,(anonymous_137)
FNDA:0,(anonymous_138)
FNDA:0,(anonymous_139)
FNDA:0,(anonymous_140)
FNDA:0,(anonymous_141)
FNDA:0,(anonymous_142)
FNDA:0,(anonymous_143)
FNDA:0,(anonymous_144)
FNDA:0,(anonymous_145)
FNDA:0,(anonymous_146)
FNDA:0,(anonymous_147)
FNDA:0,(anonymous_148)
FNDA:0,(anonymous_149)
FNDA:0,(anonymous_150)
FNDA:0,(anonymous_151)
FNDA:0,(anonymous_152)
FNDA:0,(anonymous_153)
FNDA:0,(anonymous_154)
FNDA:0,(anonymous_155)
FNDA:0,(anonymous_156)
DA:1,0
DA:2,0
DA:3,0
DA:5,0
DA:6,0
DA:7,0
DA:9,0
DA:11,0
DA:12,0
DA:17,0
DA:18,0
DA:21,0
DA:22,0
DA:27,0
DA:28,0
DA:33,0
DA:34,0
DA:39,0
DA:40,0
DA:45,0
DA:46,0
DA:51,0
DA:52,0
DA:53,0
DA:54,0
DA:55,0
DA:57,0
DA:58,0
DA:59,0
DA:63,0
DA:64,0
DA:68,0
DA:69,0
DA:73,0
DA:74,0
DA:78,0
DA:79,0
DA:83,0
DA:84,0
DA:89,0
DA:90,0
DA:95,0
DA:96,0
DA:101,0
DA:102,0
DA:107,0
DA:108,0
DA:113,0
DA:114,0
DA:116,0
DA:117,0
DA:119,0
DA:120,0
DA:125,0
DA:126,0
DA:131,0
DA:132,0
DA:136,0
DA:137,0
DA:141,0
DA:142,0
DA:146,0
DA:147,0
DA:151,0
DA:152,0
DA:156,0
DA:157,0
DA:163,0
DA:164,0
DA:169,0
DA:170,0
DA:175,0
DA:176,0
DA:181,0
DA:182,0
DA:187,0
DA:188,0
DA:193,0
DA:194,0
DA:199,0
DA:200,0
DA:205,0
DA:206,0
DA:211,0
DA:212,0
DA:217,0
DA:218,0
DA:224,0
DA:225,0
DA:231,0
DA:232,0
DA:233,0
DA:236,0
DA:237,0
DA:242,0
DA:243,0
DA:249,0
DA:252,0
DA:255,0
DA:256,0
DA:261,0
DA:262,0
DA:267,0
DA:268,0
DA:428,0
DA:476,0
LF:106
LH:0
BRF:0
BRH:0
end_of_record
TN:
SF:src/app/AppRoutes/index.tsx
FNF:0
FNH:0
DA:1,0
DA:2,0
DA:4,0
LF:3
LH:0
BRF:0
BRH:0
end_of_record
TN:
SF:src/app/Errors/ErrorBoundary/ErrorBoundary.tsx
FN:17,(anonymous_0)
FN:22,(anonymous_1)
FN:26,(anonymous_2)
FN:31,(anonymous_3)
FNF:4
FNH:0
FNDA:0,(anonymous_0)
FNDA:0,(anonymous_1)
FNDA:0,(anonymous_2)
FNDA:0,(anonymous_3)
DA:1,0
DA:3,0
DA:18,0
DA:19,0
DA:23,0
DA:27,0
DA:28,0
DA:32,0
DA:33,0
DA:36,0
DA:40,0
LF:11
LH:0
BRDA:32,0,0,0
BRF:1
BRH:0
end_of_record
TN:
SF:src/app/Errors/ErrorBoundary/index.ts
FNF:0
FNH:0
DA:1,0
DA:3,0
LF:2
LH:0
BRF:0
BRH:0
end_of_record
TN:
SF:src/app/Errors/NotFound/NotFound.tsx
FN:9,(anonymous_1)
FNF:1
FNH:0
FNDA:0,(anonymous_1)
DA:1,0
DA:5,0
DA:6,0
DA:9,0
DA:10,0
DA:17,0
LF:6
LH:0
BRF:0
BRH:0
end_of_record
TN:
SF:src/app/Errors/NotFound/index.ts
FNF:0
FNH:0
DA:1,0
DA:3,0
LF:2
LH:0
BRF:0
BRH:0
end_of_record
TN:
SF:src/app/Errors/NotFound/components/Body.tsx
FN:14,(anonymous_1)
FNF:1
FNH:0
FNDA:0,(anonymous_1)
DA:1,0
DA:2,0
DA:6,0
DA:7,0
DA:8,0
DA:9,0
DA:10,0
DA:12,0
DA:14,0
DA:15,0
DA:28,0
LF:11
LH:0
BRF:0
BRH:0
end_of_record
TN:
SF:src/app/Errors/NotFound/components/Button.tsx
FN:9,(anonymous_1)
FN:13,(anonymous_2)
FNF:2
FNH:0
FNDA:0,(anonymous_1)
FNDA:0,(anonymous_2)
DA:1,0
DA:2,0
DA:3,0
DA:5,0
DA:7,0
DA:9,0
DA:10,0
DA:13,0
DA:14,0
DA:17,0
DA:24,0
LF:11
LH:0
BRF:0
BRH:0
end_of_record
TN:
SF:src/app/Errors/NotFound/components/Greeting.tsx
FN:11,(anonymous_1)
FNF:1
FNH:0
FNDA:0,(anonymous_1)
DA:1,0
DA:2,0
DA:3,0
DA:7,0
DA:8,0
DA:10,0
DA:11,0
DA:12,0
DA:13,0
DA:21,0
LF:10
LH:0
BRDA:15,0,0,0
BRDA:15,0,1,0
BRDA:16,1,0,0
BRDA:16,1,1,0
BRF:4
BRH:0
end_of_record
TN:
SF:src/app/Errors/NotFound/components/Stripe.tsx
FN:8,(anonymous_1)
FNF:1
FNH:0
FNDA:0,(anonymous_1)
DA:1,0
DA:2,0
DA:4,0
DA:5,0
DA:7,0
DA:8,0
DA:9,0
DA:12,0
LF:8
LH:0
BRF:0
BRH:0
end_of_record
TN:
SF:src/assets/icons/AddUserIcon.tsx
FN:3,(anonymous_0)
FNF:1
FNH:0
FNDA:0,(anonymous_0)
DA:3,0
DA:4,0
LF:2
LH:0
BRDA:3,0,0,0
BRDA:3,1,0,0
BRF:2
BRH:0
end_of_record
TN:
SF:src/assets/icons/ChartPieIcon.tsx
FN:3,(anonymous_0)
FNF:1
FNH:0
FNDA:0,(anonymous_0)
DA:3,0
DA:4,0
LF:2
LH:0
BRDA:3,0,0,0
BRDA:3,1,0,0
BRF:2
BRH:0
end_of_record
TN:
SF:src/assets/icons/Close.tsx
FN:3,(anonymous_0)
FNF:1
FNH:0
FNDA:0,(anonymous_0)
DA:3,0
DA:4,0
LF:2
LH:0
BRDA:3,0,0,0
BRF:1
BRH:0
end_of_record
TN:
SF:src/assets/icons/Delete.tsx
FN:1,(anonymous_0)
FNF:1
FNH:0
FNDA:0,(anonymous_0)
DA:1,0
DA:2,0
DA:18,0
LF:3
LH:0
BRF:0
BRH:0
end_of_record
TN:
SF:src/assets/icons/Document.tsx
FN:3,(anonymous_0)
FNF:1
FNH:0
FNDA:0,(anonymous_0)
DA:3,0
DA:4,0
LF:2
LH:0
BRDA:3,0,0,0
BRF:1
BRH:0
end_of_record
TN:
SF:src/assets/icons/DotsTreeVertical.tsx
FN:1,(anonymous_0)
FNF:1
FNH:0
FNDA:0,(anonymous_0)
DA:1,0
DA:2,0
DA:18,0
LF:3
LH:0
BRF:0
BRH:0
end_of_record
TN:
SF:src/assets/icons/FileLinesIcon.tsx
FN:3,(anonymous_0)
FNF:1
FNH:0
FNDA:0,(anonymous_0)
DA:3,0
DA:4,0
LF:2
LH:0
BRDA:3,0,0,0
BRDA:3,1,0,0
BRF:2
BRH:0
end_of_record
TN:
SF:src/assets/icons/Home.tsx
FN:3,(anonymous_0)
FNF:1
FNH:0
FNDA:0,(anonymous_0)
DA:3,0
DA:4,0
LF:2
LH:0
BRDA:3,0,0,0
BRF:1
BRH:0
end_of_record
TN:
SF:src/assets/icons/Logo.tsx
FN:3,(anonymous_0)
FNF:1
FNH:0
FNDA:0,(anonymous_0)
DA:3,0
DA:4,0
LF:2
LH:0
BRDA:3,0,0,0
BRF:1
BRH:0
end_of_record
TN:
SF:src/assets/icons/Logout.tsx
FN:3,(anonymous_0)
FNF:1
FNH:0
FNDA:0,(anonymous_0)
DA:3,0
DA:4,0
LF:2
LH:0
BRDA:3,0,0,0
BRF:1
BRH:0
end_of_record
TN:
SF:src/assets/icons/Payment.tsx
FN:3,(anonymous_0)
FNF:1
FNH:0
FNDA:0,(anonymous_0)
DA:3,0
DA:4,0
LF:2
LH:0
BRDA:3,0,0,0
BRF:1
BRH:0
end_of_record
TN:
SF:src/assets/icons/PencilIcon.tsx
FN:1,(anonymous_0)
FNF:1
FNH:0
FNDA:0,(anonymous_0)
DA:1,0
DA:2,0
DA:18,0
LF:3
LH:0
BRF:0
BRH:0
end_of_record
TN:
SF:src/assets/icons/Services.tsx
FN:3,(anonymous_0)
FNF:1
FNH:0
FNDA:0,(anonymous_0)
DA:3,0
DA:4,0
LF:2
LH:0
BRDA:3,0,0,0
BRF:1
BRH:0
end_of_record
TN:
SF:src/assets/icons/Settings.tsx
FN:3,(anonymous_0)
FNF:1
FNH:0
FNDA:0,(anonymous_0)
DA:3,0
DA:4,0
LF:2
LH:0
BRDA:3,0,0,0
BRF:1
BRH:0
end_of_record
TN:
SF:src/assets/icons/UserProfile.tsx
FN:3,(anonymous_0)
FNF:1
FNH:0
FNDA:0,(anonymous_0)
DA:3,0
DA:4,0
LF:2
LH:0
BRDA:3,0,0,0
BRF:1
BRH:0
end_of_record
TN:
SF:src/assets/icons/UsersGroupIcon.tsx
FN:3,(anonymous_0)
FNF:1
FNH:0
FNDA:0,(anonymous_0)
DA:3,0
DA:4,0
LF:2
LH:0
BRDA:3,0,0,0
BRDA:3,1,0,0
BRF:2
BRH:0
end_of_record
TN:
SF:src/assets/icons/ArrowSquareOut/ArrowSquareOut.tsx
FN:1,(anonymous_0)
FNF:1
FNH:0
FNDA:0,(anonymous_0)
DA:1,0
DA:2,0
DA:18,0
LF:3
LH:0
BRF:0
BRH:0
end_of_record
TN:
SF:src/assets/icons/ArrowSquareOut/index.ts
FNF:0
FNH:0
DA:1,0
DA:3,0
LF:2
LH:0
BRF:0
BRH:0
end_of_record
TN:
SF:src/assets/icons/ArrowsOutSimpleIcon/ArrowsOutSimpleIcon.tsx
FN:3,(anonymous_0)
FNF:1
FNH:0
FNDA:0,(anonymous_0)
DA:3,0
DA:4,0
DA:21,0
LF:3
LH:0
BRDA:3,0,0,0
BRF:1
BRH:0
end_of_record
TN:
SF:src/assets/icons/ArrowsOutSimpleIcon/index.ts
FNF:0
FNH:0
DA:1,0
DA:3,0
LF:2
LH:0
BRF:0
BRH:0
end_of_record
TN:
SF:src/assets/icons/BankIcon/BankIcon.tsx
FN:1,(anonymous_0)
FNF:1
FNH:0
FNDA:0,(anonymous_0)
DA:1,0
DA:2,0
DA:19,0
LF:3
LH:0
BRF:0
BRH:0
end_of_record
TN:
SF:src/assets/icons/BankIcon/index.ts
FNF:0
FNH:0
DA:1,0
DA:3,0
LF:2
LH:0
BRF:0
BRH:0
end_of_record
TN:
SF:src/assets/icons/CalendarBlankIcon/CalendarBlankIcon.tsx
FN:1,(anonymous_0)
FNF:1
FNH:0
FNDA:0,(anonymous_0)
DA:1,0
DA:2,0
DA:18,0
LF:3
LH:0
BRF:0
BRH:0
end_of_record
TN:
SF:src/assets/icons/CalendarBlankIcon/index.ts
FNF:0
FNH:0
DA:1,0
DA:3,0
LF:2
LH:0
BRF:0
BRH:0
end_of_record
TN:
SF:src/assets/icons/CalendarIcon/CalendarIcon.tsx
FN:3,(anonymous_0)
FNF:1
FNH:0
FNDA:0,(anonymous_0)
DA:3,0
DA:8,0
DA:25,0
LF:3
LH:0
BRDA:4,0,0,0
BRDA:5,1,0,0
BRF:2
BRH:0
end_of_record
TN:
SF:src/assets/icons/CalendarIcon/index.ts
FNF:0
FNH:0
DA:1,0
DA:3,0
LF:2
LH:0
BRF:0
BRH:0
end_of_record
TN:
SF:src/assets/icons/CancelIcon/CancelIcon.tsx
FN:1,(anonymous_0)
FNF:1
FNH:0
FNDA:0,(anonymous_0)
DA:1,0
DA:2,0
DA:18,0
LF:3
LH:0
BRF:0
BRH:0
end_of_record
TN:
SF:src/assets/icons/CancelIcon/index.ts
FNF:0
FNH:0
DA:1,0
DA:3,0
LF:2
LH:0
BRF:0
BRH:0
end_of_record
TN:
SF:src/assets/icons/CaretDownIcon/CaretDownIcon.tsx
FN:1,CaretDownIcon
FNF:1
FNH:0
FNDA:0,CaretDownIcon
DA:1,0
DA:2,0
LF:2
LH:0
BRF:0
BRH:0
end_of_record
TN:
SF:src/assets/icons/CaretDownIcon/index.ts
FN:1,(anonymous_0)
FNF:1
FNH:0
FNDA:0,(anonymous_0)
DA:1,0
LF:1
LH:0
BRF:0
BRH:0
end_of_record
TN:
SF:src/assets/icons/CaretRightIcon/CaretRightIcon.tsx
FN:3,(anonymous_0)
FNF:1
FNH:0
FNDA:0,(anonymous_0)
DA:3,0
DA:8,0
DA:25,0
LF:3
LH:0
BRDA:4,0,0,0
BRDA:5,1,0,0
BRF:2
BRH:0
end_of_record
TN:
SF:src/assets/icons/CaretRightIcon/index.ts
FNF:0
FNH:0
DA:1,0
DA:3,0
LF:2
LH:0
BRF:0
BRH:0
end_of_record
TN:
SF:src/assets/icons/CaretUpIcon/CaretUpIcon.tsx
FN:1,CaretUpIcon
FNF:1
FNH:0
FNDA:0,CaretUpIcon
DA:1,0
DA:2,0
LF:2
LH:0
BRF:0
BRH:0
end_of_record
TN:
SF:src/assets/icons/CaretUpIcon/index.ts
FN:1,(anonymous_0)
FNF:1
FNH:0
FNDA:0,(anonymous_0)
DA:1,0
LF:1
LH:0
BRF:0
BRH:0
end_of_record
TN:
SF:src/assets/icons/CheckIcon/CheckIcon.tsx
FN:3,CheckIcon
FNF:1
FNH:0
FNDA:0,CheckIcon
DA:3,0
DA:8,0
LF:2
LH:0
BRDA:4,0,0,0
BRDA:5,1,0,0
BRF:2
BRH:0
end_of_record
TN:
SF:src/assets/icons/CheckIcon/index.ts
FN:1,(anonymous_0)
FNF:1
FNH:0
FNDA:0,(anonymous_0)
DA:1,0
LF:1
LH:0
BRF:0
BRH:0
end_of_record
TN:
SF:src/assets/icons/ClockIcon/ClockIcon.tsx
FN:1,(anonymous_0)
FNF:1
FNH:0
FNDA:0,(anonymous_0)
DA:1,0
DA:2,0
DA:23,0
LF:3
LH:0
BRF:0
BRH:0
end_of_record
TN:
SF:src/assets/icons/ClockIcon/index.ts
FN:1,(anonymous_1)
FNF:1
FNH:0
FNDA:0,(anonymous_1)
DA:1,0
LF:1
LH:0
BRF:0
BRH:0
end_of_record
TN:
SF:src/assets/icons/Close/Close.tsx
FN:3,(anonymous_0)
FNF:1
FNH:0
FNDA:0,(anonymous_0)
DA:3,0
DA:4,0
LF:2
LH:0
BRDA:3,0,0,0
BRF:1
BRH:0
end_of_record
TN:
SF:src/assets/icons/Close/index.tsx
FN:1,(anonymous_0)
FNF:1
FNH:0
FNDA:0,(anonymous_0)
DA:1,0
LF:1
LH:0
BRF:0
BRH:0
end_of_record
TN:
SF:src/assets/icons/CurrencyIcon/CurrencyIcon.tsx
FN:3,(anonymous_1)
FNF:1
FNH:0
FNDA:0,(anonymous_1)
DA:1,0
DA:3,0
DA:4,0
DA:24,0
LF:4
LH:0
BRF:0
BRH:0
end_of_record
TN:
SF:src/assets/icons/CurrencyIcon/index.ts
FNF:0
FNH:0
DA:1,0
DA:3,0
LF:2
LH:0
BRF:0
BRH:0
end_of_record
TN:
SF:src/assets/icons/DeleteIcon/DeleteIcon.tsx
FN:3,(anonymous_0)
FNF:1
FNH:0
FNDA:0,(anonymous_0)
DA:3,0
DA:8,0
DA:25,0
LF:3
LH:0
BRDA:4,0,0,0
BRDA:5,1,0,0
BRF:2
BRH:0
end_of_record
TN:
SF:src/assets/icons/DeleteIcon/index.ts
FNF:0
FNH:0
DA:1,0
DA:3,0
LF:2
LH:0
BRF:0
BRH:0
end_of_record
TN:
SF:src/assets/icons/EnvelopeIcon/EnvelopeIcon.tsx
FN:9,(anonymous_1)
FNF:1
FNH:0
FNDA:0,(anonymous_1)
DA:1,0
DA:9,0
DA:14,0
LF:3
LH:0
BRDA:10,0,0,0
BRDA:11,1,0,0
BRDA:12,2,0,0
BRF:3
BRH:0
end_of_record
TN:
SF:src/assets/icons/EnvelopeIcon/index.ts
FN:1,(anonymous_0)
FNF:1
FNH:0
FNDA:0,(anonymous_0)
DA:1,0
LF:1
LH:0
BRF:0
BRH:0
end_of_record
TN:
SF:src/assets/icons/ErrorIcon/ErrorIcon.tsx
FN:3,(anonymous_0)
FNF:1
FNH:0
FNDA:0,(anonymous_0)
DA:3,0
DA:4,0
LF:2
LH:0
BRDA:3,0,0,0
BRF:1
BRH:0
end_of_record
TN:
SF:src/assets/icons/ErrorIcon/index.tsx
FN:1,(anonymous_0)
FNF:1
FNH:0
FNDA:0,(anonymous_0)
DA:1,0
LF:1
LH:0
BRF:0
BRH:0
end_of_record
TN:
SF:src/assets/icons/FilePlusIcon/FilePlusIcon.tsx
FN:1,(anonymous_0)
FNF:1
FNH:0
FNDA:0,(anonymous_0)
DA:1,0
DA:2,0
DA:18,0
LF:3
LH:0
BRF:0
BRH:0
end_of_record
TN:
SF:src/assets/icons/FilePlusIcon/index.ts
FNF:0
FNH:0
DA:1,0
DA:3,0
LF:2
LH:0
BRF:0
BRH:0
end_of_record
TN:
SF:src/assets/icons/HandCoinsIcon/HandCoinsIcon.tsx
FN:1,(anonymous_0)
FNF:1
FNH:0
FNDA:0,(anonymous_0)
DA:1,0
DA:2,0
DA:19,0
LF:3
LH:0
BRF:0
BRH:0
end_of_record
TN:
SF:src/assets/icons/HandCoinsIcon/index.ts
FNF:0
FNH:0
DA:1,0
DA:3,0
LF:2
LH:0
BRF:0
BRH:0
end_of_record
TN:
SF:src/assets/icons/HandPointingIcon/HandPointingIcon.tsx
FN:1,(anonymous_0)
FNF:1
FNH:0
FNDA:0,(anonymous_0)
DA:1,0
DA:2,0
DA:19,0
LF:3
LH:0
BRF:0
BRH:0
end_of_record
TN:
SF:src/assets/icons/HandPointingIcon/index.ts
FNF:0
FNH:0
DA:1,0
DA:3,0
LF:2
LH:0
BRF:0
BRH:0
end_of_record
TN:
SF:src/assets/icons/HiddenEyeIcon/HiddenEyeIcon.tsx
FN:3,(anonymous_0)
FNF:1
FNH:0
FNDA:0,(anonymous_0)
DA:3,0
DA:4,0
LF:2
LH:0
BRDA:3,0,0,0
BRF:1
BRH:0
end_of_record
TN:
SF:src/assets/icons/HiddenEyeIcon/index.tsx
FN:1,(anonymous_0)
FNF:1
FNH:0
FNDA:0,(anonymous_0)
DA:1,0
LF:1
LH:0
BRF:0
BRH:0
end_of_record
TN:
SF:src/assets/icons/InfoIcon/InfoIcon.tsx
FN:3,(anonymous_0)
FNF:1
FNH:0
FNDA:0,(anonymous_0)
DA:3,0
DA:8,0
DA:25,0
LF:3
LH:0
BRDA:4,0,0,0
BRDA:5,1,0,0
BRF:2
BRH:0
end_of_record
TN:
SF:src/assets/icons/InfoIcon/index.ts
FNF:0
FNH:0
DA:1,0
DA:3,0
LF:2
LH:0
BRF:0
BRH:0
end_of_record
TN:
SF:src/assets/icons/IsraelFlagIcon/IsraelFlagIcon.tsx
FN:1,(anonymous_0)
FNF:1
FNH:0
FNDA:0,(anonymous_0)
DA:1,0
DA:2,0
DA:23,0
LF:3
LH:0
BRF:0
BRH:0
end_of_record
TN:
SF:src/assets/icons/IsraelFlagIcon/index.ts
FNF:0
FNH:0
DA:1,0
DA:3,0
LF:2
LH:0
BRF:0
BRH:0
end_of_record
TN:
SF:src/assets/icons/LightningIcon/LightningIcon.tsx
FN:1,(anonymous_0)
FNF:1
FNH:0
FNDA:0,(anonymous_0)
DA:1,0
DA:2,0
DA:18,0
LF:3
LH:0
BRF:0
BRH:0
end_of_record
TN:
SF:src/assets/icons/LightningIcon/index.ts
FNF:0
FNH:0
DA:1,0
DA:3,0
LF:2
LH:0
BRF:0
BRH:0
end_of_record
TN:
SF:src/assets/icons/LogoPrimaryIcon/LogoPrimaryIcon.tsx
FN:3,(anonymous_0)
FNF:1
FNH:0
FNDA:0,(anonymous_0)
DA:3,0
DA:4,0
LF:2
LH:0
BRDA:3,0,0,0
BRF:1
BRH:0
end_of_record
TN:
SF:src/assets/icons/LogoPrimaryIcon/index.tsx
FN:1,(anonymous_0)
FNF:1
FNH:0
FNDA:0,(anonymous_0)
DA:1,0
LF:1
LH:0
BRF:0
BRH:0
end_of_record
TN:
SF:src/assets/icons/MapPinIcon/MapPinIcon.tsx
FN:1,(anonymous_0)
FNF:1
FNH:0
FNDA:0,(anonymous_0)
DA:1,0
DA:2,0
DA:19,0
LF:3
LH:0
BRF:0
BRH:0
end_of_record
TN:
SF:src/assets/icons/MapPinIcon/index.ts
FN:1,(anonymous_1)
FNF:1
FNH:0
FNDA:0,(anonymous_1)
DA:1,0
LF:1
LH:0
BRF:0
BRH:0
end_of_record
TN:
SF:src/assets/icons/MessageIcon/MessageIcon.tsx
FN:3,(anonymous_0)
FNF:1
FNH:0
FNDA:0,(anonymous_0)
DA:3,0
DA:4,0
LF:2
LH:0
BRDA:3,0,0,0
BRF:1
BRH:0
end_of_record
TN:
SF:src/assets/icons/MessageIcon/index.tsx
FN:1,(anonymous_0)
FNF:1
FNH:0
FNDA:0,(anonymous_0)
DA:1,0
LF:1
LH:0
BRF:0
BRH:0
end_of_record
TN:
SF:src/assets/icons/PartnersIcon/PartnerCardFifth/PartnerCardFifth.tsx
FN:1,(anonymous_0)
FNF:1
FNH:0
FNDA:0,(anonymous_0)
DA:1,0
DA:2,0
DA:119,0
LF:3
LH:0
BRF:0
BRH:0
end_of_record
TN:
SF:src/assets/icons/PartnersIcon/PartnerCardFifth/index.ts
FNF:0
FNH:0
DA:1,0
DA:3,0
LF:2
LH:0
BRF:0
BRH:0
end_of_record
TN:
SF:src/assets/icons/PartnersIcon/PartnerCardFirst/PartnerCardFirst.tsx
FN:1,(anonymous_0)
FNF:1
FNH:0
FNDA:0,(anonymous_0)
DA:1,0
DA:2,0
DA:37,0
LF:3
LH:0
BRF:0
BRH:0
end_of_record
TN:
SF:src/assets/icons/PartnersIcon/PartnerCardFirst/index.ts
FNF:0
FNH:0
DA:1,0
DA:3,0
LF:2
LH:0
BRF:0
BRH:0
end_of_record
TN:
SF:src/assets/icons/PartnersIcon/PartnerCardFourth/PartnerCardFourth.tsx
FN:1,(anonymous_0)
FNF:1
FNH:0
FNDA:0,(anonymous_0)
DA:1,0
DA:2,0
DA:389,0
LF:3
LH:0
BRF:0
BRH:0
end_of_record
TN:
SF:src/assets/icons/PartnersIcon/PartnerCardFourth/index.ts
FNF:0
FNH:0
DA:1,0
DA:3,0
LF:2
LH:0
BRF:0
BRH:0
end_of_record
TN:
SF:src/assets/icons/PartnersIcon/PartnerCardSecond/PartnerCardSecond.tsx
FN:1,(anonymous_0)
FNF:1
FNH:0
FNDA:0,(anonymous_0)
DA:1,0
DA:2,0
DA:42,0
LF:3
LH:0
BRF:0
BRH:0
end_of_record
TN:
SF:src/assets/icons/PartnersIcon/PartnerCardSecond/index.ts
FNF:0
FNH:0
DA:1,0
DA:3,0
LF:2
LH:0
BRF:0
BRH:0
end_of_record
TN:
SF:src/assets/icons/PartnersIcon/PartnerCardSeventh/PartnerCardSeventh.tsx
FN:1,(anonymous_0)
FNF:1
FNH:0
FNDA:0,(anonymous_0)
DA:1,0
DA:2,0
DA:27,0
LF:3
LH:0
BRF:0
BRH:0
end_of_record
TN:
SF:src/assets/icons/PartnersIcon/PartnerCardSeventh/index.ts
FNF:0
FNH:0
DA:1,0
DA:3,0
LF:2
LH:0
BRF:0
BRH:0
end_of_record
TN:
SF:src/assets/icons/PartnersIcon/PartnerCardSixth/PartnerCardSixth.tsx
FN:1,(anonymous_0)
FNF:1
FNH:0
FNDA:0,(anonymous_0)
DA:1,0
DA:2,0
DA:39,0
LF:3
LH:0
BRF:0
BRH:0
end_of_record
TN:
SF:src/assets/icons/PartnersIcon/PartnerCardSixth/index.ts
FNF:0
FNH:0
DA:1,0
DA:3,0
LF:2
LH:0
BRF:0
BRH:0
end_of_record
TN:
SF:src/assets/icons/PartnersIcon/PartnerCardThird/PartnerCardThird.tsx
FN:1,(anonymous_0)
FNF:1
FNH:0
FNDA:0,(anonymous_0)
DA:1,0
DA:2,0
DA:28,0
LF:3
LH:0
BRF:0
BRH:0
end_of_record
TN:
SF:src/assets/icons/PartnersIcon/PartnerCardThird/index.ts
FNF:0
FNH:0
DA:1,0
DA:3,0
LF:2
LH:0
BRF:0
BRH:0
end_of_record
TN:
SF:src/assets/icons/PencilSimple/PencilSimple.tsx
FN:1,(anonymous_0)
FNF:1
FNH:0
FNDA:0,(anonymous_0)
DA:1,0
DA:2,0
DA:18,0
LF:3
LH:0
BRF:0
BRH:0
end_of_record
TN:
SF:src/assets/icons/PencilSimple/index.ts
FNF:0
FNH:0
DA:1,0
DA:3,0
LF:2
LH:0
BRF:0
BRH:0
end_of_record
TN:
SF:src/assets/icons/PercentIcon/PercentIcon.tsx
FN:7,(anonymous_1)
FNF:1
FNH:0
FNDA:0,(anonymous_1)
DA:1,0
DA:7,0
DA:8,0
DA:24,0
LF:4
LH:0
BRDA:7,0,0,0
BRF:1
BRH:0
end_of_record
TN:
SF:src/assets/icons/PercentIcon/index.tsx
FNF:0
FNH:0
DA:1,0
DA:3,0
LF:2
LH:0
BRF:0
BRH:0
end_of_record
TN:
SF:src/assets/icons/PlayIcon/PlayIcon.tsx
FN:1,(anonymous_0)
FNF:1
FNH:0
FNDA:0,(anonymous_0)
DA:1,0
DA:2,0
DA:18,0
LF:3
LH:0
BRF:0
BRH:0
end_of_record
TN:
SF:src/assets/icons/PlayIcon/index.ts
FNF:0
FNH:0
DA:1,0
DA:3,0
LF:2
LH:0
BRF:0
BRH:0
end_of_record
TN:
SF:src/assets/icons/PlusIcon/PlusIcon.tsx
FN:1,(anonymous_0)
FNF:1
FNH:0
FNDA:0,(anonymous_0)
DA:1,0
DA:2,0
DA:18,0
LF:3
LH:0
BRF:0
BRH:0
end_of_record
TN:
SF:src/assets/icons/PlusIcon/index.ts
FNF:0
FNH:0
DA:1,0
DA:3,0
LF:2
LH:0
BRF:0
BRH:0
end_of_record
TN:
SF:src/assets/icons/PlusMinusIcon/PlusMinusIcon.tsx
FN:1,(anonymous_0)
FNF:1
FNH:0
FNDA:0,(anonymous_0)
DA:1,0
DA:2,0
DA:19,0
LF:3
LH:0
BRF:0
BRH:0
end_of_record
TN:
SF:src/assets/icons/PlusMinusIcon/index.ts
FNF:0
FNH:0
DA:1,0
DA:3,0
LF:2
LH:0
BRF:0
BRH:0
end_of_record
TN:
SF:src/assets/icons/RussiaFlagIcon/RussiaFlagIcon.tsx
FN:1,(anonymous_0)
FNF:1
FNH:0
FNDA:0,(anonymous_0)
DA:1,0
DA:2,0
DA:34,0
LF:3
LH:0
BRF:0
BRH:0
end_of_record
TN:
SF:src/assets/icons/RussiaFlagIcon/index.ts
FNF:0
FNH:0
DA:1,0
DA:3,0
LF:2
LH:0
BRF:0
BRH:0
end_of_record
TN:
SF:src/assets/icons/ServiceCardIcons/ServiceCardFirst.tsx
FN:1,(anonymous_0)
FNF:1
FNH:0
FNDA:0,(anonymous_0)
DA:1,0
DA:2,0
DA:5,0
LF:3
LH:0
BRF:0
BRH:0
end_of_record
TN:
SF:src/assets/icons/ServiceCardIcons/index.ts
FNF:0
FNH:0
DA:1,0
DA:3,0
LF:2
LH:0
BRF:0
BRH:0
end_of_record
TN:
SF:src/assets/icons/ShieldCheckIcon/ShieldCheckIcon.tsx
FN:3,(anonymous_0)
FNF:1
FNH:0
FNDA:0,(anonymous_0)
DA:3,0
DA:8,0
DA:25,0
LF:3
LH:0
BRDA:4,0,0,0
BRDA:5,1,0,0
BRF:2
BRH:0
end_of_record
TN:
SF:src/assets/icons/ShieldCheckIcon/index.ts
FNF:0
FNH:0
DA:1,0
DA:3,0
LF:2
LH:0
BRF:0
BRH:0
end_of_record
TN:
SF:src/assets/icons/SignOut/SIgnOut.tsx
FN:5,(anonymous_1)
FNF:1
FNH:0
FNDA:0,(anonymous_1)
DA:1,0
DA:5,0
DA:10,0
DA:27,0
LF:4
LH:0
BRDA:6,0,0,0
BRDA:7,1,0,0
BRF:2
BRH:0
end_of_record
TN:
SF:src/assets/icons/SignOut/index.ts
FNF:0
FNH:0
DA:1,0
DA:3,0
LF:2
LH:0
BRF:0
BRH:0
end_of_record
TN:
SF:src/assets/icons/SlidersHorizontalIcon/SliderHorizontalIcon.tsx
FN:1,(anonymous_0)
FNF:1
FNH:0
FNDA:0,(anonymous_0)
DA:1,0
DA:2,0
DA:18,0
LF:3
LH:0
BRF:0
BRH:0
end_of_record
TN:
SF:src/assets/icons/SlidersHorizontalIcon/index.ts
FNF:0
FNH:0
DA:1,0
DA:3,0
LF:2
LH:0
BRF:0
BRH:0
end_of_record
TN:
SF:src/assets/icons/SpeakerOffIcon/SpeakerOffIcon.tsx
FN:3,(anonymous_0)
FNF:1
FNH:0
FNDA:0,(anonymous_0)
DA:3,0
DA:4,0
DA:29,0
LF:3
LH:0
BRDA:3,0,0,0
BRF:1
BRH:0
end_of_record
TN:
SF:src/assets/icons/SpeakerOffIcon/index.ts
FNF:0
FNH:0
DA:1,0
DA:3,0
LF:2
LH:0
BRF:0
BRH:0
end_of_record
TN:
SF:src/assets/icons/SpeakerOnIcon/SpeakerOnIcon.tsx
FN:3,(anonymous_0)
FNF:1
FNH:0
FNDA:0,(anonymous_0)
DA:3,0
DA:4,0
DA:22,0
LF:3
LH:0
BRDA:3,0,0,0
BRF:1
BRH:0
end_of_record
TN:
SF:src/assets/icons/SpeakerOnIcon/index.ts
FNF:0
FNH:0
DA:1,0
DA:3,0
LF:2
LH:0
BRF:0
BRH:0
end_of_record
TN:
SF:src/assets/icons/SuccessIcon/SuccessIcon.tsx
FN:3,(anonymous_0)
FNF:1
FNH:0
FNDA:0,(anonymous_0)
DA:3,0
DA:4,0
LF:2
LH:0
BRDA:3,0,0,0
BRF:1
BRH:0
end_of_record
TN:
SF:src/assets/icons/SuccessIcon/index.tsx
FN:1,(anonymous_0)
FNF:1
FNH:0
FNDA:0,(anonymous_0)
DA:1,0
LF:1
LH:0
BRF:0
BRH:0
end_of_record
TN:
SF:src/assets/icons/TargetIcon/TargetIcon.tsx
FN:1,(anonymous_0)
FNF:1
FNH:0
FNDA:0,(anonymous_0)
DA:1,0
DA:2,0
DA:19,0
LF:3
LH:0
BRF:0
BRH:0
end_of_record
TN:
SF:src/assets/icons/TargetIcon/index.ts
FNF:0
FNH:0
DA:1,0
DA:3,0
LF:2
LH:0
BRF:0
BRH:0
end_of_record
TN:
SF:src/assets/icons/USFlagIcon/USFlagIcon.tsx
FN:1,(anonymous_0)
FNF:1
FNH:0
FNDA:0,(anonymous_0)
DA:1,0
DA:2,0
DA:101,0
LF:3
LH:0
BRF:0
BRH:0
end_of_record
TN:
SF:src/assets/icons/USFlagIcon/index.ts
FN:1,(anonymous_1)
FNF:1
FNH:0
FNDA:0,(anonymous_1)
DA:1,0
LF:1
LH:0
BRF:0
BRH:0
end_of_record
TN:
SF:src/assets/icons/UploadSimpleIcon/UploadSimpleIcon.tsx
FN:1,(anonymous_0)
FNF:1
FNH:0
FNDA:0,(anonymous_0)
DA:1,0
DA:2,0
DA:18,0
LF:3
LH:0
BRF:0
BRH:0
end_of_record
TN:
SF:src/assets/icons/UploadSimpleIcon/index.ts
FNF:0
FNH:0
DA:1,0
DA:3,0
LF:2
LH:0
BRF:0
BRH:0
end_of_record
TN:
SF:src/assets/icons/WarningCircleICon/WarningCircleIcon.tsx
FN:3,(anonymous_0)
FNF:1
FNH:0
FNDA:0,(anonymous_0)
DA:3,0
DA:8,0
DA:25,0
LF:3
LH:0
BRDA:4,0,0,0
BRDA:5,1,0,0
BRF:2
BRH:0
end_of_record
TN:
SF:src/assets/icons/WarningCircleICon/index.ts
FNF:0
FNH:0
DA:1,0
DA:3,0
LF:2
LH:0
BRF:0
BRH:0
end_of_record
TN:
SF:src/assets/icons/magnifyingGlassIcon/MagnifyingGlassIcon.tsx
FN:1,MagnifyingGlassIcon
FNF:1
FNH:0
FNDA:0,MagnifyingGlassIcon
DA:1,0
DA:2,0
LF:2
LH:0
BRF:0
BRH:0
end_of_record
TN:
SF:src/assets/icons/magnifyingGlassIcon/index.ts
FN:1,(anonymous_0)
FNF:1
FNH:0
FNDA:0,(anonymous_0)
DA:1,0
LF:1
LH:0
BRF:0
BRH:0
end_of_record
TN:
SF:src/assets/icons/warningOctagonIcon/WarningOctagonIcon.tsx
FN:3,WarningOctagonIcon
FNF:1
FNH:0
FNDA:0,WarningOctagonIcon
DA:3,0
DA:8,0
LF:2
LH:0
BRDA:4,0,0,0
BRDA:5,1,0,0
BRF:2
BRH:0
end_of_record
TN:
SF:src/assets/icons/warningOctagonIcon/index.ts
FN:1,(anonymous_0)
FNF:1
FNH:0
FNDA:0,(anonymous_0)
DA:1,0
LF:1
LH:0
BRF:0
BRH:0
end_of_record
TN:
SF:src/components/SharedHeader/SharedHeader.tsx
FN:39,(anonymous_1)
FN:54,(anonymous_2)
FNF:2
FNH:0
FNDA:0,(anonymous_1)
FNDA:0,(anonymous_2)
DA:13,0
DA:14,0
DA:15,0
DA:17,0
DA:18,0
DA:20,0
DA:39,0
DA:46,0
DA:47,0
DA:54,0
DA:55,0
DA:56,0
DA:57,0
DA:60,0
DA:61,0
DA:63,0
DA:64,0
DA:67,0
DA:71,0
DA:110,0
LF:20
LH:0
BRDA:40,0,0,0
BRDA:42,1,0,0
BRDA:43,2,0,0
BRDA:55,3,0,0
BRDA:60,4,0,0
BRDA:60,4,1,0
BRDA:61,5,0,0
BRDA:61,5,1,0
BRDA:63,6,0,0
BRDA:99,7,0,0
BRDA:99,7,1,0
BRF:11
BRH:0
end_of_record
TN:
SF:src/components/SharedHeader/index.ts
FN:1,(anonymous_1)
FNF:1
FNH:0
FNDA:0,(anonymous_1)
DA:1,0
LF:1
LH:0
BRF:0
BRH:0
end_of_record
TN:
SF:src/components/VersionChip/VersionChip.tsx
FN:9,(anonymous_7)
FN:15,(anonymous_8)
FN:18,(anonymous_9)
FN:19,(anonymous_10)
FN:25,(anonymous_11)
FNF:5
FNH:0
FNDA:0,(anonymous_7)
FNDA:0,(anonymous_8)
FNDA:0,(anonymous_9)
FNDA:0,(anonymous_10)
FNDA:0,(anonymous_11)
DA:1,0
DA:2,0
DA:3,0
DA:9,0
DA:12,0
DA:15,0
DA:17,0
DA:18,0
DA:21,0
DA:22,0
DA:27,0
DA:33,0
DA:34,0
DA:35,0
DA:36,0
DA:39,0
DA:41,0
DA:61,0
LF:18
LH:0
BRDA:21,0,0,0
BRDA:21,1,0,0
BRDA:21,1,1,0
BRDA:33,2,0,0
BRDA:33,2,1,0
BRDA:43,3,0,0
BRDA:43,3,1,0
BRDA:53,4,0,0
BRDA:53,4,1,0
BRF:9
BRH:0
end_of_record
TN:
SF:src/components/VersionChip/index.ts
FN:1,(anonymous_1)
FNF:1
FNH:0
FNDA:0,(anonymous_1)
DA:1,0
LF:1
LH:0
BRF:0
BRH:0
end_of_record
TN:
SF:src/components/layout/Layout.tsx
FN:20,(anonymous_7)
FN:39,(anonymous_8)
FN:52,(anonymous_9)
FNF:3
FNH:0
FNDA:0,(anonymous_7)
FNDA:0,(anonymous_8)
FNDA:0,(anonymous_9)
DA:1,0
DA:2,0
DA:3,0
DA:4,0
DA:5,0
DA:7,0
DA:8,0
DA:9,0
DA:10,0
DA:11,0
DA:12,0
DA:13,0
DA:15,0
DA:16,0
DA:18,0
DA:20,0
DA:21,0
DA:22,0
DA:23,0
DA:24,0
DA:25,0
DA:26,0
DA:31,0
DA:36,0
DA:37,0
DA:39,0
DA:40,0
DA:41,0
DA:43,0
DA:47,0
DA:53,0
DA:54,0
DA:55,0
DA:84,0
LF:34
LH:0
BRDA:23,0,0,0
BRDA:23,0,1,0
BRDA:23,0,2,0
BRDA:40,1,0,0
BRDA:40,1,1,0
BRDA:50,2,0,0
BRDA:50,2,1,0
BRDA:60,3,0,0
BRDA:60,3,1,0
BRDA:60,3,2,0
BRDA:63,4,0,0
BRDA:63,4,1,0
BRDA:63,4,2,0
BRDA:78,5,0,0
BRDA:78,5,1,0
BRF:15
BRH:0
end_of_record
TN:
SF:src/components/layout/Dialog/Dialog.tsx
FN:10,(anonymous_1)
FN:27,handleCancel
FN:33,handleOk
FN:38,handleClose
FNF:4
FNH:0
FNDA:0,(anonymous_1)
FNDA:0,handleCancel
FNDA:0,handleOk
FNDA:0,handleClose
DA:1,0
DA:2,0
DA:4,0
DA:5,0
DA:6,0
DA:8,0
DA:10,0
DA:11,0
DA:23,0
DA:24,0
DA:28,0
DA:29,0
DA:34,0
DA:35,0
DA:39,0
DA:40,0
DA:43,0
DA:74,0
LF:18
LH:0
BRDA:28,0,0,0
BRDA:28,0,1,0
BRDA:34,1,0,0
BRDA:34,1,1,0
BRDA:39,2,0,0
BRDA:39,2,1,0
BRDA:43,3,0,0
BRDA:43,3,1,0
BRDA:51,4,0,0
BRDA:51,4,1,0
BRDA:56,5,0,0
BRDA:56,5,1,0
BRDA:59,6,0,0
BRDA:59,6,1,0
BRDA:64,7,0,0
BRDA:64,7,1,0
BRF:16
BRH:0
end_of_record
TN:
SF:src/components/layout/Flows/validations/validationSchemaEN.ts
FN:12,(anonymous_6)
FN:32,(anonymous_7)
FN:47,(anonymous_8)
FNF:3
FNH:0
FNDA:0,(anonymous_6)
FNDA:0,(anonymous_7)
FNDA:0,(anonymous_8)
DA:1,0
DA:2,0
DA:4,0
DA:6,0
DA:13,0
DA:14,0
DA:15,0
DA:16,0
DA:20,0
DA:25,0
DA:33,0
DA:34,0
DA:35,0
DA:36,0
DA:40,0
DA:45,0
DA:48,0
DA:49,0
DA:51,0
DA:52,0
DA:55,0
DA:56,0
DA:59,0
DA:60,0
DA:63,0
DA:64,0
DA:67,0
DA:69,0
DA:76,0
DA:81,0
LF:30
LH:0
BRDA:14,0,0,0
BRDA:15,1,0,0
BRDA:34,2,0,0
BRDA:35,3,0,0
BRDA:48,4,0,0
BRDA:51,5,0,0
BRDA:55,6,0,0
BRDA:59,7,0,0
BRDA:63,8,0,0
BRDA:67,9,0,0
BRF:10
BRH:0
end_of_record
TN:
SF:src/components/layout/Flows/validations/validationSchemaHE.ts
FN:11,(anonymous_6)
FN:31,(anonymous_7)
FN:46,(anonymous_8)
FNF:3
FNH:0
FNDA:0,(anonymous_6)
FNDA:0,(anonymous_7)
FNDA:0,(anonymous_8)
DA:1,0
DA:3,0
DA:5,0
DA:12,0
DA:13,0
DA:14,0
DA:15,0
DA:19,0
DA:24,0
DA:32,0
DA:33,0
DA:34,0
DA:35,0
DA:39,0
DA:44,0
DA:47,0
DA:48,0
DA:50,0
DA:51,0
DA:54,0
DA:55,0
DA:58,0
DA:59,0
DA:62,0
DA:63,0
DA:66,0
DA:68,0
DA:75,0
DA:80,0
LF:29
LH:0
BRDA:13,0,0,0
BRDA:14,1,0,0
BRDA:33,2,0,0
BRDA:34,3,0,0
BRDA:47,4,0,0
BRDA:50,5,0,0
BRDA:54,6,0,0
BRDA:58,7,0,0
BRDA:62,8,0,0
BRDA:66,9,0,0
BRF:10
BRH:0
end_of_record
TN:
SF:src/components/layout/Flows/validations/validationSchemaRU.ts
FN:11,(anonymous_6)
FN:31,(anonymous_7)
FN:46,(anonymous_8)
FNF:3
FNH:0
FNDA:0,(anonymous_6)
FNDA:0,(anonymous_7)
FNDA:0,(anonymous_8)
DA:1,0
DA:3,0
DA:5,0
DA:12,0
DA:13,0
DA:14,0
DA:15,0
DA:19,0
DA:24,0
DA:32,0
DA:33,0
DA:34,0
DA:35,0
DA:39,0
DA:44,0
DA:47,0
DA:48,0
DA:50,0
DA:51,0
DA:54,0
DA:55,0
DA:58,0
DA:59,0
DA:62,0
DA:63,0
DA:66,0
DA:68,0
DA:75,0
DA:80,0
LF:29
LH:0
BRDA:13,0,0,0
BRDA:14,1,0,0
BRDA:33,2,0,0
BRDA:34,3,0,0
BRDA:47,4,0,0
BRDA:50,5,0,0
BRDA:54,6,0,0
BRDA:58,7,0,0
BRDA:62,8,0,0
BRDA:66,9,0,0
BRF:10
BRH:0
end_of_record
TN:
SF:src/components/layout/Footer/Footer.tsx
FN:13,Footer
FNF:1
FNH:0
FNDA:0,Footer
DA:1,0
DA:2,0
DA:4,0
DA:5,0
DA:6,0
DA:7,0
DA:8,0
DA:10,0
DA:13,0
DA:14,0
DA:15,0
LF:11
LH:0
BRF:0
BRH:0
end_of_record
TN:
SF:src/components/layout/Footer/Company/Company.tsx
FN:14,(anonymous_1)
FN:17,(anonymous_2)
FN:26,(anonymous_3)
FN:28,(anonymous_4)
FN:33,(anonymous_5)
FN:34,(anonymous_6)
FN:56,(anonymous_7)
FN:57,(anonymous_8)
FN:58,(anonymous_9)
FN:59,(anonymous_10)
FNF:10
FNH:0
FNDA:0,(anonymous_1)
FNDA:0,(anonymous_2)
FNDA:0,(anonymous_3)
FNDA:0,(anonymous_4)
FNDA:0,(anonymous_5)
FNDA:0,(anonymous_6)
FNDA:0,(anonymous_7)
FNDA:0,(anonymous_8)
FNDA:0,(anonymous_9)
FNDA:0,(anonymous_10)
DA:1,0
DA:2,0
DA:3,0
DA:5,0
DA:6,0
DA:7,0
DA:10,0
DA:12,0
DA:14,0
DA:15,0
DA:16,0
DA:17,0
DA:18,0
DA:20,0
DA:26,0
DA:28,0
DA:33,0
DA:34,0
DA:56,0
DA:57,0
DA:58,0
DA:59,0
DA:67,0
LF:23
LH:0
BRDA:22,0,0,0
BRDA:22,0,1,0
BRDA:38,1,0,0
BRDA:38,1,1,0
BRDA:41,2,0,0
BRDA:41,2,1,0
BRDA:46,3,0,0
BRDA:46,3,1,0
BRF:8
BRH:0
end_of_record
TN:
SF:src/components/layout/Footer/Company/index.ts
FNF:0
FNH:0
DA:1,0
DA:3,0
LF:2
LH:0
BRF:0
BRH:0
end_of_record
TN:
SF:src/components/layout/Footer/Contacts/Contacts.tsx
FN:12,Contacts
FN:15,(anonymous_2)
FNF:2
FNH:0
FNDA:0,Contacts
FNDA:0,(anonymous_2)
DA:1,0
DA:2,0
DA:4,0
DA:5,0
DA:6,0
DA:9,0
DA:11,0
DA:12,0
DA:13,0
DA:14,0
DA:15,0
DA:17,0
LF:12
LH:0
BRDA:19,0,0,0
BRDA:19,0,1,0
BRDA:57,1,0,0
BRDA:57,1,1,0
BRDA:60,2,0,0
BRDA:60,2,1,0
BRDA:65,3,0,0
BRDA:65,3,1,0
BRF:8
BRH:0
end_of_record
TN:
SF:src/components/layout/Footer/Contacts/index.ts
FNF:0
FNH:0
DA:1,0
DA:3,0
LF:2
LH:0
BRF:0
BRH:0
end_of_record
TN:
SF:src/components/layout/Footer/Documents/Documents.tsx
FN:12,Documents
FN:15,(anonymous_2)
FN:26,(anonymous_3)
FN:32,(anonymous_4)
FN:38,(anonymous_5)
FN:44,(anonymous_6)
FN:50,(anonymous_7)
FN:56,(anonymous_8)
FN:82,(anonymous_9)
FN:83,(anonymous_10)
FN:84,(anonymous_11)
FN:85,(anonymous_12)
FN:86,(anonymous_13)
FN:87,(anonymous_14)
FNF:14
FNH:0
FNDA:0,Documents
FNDA:0,(anonymous_2)
FNDA:0,(anonymous_3)
FNDA:0,(anonymous_4)
FNDA:0,(anonymous_5)
FNDA:0,(anonymous_6)
FNDA:0,(anonymous_7)
FNDA:0,(anonymous_8)
FNDA:0,(anonymous_9)
FNDA:0,(anonymous_10)
FNDA:0,(anonymous_11)
FNDA:0,(anonymous_12)
FNDA:0,(anonymous_13)
FNDA:0,(anonymous_14)
DA:1,0
DA:2,0
DA:3,0
DA:5,0
DA:6,0
DA:7,0
DA:9,0
DA:11,0
DA:12,0
DA:13,0
DA:14,0
DA:15,0
DA:17,0
DA:19,0
DA:26,0
DA:32,0
DA:38,0
DA:44,0
DA:50,0
DA:56,0
DA:82,0
DA:83,0
DA:84,0
DA:85,0
DA:86,0
DA:87,0
LF:26
LH:0
BRDA:21,0,0,0
BRDA:21,0,1,0
BRDA:64,1,0,0
BRDA:64,1,1,0
BRDA:67,2,0,0
BRDA:67,2,1,0
BRDA:72,3,0,0
BRDA:72,3,1,0
BRF:8
BRH:0
end_of_record
TN:
SF:src/components/layout/Footer/Documents/index.ts
FNF:0
FNH:0
DA:1,0
DA:3,0
LF:2
LH:0
BRF:0
BRH:0
end_of_record
TN:
SF:src/components/layout/Footer/InfoBlock/InfoBlock.tsx
FN:11,InfoBlock
FNF:1
FNH:0
FNDA:0,InfoBlock
DA:1,0
DA:2,0
DA:4,0
DA:5,0
DA:6,0
DA:8,0
DA:11,0
DA:12,0
DA:14,0
LF:9
LH:0
BRF:0
BRH:0
end_of_record
TN:
SF:src/components/layout/Footer/InfoBlock/index.ts
FNF:0
FNH:0
DA:1,0
DA:3,0
LF:2
LH:0
BRF:0
BRH:0
end_of_record
TN:
SF:src/components/layout/Footer/Logo/Logo.tsx
FN:7,Logo
FN:10,(anonymous_2)
FNF:2
FNH:0
FNDA:0,Logo
FNDA:0,(anonymous_2)
DA:1,0
DA:2,0
DA:4,0
DA:6,0
DA:7,0
DA:8,0
DA:9,0
DA:10,0
LF:8
LH:0
BRF:0
BRH:0
end_of_record
TN:
SF:src/components/layout/Footer/Social/Social.tsx
FN:6,Social
FNF:1
FNH:0
FNDA:0,Social
DA:1,0
DA:3,0
DA:5,0
DA:6,0
DA:7,0
LF:5
LH:0
BRF:0
BRH:0
end_of_record
TN:
SF:src/components/layout/Footer/Social/index.ts
FNF:0
FNH:0
DA:1,0
DA:3,0
LF:2
LH:0
BRF:0
BRH:0
end_of_record
TN:
SF:src/components/layout/Head/Header.tsx
FN:19,(anonymous_1)
FN:56,(anonymous_2)
FNF:2
FNH:0
FNDA:0,(anonymous_1)
FNDA:0,(anonymous_2)
DA:1,0
DA:2,0
DA:3,0
DA:5,0
DA:6,0
DA:7,0
DA:9,0
DA:11,0
DA:19,0
DA:20,0
DA:21,0
DA:22,0
DA:23,0
DA:27,0
DA:29,0
DA:57,0
DA:71,0
LF:17
LH:0
BRDA:23,0,0,0
BRDA:23,0,1,0
BRDA:27,1,0,0
BRDA:27,1,1,0
BRDA:27,1,2,0
BRDA:36,2,0,0
BRDA:36,2,1,0
BRDA:37,3,0,0
BRDA:37,3,1,0
BRDA:46,4,0,0
BRDA:46,4,1,0
BRDA:53,5,0,0
BRDA:53,5,1,0
BRF:13
BRH:0
end_of_record
TN:
SF:src/components/layout/Head/Login.tsx
FN:6,Login
FNF:1
FNH:0
FNDA:0,Login
DA:1,0
DA:3,0
DA:6,0
DA:7,0
DA:9,0
LF:5
LH:0
BRF:0
BRH:0
end_of_record
TN:
SF:src/components/layout/Head/LoginLanguage.tsx
FN:19,LoginLanguage
FN:31,(anonymous_2)
FN:36,(anonymous_3)
FNF:3
FNH:0
FNDA:0,LoginLanguage
FNDA:0,(anonymous_2)
FNDA:0,(anonymous_3)
DA:1,0
DA:2,0
DA:3,0
DA:5,0
DA:6,0
DA:7,0
DA:8,0
DA:9,0
DA:10,0
DA:11,0
DA:13,0
DA:14,0
DA:15,0
DA:17,0
DA:19,0
DA:20,0
DA:22,0
DA:24,0
DA:25,0
DA:26,0
DA:27,0
DA:29,0
DA:31,0
DA:32,0
DA:33,0
DA:36,0
DA:37,0
DA:43,0
DA:44,0
DA:59,0
LF:30
LH:0
BRDA:43,0,0,0
BRDA:43,1,0,0
BRDA:43,1,1,0
BRDA:61,2,0,0
BRDA:61,2,1,0
BRDA:67,3,0,0
BRDA:67,3,1,0
BRDA:88,4,0,0
BRDA:88,4,1,0
BRDA:92,5,0,0
BRDA:92,5,1,0
BRF:11
BRH:0
end_of_record
TN:
SF:src/components/layout/Head/Logo.tsx
FN:12,(anonymous_1)
FN:19,(anonymous_2)
FNF:2
FNH:0
FNDA:0,(anonymous_1)
FNDA:0,(anonymous_2)
DA:1,0
DA:2,0
DA:3,0
DA:5,0
DA:6,0
DA:7,0
DA:9,0
DA:12,0
DA:13,0
DA:14,0
DA:16,0
DA:19,0
DA:37,0
LF:13
LH:0
BRDA:26,0,0,0
BRDA:26,0,1,0
BRDA:26,0,2,0
BRDA:26,0,3,0
BRF:4
BRH:0
end_of_record
TN:
SF:src/components/layout/Head/Meta.tsx
FN:9,(anonymous_1)
FN:12,(anonymous_2)
FN:14,(anonymous_3)
FNF:3
FNH:0
FNDA:0,(anonymous_1)
FNDA:0,(anonymous_2)
FNDA:0,(anonymous_3)
DA:1,0
DA:2,0
DA:3,0
DA:4,0
DA:6,0
DA:9,0
DA:10,0
DA:12,0
DA:14,0
DA:16,0
DA:17,0
DA:18,0
DA:19,0
DA:21,0
DA:24,0
DA:27,0
LF:16
LH:0
BRDA:16,0,0,0
BRDA:16,0,1,0
BRF:2
BRH:0
end_of_record
TN:
SF:src/components/layout/LanguageSelect/Control.tsx
FN:6,Control
FNF:1
FNH:0
FNDA:0,Control
DA:1,0
DA:3,0
DA:6,0
DA:7,0
LF:4
LH:0
BRF:0
BRH:0
end_of_record
TN:
SF:src/components/layout/LanguageSelect/CustomSelect.tsx
FN:68,(anonymous_1)
FN:87,(anonymous_2)
FN:89,(anonymous_3)
FNF:3
FNH:0
FNDA:0,(anonymous_1)
FNDA:0,(anonymous_2)
FNDA:0,(anonymous_3)
DA:1,0
DA:3,0
DA:5,0
DA:7,0
DA:9,0
DA:68,0
DA:76,0
DA:88,0
DA:90,0
DA:91,0
DA:104,0
LF:11
LH:0
BRDA:94,0,0,0
BRDA:94,0,1,0
BRF:2
BRH:0
end_of_record
TN:
SF:src/components/layout/LanguageSwitcher/LanguageSwitcher.tsx
FN:12,(anonymous_1)
FN:25,LanguageSwitcher
FN:30,(anonymous_3)
FN:42,(anonymous_4)
FNF:4
FNH:0
FNDA:0,(anonymous_1)
FNDA:0,LanguageSwitcher
FNDA:0,(anonymous_3)
FNDA:0,(anonymous_4)
DA:1,0
DA:3,0
DA:4,0
DA:12,0
DA:25,0
DA:26,0
DA:27,0
DA:29,0
DA:30,0
DA:33,0
DA:42,0
LF:11
LH:0
BRDA:25,0,0,0
BRF:1
BRH:0
end_of_record
TN:
SF:src/components/layout/Loader/Loader.tsx
FN:11,(anonymous_1)
FNF:1
FNH:0
FNDA:0,(anonymous_1)
DA:1,0
DA:2,0
DA:4,0
DA:6,0
DA:7,0
DA:9,0
DA:11,0
DA:12,0
DA:24,0
LF:9
LH:0
BRF:0
BRH:0
end_of_record
TN:
SF:src/components/layout/Loader/Spinner.tsx
FN:3,(anonymous_1)
FN:8,(anonymous_2)
FNF:2
FNH:0
FNDA:0,(anonymous_1)
FNDA:0,(anonymous_2)
DA:1,0
DA:3,0
DA:4,0
DA:6,0
DA:9,0
DA:15,0
LF:6
LH:0
BRF:0
BRH:0
end_of_record
TN:
SF:src/components/layout/Loader/index.ts
FNF:0
FNH:0
DA:1,0
DA:3,0
LF:2
LH:0
BRF:0
BRH:0
end_of_record
TN:
SF:src/components/layout/RegistrationLayout/RegistrationLayout.tsx
FN:10,(anonymous_1)
FNF:1
FNH:0
FNDA:0,(anonymous_1)
DA:1,0
DA:2,0
DA:3,0
DA:10,0
DA:11,0
DA:30,0
LF:6
LH:0
BRF:0
BRH:0
end_of_record
TN:
SF:src/components/layout/RegistrationLayout/index.ts
FNF:0
FNH:0
DA:1,0
DA:3,0
DA:4,0
LF:3
LH:0
BRF:0
BRH:0
end_of_record
TN:
SF:src/components/layout/SharedNavigation/SharedNavigation.tsx
FN:26,(anonymous_7)
FN:35,(anonymous_8)
FN:41,(anonymous_9)
FN:48,(anonymous_10)
FN:69,(anonymous_11)
FN:95,(anonymous_12)
FN:116,(anonymous_13)
FN:118,(anonymous_14)
FN:140,(anonymous_15)
FN:147,(anonymous_16)
FN:152,(anonymous_17)
FN:156,(anonymous_18)
FN:177,(anonymous_19)
FN:202,(anonymous_20)
FN:211,(anonymous_21)
FN:224,(anonymous_22)
FN:230,(anonymous_23)
FN:241,(anonymous_24)
FN:247,(anonymous_25)
FN:277,(anonymous_26)
FN:297,(anonymous_27)
FN:317,(anonymous_28)
FN:332,(anonymous_29)
FN:345,(anonymous_30)
FN:353,(anonymous_31)
FN:365,(anonymous_32)
FN:376,(anonymous_33)
FN:387,(anonymous_34)
FN:398,(anonymous_35)
FN:414,(anonymous_36)
FNF:30
FNH:0
FNDA:0,(anonymous_7)
FNDA:0,(anonymous_8)
FNDA:0,(anonymous_9)
FNDA:0,(anonymous_10)
FNDA:0,(anonymous_11)
FNDA:0,(anonymous_12)
FNDA:0,(anonymous_13)
FNDA:0,(anonymous_14)
FNDA:0,(anonymous_15)
FNDA:0,(anonymous_16)
FNDA:0,(anonymous_17)
FNDA:0,(anonymous_18)
FNDA:0,(anonymous_19)
FNDA:0,(anonymous_20)
FNDA:0,(anonymous_21)
FNDA:0,(anonymous_22)
FNDA:0,(anonymous_23)
FNDA:0,(anonymous_24)
FNDA:0,(anonymous_25)
FNDA:0,(anonymous_26)
FNDA:0,(anonymous_27)
FNDA:0,(anonymous_28)
FNDA:0,(anonymous_29)
FNDA:0,(anonymous_30)
FNDA:0,(anonymous_31)
FNDA:0,(anonymous_32)
FNDA:0,(anonymous_33)
FNDA:0,(anonymous_34)
FNDA:0,(anonymous_35)
FNDA:0,(anonymous_36)
DA:1,0
DA:2,0
DA:3,0
DA:9,0
DA:10,0
DA:11,0
DA:12,0
DA:13,0
DA:18,0
DA:20,0
DA:26,0
DA:33,0
DA:35,0
DA:36,0
DA:37,0
DA:41,0
DA:42,0
DA:43,0
DA:45,0
DA:48,0
DA:49,0
DA:53,0
DA:55,0
DA:69,0
DA:76,0
DA:95,0
DA:98,0
DA:99,0
DA:101,0
DA:116,0
DA:118,0
DA:119,0
DA:120,0
DA:121,0
DA:122,0
DA:125,0
DA:126,0
DA:129,0
DA:130,0
DA:132,0
DA:136,0
DA:140,0
DA:147,0
DA:153,0
DA:156,0
DA:177,0
DA:178,0
DA:180,0
DA:202,0
DA:208,0
DA:209,0
DA:211,0
DA:212,0
DA:213,0
DA:216,0
DA:224,0
DA:230,0
DA:242,0
DA:247,0
DA:278,0
DA:298,0
DA:299,0
DA:317,0
DA:318,0
DA:332,0
DA:338,0
DA:339,0
DA:341,0
DA:345,0
DA:353,0
DA:365,0
DA:377,0
DA:378,0
DA:388,0
DA:389,0
DA:399,0
DA:400,0
DA:414,0
DA:428,0
DA:465,0
LF:80
LH:0
BRDA:30,0,0,0
BRDA:31,1,0,0
BRDA:36,2,0,0
BRDA:36,3,0,0
BRDA:36,3,1,0
BRDA:42,4,0,0
BRDA:42,4,1,0
BRDA:53,5,0,0
BRDA:73,6,0,0
BRDA:83,7,0,0
BRDA:83,7,1,0
BRDA:83,7,2,0
BRDA:85,8,0,0
BRDA:85,8,1,0
BRDA:116,9,0,0
BRDA:116,9,1,0
BRDA:125,10,0,0
BRDA:125,10,1,0
BRDA:144,11,0,0
BRDA:144,11,1,0
BRDA:166,12,0,0
BRDA:166,12,1,0
BRDA:236,13,0,0
BRDA:236,13,1,0
BRDA:250,14,0,0
BRDA:250,14,1,0
BRDA:254,15,0,0
BRDA:254,15,1,0
BRDA:273,16,0,0
BRDA:273,16,1,0
BRDA:291,17,0,0
BRDA:291,17,1,0
BRDA:349,18,0,0
BRDA:349,18,1,0
BRDA:426,19,0,0
BRF:35
BRH:0
end_of_record
TN:
SF:src/components/layout/SharedNavigation/index.ts
FNF:0
FNH:0
DA:1,0
DA:3,0
DA:4,0
DA:5,0
LF:4
LH:0
BRF:0
BRH:0
end_of_record
TN:
SF:src/components/layout/SharedSideNavigation/SharedSideNavigation.tsx
FN:27,(anonymous_7)
FN:60,(anonymous_8)
FN:61,(anonymous_9)
FN:97,(anonymous_10)
FN:109,(anonymous_11)
FN:116,(anonymous_12)
FN:124,(anonymous_13)
FN:132,(anonymous_14)
FN:140,(anonymous_15)
FN:148,(anonymous_16)
FN:156,(anonymous_17)
FN:161,(anonymous_18)
FN:168,(anonymous_19)
FN:190,(anonymous_20)
FN:206,(anonymous_21)
FNF:15
FNH:0
FNDA:0,(anonymous_7)
FNDA:0,(anonymous_8)
FNDA:0,(anonymous_9)
FNDA:0,(anonymous_10)
FNDA:0,(anonymous_11)
FNDA:0,(anonymous_12)
FNDA:0,(anonymous_13)
FNDA:0,(anonymous_14)
FNDA:0,(anonymous_15)
FNDA:0,(anonymous_16)
FNDA:0,(anonymous_17)
FNDA:0,(anonymous_18)
FNDA:0,(anonymous_19)
FNDA:0,(anonymous_20)
FNDA:0,(anonymous_21)
DA:1,0
DA:2,0
DA:3,0
DA:4,0
DA:7,0
DA:8,0
DA:9,0
DA:10,0
DA:11,0
DA:12,0
DA:13,0
DA:14,0
DA:19,0
DA:21,0
DA:27,0
DA:28,0
DA:30,0
DA:60,0
DA:61,0
DA:62,0
DA:63,0
DA:67,0
DA:97,0
DA:105,0
DA:106,0
DA:109,0
DA:116,0
DA:124,0
DA:132,0
DA:140,0
DA:148,0
DA:156,0
DA:161,0
DA:168,0
DA:180,0
DA:191,0
DA:207,0
DA:219,0
LF:38
LH:0
BRDA:32,0,0,0
BRDA:32,0,1,0
BRDA:39,1,0,0
BRDA:39,1,1,0
BRDA:39,1,2,0
BRDA:47,2,0,0
BRDA:47,2,1,0
BRDA:62,3,0,0
BRDA:74,4,0,0
BRDA:74,4,1,0
BRDA:80,5,0,0
BRDA:80,5,1,0
BRDA:83,6,0,0
BRDA:83,6,1,0
BRDA:101,7,0,0
BRDA:102,8,0,0
BRDA:115,9,0,0
BRDA:115,9,1,0
BRF:18
BRH:0
end_of_record
TN:
SF:src/components/layout/SharedSideNavigation/index.ts
FNF:0
FNH:0
DA:1,0
DA:3,0
DA:4,0
DA:5,0
LF:4
LH:0
BRF:0
BRH:0
end_of_record
TN:
SF:src/components/layout/Sidebar/debug-sidebar.tsx
FN:5,(anonymous_6)
FN:10,(anonymous_7)
FN:11,(anonymous_8)
FN:43,(anonymous_9)
FNF:4
FNH:0
FNDA:0,(anonymous_6)
FNDA:0,(anonymous_7)
FNDA:0,(anonymous_8)
FNDA:0,(anonymous_9)
DA:1,0
DA:2,0
DA:3,0
DA:5,0
DA:6,0
DA:7,0
DA:8,0
DA:10,0
DA:11,0
DA:14,0
DA:22,0
DA:44,0
DA:45,0
DA:46,0
DA:48,0
DA:49,0
DA:50,0
DA:51,0
DA:52,0
DA:53,0
DA:54,0
DA:56,0
DA:59,0
DA:86,0
LF:24
LH:0
BRDA:27,0,0,0
BRDA:27,0,1,0
BRDA:28,1,0,0
BRDA:28,1,1,0
BRDA:49,2,0,0
BRDA:49,2,1,0
BRDA:51,3,0,0
BRDA:51,3,1,0
BRDA:53,4,0,0
BRDA:53,4,1,0
BRDA:62,5,0,0
BRDA:62,5,1,0
BRDA:65,6,0,0
BRDA:65,6,1,0
BRDA:68,7,0,0
BRDA:68,7,1,0
BRF:16
BRH:0
end_of_record
TN:
SF:src/components/layout/Sidebar/MobileMenu/MobileMenu.tsx
FN:18,(anonymous_1)
FNF:1
FNH:0
FNDA:0,(anonymous_1)
DA:1,0
DA:4,0
DA:5,0
DA:6,0
DA:7,0
DA:9,0
DA:11,0
DA:18,0
DA:19,0
DA:35,0
LF:10
LH:0
BRF:0
BRH:0
end_of_record
TN:
SF:src/components/layout/Sidebar/MobileMenu/Header/Header.tsx
FN:13,(anonymous_1)
FNF:1
FNH:0
FNDA:0,(anonymous_1)
DA:1,0
DA:3,0
DA:5,0
DA:7,0
DA:13,0
DA:14,0
DA:24,0
LF:7
LH:0
BRF:0
BRH:0
end_of_record
TN:
SF:src/components/layout/Sidebar/MobileMenu/MobileChangeLanguage/MobileChangeLanguage.tsx
FN:24,(anonymous_1)
FN:31,(anonymous_2)
FN:34,(anonymous_3)
FN:43,(anonymous_4)
FN:45,(anonymous_5)
FN:48,(anonymous_6)
FN:76,(anonymous_7)
FN:92,(anonymous_8)
FN:99,(anonymous_9)
FN:111,(anonymous_10)
FN:119,(anonymous_11)
FN:124,(anonymous_12)
FN:129,(anonymous_13)
FNF:13
FNH:0
FNDA:0,(anonymous_1)
FNDA:0,(anonymous_2)
FNDA:0,(anonymous_3)
FNDA:0,(anonymous_4)
FNDA:0,(anonymous_5)
FNDA:0,(anonymous_6)
FNDA:0,(anonymous_7)
FNDA:0,(anonymous_8)
FNDA:0,(anonymous_9)
FNDA:0,(anonymous_10)
FNDA:0,(anonymous_11)
FNDA:0,(anonymous_12)
FNDA:0,(anonymous_13)
DA:1,0
DA:2,0
DA:9,0
DA:11,0
DA:12,0
DA:13,0
DA:14,0
DA:15,0
DA:16,0
DA:17,0
DA:18,0
DA:20,0
DA:22,0
DA:24,0
DA:25,0
DA:26,0
DA:27,0
DA:29,0
DA:31,0
DA:32,0
DA:34,0
DA:35,0
DA:39,0
DA:43,0
DA:44,0
DA:45,0
DA:48,0
DA:49,0
DA:50,0
DA:54,0
DA:76,0
DA:77,0
DA:78,0
DA:79,0
DA:80,0
DA:83,0
DA:84,0
DA:87,0
DA:91,0
DA:92,0
DA:95,0
DA:99,0
DA:111,0
DA:119,0
DA:125,0
DA:130,0
DA:131,0
DA:150,0
LF:48
LH:0
BRDA:35,0,0,0
BRDA:36,1,0,0
BRDA:36,1,1,0
BRDA:49,2,0,0
BRDA:141,3,0,0
BRDA:141,3,1,0
BRF:6
BRH:0
end_of_record
TN:
SF:src/components/layout/Sidebar/MobileMenu/MobileCurrencySelector/MobileCurrencySelector.tsx
FN:20,(anonymous_1)
FN:25,(anonymous_2)
FN:28,(anonymous_3)
FN:37,(anonymous_4)
FN:39,(anonymous_5)
FN:60,(anonymous_6)
FN:62,(anonymous_7)
FN:71,(anonymous_8)
FN:90,(anonymous_9)
FN:95,(anonymous_10)
FN:100,(anonymous_11)
FNF:11
FNH:0
FNDA:0,(anonymous_1)
FNDA:0,(anonymous_2)
FNDA:0,(anonymous_3)
FNDA:0,(anonymous_4)
FNDA:0,(anonymous_5)
FNDA:0,(anonymous_6)
FNDA:0,(anonymous_7)
FNDA:0,(anonymous_8)
FNDA:0,(anonymous_9)
FNDA:0,(anonymous_10)
FNDA:0,(anonymous_11)
DA:1,0
DA:2,0
DA:8,0
DA:10,0
DA:11,0
DA:12,0
DA:13,0
DA:14,0
DA:16,0
DA:18,0
DA:20,0
DA:21,0
DA:22,0
DA:24,0
DA:25,0
DA:26,0
DA:28,0
DA:29,0
DA:33,0
DA:37,0
DA:38,0
DA:39,0
DA:42,0
DA:60,0
DA:62,0
DA:63,0
DA:64,0
DA:67,0
DA:71,0
DA:90,0
DA:96,0
DA:100,0
DA:120,0
LF:33
LH:0
BRDA:29,0,0,0
BRDA:30,1,0,0
BRDA:30,1,1,0
BRDA:60,2,0,0
BRDA:60,2,1,0
BRDA:111,3,0,0
BRDA:111,3,1,0
BRF:7
BRH:0
end_of_record
TN:
SF:src/components/layout/Sidebar/MobileMenu/Navigation/Navigation.tsx
FN:25,(anonymous_1)
FNF:1
FNH:0
FNDA:0,(anonymous_1)
DA:1,0
DA:3,0
DA:4,0
DA:5,0
DA:6,0
DA:10,0
DA:14,0
DA:15,0
DA:17,0
DA:19,0
DA:25,0
DA:26,0
DA:27,0
DA:28,0
DA:29,0
DA:30,0
DA:31,0
DA:32,0
DA:35,0
DA:36,0
DA:43,0
DA:71,0
LF:22
LH:0
BRDA:35,0,0,0
BRF:1
BRH:0
end_of_record
TN:
SF:src/components/layout/Sidebar/MobileMenu/Navigation/NavigationList/NavigationList.tsx
FN:20,(anonymous_1)
FN:24,(anonymous_2)
FN:36,(anonymous_3)
FN:41,(anonymous_4)
FNF:4
FNH:0
FNDA:0,(anonymous_1)
FNDA:0,(anonymous_2)
FNDA:0,(anonymous_3)
FNDA:0,(anonymous_4)
DA:1,0
DA:3,0
DA:4,0
DA:7,0
DA:9,0
DA:11,0
DA:20,0
DA:21,0
DA:22,0
DA:24,0
DA:25,0
DA:26,0
DA:31,0
DA:33,0
DA:37,0
DA:42,0
DA:61,0
LF:17
LH:0
BRDA:25,0,0,0
BRDA:31,1,0,0
BRDA:31,1,1,0
BRDA:43,2,0,0
BRDA:43,2,1,0
BRF:5
BRH:0
end_of_record
TN:
SF:src/components/layout/Sidebar/MobileMenu/Navigation/NavigationSubMenu/NavigationSubMenu.tsx
FN:19,(anonymous_1)
FN:25,(anonymous_2)
FN:41,(anonymous_3)
FNF:3
FNH:0
FNDA:0,(anonymous_1)
FNDA:0,(anonymous_2)
FNDA:0,(anonymous_3)
DA:1,0
DA:3,0
DA:5,0
DA:8,0
DA:10,0
DA:19,0
DA:25,0
DA:26,0
DA:27,0
DA:28,0
DA:32,0
DA:42,0
DA:52,0
LF:13
LH:0
BRDA:27,0,0,0
BRF:1
BRH:0
end_of_record
TN:
SF:src/components/layout/Sidebar/MobileMenu/SocialItem/SocialItem.tsx
FN:16,(anonymous_1)
FNF:1
FNH:0
FNDA:0,(anonymous_1)
DA:1,0
DA:3,0
DA:4,0
DA:6,0
DA:8,0
DA:16,0
DA:17,0
DA:19,0
DA:28,0
LF:9
LH:0
BRF:0
BRH:0
end_of_record
TN:
SF:src/components/layout/Sidebar/MobileMenu/SocialList/SocialList.tsx
FN:9,(anonymous_1)
FN:12,(anonymous_2)
FNF:2
FNH:0
FNDA:0,(anonymous_1)
FNDA:0,(anonymous_2)
DA:1,0
DA:3,0
DA:4,0
DA:6,0
DA:8,0
DA:9,0
DA:10,0
DA:13,0
DA:24,0
LF:9
LH:0
BRF:0
BRH:0
end_of_record
TN:
SF:src/components/layout/Sidebar/MobileMenu/utils/constants.ts
FNF:0
FNH:0
DA:3,0
LF:1
LH:0
BRF:0
BRH:0
end_of_record
TN:
SF:src/components/layout/Sidebar/SideberClosed/SidebarClosed.tsx
FN:32,(anonymous_1)
FN:50,(anonymous_2)
FN:80,(anonymous_3)
FN:82,(anonymous_4)
FN:92,(anonymous_5)
FN:102,(anonymous_6)
FN:104,(anonymous_7)
FN:114,(anonymous_8)
FNF:8
FNH:0
FNDA:0,(anonymous_1)
FNDA:0,(anonymous_2)
FNDA:0,(anonymous_3)
FNDA:0,(anonymous_4)
FNDA:0,(anonymous_5)
FNDA:0,(anonymous_6)
FNDA:0,(anonymous_7)
FNDA:0,(anonymous_8)
DA:1,0
DA:2,0
DA:3,0
DA:4,0
DA:6,0
DA:7,0
DA:8,0
DA:12,0
DA:17,0
DA:19,0
DA:32,0
DA:42,0
DA:43,0
DA:45,0
DA:46,0
DA:47,0
DA:48,0
DA:50,0
DA:51,0
DA:52,0
DA:53,0
DA:56,0
DA:81,0
DA:83,0
DA:84,0
DA:93,0
DA:103,0
DA:105,0
DA:106,0
DA:115,0
DA:142,0
LF:31
LH:0
BRDA:48,0,0,0
BRDA:48,0,1,0
BRDA:60,1,0,0
BRDA:60,1,1,0
BRF:4
BRH:0
end_of_record
TN:
SF:src/components/layout/Sidebar/SideberClosed/index.ts
FNF:0
FNH:0
DA:1,0
DA:3,0
LF:2
LH:0
BRF:0
BRH:0
end_of_record
TN:
SF:src/components/layout/Sidebar/SocialMedia/SocialMedia.tsx
FN:10,SocialMedia
FNF:1
FNH:0
FNDA:0,SocialMedia
DA:1,0
DA:2,0
DA:4,0
DA:5,0
DA:7,0
DA:10,0
DA:11,0
DA:12,0
LF:8
LH:0
BRF:0
BRH:0
end_of_record
TN:
SF:src/components/layout/Sidebar/SocialMediaItem/SocialMediaItem.tsx
FN:15,(anonymous_1)
FNF:1
FNH:0
FNDA:0,(anonymous_1)
DA:1,0
DA:3,0
DA:13,0
DA:15,0
DA:22,0
DA:34,0
LF:6
LH:0
BRF:0
BRH:0
end_of_record
TN:
SF:src/components/layout/Sidebar/SubSidebar/SubSidebar.tsx
FN:18,(anonymous_1)
FN:31,(anonymous_2)
FNF:2
FNH:0
FNDA:0,(anonymous_1)
FNDA:0,(anonymous_2)
DA:1,0
DA:3,0
DA:7,0
DA:16,0
DA:18,0
DA:24,0
DA:32,0
DA:43,0
LF:8
LH:0
BRDA:27,0,0,0
BRDA:27,0,1,0
BRF:2
BRH:0
end_of_record
TN:
SF:src/components/layout/Sidebar/hooks/sidebar.ts
FN:8,(anonymous_0)
FN:37,(anonymous_1)
FNF:2
FNH:0
FNDA:0,(anonymous_0)
FNDA:0,(anonymous_1)
DA:1,0
DA:2,0
DA:4,0
DA:8,0
DA:9,0
DA:10,0
DA:12,0
DA:37,0
DA:38,0
DA:39,0
DA:41,0
DA:66,0
LF:12
LH:0
BRF:0
BRH:0
end_of_record
TN:
SF:src/components/layout/Sidebar/hooks/subMenu.ts
FN:6,(anonymous_0)
FN:30,(anonymous_1)
FNF:2
FNH:0
FNDA:0,(anonymous_0)
FNDA:0,(anonymous_1)
DA:1,0
DA:2,0
DA:6,0
DA:7,0
DA:8,0
DA:10,0
DA:30,0
DA:31,0
DA:32,0
DA:34,0
DA:62,0
LF:11
LH:0
BRF:0
BRH:0
end_of_record
TN:
SF:src/components/test/DropdownTestComponent.tsx
FN:8,(anonymous_1)
FN:15,(anonymous_2)
FN:19,(anonymous_3)
FN:59,(anonymous_4)
FNF:4
FNH:0
FNDA:0,(anonymous_1)
FNDA:0,(anonymous_2)
FNDA:0,(anonymous_3)
FNDA:0,(anonymous_4)
DA:1,0
DA:2,0
DA:8,0
DA:10,0
DA:13,0
DA:15,0
DA:16,0
DA:19,0
DA:20,0
DA:23,0
DA:60,0
DA:61,0
DA:103,0
LF:13
LH:0
BRDA:31,0,0,0
BRDA:31,0,1,0
BRDA:32,1,0,0
BRDA:32,1,1,0
BRDA:34,2,0,0
BRDA:34,2,1,0
BRDA:35,3,0,0
BRDA:35,3,1,0
BRDA:37,4,0,0
BRDA:37,4,1,0
BRDA:51,5,0,0
BRDA:51,5,1,0
BRDA:52,6,0,0
BRDA:52,6,1,0
BRDA:53,7,0,0
BRDA:53,7,1,0
BRDA:54,8,0,0
BRDA:54,8,1,0
BRDA:56,9,0,0
BRDA:56,9,1,0
BRDA:64,10,0,0
BRDA:64,10,1,0
BRDA:65,11,0,0
BRDA:65,11,1,0
BRF:24
BRH:0
end_of_record
TN:
SF:src/components/ui/Burger.tsx
FN:4,Burger
FNF:1
FNH:0
FNDA:0,Burger
DA:1,0
DA:4,0
DA:5,0
DA:7,0
LF:4
LH:0
BRF:0
BRH:0
end_of_record
TN:
SF:src/components/ui/Button.tsx
FN:11,(anonymous_1)
FNF:1
FNH:0
FNDA:0,(anonymous_1)
DA:1,0
DA:2,0
DA:11,0
DA:12,0
DA:14,0
DA:26,0
LF:6
LH:0
BRF:0
BRH:0
end_of_record
TN:
SF:src/components/ui/CreditParams.tsx
FN:17,CreditParams
FN:26,(anonymous_2)
FN:30,(anonymous_3)
FN:31,(anonymous_4)
FN:45,(anonymous_5)
FN:50,(anonymous_6)
FN:57,(anonymous_7)
FN:58,(anonymous_8)
FN:95,(anonymous_9)
FN:96,(anonymous_10)
FNF:10
FNH:0
FNDA:0,CreditParams
FNDA:0,(anonymous_2)
FNDA:0,(anonymous_3)
FNDA:0,(anonymous_4)
FNDA:0,(anonymous_5)
FNDA:0,(anonymous_6)
FNDA:0,(anonymous_7)
FNDA:0,(anonymous_8)
FNDA:0,(anonymous_9)
FNDA:0,(anonymous_10)
DA:1,0
DA:2,0
DA:3,0
DA:5,0
DA:6,0
DA:7,0
DA:9,0
DA:11,0
DA:12,0
DA:13,0
DA:14,0
DA:17,0
DA:18,0
DA:19,0
DA:20,0
DA:22,0
DA:25,0
DA:26,0
DA:27,0
DA:30,0
DA:31,0
DA:32,0
DA:33,0
DA:34,0
DA:35,0
DA:36,0
DA:38,0
DA:42,0
DA:45,0
DA:46,0
DA:47,0
DA:50,0
DA:51,0
DA:52,0
DA:57,0
DA:58,0
DA:59,0
DA:60,0
DA:61,0
DA:66,0
DA:67,0
DA:70,0
DA:75,0
DA:76,0
DA:80,0
DA:84,0
DA:95,0
DA:96,0
DA:97,0
DA:98,0
DA:104,0
DA:110,0
DA:111,0
DA:113,0
DA:114,0
DA:117,0
DA:118,0
DA:121,0
DA:123,0
DA:124,0
DA:125,0
DA:126,0
DA:127,0
DA:128,0
DA:130,0
DA:131,0
DA:132,0
DA:137,0
DA:140,0
LF:69
LH:0
BRDA:34,0,0,0
BRDA:34,0,1,0
BRDA:35,1,0,0
BRDA:35,1,1,0
BRDA:60,2,0,0
BRDA:60,2,1,0
BRDA:66,3,0,0
BRDA:75,4,0,0
BRDA:110,5,0,0
BRDA:113,6,0,0
BRDA:117,7,0,0
BRDA:125,8,0,0
BRDA:125,8,1,0
BRDA:126,9,0,0
BRDA:126,9,1,0
BRDA:155,10,0,0
BRDA:155,10,1,0
BRDA:170,11,0,0
BRDA:170,11,1,0
BRF:19
BRH:0
end_of_record
TN:
SF:src/components/ui/CreditParams_updated.tsx
FN:23,(anonymous_1)
FN:122,(anonymous_2)
FN:138,(anonymous_3)
FNF:3
FNH:0
FNDA:0,(anonymous_1)
FNDA:0,(anonymous_2)
FNDA:0,(anonymous_3)
DA:2,0
DA:4,0
DA:6,0
DA:7,0
DA:23,0
DA:36,0
DA:109,0
DA:123,0
LF:8
LH:0
BRDA:126,0,0,0
BRDA:126,0,1,0
BRDA:143,1,0,0
BRDA:143,1,1,0
BRF:4
BRH:0
end_of_record
TN:
SF:src/components/ui/InfoButton.tsx
FN:5,(anonymous_1)
FNF:1
FNH:0
FNDA:0,(anonymous_1)
DA:1,0
DA:2,0
DA:5,0
DA:6,0
DA:8,0
DA:62,0
LF:6
LH:0
BRF:0
BRH:0
end_of_record
TN:
SF:src/components/ui/AddButton/AddButton.tsx
FN:19,(anonymous_1)
FNF:1
FNH:0
FNDA:0,(anonymous_1)
DA:1,0
DA:3,0
DA:4,0
DA:6,0
DA:19,0
DA:27,0
DA:44,0
LF:7
LH:0
BRDA:23,0,0,0
BRDA:24,1,0,0
BRDA:32,2,0,0
BRDA:32,2,1,0
BRDA:37,3,0,0
BRDA:37,3,1,0
BRF:6
BRH:0
end_of_record
TN:
SF:src/components/ui/AddButton/index.ts
FNF:0
FNH:0
DA:1,0
DA:3,0
LF:2
LH:0
BRF:0
BRH:0
end_of_record
TN:
SF:src/components/ui/AlertWarning/AlertWarning.tsx
FN:15,(anonymous_1)
FNF:1
FNH:0
FNDA:0,(anonymous_1)
DA:1,0
DA:2,0
DA:4,0
DA:5,0
DA:7,0
DA:15,0
DA:21,0
DA:33,0
LF:8
LH:0
BRDA:24,0,0,0
BRDA:24,0,1,0
BRDA:27,1,0,0
BRDA:27,1,1,0
BRF:4
BRH:0
end_of_record
TN:
SF:src/components/ui/AlertWarning/index.ts
FNF:0
FNH:0
DA:1,0
DA:3,0
LF:2
LH:0
BRF:0
BRH:0
end_of_record
TN:
SF:src/components/ui/BackButton/BackButton.tsx
FN:14,(anonymous_7)
FNF:1
FNH:0
FNDA:0,(anonymous_7)
DA:1,0
DA:2,0
DA:4,0
DA:12,0
DA:14,0
DA:15,0
DA:26,0
LF:7
LH:0
BRF:0
BRH:0
end_of_record
TN:
SF:src/components/ui/BankCard/BankCard.tsx
FN:38,(anonymous_1)
FN:56,(anonymous_2)
FNF:2
FNH:0
FNDA:0,(anonymous_1)
FNDA:0,(anonymous_2)
DA:1,0
DA:2,0
DA:3,0
DA:5,0
DA:6,0
DA:7,0
DA:8,0
DA:10,0
DA:11,0
DA:12,0
DA:14,0
DA:38,0
DA:48,0
DA:49,0
DA:50,0
DA:52,0
DA:53,0
DA:54,0
DA:56,0
DA:58,0
DA:69,0
DA:76,0
DA:77,0
DA:81,0
DA:82,0
DA:86,0
DA:121,0
LF:27
LH:0
BRDA:58,0,0,0
BRDA:58,0,1,0
BRDA:76,1,0,0
BRF:3
BRH:0
end_of_record
TN:
SF:src/components/ui/BankCard/index.ts
FNF:0
FNH:0
DA:1,0
DA:3,0
LF:2
LH:0
BRF:0
BRH:0
end_of_record
TN:
SF:src/components/ui/ButtonUI/Button.tsx
FN:32,(anonymous_1)
FN:44,(anonymous_2)
FNF:2
FNH:0
FNDA:0,(anonymous_1)
FNDA:0,(anonymous_2)
DA:1,0
DA:2,0
DA:3,0
DA:6,0
DA:9,0
DA:30,0
DA:32,0
DA:44,0
DA:47,0
DA:49,0
DA:54,0
DA:59,0
DA:74,0
DA:75,0
DA:82,0
DA:85,0
LF:16
LH:0
BRDA:36,0,0,0
BRDA:37,1,0,0
BRDA:47,2,0,0
BRDA:47,2,1,0
BRDA:69,3,0,0
BRDA:69,3,1,0
BRDA:74,4,0,0
BRF:7
BRH:0
end_of_record
TN:
SF:src/components/ui/ButtonUI/index.ts
FNF:0
FNH:0
DA:1,0
DA:3,0
LF:2
LH:0
BRF:0
BRH:0
end_of_record
TN:
SF:src/components/ui/Calendar/Calendar.tsx
FN:38,(anonymous_7)
FN:58,rangeDesc
FN:66,(anonymous_9)
FN:73,(anonymous_10)
FN:74,(anonymous_11)
FN:77,(anonymous_12)
FN:136,(anonymous_13)
FN:138,(anonymous_14)
FN:139,(anonymous_15)
FN:144,(anonymous_16)
FN:148,(anonymous_17)
FN:169,(anonymous_18)
FN:177,(anonymous_19)
FN:193,(anonymous_20)
FNF:14
FNH:0
FNDA:0,(anonymous_7)
FNDA:0,rangeDesc
FNDA:0,(anonymous_9)
FNDA:0,(anonymous_10)
FNDA:0,(anonymous_11)
FNDA:0,(anonymous_12)
FNDA:0,(anonymous_13)
FNDA:0,(anonymous_14)
FNDA:0,(anonymous_15)
FNDA:0,(anonymous_16)
FNDA:0,(anonymous_17)
FNDA:0,(anonymous_18)
FNDA:0,(anonymous_19)
FNDA:0,(anonymous_20)
DA:1,0
DA:2,0
DA:4,0
DA:5,0
DA:6,0
DA:7,0
DA:9,0
DA:10,0
DA:11,0
DA:12,0
DA:13,0
DA:15,0
DA:17,0
DA:35,0
DA:38,0
DA:51,0
DA:52,0
DA:53,0
DA:59,0
DA:60,0
DA:61,0
DA:63,0
DA:66,0
DA:67,0
DA:68,0
DA:70,0
DA:73,0
DA:74,0
DA:77,0
DA:79,0
DA:80,0
DA:85,0
DA:86,0
DA:98,0
DA:113,0
DA:136,0
DA:138,0
DA:140,0
DA:142,0
DA:144,0
DA:157,0
DA:170,0
DA:171,0
DA:178,0
DA:179,0
DA:194,0
DA:195,0
DA:220,0
LF:48
LH:0
BRDA:67,0,0,0
BRDA:67,0,1,0
BRDA:79,1,0,0
BRDA:87,2,0,0
BRDA:87,2,1,0
BRDA:90,3,0,0
BRDA:90,3,1,0
BRDA:92,4,0,0
BRDA:92,4,1,0
BRDA:120,5,0,0
BRDA:120,5,1,0
BRDA:126,6,0,0
BRDA:126,6,1,0
BRDA:128,7,0,0
BRDA:128,7,1,0
BRDA:130,8,0,0
BRDA:130,8,1,0
BRDA:142,9,0,0
BRDA:142,9,1,0
BRDA:147,10,0,0
BRDA:147,10,1,0
BRDA:185,11,0,0
BRDA:185,11,1,0
BRDA:201,12,0,0
BRDA:201,12,1,0
BRDA:208,13,0,0
BRDA:208,13,1,0
BRDA:215,14,0,0
BRDA:215,14,1,0
BRDA:215,14,2,0
BRF:30
BRH:0
end_of_record
TN:
SF:src/components/ui/Calendar/Title.tsx
FN:2,(anonymous_0)
FNF:1
FNH:0
FNDA:0,(anonymous_0)
DA:2,0
DA:3,0
DA:29,0
LF:3
LH:0
BRF:0
BRH:0
end_of_record
TN:
SF:src/components/ui/Calendar/index.ts
FNF:0
FNH:0
DA:1,0
DA:3,0
LF:2
LH:0
BRF:0
BRH:0
end_of_record
TN:
SF:src/components/ui/ChangeLanguage/ChangeLanguage.tsx
FN:24,(anonymous_1)
FN:32,(anonymous_2)
FN:34,(anonymous_3)
FN:43,(anonymous_4)
FN:52,(anonymous_5)
FN:54,(anonymous_6)
FN:79,(anonymous_7)
FN:101,(anonymous_8)
FN:109,(anonymous_9)
FN:126,(anonymous_10)
FN:131,(anonymous_11)
FN:146,(anonymous_12)
FN:151,(anonymous_13)
FNF:13
FNH:0
FNDA:0,(anonymous_1)
FNDA:0,(anonymous_2)
FNDA:0,(anonymous_3)
FNDA:0,(anonymous_4)
FNDA:0,(anonymous_5)
FNDA:0,(anonymous_6)
FNDA:0,(anonymous_7)
FNDA:0,(anonymous_8)
FNDA:0,(anonymous_9)
FNDA:0,(anonymous_10)
FNDA:0,(anonymous_11)
FNDA:0,(anonymous_12)
FNDA:0,(anonymous_13)
DA:1,0
DA:2,0
DA:9,0
DA:11,0
DA:12,0
DA:13,0
DA:14,0
DA:15,0
DA:16,0
DA:17,0
DA:18,0
DA:20,0
DA:21,0
DA:23,0
DA:24,0
DA:25,0
DA:26,0
DA:28,0
DA:30,0
DA:32,0
DA:34,0
DA:35,0
DA:36,0
DA:40,0
DA:43,0
DA:44,0
DA:48,0
DA:52,0
DA:53,0
DA:54,0
DA:57,0
DA:79,0
DA:80,0
DA:81,0
DA:82,0
DA:83,0
DA:86,0
DA:87,0
DA:90,0
DA:91,0
DA:92,0
DA:93,0
DA:96,0
DA:100,0
DA:101,0
DA:104,0
DA:109,0
DA:126,0
DA:131,0
DA:147,0
DA:152,0
DA:153,0
DA:177,0
LF:53
LH:0
BRDA:35,0,0,0
BRDA:44,1,0,0
BRDA:45,2,0,0
BRDA:45,2,1,0
BRDA:90,3,0,0
BRDA:90,3,1,0
BRDA:123,4,0,0
BRDA:123,4,1,0
BRDA:135,5,0,0
BRDA:135,5,1,0
BRDA:167,6,0,0
BRDA:167,6,1,0
BRF:12
BRH:0
end_of_record
TN:
SF:src/components/ui/ChangeLanguage/index.ts
FNF:0
FNH:0
DA:1,0
DA:3,0
LF:2
LH:0
BRF:0
BRH:0
end_of_record
TN:
SF:src/components/ui/CodeInput/CodeInput.tsx
FN:10,CodeInput
FN:19,(anonymous_2)
FNF:2
FNH:0
FNDA:0,CodeInput
FNDA:0,(anonymous_2)
DA:1,0
DA:3,0
DA:10,0
DA:11,0
DA:20,0
LF:5
LH:0
BRDA:23,0,0,0
BRDA:23,0,1,0
BRDA:23,0,2,0
BRF:3
BRH:0
end_of_record
TN:
SF:src/components/ui/CodeInput/index.ts
FN:1,(anonymous_0)
FNF:1
FNH:0
FNDA:0,(anonymous_0)
DA:1,0
LF:1
LH:0
BRF:0
BRH:0
end_of_record
TN:
SF:src/components/ui/CodeVerification/CodeVerification.tsx
FN:22,CodeVerification
FN:40,(anonymous_2)
FN:42,(anonymous_3)
FN:43,(anonymous_4)
FN:50,(anonymous_5)
FN:55,(anonymous_6)
FN:72,(anonymous_7)
FN:89,(anonymous_8)
FN:101,(anonymous_9)
FN:123,(anonymous_10)
FNF:10
FNH:0
FNDA:0,CodeVerification
FNDA:0,(anonymous_2)
FNDA:0,(anonymous_3)
FNDA:0,(anonymous_4)
FNDA:0,(anonymous_5)
FNDA:0,(anonymous_6)
FNDA:0,(anonymous_7)
FNDA:0,(anonymous_8)
FNDA:0,(anonymous_9)
FNDA:0,(anonymous_10)
DA:1,0
DA:2,0
DA:3,0
DA:5,0
DA:6,0
DA:7,0
DA:8,0
DA:9,0
DA:12,0
DA:22,0
DA:31,0
DA:33,0
DA:36,0
DA:37,0
DA:40,0
DA:41,0
DA:42,0
DA:43,0
DA:44,0
DA:45,0
DA:50,0
DA:51,0
DA:53,0
DA:55,0
DA:57,0
DA:60,0
DA:61,0
DA:64,0
DA:68,0
DA:73,0
DA:75,0
DA:86,0
DA:90,0
DA:92,0
DA:101,0
DA:114,0
DA:123,0
DA:146,0
LF:38
LH:0
BRDA:41,0,0,0
BRDA:41,0,1,0
BRDA:44,1,0,0
BRDA:44,2,0,0
BRDA:44,2,1,0
BRDA:51,3,0,0
BRDA:78,4,0,0
BRDA:78,4,1,0
BRDA:80,5,0,0
BRDA:80,5,1,0
BRDA:90,6,0,0
BRDA:90,6,1,0
BRDA:90,6,2,0
BRDA:100,7,0,0
BRDA:100,7,1,0
BRDA:122,8,0,0
BRDA:122,8,1,0
BRDA:128,9,0,0
BRDA:128,9,1,0
BRDA:152,10,0,0
BRDA:152,10,1,0
BRF:21
BRH:0
end_of_record
TN:
SF:src/components/ui/CodeVerification/index.ts
FN:1,(anonymous_0)
FNF:1
FNH:0
FNDA:0,(anonymous_0)
DA:1,0
LF:1
LH:0
BRF:0
BRH:0
end_of_record
TN:
SF:src/components/ui/Column/Column.tsx
FN:12,(anonymous_1)
FNF:1
FNH:0
FNDA:0,(anonymous_1)
DA:1,0
DA:2,0
DA:4,0
DA:6,0
DA:12,0
DA:18,0
DA:25,0
LF:7
LH:0
BRF:0
BRH:0
end_of_record
TN:
SF:src/components/ui/Column/index.ts
FNF:0
FNH:0
DA:1,0
DA:3,0
LF:2
LH:0
BRF:0
BRH:0
end_of_record
TN:
SF:src/components/ui/Container/Container.tsx
FN:12,(anonymous_1)
FNF:1
FNH:0
FNDA:0,(anonymous_1)
DA:1,0
DA:2,0
DA:4,0
DA:6,0
DA:12,0
DA:13,0
DA:20,0
LF:7
LH:0
BRF:0
BRH:0
end_of_record
TN:
SF:src/components/ui/Container/index.ts
FNF:0
FNH:0
DA:1,0
DA:3,0
LF:2
LH:0
BRF:0
BRH:0
end_of_record
TN:
SF:src/components/ui/ContextButtons/AddInc/AddInc.tsx
FN:6,(anonymous_1)
FNF:1
FNH:0
FNDA:0,(anonymous_1)
DA:1,0
DA:2,0
DA:4,0
DA:6,0
DA:7,0
DA:9,0
DA:12,0
LF:7
LH:0
BRF:0
BRH:0
end_of_record
TN:
SF:src/components/ui/ContextButtons/CreditContextButton/CreditContextButton.tsx
FN:8,(anonymous_1)
FNF:1
FNH:0
FNDA:0,(anonymous_1)
DA:1,0
DA:2,0
DA:4,0
DA:8,0
DA:9,0
DA:11,0
DA:13,0
LF:7
LH:0
BRF:0
BRH:0
end_of_record
TN:
SF:src/components/ui/ContextButtons/IncomeContextButton/IncomeContextButton.tsx
FN:6,IncomeContextButton
FNF:1
FNH:0
FNDA:0,IncomeContextButton
DA:1,0
DA:3,0
DA:6,0
DA:7,0
DA:9,0
LF:5
LH:0
BRF:0
BRH:0
end_of_record
TN:
SF:src/components/ui/ContextButtons/InitialFeeContext/InitialFeeContext.tsx
FN:15,(anonymous_1)
FNF:1
FNH:0
FNDA:0,(anonymous_1)
DA:1,0
DA:2,0
DA:3,0
DA:4,0
DA:8,0
DA:9,0
DA:11,0
DA:15,0
DA:16,0
DA:17,0
DA:19,0
DA:20,0
DA:24,0
DA:37,0
LF:14
LH:0
BRDA:31,0,0,0
BRDA:31,0,1,0
BRDA:31,1,0,0
BRDA:31,1,1,0
BRF:4
BRH:0
end_of_record
TN:
SF:src/components/ui/ContextButtons/InvceasePayment/IncreasePayment.tsx
FN:6,(anonymous_1)
FNF:1
FNH:0
FNDA:0,(anonymous_1)
DA:1,0
DA:2,0
DA:4,0
DA:6,0
DA:7,0
DA:9,0
DA:12,0
LF:7
LH:0
BRF:0
BRH:0
end_of_record
TN:
SF:src/components/ui/CookiePolicyModal/CookiePolicyModal.tsx
FN:15,(anonymous_1)
FN:20,(anonymous_2)
FNF:2
FNH:0
FNDA:0,(anonymous_1)
FNDA:0,(anonymous_2)
DA:1,0
DA:2,0
DA:3,0
DA:4,0
DA:6,0
DA:8,0
DA:15,0
DA:16,0
DA:18,0
DA:20,0
DA:21,0
DA:22,0
DA:27,0
DA:120,0
DA:123,0
LF:15
LH:0
BRDA:18,0,0,0
BRDA:21,1,0,0
BRF:2
BRH:0
end_of_record
TN:
SF:src/components/ui/CookiePolicyModal/index.ts
FN:1,(anonymous_1)
FNF:1
FNH:0
FNDA:0,(anonymous_1)
DA:1,0
LF:1
LH:0
BRF:0
BRH:0
end_of_record
TN:
SF:src/components/ui/CurrencySelector/CurrencySelector.tsx
FN:65,(anonymous_1)
FN:67,(anonymous_2)
FN:77,(anonymous_3)
FN:86,(anonymous_4)
FNF:4
FNH:0
FNDA:0,(anonymous_1)
FNDA:0,(anonymous_2)
FNDA:0,(anonymous_3)
FNDA:0,(anonymous_4)
DA:1,0
DA:2,0
DA:3,0
DA:4,0
DA:5,0
DA:6,0
DA:8,0
DA:65,0
DA:66,0
DA:67,0
DA:68,0
DA:69,0
DA:71,0
DA:77,0
DA:78,0
DA:79,0
DA:83,0
DA:86,0
DA:96,0
LF:19
LH:0
BRDA:68,0,0,0
BRDA:68,0,1,0
BRDA:78,1,0,0
BRF:3
BRH:0
end_of_record
TN:
SF:src/components/ui/CustomButton/Button.tsx
FN:13,Button
FNF:1
FNH:0
FNDA:0,Button
DA:1,0
DA:4,0
DA:13,0
DA:14,0
LF:4
LH:0
BRDA:24,0,0,0
BRDA:24,0,1,0
BRF:2
BRH:0
end_of_record
TN:
SF:src/components/ui/CustomButton/index.ts
FN:1,(anonymous_0)
FNF:1
FNH:0
FNDA:0,(anonymous_0)
DA:1,0
LF:1
LH:0
BRF:0
BRH:0
end_of_record
TN:
SF:src/components/ui/CustomPhoneInput/PhoneInput.tsx
FN:24,CustomPhoneInput
FN:57,(anonymous_2)
FNF:2
FNH:0
FNDA:0,CustomPhoneInput
FNDA:0,(anonymous_2)
DA:1,0
DA:2,0
DA:3,0
DA:4,0
DA:5,0
DA:7,0
DA:9,0
DA:10,0
DA:12,0
DA:24,0
DA:33,0
DA:34,0
DA:36,0
DA:57,0
LF:14
LH:0
BRDA:31,0,0,0
BRDA:59,1,0,0
BRDA:59,1,1,0
BRF:3
BRH:0
end_of_record
TN:
SF:src/components/ui/CustomPhoneInput/index.ts
FN:1,(anonymous_0)
FNF:1
FNH:0
FNDA:0,(anonymous_0)
DA:1,0
LF:1
LH:0
BRF:0
BRH:0
end_of_record
TN:
SF:src/components/ui/CustomSelect/Control.tsx
FN:7,(anonymous_1)
FNF:1
FNH:0
FNDA:0,(anonymous_1)
DA:1,0
DA:2,0
DA:4,0
DA:7,0
DA:8,0
DA:10,0
DA:173,0
LF:7
LH:0
BRF:0
BRH:0
end_of_record
TN:
SF:src/components/ui/CustomSelect/CustomSelect.tsx
FN:14,CustomSelect
FNF:1
FNH:0
FNDA:0,CustomSelect
DA:1,0
DA:2,0
DA:14,0
DA:23,0
DA:25,0
DA:26,0
DA:45,0
LF:7
LH:0
BRDA:25,0,0,0
BRDA:25,1,0,0
BRDA:25,1,1,0
BRDA:25,1,2,0
BRDA:28,2,0,0
BRDA:28,2,1,0
BRDA:47,3,0,0
BRDA:47,3,1,0
BRF:8
BRH:0
end_of_record
TN:
SF:src/components/ui/CustomSelect/Title.tsx
FN:11,(anonymous_1)
FNF:1
FNH:0
FNDA:0,(anonymous_1)
DA:1,0
DA:3,0
DA:11,0
DA:12,0
DA:19,0
LF:5
LH:0
BRF:0
BRH:0
end_of_record
TN:
SF:src/components/ui/Divider/Divider.tsx
FN:8,(anonymous_1)
FNF:1
FNH:0
FNDA:0,(anonymous_1)
DA:1,0
DA:2,0
DA:4,0
DA:6,0
DA:8,0
DA:9,0
DA:12,0
LF:7
LH:0
BRF:0
BRH:0
end_of_record
TN:
SF:src/components/ui/Divider/index.ts
FNF:0
FNH:0
DA:1,0
DA:3,0
LF:2
LH:0
BRF:0
BRH:0
end_of_record
TN:
SF:src/components/ui/DropdownCalendar/DropdownCalendar.tsx
FN:16,(anonymous_7)
FN:26,(anonymous_8)
FN:35,(anonymous_9)
FN:40,(anonymous_10)
FN:42,(anonymous_11)
FN:50,(anonymous_12)
FN:64,(anonymous_13)
FN:71,(anonymous_14)
FN:83,(anonymous_15)
FN:90,(anonymous_16)
FNF:10
FNH:0
FNDA:0,(anonymous_7)
FNDA:0,(anonymous_8)
FNDA:0,(anonymous_9)
FNDA:0,(anonymous_10)
FNDA:0,(anonymous_11)
FNDA:0,(anonymous_12)
FNDA:0,(anonymous_13)
FNDA:0,(anonymous_14)
FNDA:0,(anonymous_15)
FNDA:0,(anonymous_16)
DA:1,0
DA:2,0
DA:4,0
DA:6,0
DA:8,0
DA:16,0
DA:17,0
DA:18,0
DA:19,0
DA:26,0
DA:27,0
DA:31,0
DA:35,0
DA:36,0
DA:37,0
DA:40,0
DA:41,0
DA:42,0
DA:45,0
DA:50,0
DA:64,0
DA:71,0
DA:84,0
DA:90,0
DA:101,0
LF:25
LH:0
BRDA:27,0,0,0
BRDA:28,1,0,0
BRDA:28,1,1,0
BRDA:60,2,0,0
BRDA:60,2,1,0
BRDA:76,3,0,0
BRDA:76,3,1,0
BRF:7
BRH:0
end_of_record
TN:
SF:src/components/ui/DropdownCalendar/index.ts
FNF:0
FNH:0
DA:1,0
DA:3,0
LF:2
LH:0
BRF:0
BRH:0
end_of_record
TN:
SF:src/components/ui/DropdownMenu/DropdownMenu.tsx
FN:22,(anonymous_1)
FNF:1
FNH:0
FNDA:0,(anonymous_1)
DA:1,0
DA:2,0
DA:22,0
DA:36,0
DA:56,0
LF:5
LH:0
BRDA:38,0,0,0
BRDA:38,0,1,0
BRF:2
BRH:0
end_of_record
TN:
SF:src/components/ui/DropdownMenu/index.ts
FNF:0
FNH:0
DA:1,0
DA:3,0
LF:2
LH:0
BRF:0
BRH:0
end_of_record
TN:
SF:src/components/ui/DropdownMenu/Dropdown/Dropdown.tsx
FN:36,(anonymous_1)
FN:60,(anonymous_2)
FN:69,(anonymous_3)
FN:74,(anonymous_4)
FN:76,(anonymous_5)
FN:79,(anonymous_6)
FN:99,(anonymous_7)
FN:107,(anonymous_8)
FN:112,(anonymous_9)
FN:117,(anonymous_10)
FN:136,(anonymous_11)
FN:144,(anonymous_12)
FN:149,(anonymous_13)
FNF:13
FNH:0
FNDA:0,(anonymous_1)
FNDA:0,(anonymous_2)
FNDA:0,(anonymous_3)
FNDA:0,(anonymous_4)
FNDA:0,(anonymous_5)
FNDA:0,(anonymous_6)
FNDA:0,(anonymous_7)
FNDA:0,(anonymous_8)
FNDA:0,(anonymous_9)
FNDA:0,(anonymous_10)
FNDA:0,(anonymous_11)
FNDA:0,(anonymous_12)
FNDA:0,(anonymous_13)
DA:1,0
DA:2,0
DA:3,0
DA:5,0
DA:6,0
DA:7,0
DA:8,0
DA:9,0
DA:11,0
DA:13,0
DA:36,0
DA:50,0
DA:51,0
DA:52,0
DA:53,0
DA:60,0
DA:61,0
DA:65,0
DA:69,0
DA:70,0
DA:71,0
DA:74,0
DA:75,0
DA:76,0
DA:79,0
DA:80,0
DA:83,0
DA:99,0
DA:107,0
DA:112,0
DA:117,0
DA:136,0
DA:145,0
DA:149,0
DA:169,0
LF:35
LH:0
BRDA:61,0,0,0
BRDA:62,1,0,0
BRDA:62,1,1,0
BRDA:79,2,0,0
BRDA:79,2,1,0
BRDA:90,3,0,0
BRDA:90,3,1,0
BRDA:91,4,0,0
BRDA:91,4,1,0
BRDA:91,4,2,0
BRDA:107,5,0,0
BRDA:107,5,1,0
BRDA:107,6,0,0
BRDA:107,6,1,0
BRDA:109,7,0,0
BRDA:109,7,1,0
BRDA:121,8,0,0
BRDA:121,8,1,0
BRDA:128,9,0,0
BRDA:128,9,1,0
BRDA:143,10,0,0
BRDA:143,10,1,0
BRDA:153,11,0,0
BRDA:153,11,1,0
BRDA:164,12,0,0
BRDA:164,12,1,0
BRDA:164,12,2,0
BRF:27
BRH:0
end_of_record
TN:
SF:src/components/ui/DropdownMenu/Dropdown/index.ts
FNF:0
FNH:0
DA:1,0
DA:3,0
LF:2
LH:0
BRF:0
BRH:0
end_of_record
TN:
SF:src/components/ui/Error/Error.tsx
FN:13,(anonymous_1)
FNF:1
FNH:0
FNDA:0,(anonymous_1)
DA:1,0
DA:2,0
DA:4,0
DA:6,0
DA:8,0
DA:13,0
DA:14,0
DA:24,0
LF:8
LH:0
BRDA:18,0,0,0
BRDA:18,0,1,0
BRF:2
BRH:0
end_of_record
TN:
SF:src/components/ui/Error/index.ts
FNF:0
FNH:0
DA:1,0
DA:3,0
LF:2
LH:0
BRF:0
BRH:0
end_of_record
TN:
SF:src/components/ui/ErrorBlock/ErrorBlock.tsx
FN:8,ErrorBlock
FN:13,(anonymous_2)
FN:26,(anonymous_3)
FNF:3
FNH:0
FNDA:0,ErrorBlock
FNDA:0,(anonymous_2)
FNDA:0,(anonymous_3)
DA:1,0
DA:3,0
DA:8,0
DA:9,0
DA:14,0
DA:16,0
DA:24,0
DA:27,0
DA:34,0
LF:9
LH:0
BRDA:11,0,0,0
BRDA:11,0,1,0
BRDA:14,1,0,0
BRDA:14,1,1,0
BRDA:14,1,2,0
BRDA:23,2,0,0
BRDA:23,2,1,0
BRF:7
BRH:0
end_of_record
TN:
SF:src/components/ui/ErrorBlock/index.ts
FN:1,(anonymous_0)
FNF:1
FNH:0
FNDA:0,(anonymous_0)
DA:1,0
LF:1
LH:0
BRF:0
BRH:0
end_of_record
TN:
SF:src/components/ui/ExitModule/ExitModule.tsx
FN:27,(anonymous_7)
FN:45,(anonymous_8)
FN:46,(anonymous_9)
FN:50,(anonymous_10)
FN:55,(anonymous_11)
FNF:5
FNH:0
FNDA:0,(anonymous_7)
FNDA:0,(anonymous_8)
FNDA:0,(anonymous_9)
FNDA:0,(anonymous_10)
FNDA:0,(anonymous_11)
DA:1,0
DA:2,0
DA:3,0
DA:4,0
DA:6,0
DA:8,0
DA:9,0
DA:11,0
DA:27,0
DA:40,0
DA:41,0
DA:44,0
DA:45,0
DA:46,0
DA:47,0
DA:48,0
DA:50,0
DA:51,0
DA:52,0
DA:55,0
DA:56,0
DA:57,0
DA:60,0
DA:85,0
LF:24
LH:0
BRDA:44,0,0,0
BRDA:44,0,1,0
BRDA:44,0,2,0
BRDA:45,1,0,0
BRDA:45,1,1,0
BRDA:45,1,2,0
BRDA:46,2,0,0
BRDA:46,2,1,0
BRDA:46,2,2,0
BRDA:47,3,0,0
BRDA:47,3,1,0
BRDA:47,3,2,0
BRDA:48,4,0,0
BRDA:48,4,1,0
BRDA:51,5,0,0
BRDA:51,5,1,0
BRDA:62,6,0,0
BRDA:62,6,1,0
BRDA:69,7,0,0
BRDA:69,7,1,0
BRF:20
BRH:0
end_of_record
TN:
SF:src/components/ui/ExitModule/index.ts
FNF:0
FNH:0
DA:1,0
DA:3,0
LF:2
LH:0
BRF:0
BRH:0
end_of_record
TN:
SF:src/components/ui/FeatureCard/FeatureCard.tsx
FN:14,(anonymous_1)
FNF:1
FNH:0
FNDA:0,(anonymous_1)
DA:1,0
DA:2,0
DA:4,0
DA:6,0
DA:14,0
DA:20,0
DA:24,0
DA:33,0
LF:8
LH:0
BRDA:18,0,0,0
BRF:1
BRH:0
end_of_record
TN:
SF:src/components/ui/FeatureCard/index.ts
FNF:0
FNH:0
DA:1,0
DA:3,0
LF:2
LH:0
BRF:0
BRH:0
end_of_record
TN:
SF:src/components/ui/FormCaption/FormCaption.tsx
FN:14,(anonymous_7)
FNF:1
FNH:0
FNDA:0,(anonymous_7)
DA:1,0
DA:2,0
DA:4,0
DA:11,0
DA:14,0
DA:15,0
DA:23,0
LF:7
LH:0
BRF:0
BRH:0
end_of_record
TN:
SF:src/components/ui/FormCaption/index.ts
FNF:0
FNH:0
DA:1,0
DA:3,0
LF:2
LH:0
BRF:0
BRH:0
end_of_record
TN:
SF:src/components/ui/FormContainer/FormContainer.tsx
FN:7,(anonymous_1)
FNF:1
FNH:0
FNDA:0,(anonymous_1)
DA:1,0
DA:3,0
DA:5,0
DA:7,0
DA:8,0
DA:11,0
LF:6
LH:0
BRF:0
BRH:0
end_of_record
TN:
SF:src/components/ui/FormContainer/index.ts
FNF:0
FNH:0
DA:1,0
DA:3,0
LF:2
LH:0
BRF:0
BRH:0
end_of_record
TN:
SF:src/components/ui/FormDivider/Divider.tsx
FN:9,(anonymous_1)
FNF:1
FNH:0
FNDA:0,(anonymous_1)
DA:1,0
DA:2,0
DA:4,0
DA:6,0
DA:9,0
DA:10,0
DA:13,0
LF:7
LH:0
BRF:0
BRH:0
end_of_record
TN:
SF:src/components/ui/FormattedInput/FormattedInput.tsx
FN:30,(anonymous_1)
FNF:1
FNH:0
FNDA:0,(anonymous_1)
DA:1,0
DA:2,0
DA:4,0
DA:6,0
DA:7,0
DA:9,0
DA:30,0
DA:44,0
DA:63,0
LF:9
LH:0
BRF:0
BRH:0
end_of_record
TN:
SF:src/components/ui/FormattedInput/index.ts
FNF:0
FNH:0
DA:1,0
DA:3,0
LF:2
LH:0
BRF:0
BRH:0
end_of_record
TN:
SF:src/components/ui/FormattedInput/Control/Control.tsx
FN:26,convertInputToNumber
FN:31,(anonymous_2)
FN:44,(anonymous_3)
FN:47,(anonymous_4)
FNF:4
FNH:0
FNDA:0,convertInputToNumber
FNDA:0,(anonymous_2)
FNDA:0,(anonymous_3)
FNDA:0,(anonymous_4)
DA:1,0
DA:2,0
DA:4,0
DA:7,0
DA:9,0
DA:26,0
DA:27,0
DA:28,0
DA:31,0
DA:44,0
DA:45,0
DA:47,0
DA:48,0
DA:50,0
DA:52,0
DA:53,0
DA:55,0
DA:58,0
DA:59,0
DA:62,0
DA:63,0
DA:66,0
DA:67,0
DA:72,0
DA:78,0
DA:101,0
LF:26
LH:0
BRDA:28,0,0,0
BRDA:28,0,1,0
BRDA:41,1,0,0
BRDA:45,2,0,0
BRDA:45,2,1,0
BRDA:50,3,0,0
BRDA:50,3,1,0
BRDA:50,3,2,0
BRDA:50,3,3,0
BRDA:52,4,0,0
BRDA:79,5,0,0
BRDA:79,5,1,0
BRDA:90,6,0,0
BRDA:90,6,1,0
BRDA:90,7,0,0
BRDA:90,7,1,0
BRF:16
BRH:0
end_of_record
TN:
SF:src/components/ui/Hint/Hint.tsx
FN:12,(anonymous_1)
FNF:1
FNH:0
FNDA:0,(anonymous_1)
DA:1,0
DA:2,0
DA:4,0
DA:6,0
DA:12,0
DA:13,0
DA:16,0
LF:7
LH:0
BRF:0
BRH:0
end_of_record
TN:
SF:src/components/ui/Hint/index.ts
FNF:0
FNH:0
DA:1,0
DA:3,0
LF:2
LH:0
BRF:0
BRH:0
end_of_record
TN:
SF:src/components/ui/HowItWorks/HowItWorks.tsx
FN:11,(anonymous_1)
FNF:1
FNH:0
FNDA:0,(anonymous_1)
DA:2,0
DA:3,0
DA:5,0
DA:6,0
DA:7,0
DA:8,0
DA:11,0
DA:12,0
DA:13,0
DA:15,0
DA:28,0
LF:11
LH:0
BRF:0
BRH:0
end_of_record
TN:
SF:src/components/ui/HowItWorks/Step1.tsx
FN:5,(anonymous_1)
FNF:1
FNH:0
FNDA:0,(anonymous_1)
DA:1,0
DA:2,0
DA:3,0
DA:5,0
DA:6,0
DA:7,0
DA:9,0
DA:35,0
LF:8
LH:0
BRF:0
BRH:0
end_of_record
TN:
SF:src/components/ui/HowItWorks/Step2.tsx
FN:4,(anonymous_0)
FNF:1
FNH:0
FNDA:0,(anonymous_0)
DA:1,0
DA:2,0
DA:4,0
DA:5,0
DA:6,0
DA:8,0
DA:30,0
LF:7
LH:0
BRF:0
BRH:0
end_of_record
TN:
SF:src/components/ui/HowItWorks/Step3.tsx
FN:4,(anonymous_1)
FNF:1
FNH:0
FNDA:0,(anonymous_1)
DA:1,0
DA:2,0
DA:4,0
DA:5,0
DA:7,0
DA:31,0
LF:6
LH:0
BRF:0
BRH:0
end_of_record
TN:
SF:src/components/ui/HowItWorks/index.tsx
FN:15,(anonymous_1)
FNF:1
FNH:0
FNDA:0,(anonymous_1)
DA:1,0
DA:3,0
DA:4,0
DA:5,0
DA:6,0
DA:15,0
DA:16,0
DA:17,0
DA:52,0
LF:9
LH:0
BRDA:27,0,0,0
BRDA:27,0,1,0
BRDA:35,1,0,0
BRDA:35,1,1,0
BRDA:43,2,0,0
BRDA:43,2,1,0
BRF:6
BRH:0
end_of_record
TN:
SF:src/components/ui/Info/Info.tsx
FN:11,(anonymous_1)
FNF:1
FNH:0
FNDA:0,(anonymous_1)
DA:1,0
DA:3,0
DA:4,0
DA:6,0
DA:11,0
DA:12,0
DA:20,0
LF:7
LH:0
BRF:0
BRH:0
end_of_record
TN:
SF:src/components/ui/Info/index.ts
FNF:0
FNH:0
DA:1,0
DA:3,0
LF:2
LH:0
BRF:0
BRH:0
end_of_record
TN:
SF:src/components/ui/Message/Message.tsx
FN:14,(anonymous_1)
FNF:1
FNH:0
FNDA:0,(anonymous_1)
DA:1,0
DA:2,0
DA:4,0
DA:6,0
DA:8,0
DA:14,0
DA:15,0
DA:25,0
LF:8
LH:0
BRF:0
BRH:0
end_of_record
TN:
SF:src/components/ui/Message/index.ts
FNF:0
FNH:0
DA:1,0
DA:3,0
LF:2
LH:0
BRF:0
BRH:0
end_of_record
TN:
SF:src/components/ui/Modal/Modal.tsx
FN:23,(anonymous_1)
FN:32,(anonymous_2)
FN:38,(anonymous_3)
FN:44,(anonymous_4)
FN:70,(anonymous_5)
FN:81,(anonymous_6)
FNF:6
FNH:0
FNDA:0,(anonymous_1)
FNDA:0,(anonymous_2)
FNDA:0,(anonymous_3)
FNDA:0,(anonymous_4)
FNDA:0,(anonymous_5)
FNDA:0,(anonymous_6)
DA:1,0
DA:2,0
DA:3,0
DA:5,0
DA:6,0
DA:8,0
DA:10,0
DA:23,0
DA:30,0
DA:32,0
DA:33,0
DA:34,0
DA:38,0
DA:39,0
DA:40,0
DA:44,0
DA:45,0
DA:47,0
DA:53,0
DA:54,0
DA:58,0
DA:70,0
DA:81,0
DA:91,0
LF:24
LH:0
BRDA:26,0,0,0
BRDA:33,1,0,0
BRDA:33,1,1,0
BRDA:40,2,0,0
BRDA:40,2,1,0
BRDA:47,3,0,0
BRDA:47,3,1,0
BRDA:47,3,2,0
BRDA:47,3,3,0
BRDA:53,4,0,0
BRDA:60,5,0,0
BRDA:60,5,1,0
BRDA:69,6,0,0
BRDA:69,6,1,0
BRDA:72,7,0,0
BRDA:72,7,1,0
BRF:16
BRH:0
end_of_record
TN:
SF:src/components/ui/Modal/index.ts
FNF:0
FNH:0
DA:1,0
DA:3,0
LF:2
LH:0
BRF:0
BRH:0
end_of_record
TN:
SF:src/components/ui/MultiSelect/MultiSelect.tsx
FN:29,(anonymous_1)
FN:47,(anonymous_2)
FN:53,(anonymous_3)
FN:62,(anonymous_4)
FN:76,(anonymous_5)
FN:77,(anonymous_6)
FN:79,(anonymous_7)
FN:86,(anonymous_8)
FN:87,(anonymous_9)
FN:90,(anonymous_10)
FN:91,(anonymous_11)
FN:96,(anonymous_12)
FN:98,(anonymous_13)
FN:102,(anonymous_14)
FN:122,(anonymous_15)
FN:127,(anonymous_16)
FN:131,(anonymous_17)
FN:144,(anonymous_18)
FN:149,(anonymous_19)
FN:156,(anonymous_20)
FN:172,(anonymous_21)
FN:183,(anonymous_22)
FN:188,(anonymous_23)
FN:199,(anonymous_24)
FN:200,(anonymous_25)
FN:204,(anonymous_26)
FN:221,(anonymous_27)
FNF:27
FNH:0
FNDA:0,(anonymous_1)
FNDA:0,(anonymous_2)
FNDA:0,(anonymous_3)
FNDA:0,(anonymous_4)
FNDA:0,(anonymous_5)
FNDA:0,(anonymous_6)
FNDA:0,(anonymous_7)
FNDA:0,(anonymous_8)
FNDA:0,(anonymous_9)
FNDA:0,(anonymous_10)
FNDA:0,(anonymous_11)
FNDA:0,(anonymous_12)
FNDA:0,(anonymous_13)
FNDA:0,(anonymous_14)
FNDA:0,(anonymous_15)
FNDA:0,(anonymous_16)
FNDA:0,(anonymous_17)
FNDA:0,(anonymous_18)
FNDA:0,(anonymous_19)
FNDA:0,(anonymous_20)
FNDA:0,(anonymous_21)
FNDA:0,(anonymous_22)
FNDA:0,(anonymous_23)
FNDA:0,(anonymous_24)
FNDA:0,(anonymous_25)
FNDA:0,(anonymous_26)
FNDA:0,(anonymous_27)
DA:1,0
DA:2,0
DA:3,0
DA:5,0
DA:7,0
DA:8,0
DA:9,0
DA:10,0
DA:11,0
DA:13,0
DA:29,0
DA:41,0
DA:42,0
DA:43,0
DA:44,0
DA:45,0
DA:47,0
DA:48,0
DA:49,0
DA:53,0
DA:54,0
DA:58,0
DA:62,0
DA:64,0
DA:65,0
DA:69,0
DA:70,0
DA:72,0
DA:73,0
DA:76,0
DA:77,0
DA:78,0
DA:79,0
DA:81,0
DA:86,0
DA:87,0
DA:88,0
DA:90,0
DA:91,0
DA:93,0
DA:96,0
DA:97,0
DA:98,0
DA:101,0
DA:104,0
DA:105,0
DA:109,0
DA:122,0
DA:128,0
DA:131,0
DA:144,0
DA:149,0
DA:156,0
DA:172,0
DA:184,0
DA:189,0
DA:190,0
DA:199,0
DA:200,0
DA:204,0
DA:222,0
DA:223,0
DA:224,0
DA:238,0
LF:64
LH:0
BRDA:48,0,0,0
BRDA:49,1,0,0
BRDA:49,1,1,0
BRDA:54,2,0,0
BRDA:55,3,0,0
BRDA:55,3,1,0
BRDA:64,4,0,0
BRDA:64,5,0,0
BRDA:64,5,1,0
BRDA:69,6,0,0
BRDA:69,7,0,0
BRDA:69,7,1,0
BRDA:69,8,0,0
BRDA:69,8,1,0
BRDA:78,9,0,0
BRDA:78,9,1,0
BRDA:87,10,0,0
BRDA:87,10,1,0
BRDA:101,11,0,0
BRDA:101,11,1,0
BRDA:104,12,0,0
BRDA:104,12,1,0
BRDA:116,13,0,0
BRDA:116,13,1,0
BRDA:117,14,0,0
BRDA:117,14,1,0
BRDA:117,14,2,0
BRDA:126,15,0,0
BRDA:126,15,1,0
BRDA:126,16,0,0
BRDA:126,16,1,0
BRDA:141,17,0,0
BRDA:141,17,1,0
BRDA:153,18,0,0
BRDA:153,18,1,0
BRDA:164,19,0,0
BRDA:164,19,1,0
BRDA:182,20,0,0
BRDA:182,20,1,0
BRDA:233,21,0,0
BRDA:233,21,1,0
BRDA:233,21,2,0
BRF:42
BRH:0
end_of_record
TN:
SF:src/components/ui/MultiSelect/index.ts
FNF:0
FNH:0
DA:1,0
DA:3,0
LF:2
LH:0
BRF:0
BRH:0
end_of_record
TN:
SF:src/components/ui/NewButton/NewButton.tsx
FN:15,(anonymous_1)
FNF:1
FNH:0
FNDA:0,(anonymous_1)
DA:1,0
DA:2,0
DA:4,0
DA:6,0
DA:15,0
DA:22,0
DA:35,0
LF:7
LH:0
BRDA:28,0,0,0
BRDA:28,0,1,0
BRDA:30,1,0,0
BRDA:30,1,1,0
BRF:4
BRH:0
end_of_record
TN:
SF:src/components/ui/NewButton/index.ts
FNF:0
FNH:0
DA:1,0
DA:3,0
LF:2
LH:0
BRF:0
BRH:0
end_of_record
TN:
SF:src/components/ui/PasswordInput/PasswordInput.tsx
FN:23,PasswordInput
FN:35,(anonymous_2)
FN:39,(anonymous_3)
FN:40,(anonymous_4)
FNF:4
FNH:0
FNDA:0,PasswordInput
FNDA:0,(anonymous_2)
FNDA:0,(anonymous_3)
FNDA:0,(anonymous_4)
DA:1,0
DA:2,0
DA:3,0
DA:5,0
DA:6,0
DA:8,0
DA:9,0
DA:11,0
DA:23,0
DA:33,0
DA:34,0
DA:35,0
DA:36,0
DA:37,0
DA:39,0
DA:40,0
DA:42,0
LF:17
LH:0
BRDA:44,0,0,0
BRDA:44,0,1,0
BRDA:58,1,0,0
BRDA:58,1,1,0
BRDA:83,2,0,0
BRDA:83,2,1,0
BRF:6
BRH:0
end_of_record
TN:
SF:src/components/ui/PasswordInput/index.ts
FN:1,(anonymous_0)
FNF:1
FNH:0
FNDA:0,(anonymous_0)
DA:1,0
LF:1
LH:0
BRF:0
BRH:0
end_of_record
TN:
SF:src/components/ui/PhoneConfirm/PhoneConfirm.tsx
FN:7,PhoneConfirm
FN:10,(anonymous_1)
FNF:2
FNH:0
FNDA:0,PhoneConfirm
FNDA:0,(anonymous_1)
DA:2,0
DA:4,0
DA:7,0
DA:8,0
DA:10,0
DA:11,0
DA:12,0
DA:15,0
LF:8
LH:0
BRF:0
BRH:0
end_of_record
TN:
SF:src/components/ui/PhoneInput/PhoneInput.tsx
FN:20,(anonymous_1)
FN:31,(anonymous_2)
FNF:2
FNH:0
FNDA:0,(anonymous_1)
FNDA:0,(anonymous_2)
DA:1,0
DA:2,0
DA:4,0
DA:5,0
DA:6,0
DA:8,0
DA:20,0
DA:29,0
DA:31,0
DA:32,0
DA:33,0
DA:37,0
DA:53,0
LF:13
LH:0
BRDA:32,0,0,0
BRDA:32,1,0,0
BRDA:32,1,1,0
BRDA:39,2,0,0
BRDA:39,2,1,0
BRDA:44,3,0,0
BRDA:44,3,1,0
BRF:7
BRH:0
end_of_record
TN:
SF:src/components/ui/PhoneInput/Title.tsx
FN:14,(anonymous_1)
FNF:1
FNH:0
FNDA:0,(anonymous_1)
DA:1,0
DA:4,0
DA:5,0
DA:7,0
DA:14,0
DA:15,0
DA:26,0
LF:7
LH:0
BRF:0
BRH:0
end_of_record
TN:
SF:src/components/ui/PhoneInput/Control/Control.tsx
FN:20,Control
FN:31,(anonymous_8)
FN:38,(anonymous_9)
FN:51,patternMatch
FNF:4
FNH:0
[...]
FN:2,(anonymous_2)
FNF:2
FNH:0
FNDA:0,(anonymous_1)
FNDA:0,(anonymous_2)
DA:1,0
DA:2,0
LF:2
LH:0
BRF:0
BRH:0
end_of_record
TN:
SF:src/pages/Vacancies/components/CategoryFilter/CategoryFilter.tsx
FN:15,(anonymous_1)
FN:29,(anonymous_2)
FN:36,(anonymous_3)
FN:42,(anonymous_4)
FNF:4
FNH:0
FNDA:0,(anonymous_1)
FNDA:0,(anonymous_2)
FNDA:0,(anonymous_3)
FNDA:0,(anonymous_4)
DA:1,0
DA:2,0
DA:3,0
DA:15,0
DA:16,0
DA:19,0
DA:29,0
DA:30,0
DA:33,0
DA:37,0
DA:42,0
DA:52,0
LF:12
LH:0
BRDA:40,0,0,0
BRDA:40,0,1,0
BRF:2
BRH:0
end_of_record
TN:
SF:src/pages/Vacancies/components/VacancyCard/VacancyCard.tsx
FN:20,(anonymous_1)
FNF:1
FNH:0
FNDA:0,(anonymous_1)
DA:1,0
DA:2,0
DA:3,0
DA:4,0
DA:5,0
DA:6,0
DA:7,0
DA:20,0
DA:30,0
DA:32,0
DA:67,0
LF:11
LH:0
BRDA:28,0,0,0
BRF:1
BRH:0
end_of_record
TN:
SF:src/services/api.ts
FN:4,(anonymous_0)
FN:20,(anonymous_1)
FNF:2
FNH:0
FNDA:0,(anonymous_0)
FNDA:0,(anonymous_1)
DA:1,0
DA:4,0
DA:6,0
DA:7,0
DA:11,0
DA:14,0
DA:20,0
LF:7
LH:0
BRDA:6,0,0,0
BRDA:11,1,0,0
BRDA:11,1,1,0
BRF:3
BRH:0
end_of_record
TN:
SF:src/services/bankOffersApi.ts
FN:68,(anonymous_1)
FN:80,(anonymous_2)
FN:90,(anonymous_3)
FN:119,(anonymous_4)
FN:151,(anonymous_5)
FN:202,(anonymous_6)
FN:220,(anonymous_7)
FNF:7
FNH:0
FNDA:0,(anonymous_1)
FNDA:0,(anonymous_2)
FNDA:0,(anonymous_3)
FNDA:0,(anonymous_4)
FNDA:0,(anonymous_5)
FNDA:0,(anonymous_6)
FNDA:0,(anonymous_7)
DA:4,0
DA:68,0
DA:69,0
DA:70,0
DA:71,0
DA:72,0
DA:73,0
DA:74,0
DA:76,0
DA:80,0
DA:82,0
DA:83,0
DA:86,0
DA:90,0
DA:91,0
DA:94,0
DA:95,0
DA:99,0
DA:108,0
DA:109,0
DA:110,0
DA:111,0
DA:114,0
DA:115,0
DA:119,0
DA:120,0
DA:121,0
DA:124,0
DA:125,0
DA:129,0
DA:137,0
DA:138,0
DA:139,0
DA:141,0
DA:142,0
DA:145,0
DA:146,0
DA:151,0
DA:159,0
DA:162,0
DA:166,0
DA:167,0
DA:168,0
DA:170,0
DA:171,0
DA:172,0
DA:173,0
DA:174,0
DA:175,0
DA:178,0
DA:179,0
DA:187,0
DA:193,0
DA:194,0
DA:196,0
DA:197,0
DA:198,0
DA:199,0
DA:201,0
DA:202,0
DA:203,0
DA:204,0
DA:206,0
DA:207,0
DA:209,0
DA:210,0
DA:213,0
DA:216,0
DA:219,0
DA:220,0
DA:223,0
DA:261,0
DA:269,0
LF:73
LH:0
BRDA:73,0,0,0
BRDA:73,1,0,0
BRDA:73,1,1,0
BRDA:73,1,2,0
BRDA:82,2,0,0
BRDA:86,3,0,0
BRDA:86,3,1,0
BRDA:94,4,0,0
BRDA:94,4,1,0
BRDA:95,5,0,0
BRDA:95,5,1,0
BRDA:96,6,0,0
BRDA:96,6,1,0
BRDA:108,7,0,0
BRDA:115,8,0,0
BRDA:115,8,1,0
BRDA:124,9,0,0
BRDA:124,9,1,0
BRDA:125,10,0,0
BRDA:125,10,1,0
BRDA:126,11,0,0
BRDA:126,11,1,0
BRDA:137,12,0,0
BRDA:137,12,1,0
BRDA:139,13,0,0
BRDA:139,13,1,0
BRDA:162,14,0,0
BRDA:162,14,1,0
BRDA:167,15,0,0
BRDA:170,16,0,0
BRDA:174,17,0,0
BRDA:174,18,0,0
BRDA:174,18,1,0
BRDA:174,18,2,0
BRDA:178,19,0,0
BRDA:178,20,0,0
BRDA:178,20,1,0
BRDA:187,21,0,0
BRDA:187,21,1,0
BRDA:187,21,2,0
BRDA:187,21,3,0
BRDA:196,22,0,0
BRDA:196,22,1,0
BRDA:197,23,0,0
BRDA:197,23,1,0
BRDA:199,24,0,0
BRDA:199,24,1,0
BRDA:201,25,0,0
BRDA:201,25,1,0
BRDA:203,26,0,0
BRDA:203,26,1,0
BRDA:207,27,0,0
BRDA:207,27,1,0
BRDA:209,28,0,0
BRDA:209,28,1,0
BRDA:210,29,0,0
BRDA:210,29,1,0
BRDA:213,30,0,0
BRDA:213,30,1,0
BRDA:213,31,0,0
BRDA:213,31,1,0
BRDA:216,32,0,0
BRDA:216,32,1,0
BRDA:219,33,0,0
BRDA:224,34,0,0
BRDA:224,34,1,0
BRDA:234,35,0,0
BRDA:234,35,1,0
BRDA:235,36,0,0
BRDA:235,36,1,0
BRDA:238,37,0,0
BRDA:238,37,1,0
BRDA:252,38,0,0
BRDA:252,38,1,0
BRDA:252,39,0,0
BRDA:252,39,1,0
BRDA:254,40,0,0
BRDA:254,40,1,0
BRDA:255,41,0,0
BRDA:255,41,1,0
BRF:80
BRH:0
end_of_record
TN:
SF:src/services/bankWorkerApi.ts
FN:28,(anonymous_1)
FN:42,(anonymous_2)
FN:50,(anonymous_3)
FN:58,(anonymous_4)
FN:183,(anonymous_5)
FN:198,(anonymous_6)
FN:214,(anonymous_7)
FN:231,(anonymous_8)
FN:247,(anonymous_9)
FN:265,(anonymous_10)
FN:282,(anonymous_11)
FN:295,(anonymous_12)
FN:308,(anonymous_13)
FNF:13
FNH:0
FNDA:0,(anonymous_1)
FNDA:0,(anonymous_2)
FNDA:0,(anonymous_3)
FNDA:0,(anonymous_4)
FNDA:0,(anonymous_5)
FNDA:0,(anonymous_6)
FNDA:0,(anonymous_7)
FNDA:0,(anonymous_8)
FNDA:0,(anonymous_9)
FNDA:0,(anonymous_10)
FNDA:0,(anonymous_11)
FNDA:0,(anonymous_12)
FNDA:0,(anonymous_13)
DA:12,0
DA:15,0
DA:18,0
DA:27,0
DA:30,0
DA:31,0
DA:32,0
DA:36,0
DA:37,0
DA:40,0
DA:43,0
DA:44,0
DA:49,0
DA:52,0
DA:53,0
DA:56,0
DA:59,0
DA:62,0
DA:64,0
DA:65,0
DA:66,0
DA:70,0
DA:184,0
DA:185,0
DA:188,0
DA:190,0
DA:199,0
DA:200,0
DA:204,0
DA:206,0
DA:215,0
DA:216,0
DA:219,0
DA:221,0
DA:232,0
DA:233,0
DA:237,0
DA:239,0
DA:253,0
DA:254,0
DA:255,0
DA:257,0
DA:270,0
DA:271,0
DA:272,0
DA:274,0
DA:283,0
DA:284,0
DA:285,0
DA:287,0
DA:296,0
DA:297,0
DA:298,0
DA:300,0
DA:309,0
DA:310,0
DA:311,0
DA:313,0
DA:319,0
DA:323,0
DA:334,0
LF:61
LH:0
BRDA:15,0,0,0
BRDA:15,0,1,0
BRDA:15,1,0,0
BRDA:15,1,1,0
BRDA:31,2,0,0
BRDA:31,3,0,0
BRDA:31,3,1,0
BRDA:36,4,0,0
BRDA:52,5,0,0
BRDA:59,6,0,0
BRDA:59,6,1,0
BRDA:62,7,0,0
BRDA:65,8,0,0
BRDA:190,9,0,0
BRDA:190,9,1,0
BRDA:206,10,0,0
BRDA:206,10,1,0
BRDA:221,11,0,0
BRDA:221,11,1,0
BRDA:239,12,0,0
BRDA:239,12,1,0
BRDA:257,13,0,0
BRDA:257,13,1,0
BRDA:274,14,0,0
BRDA:274,14,1,0
BRDA:287,15,0,0
BRDA:287,15,1,0
BRDA:300,16,0,0
BRDA:300,16,1,0
BRDA:313,17,0,0
BRDA:313,17,1,0
BRF:31
BRH:0
end_of_record
TN:
SF:src/services/calculationParametersApi.ts
FN:4,(anonymous_0)
FN:45,(anonymous_1)
FN:49,(anonymous_2)
FN:63,(anonymous_3)
FN:77,(anonymous_4)
FN:90,(anonymous_5)
FNF:6
FNH:0
FNDA:0,(anonymous_0)
FNDA:0,(anonymous_1)
FNDA:0,(anonymous_2)
FNDA:0,(anonymous_3)
FNDA:0,(anonymous_4)
FNDA:0,(anonymous_5)
DA:1,0
DA:4,0
DA:6,0
DA:7,0
DA:11,0
DA:39,0
DA:45,0
DA:49,0
DA:60,0
DA:63,0
DA:69,0
DA:70,0
DA:71,0
DA:73,0
DA:77,0
DA:82,0
DA:83,0
DA:84,0
DA:86,0
DA:90,0
DA:94,0
DA:95,0
DA:96,0
DA:98,0
LF:24
LH:0
BRDA:6,0,0,0
BRDA:11,1,0,0
BRDA:11,1,1,0
BRDA:49,2,0,0
BRDA:69,3,0,0
BRDA:82,4,0,0
BRDA:92,5,0,0
BRDA:94,6,0,0
BRF:8
BRH:0
end_of_record
TN:
SF:src/services/calculationService.ts
FN:14,(anonymous_1)
FN:21,(anonymous_2)
FN:33,(anonymous_3)
FN:87,(anonymous_4)
FN:95,(anonymous_5)
FN:110,(anonymous_6)
FN:128,(anonymous_7)
FN:141,(anonymous_8)
FN:153,(anonymous_9)
FN:165,(anonymous_10)
FN:178,(anonymous_11)
FN:206,(anonymous_12)
FN:213,(anonymous_13)
FNF:13
FNH:0
FNDA:0,(anonymous_1)
FNDA:0,(anonymous_2)
FNDA:0,(anonymous_3)
FNDA:0,(anonymous_4)
FNDA:0,(anonymous_5)
FNDA:0,(anonymous_6)
FNDA:0,(anonymous_7)
FNDA:0,(anonymous_8)
FNDA:0,(anonymous_9)
FNDA:0,(anonymous_10)
FNDA:0,(anonymous_11)
FNDA:0,(anonymous_12)
FNDA:0,(anonymous_13)
DA:1,0
DA:2,0
DA:3,0
DA:4,0
DA:15,0
DA:16,0
DA:23,0
DA:24,0
DA:27,0
DA:36,0
DA:37,0
DA:39,0
DA:40,0
DA:43,0
DA:44,0
DA:45,0
DA:47,0
DA:49,0
DA:54,0
DA:55,0
DA:57,0
DA:60,0
DA:62,0
DA:65,0
DA:68,0
DA:69,0
DA:88,0
DA:89,0
DA:96,0
DA:97,0
DA:99,0
DA:100,0
DA:101,0
DA:104,0
DA:111,0
DA:112,0
DA:114,0
DA:115,0
DA:117,0
DA:118,0
DA:119,0
DA:122,0
DA:134,0
DA:135,0
DA:146,0
DA:147,0
DA:158,0
DA:159,0
DA:171,0
DA:172,0
DA:180,0
DA:200,0
DA:207,0
DA:214,0
DA:219,0
DA:220,0
LF:56
LH:0
BRDA:23,0,0,0
BRDA:27,1,0,0
BRDA:27,1,1,0
BRDA:34,2,0,0
BRDA:39,3,0,0
BRDA:39,4,0,0
BRDA:39,4,1,0
BRDA:47,5,0,0
BRDA:47,5,1,0
BRDA:47,6,0,0
BRDA:47,6,1,0
BRDA:47,6,2,0
BRDA:54,7,0,0
BRDA:54,7,1,0
BRDA:62,8,0,0
BRDA:62,8,1,0
BRDA:71,9,0,0
BRDA:71,9,1,0
BRDA:87,10,0,0
BRDA:95,11,0,0
BRDA:99,12,0,0
BRDA:110,13,0,0
BRDA:114,14,0,0
BRDA:118,15,0,0
BRDA:134,16,0,0
BRDA:134,16,1,0
BRDA:146,17,0,0
BRDA:146,17,1,0
BRDA:158,18,0,0
BRDA:158,18,1,0
BRDA:171,19,0,0
BRDA:171,19,1,0
BRDA:200,20,0,0
BRDA:200,20,1,0
BRDA:213,21,0,0
BRF:35
BRH:0
end_of_record
TN:
SF:src/services/lawyerFormApi.ts
FN:5,(anonymous_0)
FNF:1
FNH:0
FNDA:0,(anonymous_0)
DA:5,0
DA:6,0
DA:14,0
DA:15,0
DA:16,0
DA:18,0
LF:6
LH:0
BRDA:15,0,0,0
BRDA:16,1,0,0
BRDA:16,1,1,0
BRF:3
BRH:0
end_of_record
TN:
SF:src/services/auth/auth.ts
FN:4,(anonymous_0)
FN:6,(anonymous_1)
FN:13,(anonymous_2)
FN:20,(anonymous_3)
FN:27,(anonymous_4)
FN:34,(anonymous_5)
FN:41,(anonymous_6)
FNF:7
FNH:0
FNDA:0,(anonymous_0)
FNDA:0,(anonymous_1)
FNDA:0,(anonymous_2)
FNDA:0,(anonymous_3)
FNDA:0,(anonymous_4)
FNDA:0,(anonymous_5)
FNDA:0,(anonymous_6)
DA:1,0
DA:3,0
DA:4,0
DA:6,0
DA:13,0
DA:20,0
DA:27,0
DA:34,0
DA:41,0
DA:51,0
LF:10
LH:0
BRF:0
BRH:0
end_of_record
TN:
SF:src/shared/theme/mediaQueries.ts
FNF:0
FNH:0
DA:1,0
LF:1
LH:0
BRF:0
BRH:0
end_of_record
TN:
SF:src/store/FilterSlice.ts
FN:7,(anonymous_0)
FNF:1
FNH:0
FNDA:0,(anonymous_0)
DA:1,0
DA:3,0
DA:8,0
DA:13,0
DA:15,0
LF:5
LH:0
BRF:0
BRH:0
end_of_record
TN:
SF:src/store/index.ts
FN:137,(anonymous_1)
FNF:1
FNH:0
FNDA:0,(anonymous_1)
DA:1,0
DA:11,0
DA:13,0
DA:14,0
DA:15,0
DA:16,0
DA:17,0
DA:18,0
DA:19,0
DA:21,0
DA:22,0
DA:23,0
DA:24,0
DA:25,0
DA:26,0
DA:27,0
DA:28,0
DA:29,0
DA:30,0
DA:31,0
DA:33,0
DA:38,0
DA:40,0
DA:45,0
DA:50,0
DA:55,0
DA:60,0
DA:65,0
DA:70,0
DA:75,0
DA:80,0
DA:85,0
DA:90,0
DA:95,0
DA:100,0
DA:105,0
DA:107,0
DA:112,0
DA:117,0
DA:138,0
DA:146,0
DA:151,0
LF:42
LH:0
BRF:0
BRH:0
end_of_record
TN:
SF:src/store/slices/adminSlice.ts
FN:50,(anonymous_0)
FN:66,(anonymous_1)
FN:97,(anonymous_2)
FN:134,(anonymous_3)
FN:170,(anonymous_4)
FN:179,(anonymous_5)
FN:184,(anonymous_6)
FN:189,(anonymous_7)
FN:192,(anonymous_8)
FN:196,(anonymous_9)
FN:203,(anonymous_10)
FN:211,(anonymous_11)
FN:214,(anonymous_12)
FN:220,(anonymous_13)
FN:230,(anonymous_14)
FN:233,(anonymous_15)
FN:236,(anonymous_16)
FN:246,(anonymous_17)
FN:247,(anonymous_18)
FN:248,(anonymous_19)
FN:249,(anonymous_20)
FN:250,(anonymous_21)
FN:251,(anonymous_22)
FNF:23
FNH:0
FNDA:0,(anonymous_0)
FNDA:0,(anonymous_1)
FNDA:0,(anonymous_2)
FNDA:0,(anonymous_3)
FNDA:0,(anonymous_4)
FNDA:0,(anonymous_5)
FNDA:0,(anonymous_6)
FNDA:0,(anonymous_7)
FNDA:0,(anonymous_8)
FNDA:0,(anonymous_9)
FNDA:0,(anonymous_10)
FNDA:0,(anonymous_11)
FNDA:0,(anonymous_12)
FNDA:0,(anonymous_13)
FNDA:0,(anonymous_14)
FNDA:0,(anonymous_15)
FNDA:0,(anonymous_16)
FNDA:0,(anonymous_17)
FNDA:0,(anonymous_18)
FNDA:0,(anonymous_19)
FNDA:0,(anonymous_20)
FNDA:0,(anonymous_21)
FNDA:0,(anonymous_22)
DA:6,0
DA:34,0
DA:50,0
DA:52,0
DA:53,0
DA:56,0
DA:59,0
DA:64,0
DA:67,0
DA:68,0
DA:76,0
DA:78,0
DA:79,0
DA:83,0
DA:85,0
DA:87,0
DA:95,0
DA:98,0
DA:99,0
DA:100,0
DA:102,0
DA:103,0
DA:106,0
DA:112,0
DA:114,0
DA:115,0
DA:117,0
DA:119,0
DA:122,0
DA:124,0
DA:132,0
DA:135,0
DA:136,0
DA:137,0
DA:139,0
DA:140,0
DA:143,0
DA:149,0
DA:151,0
DA:152,0
DA:155,0
DA:157,0
DA:165,0
DA:171,0
DA:172,0
DA:173,0
DA:174,0
DA:175,0
DA:180,0
DA:185,0
DA:186,0
DA:191,0
DA:193,0
DA:194,0
DA:197,0
DA:198,0
DA:199,0
DA:200,0
DA:201,0
DA:204,0
DA:205,0
DA:206,0
DA:210,0
DA:212,0
DA:215,0
DA:216,0
DA:217,0
DA:218,0
DA:221,0
DA:222,0
DA:223,0
DA:224,0
DA:225,0
DA:229,0
DA:234,0
DA:237,0
DA:243,0
DA:246,0
DA:247,0
DA:248,0
DA:249,0
DA:250,0
DA:251,0
DA:254,0
LF:84
LH:0
BRDA:52,0,0,0
BRDA:56,1,0,0
BRDA:56,1,1,0
BRDA:78,2,0,0
BRDA:79,3,0,0
BRDA:79,3,1,0
BRDA:102,4,0,0
BRDA:114,5,0,0
BRDA:115,6,0,0
BRDA:119,7,0,0
BRDA:119,7,1,0
BRDA:139,8,0,0
BRDA:151,9,0,0
BRDA:152,10,0,0
BRDA:152,10,1,0
BRF:15
BRH:0
end_of_record
TN:
SF:src/store/slices/authSlice.ts
FN:28,(anonymous_0)
FN:31,(anonymous_1)
FN:37,(anonymous_2)
FN:40,(anonymous_3)
FN:52,(anonymous_4)
FN:53,(anonymous_5)
FN:55,(anonymous_6)
FN:56,(anonymous_7)
FNF:8
FNH:0
FNDA:0,(anonymous_0)
FNDA:0,(anonymous_1)
FNDA:0,(anonymous_2)
FNDA:0,(anonymous_3)
FNDA:0,(anonymous_4)
FNDA:0,(anonymous_5)
FNDA:0,(anonymous_6)
FNDA:0,(anonymous_7)
DA:1,0
DA:4,0
DA:5,0
DA:6,0
DA:17,0
DA:24,0
DA:29,0
DA:35,0
DA:38,0
DA:41,0
DA:46,0
DA:52,0
DA:53,0
DA:54,0
DA:55,0
DA:56,0
DA:58,0
LF:17
LH:0
BRF:0
BRH:0
end_of_record
TN:
SF:src/store/slices/currencySlice.ts
FN:17,(anonymous_0)
FNF:1
FNH:0
FNDA:0,(anonymous_0)
DA:1,0
DA:9,0
DA:13,0
DA:18,0
DA:23,0
DA:24,0
LF:6
LH:0
BRF:0
BRH:0
end_of_record
TN:
SF:src/store/slices/dialogSlice.ts
FN:36,(anonymous_0)
FN:43,(anonymous_1)
FN:50,(anonymous_2)
FNF:3
FNH:0
FNDA:0,(anonymous_0)
FNDA:0,(anonymous_1)
FNDA:0,(anonymous_2)
DA:3,0
DA:19,0
DA:32,0
DA:37,0
DA:44,0
DA:49,0
DA:50,0
DA:51,0
LF:8
LH:0
BRF:0
BRH:0
end_of_record
TN:
SF:src/store/slices/languageSlice.ts
FN:10,(anonymous_0)
FN:17,(anonymous_1)
FN:22,(anonymous_2)
FN:39,(anonymous_3)
FNF:4
FNH:0
FNDA:0,(anonymous_0)
FNDA:0,(anonymous_1)
FNDA:0,(anonymous_2)
FNDA:0,(anonymous_3)
DA:1,0
DA:10,0
DA:11,0
DA:12,0
DA:14,0
DA:17,0
DA:18,0
DA:19,0
DA:22,0
DA:23,0
DA:24,0
DA:27,0
DA:29,0
DA:35,0
DA:40,0
DA:43,0
DA:44,0
DA:47,0
DA:48,0
DA:49,0
DA:50,0
DA:51,0
DA:52,0
DA:53,0
DA:54,0
DA:55,0
DA:61,0
DA:62,0
LF:28
LH:0
BRDA:11,0,0,0
BRDA:12,1,0,0
BRDA:12,1,1,0
BRDA:18,2,0,0
BRDA:23,3,0,0
BRDA:43,4,0,0
BRDA:47,5,0,0
BRDA:47,5,1,0
BRDA:50,6,0,0
BRDA:50,6,1,0
BRDA:53,7,0,0
BRF:11
BRH:0
end_of_record
TN:
SF:src/store/slices/windowSizeSlice.ts
FN:12,(anonymous_0)
FNF:1
FNH:0
FNDA:0,(anonymous_0)
DA:1,0
DA:3,0
DA:8,0
DA:13,0
DA:14,0
DA:19,0
DA:21,0
LF:7
LH:0
BRF:0
BRH:0
end_of_record
TN:
SF:src/utils/performance.ts
FN:4,(anonymous_6)
FN:13,(anonymous_7)
FN:21,(anonymous_8)
FN:24,(anonymous_9)
FN:32,(anonymous_10)
FN:34,(anonymous_11)
FN:34,(anonymous_12)
FN:45,(anonymous_13)
FN:54,(anonymous_14)
FN:55,(anonymous_15)
FNF:10
FNH:0
FNDA:0,(anonymous_6)
FNDA:0,(anonymous_7)
FNDA:0,(anonymous_8)
FNDA:0,(anonymous_9)
FNDA:0,(anonymous_10)
FNDA:0,(anonymous_11)
FNDA:0,(anonymous_12)
FNDA:0,(anonymous_13)
FNDA:0,(anonymous_14)
FNDA:0,(anonymous_15)
DA:4,0
DA:7,0
DA:8,0
DA:9,0
DA:13,0
DA:14,0
DA:15,0
DA:16,0
DA:17,0
DA:21,0
DA:22,0
DA:23,0
DA:24,0
DA:25,0
DA:26,0
DA:32,0
DA:33,0
DA:34,0
DA:35,0
DA:36,0
DA:37,0
DA:38,0
DA:39,0
DA:45,0
DA:46,0
DA:53,0
DA:54,0
DA:55,0
DA:56,0
DA:57,0
DA:58,0
DA:59,0
LF:32
LH:0
BRDA:22,0,0,0
BRDA:33,1,0,0
BRDA:33,2,0,0
BRDA:33,2,1,0
BRDA:53,3,0,0
BRF:5
BRH:0
end_of_record
TN:
SF:src/utils/validationHelpers.ts
FN:7,(anonymous_0)
FN:20,(anonymous_1)
FN:44,(anonymous_2)
FN:94,(anonymous_3)
FN:126,(anonymous_4)
FN:155,(anonymous_5)
FN:159,(anonymous_6)
FN:166,(anonymous_7)
FN:167,(anonymous_8)
FN:171,(anonymous_9)
FN:193,(anonymous_10)
FNF:11
FNH:0
FNDA:0,(anonymous_0)
FNDA:0,(anonymous_1)
FNDA:0,(anonymous_2)
FNDA:0,(anonymous_3)
FNDA:0,(anonymous_4)
FNDA:0,(anonymous_5)
FNDA:0,(anonymous_6)
FNDA:0,(anonymous_7)
FNDA:0,(anonymous_8)
FNDA:0,(anonymous_9)
FNDA:0,(anonymous_10)
DA:2,0
DA:7,0
DA:9,0
DA:10,0
DA:14,0
DA:20,0
DA:21,0
DA:23,0
DA:24,0
DA:28,0
DA:29,0
DA:33,0
DA:35,0
DA:36,0
DA:44,0
DA:45,0
DA:46,0
DA:48,0
DA:49,0
DA:51,0
DA:52,0
DA:56,0
DA:57,0
DA:58,0
DA:59,0
DA:60,0
DA:61,0
DA:63,0
DA:64,0
DA:70,0
DA:74,0
DA:75,0
DA:76,0
DA:77,0
DA:83,0
DA:85,0
DA:86,0
DA:94,0
DA:95,0
DA:96,0
DA:98,0
DA:99,0
DA:101,0
DA:102,0
DA:106,0
DA:107,0
DA:108,0
DA:109,0
DA:115,0
DA:117,0
DA:118,0
DA:126,0
DA:127,0
DA:128,0
DA:130,0
DA:131,0
DA:132,0
DA:133,0
DA:134,0
DA:135,0
DA:136,0
DA:137,0
DA:138,0
DA:142,0
DA:147,0
DA:155,0
DA:156,0
DA:158,0
DA:159,0
DA:160,0
DA:165,0
DA:166,0
DA:167,0
DA:168,0
DA:169,0
DA:170,0
DA:171,0
DA:177,0
DA:184,0
DA:186,0
DA:193,0
DA:194,0
DA:195,0
DA:197,0
DA:200,0
DA:202,0
LF:86
LH:0
BRDA:9,0,0,0
BRDA:14,1,0,0
BRDA:14,1,1,0
BRDA:23,2,0,0
BRDA:23,3,0,0
BRDA:23,3,1,0
BRDA:24,4,0,0
BRDA:24,4,1,0
BRDA:28,5,0,0
BRDA:29,6,0,0
BRDA:29,6,1,0
BRDA:49,7,0,0
BRDA:49,8,0,0
BRDA:49,8,1,0
BRDA:51,9,0,0
BRDA:51,9,1,0
BRDA:59,10,0,0
BRDA:59,10,1,0
BRDA:61,11,0,0
BRDA:61,11,1,0
BRDA:61,12,0,0
BRDA:61,12,1,0
BRDA:61,12,2,0
BRDA:74,13,0,0
BRDA:74,14,0,0
BRDA:74,14,1,0
BRDA:76,15,0,0
BRDA:76,15,1,0
BRDA:76,16,0,0
BRDA:76,16,1,0
BRDA:83,17,0,0
BRDA:83,17,1,0
BRDA:86,18,0,0
BRDA:86,18,1,0
BRDA:99,19,0,0
BRDA:99,20,0,0
BRDA:99,20,1,0
BRDA:101,21,0,0
BRDA:101,21,1,0
BRDA:106,22,0,0
BRDA:106,23,0,0
BRDA:106,23,1,0
BRDA:108,24,0,0
BRDA:108,24,1,0
BRDA:108,25,0,0
BRDA:108,25,1,0
BRDA:115,26,0,0
BRDA:115,26,1,0
BRDA:118,27,0,0
BRDA:118,27,1,0
BRDA:133,28,0,0
BRDA:135,29,0,0
BRDA:158,30,0,0
BRDA:158,31,0,0
BRDA:158,31,1,0
BRDA:165,32,0,0
BRDA:168,33,0,0
BRDA:168,34,0,0
BRDA:168,34,1,0
BRDA:170,35,0,0
BRF:60
BRH:0
end_of_record
TN:
SF:src/utils/yupLocale.ts
FN:5,(anonymous_7)
FN:82,(anonymous_8)
FNF:2
FNH:0
FNDA:0,(anonymous_7)
FNDA:0,(anonymous_8)
DA:1,0
DA:2,0
DA:5,0
DA:6,0
DA:8,0
DA:9,0
DA:43,0
DA:44,0
DA:82,0
DA:83,0
DA:87,0
LF:11
LH:0
BRDA:6,0,0,0
BRDA:6,0,1,0
BRDA:8,1,0,0
BRDA:8,1,1,0
BRDA:43,2,0,0
BRF:5
BRH:0
end_of_record
TN:
SF:src/utils/constants/mockData/Tabs.ts
FNF:0
FNH:0
DA:4,0
DA:14,0
LF:2
LH:0
BRF:0
BRH:0
end_of_record
TN:
SF:src/utils/helpers/calculateCreditAnnuityPayment.ts
FN:21,(anonymous_0)
FNF:1
FNH:0
FNDA:0,(anonymous_0)
DA:21,0
DA:26,0
DA:27,0
DA:30,0
DA:33,0
LF:5
LH:0
BRF:0
BRH:0
end_of_record
TN:
SF:src/utils/helpers/calculateMonthlyPayment.ts
FN:26,(anonymous_0)
FNF:1
FNH:0
FNDA:0,(anonymous_0)
DA:26,0
DA:32,0
DA:33,0
DA:36,0
DA:37,0
DA:41,0
DA:42,0
DA:46,0
DA:47,0
DA:51,0
DA:52,0
DA:56,0
DA:59,0
DA:62,0
DA:66,0
DA:69,0
DA:72,0
LF:17
LH:0
BRDA:32,0,0,0
BRDA:36,1,0,0
BRDA:41,2,0,0
BRDA:41,3,0,0
BRDA:41,3,1,0
BRDA:41,3,2,0
BRDA:41,3,3,0
BRDA:46,4,0,0
BRDA:46,5,0,0
BRDA:46,5,1,0
BRDA:46,5,2,0
BRDA:51,6,0,0
BRF:12
BRH:0
end_of_record
TN:
SF:src/utils/helpers/calculatePeriod.ts
FN:26,(anonymous_0)
FNF:1
FNH:0
FNDA:0,(anonymous_0)
DA:26,0
DA:32,0
DA:33,0
DA:36,0
DA:37,0
DA:41,0
DA:42,0
DA:46,0
DA:49,0
DA:52,0
DA:53,0
DA:57,0
DA:58,0
DA:63,0
DA:67,0
DA:68,0
DA:72,0
DA:75,0
DA:78,0
LF:19
LH:0
BRDA:32,0,0,0
BRDA:36,1,0,0
BRDA:41,2,0,0
BRDA:41,3,0,0
BRDA:41,3,1,0
BRDA:41,3,2,0
BRDA:41,3,3,0
BRDA:52,4,0,0
BRDA:52,5,0,0
BRDA:52,5,1,0
BRDA:52,5,2,0
BRDA:57,6,0,0
BRDA:67,7,0,0
BRDA:67,8,0,0
BRDA:67,8,1,0
BRF:15
BRH:0
end_of_record
TN:
SF:src/utils/helpers/calculateRemainingAmount.ts
FN:13,(anonymous_0)
FNF:1
FNH:0
FNDA:0,(anonymous_0)
DA:13,0
DA:18,0
DA:19,0
DA:23,0
DA:24,0
DA:28,0
DA:29,0
DA:34,0
DA:37,0
DA:40,0
LF:10
LH:0
BRDA:18,0,0,0
BRDA:23,1,0,0
BRDA:23,2,0,0
BRDA:23,2,1,0
BRDA:23,2,2,0
BRDA:28,3,0,0
BRDA:28,4,0,0
BRDA:28,4,1,0
BRDA:28,4,2,0
BRF:9
BRH:0
end_of_record
TN:
SF:src/utils/helpers/debounce.ts
FN:3,debounce
FN:9,(anonymous_1)
FN:11,(anonymous_2)
FNF:3
FNH:0
FNDA:0,debounce
FNDA:0,(anonymous_1)
FNDA:0,(anonymous_2)
DA:3,0
DA:9,0
DA:10,0
DA:11,0
DA:12,0
LF:5
LH:0
BRDA:5,0,0,0
BRF:1
BRH:0
end_of_record
TN:
SF:src/utils/helpers/fmt.ts
FN:2,(anonymous_0)
FNF:1
FNH:0
FNDA:0,(anonymous_0)
DA:2,0
DA:3,0
DA:4,0
DA:5,0
DA:7,0
DA:8,0
DA:10,0
DA:12,0
DA:16,0
LF:9
LH:0
BRDA:4,0,0,0
BRDA:7,1,0,0
BRF:2
BRH:0
end_of_record
TN:
SF:src/utils/helpers/getYearWord.ts
FN:17,(anonymous_1)
FNF:1
FNH:0
FNDA:0,(anonymous_1)
DA:1,0
DA:17,0
DA:18,0
DA:19,0
DA:21,0
DA:22,0
DA:23,0
DA:24,0
DA:27,0
LF:9
LH:0
BRDA:21,0,0,0
BRDA:21,1,0,0
BRDA:21,1,1,0
BRDA:22,2,0,0
BRDA:22,3,0,0
BRDA:22,3,1,0
BRF:6
BRH:0
end_of_record
TN:
SF:src/utils/i18n/i18n-format.ts
FN:3,format
FN:17,formatDate
FN:27,formatNumber
FN:39,toOptions
FN:55,toJsonString
FN:62,(anonymous_5)
FN:65,(anonymous_6)
FNF:7
FNH:0
FNDA:0,format
FNDA:0,formatDate
FNDA:0,formatNumber
FNDA:0,toOptions
FNDA:0,toJsonString
FNDA:0,(anonymous_5)
FNDA:0,(anonymous_6)
DA:4,0
DA:6,0
DA:7,0
DA:10,0
DA:11,0
DA:14,0
DA:18,0
DA:20,0
DA:21,0
DA:24,0
DA:32,0
DA:34,0
DA:43,0
DA:44,0
DA:46,0
DA:47,0
DA:49,0
DA:50,0
DA:56,0
DA:63,0
DA:65,0
DA:70,0
DA:73,0
LF:23
LH:0
BRDA:4,0,0,0
BRDA:6,1,0,0
BRDA:7,2,0,0
BRDA:7,2,1,0
BRDA:10,3,0,0
BRDA:11,4,0,0
BRDA:11,4,1,0
BRDA:20,5,0,0
BRDA:34,6,0,0
BRDA:34,6,1,0
BRDA:43,7,0,0
BRDA:43,7,1,0
BRF:12
BRH:0
end_of_record
TN:
SF:src/utils/i18n/index.ts
FN:9,(anonymous_1)
FN:47,(anonymous_2)
FN:58,(anonymous_3)
FN:68,(anonymous_4)
FN:75,(anonymous_5)
FN:80,(anonymous_6)
FN:83,(anonymous_7)
FN:85,(anonymous_8)
FN:89,(anonymous_9)
FN:96,(anonymous_10)
FNF:10
FNH:0
FNDA:0,(anonymous_1)
FNDA:0,(anonymous_2)
FNDA:0,(anonymous_3)
FNDA:0,(anonymous_4)
FNDA:0,(anonymous_5)
FNDA:0,(anonymous_6)
FNDA:0,(anonymous_7)
FNDA:0,(anonymous_8)
FNDA:0,(anonymous_9)
FNDA:0,(anonymous_10)
DA:1,0
DA:2,0
DA:3,0
DA:5,0
DA:9,0
DA:10,0
DA:11,0
DA:13,0
DA:16,0
DA:48,0
DA:49,0
DA:54,0
DA:60,0
DA:68,0
DA:69,0
DA:70,0
DA:71,0
DA:76,0
DA:80,0
DA:83,0
DA:85,0
DA:89,0
DA:91,0
DA:92,0
DA:96,0
DA:97,0
DA:100,0
LF:27
LH:0
BRDA:10,0,0,0
BRDA:11,1,0,0
BRDA:11,1,1,0
BRDA:11,1,2,0
BRDA:70,2,0,0
BRDA:91,3,0,0
BRF:6
BRH:0
end_of_record
TN:
SF:src/utils/i18n/withTranslations.tsx
FN:11,(anonymous_6)
FN:15,(anonymous_7)
FN:16,(anonymous_8)
FNF:3
FNH:0
FNDA:0,(anonymous_6)
FNDA:0,(anonymous_7)
FNDA:0,(anonymous_8)
DA:1,0
DA:2,0
DA:11,0
DA:12,0
DA:13,0
DA:15,0
DA:16,0
DA:17,0
DA:19,0
DA:20,0
DA:21,0
DA:24,0
DA:29,0
DA:32,0
DA:33,0
DA:46,0
DA:49,0
LF:17
LH:0
BRDA:17,0,0,0
BRDA:17,1,0,0
BRDA:17,1,1,0
BRDA:20,2,0,0
BRDA:20,2,1,0
BRDA:20,3,0,0
BRDA:20,3,1,0
BRDA:32,4,0,0
BRF:8
BRH:0
end_of_record
