2025-08-16T23:36:03: Error: listen EADDRINUSE: address already in use :::8003
2025-08-16T23:36:03:     at Server.setupListenHandle [as _listen2] (node:net:1908:16)
2025-08-16T23:36:03:     at listenInCluster (node:net:1965:12)
2025-08-16T23:36:03:     at Server.listen (node:net:2067:7)
2025-08-16T23:36:03:     at Function.listen (/Users/michaelmishayev/Projects/bankDev2_standalone/node_modules/express/lib/application.js:635:24)
2025-08-16T23:36:03:     at Object.<anonymous> (/Users/michaelmishayev/Projects/bankDev2_standalone/server/server-db.js:9638:5)
2025-08-16T23:36:03:     at Module._compile (node:internal/modules/cjs/loader:1529:14)
2025-08-16T23:36:03:     at Module._extensions..js (node:internal/modules/cjs/loader:1613:10)
2025-08-16T23:36:03:     at Module.load (node:internal/modules/cjs/loader:1275:32)
2025-08-16T23:36:03:     at Module._load (node:internal/modules/cjs/loader:1096:12)
2025-08-16T23:36:03:     at Object.<anonymous> (/opt/homebrew/lib/node_modules/pm2/lib/ProcessContainerFork.js:33:23) {
2025-08-16T23:36:03:   code: 'EADDRINUSE',
2025-08-16T23:36:03:   errno: -48,
2025-08-16T23:36:03:   syscall: 'listen',
2025-08-16T23:36:03:   address: '::',
2025-08-16T23:36:03:   port: 8003
2025-08-16T23:36:03: }
2025-08-16T23:36:03: Error: listen EADDRINUSE: address already in use :::8003
2025-08-16T23:36:03:     at Server.setupListenHandle [as _listen2] (node:net:1908:16)
2025-08-16T23:36:03:     at listenInCluster (node:net:1965:12)
2025-08-16T23:36:03:     at Server.listen (node:net:2067:7)
2025-08-16T23:36:03:     at Function.listen (/Users/michaelmishayev/Projects/bankDev2_standalone/node_modules/express/lib/application.js:635:24)
2025-08-16T23:36:03:     at Object.<anonymous> (/Users/michaelmishayev/Projects/bankDev2_standalone/server/server-db.js:9638:5)
2025-08-16T23:36:03:     at Module._compile (node:internal/modules/cjs/loader:1529:14)
2025-08-16T23:36:03:     at Module._extensions..js (node:internal/modules/cjs/loader:1613:10)
2025-08-16T23:36:03:     at Module.load (node:internal/modules/cjs/loader:1275:32)
2025-08-16T23:36:03:     at Module._load (node:internal/modules/cjs/loader:1096:12)
2025-08-16T23:36:03:     at Object.<anonymous> (/opt/homebrew/lib/node_modules/pm2/lib/ProcessContainerFork.js:33:23) {
2025-08-16T23:36:03:   code: 'EADDRINUSE',
2025-08-16T23:36:03:   errno: -48,
2025-08-16T23:36:03:   syscall: 'listen',
2025-08-16T23:36:03:   address: '::',
2025-08-16T23:36:03:   port: 8003
2025-08-16T23:36:03: }
2025-08-16T23:36:04: Error: listen EADDRINUSE: address already in use :::8003
2025-08-16T23:36:04:     at Server.setupListenHandle [as _listen2] (node:net:1908:16)
2025-08-16T23:36:04:     at listenInCluster (node:net:1965:12)
2025-08-16T23:36:04:     at Server.listen (node:net:2067:7)
2025-08-16T23:36:04:     at Function.listen (/Users/michaelmishayev/Projects/bankDev2_standalone/node_modules/express/lib/application.js:635:24)
2025-08-16T23:36:04:     at Object.<anonymous> (/Users/michaelmishayev/Projects/bankDev2_standalone/server/server-db.js:9638:5)
2025-08-16T23:36:04:     at Module._compile (node:internal/modules/cjs/loader:1529:14)
2025-08-16T23:36:04:     at Module._extensions..js (node:internal/modules/cjs/loader:1613:10)
2025-08-16T23:36:04:     at Module.load (node:internal/modules/cjs/loader:1275:32)
2025-08-16T23:36:04:     at Module._load (node:internal/modules/cjs/loader:1096:12)
2025-08-16T23:36:04:     at Object.<anonymous> (/opt/homebrew/lib/node_modules/pm2/lib/ProcessContainerFork.js:33:23) {
2025-08-16T23:36:04:   code: 'EADDRINUSE',
2025-08-16T23:36:04:   errno: -48,
2025-08-16T23:36:04:   syscall: 'listen',
2025-08-16T23:36:04:   address: '::',
2025-08-16T23:36:04:   port: 8003
2025-08-16T23:36:04: }
2025-08-16T23:36:04: Error: listen EADDRINUSE: address already in use :::8003
2025-08-16T23:36:04:     at Server.setupListenHandle [as _listen2] (node:net:1908:16)
2025-08-16T23:36:04:     at listenInCluster (node:net:1965:12)
2025-08-16T23:36:04:     at Server.listen (node:net:2067:7)
2025-08-16T23:36:04:     at Function.listen (/Users/michaelmishayev/Projects/bankDev2_standalone/node_modules/express/lib/application.js:635:24)
2025-08-16T23:36:04:     at Object.<anonymous> (/Users/michaelmishayev/Projects/bankDev2_standalone/server/server-db.js:9638:5)
2025-08-16T23:36:04:     at Module._compile (node:internal/modules/cjs/loader:1529:14)
2025-08-16T23:36:04:     at Module._extensions..js (node:internal/modules/cjs/loader:1613:10)
2025-08-16T23:36:04:     at Module.load (node:internal/modules/cjs/loader:1275:32)
2025-08-16T23:36:04:     at Module._load (node:internal/modules/cjs/loader:1096:12)
2025-08-16T23:36:04:     at Object.<anonymous> (/opt/homebrew/lib/node_modules/pm2/lib/ProcessContainerFork.js:33:23) {
2025-08-16T23:36:04:   code: 'EADDRINUSE',
2025-08-16T23:36:04:   errno: -48,
2025-08-16T23:36:04:   syscall: 'listen',
2025-08-16T23:36:04:   address: '::',
2025-08-16T23:36:04:   port: 8003
2025-08-16T23:36:04: }
2025-08-16T23:36:04: Error: listen EADDRINUSE: address already in use :::8003
2025-08-16T23:36:04:     at Server.setupListenHandle [as _listen2] (node:net:1908:16)
2025-08-16T23:36:04:     at listenInCluster (node:net:1965:12)
2025-08-16T23:36:04:     at Server.listen (node:net:2067:7)
2025-08-16T23:36:04:     at Function.listen (/Users/michaelmishayev/Projects/bankDev2_standalone/node_modules/express/lib/application.js:635:24)
2025-08-16T23:36:04:     at Object.<anonymous> (/Users/michaelmishayev/Projects/bankDev2_standalone/server/server-db.js:9638:5)
2025-08-16T23:36:04:     at Module._compile (node:internal/modules/cjs/loader:1529:14)
2025-08-16T23:36:04:     at Module._extensions..js (node:internal/modules/cjs/loader:1613:10)
2025-08-16T23:36:04:     at Module.load (node:internal/modules/cjs/loader:1275:32)
2025-08-16T23:36:04:     at Module._load (node:internal/modules/cjs/loader:1096:12)
2025-08-16T23:36:04:     at Object.<anonymous> (/opt/homebrew/lib/node_modules/pm2/lib/ProcessContainerFork.js:33:23) {
2025-08-16T23:36:04:   code: 'EADDRINUSE',
2025-08-16T23:36:04:   errno: -48,
2025-08-16T23:36:04:   syscall: 'listen',
2025-08-16T23:36:04:   address: '::',
2025-08-16T23:36:04:   port: 8003
2025-08-16T23:36:04: }
2025-08-16T23:40:41: Property ownership options table not found, using fallback values
2025-08-16T23:45:47: Property ownership options table not found, using fallback values
2025-08-17T00:15:20: Property ownership options table not found, using fallback values
2025-08-17T00:15:20: Property ownership options table not found, using fallback values
2025-08-17T00:15:21: Property ownership options table not found, using fallback values
2025-08-17T00:15:21: Property ownership options table not found, using fallback values
2025-08-17T00:15:21: Property ownership options table not found, using fallback values
2025-08-17T00:44:50: Property ownership options table not found, using fallback values
2025-08-17T00:44:50: Property ownership options table not found, using fallback values
2025-08-17T00:44:51: Property ownership options table not found, using fallback values
2025-08-17T00:44:51: Property ownership options table not found, using fallback values
2025-08-17T00:44:52: Property ownership options table not found, using fallback values
2025-08-17T01:10:54: Property ownership options table not found, using fallback values
2025-08-17T01:16:31: Property ownership options error: error: relation "property_ownership_options" does not exist
2025-08-17T01:16:31:     at /Users/michaelmishayev/Projects/bankDev2_standalone/node_modules/pg-pool/index.js:45:11
2025-08-17T01:16:31:     at process.processTicksAndRejections (node:internal/process/task_queues:95:5)
2025-08-17T01:16:31:     at async /Users/michaelmishayev/Projects/bankDev2_standalone/server/server-db.js:2038:24 {
2025-08-17T01:16:31:   length: 126,
2025-08-17T01:16:31:   severity: 'ERROR',
2025-08-17T01:16:31:   code: '42P01',
2025-08-17T01:16:31:   detail: undefined,
2025-08-17T01:16:31:   hint: undefined,
2025-08-17T01:16:31:   position: '375',
2025-08-17T01:16:31:   internalPosition: undefined,
2025-08-17T01:16:31:   internalQuery: undefined,
2025-08-17T01:16:31:   where: undefined,
2025-08-17T01:16:31:   schema: undefined,
2025-08-17T01:16:31:   table: undefined,
2025-08-17T01:16:31:   column: undefined,
2025-08-17T01:16:31:   dataType: undefined,
2025-08-17T01:16:31:   constraint: undefined,
2025-08-17T01:16:31:   file: 'parse_relation.c',
2025-08-17T01:16:31:   line: '1449',
2025-08-17T01:16:31:   routine: 'parserOpenTable'
2025-08-17T01:16:31: }
2025-08-17T01:19:07: Property ownership options error: error: relation "property_ownership_options" does not exist
2025-08-17T01:19:07:     at /Users/michaelmishayev/Projects/bankDev2_standalone/node_modules/pg-pool/index.js:45:11
2025-08-17T01:19:07:     at process.processTicksAndRejections (node:internal/process/task_queues:95:5)
2025-08-17T01:19:07:     at async /Users/michaelmishayev/Projects/bankDev2_standalone/server/server-db.js:2038:24 {
2025-08-17T01:19:07:   length: 126,
2025-08-17T01:19:07:   severity: 'ERROR',
2025-08-17T01:19:07:   code: '42P01',
2025-08-17T01:19:07:   detail: undefined,
2025-08-17T01:19:07:   hint: undefined,
2025-08-17T01:19:07:   position: '375',
2025-08-17T01:19:07:   internalPosition: undefined,
2025-08-17T01:19:07:   internalQuery: undefined,
2025-08-17T01:19:07:   where: undefined,
2025-08-17T01:19:07:   schema: undefined,
2025-08-17T01:19:07:   table: undefined,
2025-08-17T01:19:07:   column: undefined,
2025-08-17T01:19:07:   dataType: undefined,
2025-08-17T01:19:07:   constraint: undefined,
2025-08-17T01:19:07:   file: 'parse_relation.c',
2025-08-17T01:19:07:   line: '1449',
2025-08-17T01:19:07:   routine: 'parserOpenTable'
2025-08-17T01:19:07: }
2025-08-17T01:19:18: Property ownership options table not found, using fallback values
2025-08-17T01:29:51: Property ownership options table not found, using fallback values
2025-08-17T01:29:51: Property ownership options table not found, using fallback values
2025-08-17T01:29:51: Property ownership options table not found, using fallback values
2025-08-17T01:29:51: Property ownership options table not found, using fallback values
2025-08-17T01:29:51: Property ownership options table not found, using fallback values
2025-08-17T01:35:34: Property ownership options table not found, using fallback values
2025-08-17T01:35:34: Property ownership options table not found, using fallback values
2025-08-17T01:35:34: Property ownership options table not found, using fallback values
2025-08-17T01:35:34: Property ownership options table not found, using fallback values
2025-08-17T01:35:34: Property ownership options table not found, using fallback values
2025-08-17T01:54:52: Property ownership options table not found, using fallback values
2025-08-17T01:54:52: Property ownership options table not found, using fallback values
2025-08-17T01:54:52: Property ownership options table not found, using fallback values
2025-08-17T01:54:52: Property ownership options table not found, using fallback values
2025-08-17T01:54:52: Property ownership options table not found, using fallback values
2025-08-17T01:54:52: Property ownership options table not found, using fallback values
2025-08-17T02:00:12: Property ownership options table not found, using fallback values
2025-08-17T02:29:09: Property ownership options table not found, using fallback values
2025-08-17T02:29:35: Property ownership options table not found, using fallback values
2025-08-17T11:06:02: Property ownership options table not found, using fallback values
2025-08-17T11:06:03: Property ownership options table not found, using fallback values
2025-08-17T11:06:03: Property ownership options table not found, using fallback values
2025-08-17T11:06:03: Property ownership options table not found, using fallback values
2025-08-17T11:17:48: Property ownership options table not found, using fallback values
2025-08-17T11:17:48: Property ownership options table not found, using fallback values
2025-08-17T11:17:48: Property ownership options table not found, using fallback values
2025-08-17T11:17:48: Property ownership options table not found, using fallback values
2025-08-17T11:19:17: Property ownership options table not found, using fallback values
2025-08-17T11:19:18: Property ownership options table not found, using fallback values
2025-08-17T12:07:11: Property ownership options table not found, using fallback values
2025-08-17T12:07:11: Property ownership options table not found, using fallback values
2025-08-17T12:07:11: Property ownership options table not found, using fallback values
2025-08-17T12:07:11: Property ownership options table not found, using fallback values
2025-08-17T12:07:11: Property ownership options table not found, using fallback values
2025-08-17T13:43:59: Property ownership options table not found, using fallback values
2025-08-18T00:51:21: /Users/michaelmishayev/Projects/bankDev2_standalone/server/server-db.js:1445
2025-08-18T00:51:21:         });
2025-08-18T00:51:21:         ^
2025-08-18T00:51:21: 
2025-08-18T00:51:21: SyntaxError: Unexpected token '}'
2025-08-18T00:51:21:     at wrapSafe (node:internal/modules/cjs/loader:1472:18)
2025-08-18T00:51:21:     at Module._compile (node:internal/modules/cjs/loader:1501:20)
2025-08-18T00:51:21:     at Module._extensions..js (node:internal/modules/cjs/loader:1613:10)
2025-08-18T00:51:21:     at Module.load (node:internal/modules/cjs/loader:1275:32)
2025-08-18T00:51:21:     at Module._load (node:internal/modules/cjs/loader:1096:12)
2025-08-18T00:51:21:     at Object.<anonymous> (/opt/homebrew/lib/node_modules/pm2/lib/ProcessContainerFork.js:33:23)
2025-08-18T00:51:21:     at Module._compile (node:internal/modules/cjs/loader:1529:14)
2025-08-18T00:51:21:     at Module._extensions..js (node:internal/modules/cjs/loader:1613:10)
2025-08-18T00:51:21:     at Module.load (node:internal/modules/cjs/loader:1275:32)
2025-08-18T00:51:21:     at Module._load (node:internal/modules/cjs/loader:1096:12)
2025-08-18T00:51:21: /Users/michaelmishayev/Projects/bankDev2_standalone/server/server-db.js:1445
2025-08-18T00:51:21:         });
2025-08-18T00:51:21:         ^
2025-08-18T00:51:21: 
2025-08-18T00:51:21: SyntaxError: Unexpected token '}'
2025-08-18T00:51:21:     at wrapSafe (node:internal/modules/cjs/loader:1472:18)
2025-08-18T00:51:21:     at Module._compile (node:internal/modules/cjs/loader:1501:20)
2025-08-18T00:51:21:     at Module._extensions..js (node:internal/modules/cjs/loader:1613:10)
2025-08-18T00:51:21:     at Module.load (node:internal/modules/cjs/loader:1275:32)
2025-08-18T00:51:21:     at Module._load (node:internal/modules/cjs/loader:1096:12)
2025-08-18T00:51:21:     at Object.<anonymous> (/opt/homebrew/lib/node_modules/pm2/lib/ProcessContainerFork.js:33:23)
2025-08-18T00:51:21:     at Module._compile (node:internal/modules/cjs/loader:1529:14)
2025-08-18T00:51:21:     at Module._extensions..js (node:internal/modules/cjs/loader:1613:10)
2025-08-18T00:51:21:     at Module.load (node:internal/modules/cjs/loader:1275:32)
2025-08-18T00:51:21:     at Module._load (node:internal/modules/cjs/loader:1096:12)
2025-08-18T00:51:21: /Users/michaelmishayev/Projects/bankDev2_standalone/server/server-db.js:1445
2025-08-18T00:51:21:         });
2025-08-18T00:51:21:         ^
2025-08-18T00:51:21: 
2025-08-18T00:51:21: SyntaxError: Unexpected token '}'
2025-08-18T00:51:21:     at wrapSafe (node:internal/modules/cjs/loader:1472:18)
2025-08-18T00:51:21:     at Module._compile (node:internal/modules/cjs/loader:1501:20)
2025-08-18T00:51:21:     at Module._extensions..js (node:internal/modules/cjs/loader:1613:10)
2025-08-18T00:51:21:     at Module.load (node:internal/modules/cjs/loader:1275:32)
2025-08-18T00:51:21:     at Module._load (node:internal/modules/cjs/loader:1096:12)
2025-08-18T00:51:21:     at Object.<anonymous> (/opt/homebrew/lib/node_modules/pm2/lib/ProcessContainerFork.js:33:23)
2025-08-18T00:51:21:     at Module._compile (node:internal/modules/cjs/loader:1529:14)
2025-08-18T00:51:21:     at Module._extensions..js (node:internal/modules/cjs/loader:1613:10)
2025-08-18T00:51:21:     at Module.load (node:internal/modules/cjs/loader:1275:32)
2025-08-18T00:51:21:     at Module._load (node:internal/modules/cjs/loader:1096:12)
2025-08-18T00:51:21: /Users/michaelmishayev/Projects/bankDev2_standalone/server/server-db.js:1445
2025-08-18T00:51:21:         });
2025-08-18T00:51:21:         ^
2025-08-18T00:51:21: 
2025-08-18T00:51:21: SyntaxError: Unexpected token '}'
2025-08-18T00:51:21:     at wrapSafe (node:internal/modules/cjs/loader:1472:18)
2025-08-18T00:51:21:     at Module._compile (node:internal/modules/cjs/loader:1501:20)
2025-08-18T00:51:21:     at Module._extensions..js (node:internal/modules/cjs/loader:1613:10)
2025-08-18T00:51:21:     at Module.load (node:internal/modules/cjs/loader:1275:32)
2025-08-18T00:51:21:     at Module._load (node:internal/modules/cjs/loader:1096:12)
2025-08-18T00:51:21:     at Object.<anonymous> (/opt/homebrew/lib/node_modules/pm2/lib/ProcessContainerFork.js:33:23)
2025-08-18T00:51:21:     at Module._compile (node:internal/modules/cjs/loader:1529:14)
2025-08-18T00:51:21:     at Module._extensions..js (node:internal/modules/cjs/loader:1613:10)
2025-08-18T00:51:21:     at Module.load (node:internal/modules/cjs/loader:1275:32)
2025-08-18T00:51:21:     at Module._load (node:internal/modules/cjs/loader:1096:12)
2025-08-18T00:51:22: /Users/michaelmishayev/Projects/bankDev2_standalone/server/server-db.js:1445
2025-08-18T00:51:22:         });
2025-08-18T00:51:22:         ^
2025-08-18T00:51:22: 
2025-08-18T00:51:22: SyntaxError: Unexpected token '}'
2025-08-18T00:51:22:     at wrapSafe (node:internal/modules/cjs/loader:1472:18)
2025-08-18T00:51:22:     at Module._compile (node:internal/modules/cjs/loader:1501:20)
2025-08-18T00:51:22:     at Module._extensions..js (node:internal/modules/cjs/loader:1613:10)
2025-08-18T00:51:22:     at Module.load (node:internal/modules/cjs/loader:1275:32)
2025-08-18T00:51:22:     at Module._load (node:internal/modules/cjs/loader:1096:12)
2025-08-18T00:51:22:     at Object.<anonymous> (/opt/homebrew/lib/node_modules/pm2/lib/ProcessContainerFork.js:33:23)
2025-08-18T00:51:22:     at Module._compile (node:internal/modules/cjs/loader:1529:14)
2025-08-18T00:51:22:     at Module._extensions..js (node:internal/modules/cjs/loader:1613:10)
2025-08-18T00:51:22:     at Module.load (node:internal/modules/cjs/loader:1275:32)
2025-08-18T00:51:22:     at Module._load (node:internal/modules/cjs/loader:1096:12)
2025-08-18T00:51:31: /Users/michaelmishayev/Projects/bankDev2_standalone/server/server-db.js:1164
2025-08-18T00:51:31:             } else {
2025-08-18T00:51:31:             ^
2025-08-18T00:51:31: 
2025-08-18T00:51:31: SyntaxError: Unexpected token '}'
2025-08-18T00:51:31:     at wrapSafe (node:internal/modules/cjs/loader:1472:18)
2025-08-18T00:51:31:     at Module._compile (node:internal/modules/cjs/loader:1501:20)
2025-08-18T00:51:31:     at Module._extensions..js (node:internal/modules/cjs/loader:1613:10)
2025-08-18T00:51:31:     at Module.load (node:internal/modules/cjs/loader:1275:32)
2025-08-18T00:51:31:     at Module._load (node:internal/modules/cjs/loader:1096:12)
2025-08-18T00:51:31:     at Object.<anonymous> (/opt/homebrew/lib/node_modules/pm2/lib/ProcessContainerFork.js:33:23)
2025-08-18T00:51:31:     at Module._compile (node:internal/modules/cjs/loader:1529:14)
2025-08-18T00:51:31:     at Module._extensions..js (node:internal/modules/cjs/loader:1613:10)
2025-08-18T00:51:31:     at Module.load (node:internal/modules/cjs/loader:1275:32)
2025-08-18T00:51:31:     at Module._load (node:internal/modules/cjs/loader:1096:12)
2025-08-18T00:51:31: /Users/michaelmishayev/Projects/bankDev2_standalone/server/server-db.js:1164
2025-08-18T00:51:31:             } else {
2025-08-18T00:51:31:             ^
2025-08-18T00:51:31: 
2025-08-18T00:51:31: SyntaxError: Unexpected token '}'
2025-08-18T00:51:31:     at wrapSafe (node:internal/modules/cjs/loader:1472:18)
2025-08-18T00:51:31:     at Module._compile (node:internal/modules/cjs/loader:1501:20)
2025-08-18T00:51:31:     at Module._extensions..js (node:internal/modules/cjs/loader:1613:10)
2025-08-18T00:51:31:     at Module.load (node:internal/modules/cjs/loader:1275:32)
2025-08-18T00:51:31:     at Module._load (node:internal/modules/cjs/loader:1096:12)
2025-08-18T00:51:31:     at Object.<anonymous> (/opt/homebrew/lib/node_modules/pm2/lib/ProcessContainerFork.js:33:23)
2025-08-18T00:51:31:     at Module._compile (node:internal/modules/cjs/loader:1529:14)
2025-08-18T00:51:31:     at Module._extensions..js (node:internal/modules/cjs/loader:1613:10)
2025-08-18T00:51:31:     at Module.load (node:internal/modules/cjs/loader:1275:32)
2025-08-18T00:51:31:     at Module._load (node:internal/modules/cjs/loader:1096:12)
2025-08-18T00:51:31: /Users/michaelmishayev/Projects/bankDev2_standalone/server/server-db.js:1164
2025-08-18T00:51:31:             } else {
2025-08-18T00:51:31:             ^
2025-08-18T00:51:31: 
2025-08-18T00:51:31: SyntaxError: Unexpected token '}'
2025-08-18T00:51:31:     at wrapSafe (node:internal/modules/cjs/loader:1472:18)
2025-08-18T00:51:31:     at Module._compile (node:internal/modules/cjs/loader:1501:20)
2025-08-18T00:51:31:     at Module._extensions..js (node:internal/modules/cjs/loader:1613:10)
2025-08-18T00:51:31:     at Module.load (node:internal/modules/cjs/loader:1275:32)
2025-08-18T00:51:31:     at Module._load (node:internal/modules/cjs/loader:1096:12)
2025-08-18T00:51:31:     at Object.<anonymous> (/opt/homebrew/lib/node_modules/pm2/lib/ProcessContainerFork.js:33:23)
2025-08-18T00:51:31:     at Module._compile (node:internal/modules/cjs/loader:1529:14)
2025-08-18T00:51:31:     at Module._extensions..js (node:internal/modules/cjs/loader:1613:10)
2025-08-18T00:51:31:     at Module.load (node:internal/modules/cjs/loader:1275:32)
2025-08-18T00:51:31:     at Module._load (node:internal/modules/cjs/loader:1096:12)
2025-08-18T00:51:31: /Users/michaelmishayev/Projects/bankDev2_standalone/server/server-db.js:1164
2025-08-18T00:51:31:             } else {
2025-08-18T00:51:31:             ^
2025-08-18T00:51:31: 
2025-08-18T00:51:31: SyntaxError: Unexpected token '}'
2025-08-18T00:51:31:     at wrapSafe (node:internal/modules/cjs/loader:1472:18)
2025-08-18T00:51:31:     at Module._compile (node:internal/modules/cjs/loader:1501:20)
2025-08-18T00:51:31:     at Module._extensions..js (node:internal/modules/cjs/loader:1613:10)
2025-08-18T00:51:31:     at Module.load (node:internal/modules/cjs/loader:1275:32)
2025-08-18T00:51:31:     at Module._load (node:internal/modules/cjs/loader:1096:12)
2025-08-18T00:51:31:     at Object.<anonymous> (/opt/homebrew/lib/node_modules/pm2/lib/ProcessContainerFork.js:33:23)
2025-08-18T00:51:31:     at Module._compile (node:internal/modules/cjs/loader:1529:14)
2025-08-18T00:51:31:     at Module._extensions..js (node:internal/modules/cjs/loader:1613:10)
2025-08-18T00:51:31:     at Module.load (node:internal/modules/cjs/loader:1275:32)
2025-08-18T00:51:31:     at Module._load (node:internal/modules/cjs/loader:1096:12)
2025-08-18T00:51:31: /Users/michaelmishayev/Projects/bankDev2_standalone/server/server-db.js:1164
2025-08-18T00:51:31:             } else {
2025-08-18T00:51:31:             ^
2025-08-18T00:51:31: 
2025-08-18T00:51:31: SyntaxError: Unexpected token '}'
2025-08-18T00:51:31:     at wrapSafe (node:internal/modules/cjs/loader:1472:18)
2025-08-18T00:51:31:     at Module._compile (node:internal/modules/cjs/loader:1501:20)
2025-08-18T00:51:31:     at Module._extensions..js (node:internal/modules/cjs/loader:1613:10)
2025-08-18T00:51:31:     at Module.load (node:internal/modules/cjs/loader:1275:32)
2025-08-18T00:51:31:     at Module._load (node:internal/modules/cjs/loader:1096:12)
2025-08-18T00:51:31:     at Object.<anonymous> (/opt/homebrew/lib/node_modules/pm2/lib/ProcessContainerFork.js:33:23)
2025-08-18T00:51:31:     at Module._compile (node:internal/modules/cjs/loader:1529:14)
2025-08-18T00:51:31:     at Module._extensions..js (node:internal/modules/cjs/loader:1613:10)
2025-08-18T00:51:31:     at Module.load (node:internal/modules/cjs/loader:1275:32)
2025-08-18T00:51:31:     at Module._load (node:internal/modules/cjs/loader:1096:12)
2025-08-18T00:52:26: /Users/michaelmishayev/Projects/bankDev2_standalone/server/server-db.js:1177
2025-08-18T00:52:26:             }
2025-08-18T00:52:26:             ^
2025-08-18T00:52:26: 
2025-08-18T00:52:26: SyntaxError: Missing catch or finally after try
2025-08-18T00:52:26:     at wrapSafe (node:internal/modules/cjs/loader:1472:18)
2025-08-18T00:52:26:     at Module._compile (node:internal/modules/cjs/loader:1501:20)
2025-08-18T00:52:26:     at Module._extensions..js (node:internal/modules/cjs/loader:1613:10)
2025-08-18T00:52:26:     at Module.load (node:internal/modules/cjs/loader:1275:32)
2025-08-18T00:52:26:     at Module._load (node:internal/modules/cjs/loader:1096:12)
2025-08-18T00:52:26:     at Object.<anonymous> (/opt/homebrew/lib/node_modules/pm2/lib/ProcessContainerFork.js:33:23)
2025-08-18T00:52:26:     at Module._compile (node:internal/modules/cjs/loader:1529:14)
2025-08-18T00:52:26:     at Module._extensions..js (node:internal/modules/cjs/loader:1613:10)
2025-08-18T00:52:26:     at Module.load (node:internal/modules/cjs/loader:1275:32)
2025-08-18T00:52:26:     at Module._load (node:internal/modules/cjs/loader:1096:12)
2025-08-18T00:52:26: /Users/michaelmishayev/Projects/bankDev2_standalone/server/server-db.js:1177
2025-08-18T00:52:26:             }
2025-08-18T00:52:26:             ^
2025-08-18T00:52:26: 
2025-08-18T00:52:26: SyntaxError: Missing catch or finally after try
2025-08-18T00:52:26:     at wrapSafe (node:internal/modules/cjs/loader:1472:18)
2025-08-18T00:52:26:     at Module._compile (node:internal/modules/cjs/loader:1501:20)
2025-08-18T00:52:26:     at Module._extensions..js (node:internal/modules/cjs/loader:1613:10)
2025-08-18T00:52:26:     at Module.load (node:internal/modules/cjs/loader:1275:32)
2025-08-18T00:52:26:     at Module._load (node:internal/modules/cjs/loader:1096:12)
2025-08-18T00:52:26:     at Object.<anonymous> (/opt/homebrew/lib/node_modules/pm2/lib/ProcessContainerFork.js:33:23)
2025-08-18T00:52:26:     at Module._compile (node:internal/modules/cjs/loader:1529:14)
2025-08-18T00:52:26:     at Module._extensions..js (node:internal/modules/cjs/loader:1613:10)
2025-08-18T00:52:26:     at Module.load (node:internal/modules/cjs/loader:1275:32)
2025-08-18T00:52:26:     at Module._load (node:internal/modules/cjs/loader:1096:12)
2025-08-18T00:52:27: /Users/michaelmishayev/Projects/bankDev2_standalone/server/server-db.js:1177
2025-08-18T00:52:27:             }
2025-08-18T00:52:27:             ^
2025-08-18T00:52:27: 
2025-08-18T00:52:27: SyntaxError: Missing catch or finally after try
2025-08-18T00:52:27:     at wrapSafe (node:internal/modules/cjs/loader:1472:18)
2025-08-18T00:52:27:     at Module._compile (node:internal/modules/cjs/loader:1501:20)
2025-08-18T00:52:27:     at Module._extensions..js (node:internal/modules/cjs/loader:1613:10)
2025-08-18T00:52:27:     at Module.load (node:internal/modules/cjs/loader:1275:32)
2025-08-18T00:52:27:     at Module._load (node:internal/modules/cjs/loader:1096:12)
2025-08-18T00:52:27:     at Object.<anonymous> (/opt/homebrew/lib/node_modules/pm2/lib/ProcessContainerFork.js:33:23)
2025-08-18T00:52:27:     at Module._compile (node:internal/modules/cjs/loader:1529:14)
2025-08-18T00:52:27:     at Module._extensions..js (node:internal/modules/cjs/loader:1613:10)
2025-08-18T00:52:27:     at Module.load (node:internal/modules/cjs/loader:1275:32)
2025-08-18T00:52:27:     at Module._load (node:internal/modules/cjs/loader:1096:12)
2025-08-18T00:52:27: /Users/michaelmishayev/Projects/bankDev2_standalone/server/server-db.js:1177
2025-08-18T00:52:27:             }
2025-08-18T00:52:27:             ^
2025-08-18T00:52:27: 
2025-08-18T00:52:27: SyntaxError: Missing catch or finally after try
2025-08-18T00:52:27:     at wrapSafe (node:internal/modules/cjs/loader:1472:18)
2025-08-18T00:52:27:     at Module._compile (node:internal/modules/cjs/loader:1501:20)
2025-08-18T00:52:27:     at Module._extensions..js (node:internal/modules/cjs/loader:1613:10)
2025-08-18T00:52:27:     at Module.load (node:internal/modules/cjs/loader:1275:32)
2025-08-18T00:52:27:     at Module._load (node:internal/modules/cjs/loader:1096:12)
2025-08-18T00:52:27:     at Object.<anonymous> (/opt/homebrew/lib/node_modules/pm2/lib/ProcessContainerFork.js:33:23)
2025-08-18T00:52:27:     at Module._compile (node:internal/modules/cjs/loader:1529:14)
2025-08-18T00:52:27:     at Module._extensions..js (node:internal/modules/cjs/loader:1613:10)
2025-08-18T00:52:27:     at Module.load (node:internal/modules/cjs/loader:1275:32)
2025-08-18T00:52:27:     at Module._load (node:internal/modules/cjs/loader:1096:12)
2025-08-18T00:52:27: /Users/michaelmishayev/Projects/bankDev2_standalone/server/server-db.js:1177
2025-08-18T00:52:27:             }
2025-08-18T00:52:27:             ^
2025-08-18T00:52:27: 
2025-08-18T00:52:27: SyntaxError: Missing catch or finally after try
2025-08-18T00:52:27:     at wrapSafe (node:internal/modules/cjs/loader:1472:18)
2025-08-18T00:52:27:     at Module._compile (node:internal/modules/cjs/loader:1501:20)
2025-08-18T00:52:27:     at Module._extensions..js (node:internal/modules/cjs/loader:1613:10)
2025-08-18T00:52:27:     at Module.load (node:internal/modules/cjs/loader:1275:32)
2025-08-18T00:52:27:     at Module._load (node:internal/modules/cjs/loader:1096:12)
2025-08-18T00:52:27:     at Object.<anonymous> (/opt/homebrew/lib/node_modules/pm2/lib/ProcessContainerFork.js:33:23)
2025-08-18T00:52:27:     at Module._compile (node:internal/modules/cjs/loader:1529:14)
2025-08-18T00:52:27:     at Module._extensions..js (node:internal/modules/cjs/loader:1613:10)
2025-08-18T00:52:27:     at Module.load (node:internal/modules/cjs/loader:1275:32)
2025-08-18T00:52:27:     at Module._load (node:internal/modules/cjs/loader:1096:12)
2025-08-18T02:10:30: /Users/michaelmishayev/Projects/bankDev2_standalone/server/server-db.js:1264
2025-08-18T02:10:30:     } catch (error) {
2025-08-18T02:10:30:       ^^^^^
2025-08-18T02:10:30: 
2025-08-18T02:10:30: SyntaxError: Unexpected token 'catch'
2025-08-18T02:10:30:     at wrapSafe (node:internal/modules/cjs/loader:1472:18)
2025-08-18T02:10:30:     at Module._compile (node:internal/modules/cjs/loader:1501:20)
2025-08-18T02:10:30:     at Module._extensions..js (node:internal/modules/cjs/loader:1613:10)
2025-08-18T02:10:30:     at Module.load (node:internal/modules/cjs/loader:1275:32)
2025-08-18T02:10:30:     at Module._load (node:internal/modules/cjs/loader:1096:12)
2025-08-18T02:10:30:     at Object.<anonymous> (/opt/homebrew/lib/node_modules/pm2/lib/ProcessContainerFork.js:33:23)
2025-08-18T02:10:30:     at Module._compile (node:internal/modules/cjs/loader:1529:14)
2025-08-18T02:10:30:     at Module._extensions..js (node:internal/modules/cjs/loader:1613:10)
2025-08-18T02:10:30:     at Module.load (node:internal/modules/cjs/loader:1275:32)
2025-08-18T02:10:30:     at Module._load (node:internal/modules/cjs/loader:1096:12)
2025-08-18T02:10:30: /Users/michaelmishayev/Projects/bankDev2_standalone/server/server-db.js:1264
2025-08-18T02:10:30:     } catch (error) {
2025-08-18T02:10:30:       ^^^^^
2025-08-18T02:10:30: 
2025-08-18T02:10:30: SyntaxError: Unexpected token 'catch'
2025-08-18T02:10:30:     at wrapSafe (node:internal/modules/cjs/loader:1472:18)
2025-08-18T02:10:30:     at Module._compile (node:internal/modules/cjs/loader:1501:20)
2025-08-18T02:10:30:     at Module._extensions..js (node:internal/modules/cjs/loader:1613:10)
2025-08-18T02:10:30:     at Module.load (node:internal/modules/cjs/loader:1275:32)
2025-08-18T02:10:30:     at Module._load (node:internal/modules/cjs/loader:1096:12)
2025-08-18T02:10:30:     at Object.<anonymous> (/opt/homebrew/lib/node_modules/pm2/lib/ProcessContainerFork.js:33:23)
2025-08-18T02:10:30:     at Module._compile (node:internal/modules/cjs/loader:1529:14)
2025-08-18T02:10:30:     at Module._extensions..js (node:internal/modules/cjs/loader:1613:10)
2025-08-18T02:10:30:     at Module.load (node:internal/modules/cjs/loader:1275:32)
2025-08-18T02:10:30:     at Module._load (node:internal/modules/cjs/loader:1096:12)
2025-08-18T02:10:30: /Users/michaelmishayev/Projects/bankDev2_standalone/server/server-db.js:1264
2025-08-18T02:10:30:     } catch (error) {
2025-08-18T02:10:30:       ^^^^^
2025-08-18T02:10:30: 
2025-08-18T02:10:30: SyntaxError: Unexpected token 'catch'
2025-08-18T02:10:30:     at wrapSafe (node:internal/modules/cjs/loader:1472:18)
2025-08-18T02:10:30:     at Module._compile (node:internal/modules/cjs/loader:1501:20)
2025-08-18T02:10:30:     at Module._extensions..js (node:internal/modules/cjs/loader:1613:10)
2025-08-18T02:10:30:     at Module.load (node:internal/modules/cjs/loader:1275:32)
2025-08-18T02:10:30:     at Module._load (node:internal/modules/cjs/loader:1096:12)
2025-08-18T02:10:30:     at Object.<anonymous> (/opt/homebrew/lib/node_modules/pm2/lib/ProcessContainerFork.js:33:23)
2025-08-18T02:10:30:     at Module._compile (node:internal/modules/cjs/loader:1529:14)
2025-08-18T02:10:30:     at Module._extensions..js (node:internal/modules/cjs/loader:1613:10)
2025-08-18T02:10:30:     at Module.load (node:internal/modules/cjs/loader:1275:32)
2025-08-18T02:10:30:     at Module._load (node:internal/modules/cjs/loader:1096:12)
2025-08-18T02:10:30: /Users/michaelmishayev/Projects/bankDev2_standalone/server/server-db.js:1264
2025-08-18T02:10:30:     } catch (error) {
2025-08-18T02:10:30:       ^^^^^
2025-08-18T02:10:30: 
2025-08-18T02:10:30: SyntaxError: Unexpected token 'catch'
2025-08-18T02:10:30:     at wrapSafe (node:internal/modules/cjs/loader:1472:18)
2025-08-18T02:10:30:     at Module._compile (node:internal/modules/cjs/loader:1501:20)
2025-08-18T02:10:30:     at Module._extensions..js (node:internal/modules/cjs/loader:1613:10)
2025-08-18T02:10:30:     at Module.load (node:internal/modules/cjs/loader:1275:32)
2025-08-18T02:10:30:     at Module._load (node:internal/modules/cjs/loader:1096:12)
2025-08-18T02:10:30:     at Object.<anonymous> (/opt/homebrew/lib/node_modules/pm2/lib/ProcessContainerFork.js:33:23)
2025-08-18T02:10:30:     at Module._compile (node:internal/modules/cjs/loader:1529:14)
2025-08-18T02:10:30:     at Module._extensions..js (node:internal/modules/cjs/loader:1613:10)
2025-08-18T02:10:30:     at Module.load (node:internal/modules/cjs/loader:1275:32)
2025-08-18T02:10:30:     at Module._load (node:internal/modules/cjs/loader:1096:12)
2025-08-18T02:10:30: /Users/michaelmishayev/Projects/bankDev2_standalone/server/server-db.js:1264
2025-08-18T02:10:30:     } catch (error) {
2025-08-18T02:10:30:       ^^^^^
2025-08-18T02:10:30: 
2025-08-18T02:10:30: SyntaxError: Unexpected token 'catch'
2025-08-18T02:10:30:     at wrapSafe (node:internal/modules/cjs/loader:1472:18)
2025-08-18T02:10:30:     at Module._compile (node:internal/modules/cjs/loader:1501:20)
2025-08-18T02:10:30:     at Module._extensions..js (node:internal/modules/cjs/loader:1613:10)
2025-08-18T02:10:30:     at Module.load (node:internal/modules/cjs/loader:1275:32)
2025-08-18T02:10:30:     at Module._load (node:internal/modules/cjs/loader:1096:12)
2025-08-18T02:10:30:     at Object.<anonymous> (/opt/homebrew/lib/node_modules/pm2/lib/ProcessContainerFork.js:33:23)
2025-08-18T02:10:30:     at Module._compile (node:internal/modules/cjs/loader:1529:14)
2025-08-18T02:10:30:     at Module._extensions..js (node:internal/modules/cjs/loader:1613:10)
2025-08-18T02:10:30:     at Module.load (node:internal/modules/cjs/loader:1275:32)
2025-08-18T02:10:30:     at Module._load (node:internal/modules/cjs/loader:1096:12)
2025-08-18T02:11:16: /Users/michaelmishayev/Projects/bankDev2_standalone/server/server-db.js:1264
2025-08-18T02:11:16:     } catch (error) {
2025-08-18T02:11:16:       ^^^^^
2025-08-18T02:11:16: 
2025-08-18T02:11:16: SyntaxError: Unexpected token 'catch'
2025-08-18T02:11:16:     at wrapSafe (node:internal/modules/cjs/loader:1472:18)
2025-08-18T02:11:16:     at Module._compile (node:internal/modules/cjs/loader:1501:20)
2025-08-18T02:11:16:     at Module._extensions..js (node:internal/modules/cjs/loader:1613:10)
2025-08-18T02:11:16:     at Module.load (node:internal/modules/cjs/loader:1275:32)
2025-08-18T02:11:16:     at Module._load (node:internal/modules/cjs/loader:1096:12)
2025-08-18T02:11:16:     at Object.<anonymous> (/opt/homebrew/lib/node_modules/pm2/lib/ProcessContainerFork.js:33:23)
2025-08-18T02:11:16:     at Module._compile (node:internal/modules/cjs/loader:1529:14)
2025-08-18T02:11:16:     at Module._extensions..js (node:internal/modules/cjs/loader:1613:10)
2025-08-18T02:11:16:     at Module.load (node:internal/modules/cjs/loader:1275:32)
2025-08-18T02:11:16:     at Module._load (node:internal/modules/cjs/loader:1096:12)
2025-08-18T02:11:16: /Users/michaelmishayev/Projects/bankDev2_standalone/server/server-db.js:1264
2025-08-18T02:11:16:     } catch (error) {
2025-08-18T02:11:16:       ^^^^^
2025-08-18T02:11:16: 
2025-08-18T02:11:16: SyntaxError: Unexpected token 'catch'
2025-08-18T02:11:16:     at wrapSafe (node:internal/modules/cjs/loader:1472:18)
2025-08-18T02:11:16:     at Module._compile (node:internal/modules/cjs/loader:1501:20)
2025-08-18T02:11:16:     at Module._extensions..js (node:internal/modules/cjs/loader:1613:10)
2025-08-18T02:11:16:     at Module.load (node:internal/modules/cjs/loader:1275:32)
2025-08-18T02:11:16:     at Module._load (node:internal/modules/cjs/loader:1096:12)
2025-08-18T02:11:16:     at Object.<anonymous> (/opt/homebrew/lib/node_modules/pm2/lib/ProcessContainerFork.js:33:23)
2025-08-18T02:11:16:     at Module._compile (node:internal/modules/cjs/loader:1529:14)
2025-08-18T02:11:16:     at Module._extensions..js (node:internal/modules/cjs/loader:1613:10)
2025-08-18T02:11:16:     at Module.load (node:internal/modules/cjs/loader:1275:32)
2025-08-18T02:11:16:     at Module._load (node:internal/modules/cjs/loader:1096:12)
2025-08-18T02:11:16: /Users/michaelmishayev/Projects/bankDev2_standalone/server/server-db.js:1264
2025-08-18T02:11:16:     } catch (error) {
2025-08-18T02:11:16:       ^^^^^
2025-08-18T02:11:16: 
2025-08-18T02:11:16: SyntaxError: Unexpected token 'catch'
2025-08-18T02:11:16:     at wrapSafe (node:internal/modules/cjs/loader:1472:18)
2025-08-18T02:11:16:     at Module._compile (node:internal/modules/cjs/loader:1501:20)
2025-08-18T02:11:16:     at Module._extensions..js (node:internal/modules/cjs/loader:1613:10)
2025-08-18T02:11:16:     at Module.load (node:internal/modules/cjs/loader:1275:32)
2025-08-18T02:11:16:     at Module._load (node:internal/modules/cjs/loader:1096:12)
2025-08-18T02:11:16:     at Object.<anonymous> (/opt/homebrew/lib/node_modules/pm2/lib/ProcessContainerFork.js:33:23)
2025-08-18T02:11:16:     at Module._compile (node:internal/modules/cjs/loader:1529:14)
2025-08-18T02:11:16:     at Module._extensions..js (node:internal/modules/cjs/loader:1613:10)
2025-08-18T02:11:16:     at Module.load (node:internal/modules/cjs/loader:1275:32)
2025-08-18T02:11:16:     at Module._load (node:internal/modules/cjs/loader:1096:12)
2025-08-18T02:11:16: /Users/michaelmishayev/Projects/bankDev2_standalone/server/server-db.js:1264
2025-08-18T02:11:16:     } catch (error) {
2025-08-18T02:11:16:       ^^^^^
2025-08-18T02:11:16: 
2025-08-18T02:11:16: SyntaxError: Unexpected token 'catch'
2025-08-18T02:11:16:     at wrapSafe (node:internal/modules/cjs/loader:1472:18)
2025-08-18T02:11:16:     at Module._compile (node:internal/modules/cjs/loader:1501:20)
2025-08-18T02:11:16:     at Module._extensions..js (node:internal/modules/cjs/loader:1613:10)
2025-08-18T02:11:16:     at Module.load (node:internal/modules/cjs/loader:1275:32)
2025-08-18T02:11:16:     at Module._load (node:internal/modules/cjs/loader:1096:12)
2025-08-18T02:11:16:     at Object.<anonymous> (/opt/homebrew/lib/node_modules/pm2/lib/ProcessContainerFork.js:33:23)
2025-08-18T02:11:16:     at Module._compile (node:internal/modules/cjs/loader:1529:14)
2025-08-18T02:11:16:     at Module._extensions..js (node:internal/modules/cjs/loader:1613:10)
2025-08-18T02:11:16:     at Module.load (node:internal/modules/cjs/loader:1275:32)
2025-08-18T02:11:16:     at Module._load (node:internal/modules/cjs/loader:1096:12)
2025-08-18T02:11:16: /Users/michaelmishayev/Projects/bankDev2_standalone/server/server-db.js:1264
2025-08-18T02:11:16:     } catch (error) {
2025-08-18T02:11:16:       ^^^^^
2025-08-18T02:11:16: 
2025-08-18T02:11:16: SyntaxError: Unexpected token 'catch'
2025-08-18T02:11:16:     at wrapSafe (node:internal/modules/cjs/loader:1472:18)
2025-08-18T02:11:16:     at Module._compile (node:internal/modules/cjs/loader:1501:20)
2025-08-18T02:11:16:     at Module._extensions..js (node:internal/modules/cjs/loader:1613:10)
2025-08-18T02:11:16:     at Module.load (node:internal/modules/cjs/loader:1275:32)
2025-08-18T02:11:16:     at Module._load (node:internal/modules/cjs/loader:1096:12)
2025-08-18T02:11:16:     at Object.<anonymous> (/opt/homebrew/lib/node_modules/pm2/lib/ProcessContainerFork.js:33:23)
2025-08-18T02:11:16:     at Module._compile (node:internal/modules/cjs/loader:1529:14)
2025-08-18T02:11:16:     at Module._extensions..js (node:internal/modules/cjs/loader:1613:10)
2025-08-18T02:11:16:     at Module.load (node:internal/modules/cjs/loader:1275:32)
2025-08-18T02:11:16:     at Module._load (node:internal/modules/cjs/loader:1096:12)
2025-08-18T02:12:36: /Users/michaelmishayev/Projects/bankDev2_standalone/server/server-db.js:1410
2025-08-18T02:12:36: }
2025-08-18T02:12:36: ^
2025-08-18T02:12:36: 
2025-08-18T02:12:36: SyntaxError: Missing catch or finally after try
2025-08-18T02:12:36:     at wrapSafe (node:internal/modules/cjs/loader:1472:18)
2025-08-18T02:12:36:     at Module._compile (node:internal/modules/cjs/loader:1501:20)
2025-08-18T02:12:36:     at Module._extensions..js (node:internal/modules/cjs/loader:1613:10)
2025-08-18T02:12:36:     at Module.load (node:internal/modules/cjs/loader:1275:32)
2025-08-18T02:12:36:     at Module._load (node:internal/modules/cjs/loader:1096:12)
2025-08-18T02:12:36:     at Object.<anonymous> (/opt/homebrew/lib/node_modules/pm2/lib/ProcessContainerFork.js:33:23)
2025-08-18T02:12:36:     at Module._compile (node:internal/modules/cjs/loader:1529:14)
2025-08-18T02:12:36:     at Module._extensions..js (node:internal/modules/cjs/loader:1613:10)
2025-08-18T02:12:36:     at Module.load (node:internal/modules/cjs/loader:1275:32)
2025-08-18T02:12:36:     at Module._load (node:internal/modules/cjs/loader:1096:12)
2025-08-18T02:12:36: /Users/michaelmishayev/Projects/bankDev2_standalone/server/server-db.js:1410
2025-08-18T02:12:36: }
2025-08-18T02:12:36: ^
2025-08-18T02:12:36: 
2025-08-18T02:12:36: SyntaxError: Missing catch or finally after try
2025-08-18T02:12:36:     at wrapSafe (node:internal/modules/cjs/loader:1472:18)
2025-08-18T02:12:36:     at Module._compile (node:internal/modules/cjs/loader:1501:20)
2025-08-18T02:12:36:     at Module._extensions..js (node:internal/modules/cjs/loader:1613:10)
2025-08-18T02:12:36:     at Module.load (node:internal/modules/cjs/loader:1275:32)
2025-08-18T02:12:36:     at Module._load (node:internal/modules/cjs/loader:1096:12)
2025-08-18T02:12:36:     at Object.<anonymous> (/opt/homebrew/lib/node_modules/pm2/lib/ProcessContainerFork.js:33:23)
2025-08-18T02:12:36:     at Module._compile (node:internal/modules/cjs/loader:1529:14)
2025-08-18T02:12:36:     at Module._extensions..js (node:internal/modules/cjs/loader:1613:10)
2025-08-18T02:12:36:     at Module.load (node:internal/modules/cjs/loader:1275:32)
2025-08-18T02:12:36:     at Module._load (node:internal/modules/cjs/loader:1096:12)
2025-08-18T02:12:36: /Users/michaelmishayev/Projects/bankDev2_standalone/server/server-db.js:1410
2025-08-18T02:12:36: }
2025-08-18T02:12:36: ^
2025-08-18T02:12:36: 
2025-08-18T02:12:36: SyntaxError: Missing catch or finally after try
2025-08-18T02:12:36:     at wrapSafe (node:internal/modules/cjs/loader:1472:18)
2025-08-18T02:12:36:     at Module._compile (node:internal/modules/cjs/loader:1501:20)
2025-08-18T02:12:36:     at Module._extensions..js (node:internal/modules/cjs/loader:1613:10)
2025-08-18T02:12:36:     at Module.load (node:internal/modules/cjs/loader:1275:32)
2025-08-18T02:12:36:     at Module._load (node:internal/modules/cjs/loader:1096:12)
2025-08-18T02:12:36:     at Object.<anonymous> (/opt/homebrew/lib/node_modules/pm2/lib/ProcessContainerFork.js:33:23)
2025-08-18T02:12:36:     at Module._compile (node:internal/modules/cjs/loader:1529:14)
2025-08-18T02:12:36:     at Module._extensions..js (node:internal/modules/cjs/loader:1613:10)
2025-08-18T02:12:36:     at Module.load (node:internal/modules/cjs/loader:1275:32)
2025-08-18T02:12:36:     at Module._load (node:internal/modules/cjs/loader:1096:12)
2025-08-18T02:12:36: /Users/michaelmishayev/Projects/bankDev2_standalone/server/server-db.js:1410
2025-08-18T02:12:36: }
2025-08-18T02:12:36: ^
2025-08-18T02:12:36: 
2025-08-18T02:12:36: SyntaxError: Missing catch or finally after try
2025-08-18T02:12:36:     at wrapSafe (node:internal/modules/cjs/loader:1472:18)
2025-08-18T02:12:36:     at Module._compile (node:internal/modules/cjs/loader:1501:20)
2025-08-18T02:12:36:     at Module._extensions..js (node:internal/modules/cjs/loader:1613:10)
2025-08-18T02:12:36:     at Module.load (node:internal/modules/cjs/loader:1275:32)
2025-08-18T02:12:36:     at Module._load (node:internal/modules/cjs/loader:1096:12)
2025-08-18T02:12:36:     at Object.<anonymous> (/opt/homebrew/lib/node_modules/pm2/lib/ProcessContainerFork.js:33:23)
2025-08-18T02:12:36:     at Module._compile (node:internal/modules/cjs/loader:1529:14)
2025-08-18T02:12:36:     at Module._extensions..js (node:internal/modules/cjs/loader:1613:10)
2025-08-18T02:12:36:     at Module.load (node:internal/modules/cjs/loader:1275:32)
2025-08-18T02:12:36:     at Module._load (node:internal/modules/cjs/loader:1096:12)
2025-08-18T02:12:36: /Users/michaelmishayev/Projects/bankDev2_standalone/server/server-db.js:1410
2025-08-18T02:12:36: }
2025-08-18T02:12:36: ^
2025-08-18T02:12:36: 
2025-08-18T02:12:36: SyntaxError: Missing catch or finally after try
2025-08-18T02:12:36:     at wrapSafe (node:internal/modules/cjs/loader:1472:18)
2025-08-18T02:12:36:     at Module._compile (node:internal/modules/cjs/loader:1501:20)
2025-08-18T02:12:36:     at Module._extensions..js (node:internal/modules/cjs/loader:1613:10)
2025-08-18T02:12:36:     at Module.load (node:internal/modules/cjs/loader:1275:32)
2025-08-18T02:12:36:     at Module._load (node:internal/modules/cjs/loader:1096:12)
2025-08-18T02:12:36:     at Object.<anonymous> (/opt/homebrew/lib/node_modules/pm2/lib/ProcessContainerFork.js:33:23)
2025-08-18T02:12:36:     at Module._compile (node:internal/modules/cjs/loader:1529:14)
2025-08-18T02:12:36:     at Module._extensions..js (node:internal/modules/cjs/loader:1613:10)
2025-08-18T02:12:36:     at Module.load (node:internal/modules/cjs/loader:1275:32)
2025-08-18T02:12:36:     at Module._load (node:internal/modules/cjs/loader:1096:12)
2025-08-18T02:24:34: Property ownership options table not found, using fallback values
2025-08-18T02:24:35: Property ownership options table not found, using fallback values
2025-08-18T02:24:35: Property ownership options table not found, using fallback values
2025-08-18T02:24:35: Property ownership options table not found, using fallback values
2025-08-18T02:24:35: Property ownership options table not found, using fallback values
2025-08-18T02:30:02: Property ownership options table not found, using fallback values
2025-08-18T02:38:21: /Users/michaelmishayev/Projects/bankDev2_standalone/server/server-db.js:1432
2025-08-18T02:38:21:     const result = await contentPool.query(`
2025-08-18T02:38:21:                    ^^^^^
2025-08-18T02:38:21: 
2025-08-18T02:38:21: SyntaxError: await is only valid in async functions and the top level bodies of modules
2025-08-18T02:38:21:     at wrapSafe (node:internal/modules/cjs/loader:1666:18)
2025-08-18T02:38:21:     at Module._compile (node:internal/modules/cjs/loader:1708:20)
2025-08-18T02:38:21:     at Object..js (node:internal/modules/cjs/loader:1899:10)
2025-08-18T02:38:21:     at Module.load (node:internal/modules/cjs/loader:1469:32)
2025-08-18T02:38:21:     at Module._load (node:internal/modules/cjs/loader:1286:12)
2025-08-18T02:38:21:     at Object.<anonymous> (/opt/homebrew/lib/node_modules/pm2/lib/ProcessContainerFork.js:33:23)
2025-08-18T02:38:21:     at Module._compile (node:internal/modules/cjs/loader:1734:14)
2025-08-18T02:38:21:     at Object..js (node:internal/modules/cjs/loader:1899:10)
2025-08-18T02:38:21:     at Module.load (node:internal/modules/cjs/loader:1469:32)
2025-08-18T02:38:21:     at Module._load (node:internal/modules/cjs/loader:1286:12)
2025-08-18T02:38:21: /Users/michaelmishayev/Projects/bankDev2_standalone/server/server-db.js:1432
2025-08-18T02:38:21:     const result = await contentPool.query(`
2025-08-18T02:38:21:                    ^^^^^
2025-08-18T02:38:21: 
2025-08-18T02:38:21: SyntaxError: await is only valid in async functions and the top level bodies of modules
2025-08-18T02:38:21:     at wrapSafe (node:internal/modules/cjs/loader:1666:18)
2025-08-18T02:38:21:     at Module._compile (node:internal/modules/cjs/loader:1708:20)
2025-08-18T02:38:21:     at Object..js (node:internal/modules/cjs/loader:1899:10)
2025-08-18T02:38:21:     at Module.load (node:internal/modules/cjs/loader:1469:32)
2025-08-18T02:38:21:     at Module._load (node:internal/modules/cjs/loader:1286:12)
2025-08-18T02:38:21:     at Object.<anonymous> (/opt/homebrew/lib/node_modules/pm2/lib/ProcessContainerFork.js:33:23)
2025-08-18T02:38:21:     at Module._compile (node:internal/modules/cjs/loader:1734:14)
2025-08-18T02:38:21:     at Object..js (node:internal/modules/cjs/loader:1899:10)
2025-08-18T02:38:21:     at Module.load (node:internal/modules/cjs/loader:1469:32)
2025-08-18T02:38:21:     at Module._load (node:internal/modules/cjs/loader:1286:12)
2025-08-18T02:38:21: /Users/michaelmishayev/Projects/bankDev2_standalone/server/server-db.js:1432
2025-08-18T02:38:21:     const result = await contentPool.query(`
2025-08-18T02:38:21:                    ^^^^^
2025-08-18T02:38:21: 
2025-08-18T02:38:21: SyntaxError: await is only valid in async functions and the top level bodies of modules
2025-08-18T02:38:21:     at wrapSafe (node:internal/modules/cjs/loader:1666:18)
2025-08-18T02:38:21:     at Module._compile (node:internal/modules/cjs/loader:1708:20)
2025-08-18T02:38:21:     at Object..js (node:internal/modules/cjs/loader:1899:10)
2025-08-18T02:38:21:     at Module.load (node:internal/modules/cjs/loader:1469:32)
2025-08-18T02:38:21:     at Module._load (node:internal/modules/cjs/loader:1286:12)
2025-08-18T02:38:21:     at Object.<anonymous> (/opt/homebrew/lib/node_modules/pm2/lib/ProcessContainerFork.js:33:23)
2025-08-18T02:38:21:     at Module._compile (node:internal/modules/cjs/loader:1734:14)
2025-08-18T02:38:21:     at Object..js (node:internal/modules/cjs/loader:1899:10)
2025-08-18T02:38:21:     at Module.load (node:internal/modules/cjs/loader:1469:32)
2025-08-18T02:38:21:     at Module._load (node:internal/modules/cjs/loader:1286:12)
2025-08-18T02:38:22: /Users/michaelmishayev/Projects/bankDev2_standalone/server/server-db.js:1432
2025-08-18T02:38:22:     const result = await contentPool.query(`
2025-08-18T02:38:22:                    ^^^^^
2025-08-18T02:38:22: 
2025-08-18T02:38:22: SyntaxError: await is only valid in async functions and the top level bodies of modules
2025-08-18T02:38:22:     at wrapSafe (node:internal/modules/cjs/loader:1666:18)
2025-08-18T02:38:22:     at Module._compile (node:internal/modules/cjs/loader:1708:20)
2025-08-18T02:38:22:     at Object..js (node:internal/modules/cjs/loader:1899:10)
2025-08-18T02:38:22:     at Module.load (node:internal/modules/cjs/loader:1469:32)
2025-08-18T02:38:22:     at Module._load (node:internal/modules/cjs/loader:1286:12)
2025-08-18T02:38:22:     at Object.<anonymous> (/opt/homebrew/lib/node_modules/pm2/lib/ProcessContainerFork.js:33:23)
2025-08-18T02:38:22:     at Module._compile (node:internal/modules/cjs/loader:1734:14)
2025-08-18T02:38:22:     at Object..js (node:internal/modules/cjs/loader:1899:10)
2025-08-18T02:38:22:     at Module.load (node:internal/modules/cjs/loader:1469:32)
2025-08-18T02:38:22:     at Module._load (node:internal/modules/cjs/loader:1286:12)
2025-08-18T02:38:22: /Users/michaelmishayev/Projects/bankDev2_standalone/server/server-db.js:1432
2025-08-18T02:38:22:     const result = await contentPool.query(`
2025-08-18T02:38:22:                    ^^^^^
2025-08-18T02:38:22: 
2025-08-18T02:38:22: SyntaxError: await is only valid in async functions and the top level bodies of modules
2025-08-18T02:38:22:     at wrapSafe (node:internal/modules/cjs/loader:1666:18)
2025-08-18T02:38:22:     at Module._compile (node:internal/modules/cjs/loader:1708:20)
2025-08-18T02:38:22:     at Object..js (node:internal/modules/cjs/loader:1899:10)
2025-08-18T02:38:22:     at Module.load (node:internal/modules/cjs/loader:1469:32)
2025-08-18T02:38:22:     at Module._load (node:internal/modules/cjs/loader:1286:12)
2025-08-18T02:38:22:     at Object.<anonymous> (/opt/homebrew/lib/node_modules/pm2/lib/ProcessContainerFork.js:33:23)
2025-08-18T02:38:22:     at Module._compile (node:internal/modules/cjs/loader:1734:14)
2025-08-18T02:38:22:     at Object..js (node:internal/modules/cjs/loader:1899:10)
2025-08-18T02:38:22:     at Module.load (node:internal/modules/cjs/loader:1469:32)
2025-08-18T02:38:22:     at Module._load (node:internal/modules/cjs/loader:1286:12)
2025-08-18T02:42:56: Property ownership options table not found, using fallback values
2025-08-18T02:42:56: Property ownership options table not found, using fallback values
2025-08-18T02:42:57: Property ownership options table not found, using fallback values
2025-08-18T02:42:57: Property ownership options table not found, using fallback values
2025-08-18T02:45:35: Property ownership options table not found, using fallback values
2025-08-18T02:45:35: Property ownership options table not found, using fallback values
2025-08-18T02:45:36: Property ownership options table not found, using fallback values
2025-08-18T02:45:37: Property ownership options table not found, using fallback values
2025-08-18T02:52:34:  Content Database connection failed: Connection terminated due to connection timeout
2025-08-18T03:01:35: Property ownership options table not found, using fallback values
2025-08-18T03:01:48: Property ownership options table not found, using fallback values
2025-08-18T03:09:16: Property ownership options table not found, using fallback values
2025-08-18T03:22:15: Property ownership options table not found, using fallback values
2025-08-18T03:29:38: Property ownership options table not found, using fallback values
2025-08-18T03:29:47: Property ownership options table not found, using fallback values
2025-08-18T03:41:31: Property ownership options table not found, using fallback values
2025-08-18T03:43:19: Property ownership options table not found, using fallback values
2025-08-18T11:42:10: Error: listen EADDRINUSE: address already in use :::8003
2025-08-18T11:42:10:     at Server.setupListenHandle [as _listen2] (node:net:1908:16)
2025-08-18T11:42:10:     at listenInCluster (node:net:1965:12)
2025-08-18T11:42:10:     at Server.listen (node:net:2067:7)
2025-08-18T11:42:10:     at Function.listen (/Users/michaelmishayev/Projects/bankDev2_standalone/node_modules/express/lib/application.js:635:24)
2025-08-18T11:42:10:     at Object.<anonymous> (/Users/michaelmishayev/Projects/bankDev2_standalone/server/server-db.js:9530:5)
2025-08-18T11:42:10:     at Module._compile (node:internal/modules/cjs/loader:1529:14)
2025-08-18T11:42:10:     at Module._extensions..js (node:internal/modules/cjs/loader:1613:10)
2025-08-18T11:42:10:     at Module.load (node:internal/modules/cjs/loader:1275:32)
2025-08-18T11:42:10:     at Module._load (node:internal/modules/cjs/loader:1096:12)
2025-08-18T11:42:10:     at Object.<anonymous> (/opt/homebrew/lib/node_modules/pm2/lib/ProcessContainerFork.js:33:23) {
2025-08-18T11:42:10:   code: 'EADDRINUSE',
2025-08-18T11:42:10:   errno: -48,
2025-08-18T11:42:10:   syscall: 'listen',
2025-08-18T11:42:10:   address: '::',
2025-08-18T11:42:10:   port: 8003
2025-08-18T11:42:10: }
2025-08-18T11:42:10: Error: listen EADDRINUSE: address already in use :::8003
2025-08-18T11:42:10:     at Server.setupListenHandle [as _listen2] (node:net:1908:16)
2025-08-18T11:42:10:     at listenInCluster (node:net:1965:12)
2025-08-18T11:42:10:     at Server.listen (node:net:2067:7)
2025-08-18T11:42:10:     at Function.listen (/Users/michaelmishayev/Projects/bankDev2_standalone/node_modules/express/lib/application.js:635:24)
2025-08-18T11:42:10:     at Object.<anonymous> (/Users/michaelmishayev/Projects/bankDev2_standalone/server/server-db.js:9530:5)
2025-08-18T11:42:10:     at Module._compile (node:internal/modules/cjs/loader:1529:14)
2025-08-18T11:42:10:     at Module._extensions..js (node:internal/modules/cjs/loader:1613:10)
2025-08-18T11:42:10:     at Module.load (node:internal/modules/cjs/loader:1275:32)
2025-08-18T11:42:10:     at Module._load (node:internal/modules/cjs/loader:1096:12)
2025-08-18T11:42:10:     at Object.<anonymous> (/opt/homebrew/lib/node_modules/pm2/lib/ProcessContainerFork.js:33:23) {
2025-08-18T11:42:10:   code: 'EADDRINUSE',
2025-08-18T11:42:10:   errno: -48,
2025-08-18T11:42:10:   syscall: 'listen',
2025-08-18T11:42:10:   address: '::',
2025-08-18T11:42:10:   port: 8003
2025-08-18T11:42:10: }
2025-08-18T11:42:10: Error: listen EADDRINUSE: address already in use :::8003
2025-08-18T11:42:10:     at Server.setupListenHandle [as _listen2] (node:net:1908:16)
2025-08-18T11:42:10:     at listenInCluster (node:net:1965:12)
2025-08-18T11:42:10:     at Server.listen (node:net:2067:7)
2025-08-18T11:42:10:     at Function.listen (/Users/michaelmishayev/Projects/bankDev2_standalone/node_modules/express/lib/application.js:635:24)
2025-08-18T11:42:10:     at Object.<anonymous> (/Users/michaelmishayev/Projects/bankDev2_standalone/server/server-db.js:9530:5)
2025-08-18T11:42:10:     at Module._compile (node:internal/modules/cjs/loader:1529:14)
2025-08-18T11:42:10:     at Module._extensions..js (node:internal/modules/cjs/loader:1613:10)
2025-08-18T11:42:10:     at Module.load (node:internal/modules/cjs/loader:1275:32)
2025-08-18T11:42:10:     at Module._load (node:internal/modules/cjs/loader:1096:12)
2025-08-18T11:42:10:     at Object.<anonymous> (/opt/homebrew/lib/node_modules/pm2/lib/ProcessContainerFork.js:33:23) {
2025-08-18T11:42:10:   code: 'EADDRINUSE',
2025-08-18T11:42:10:   errno: -48,
2025-08-18T11:42:10:   syscall: 'listen',
2025-08-18T11:42:10:   address: '::',
2025-08-18T11:42:10:   port: 8003
2025-08-18T11:42:10: }
2025-08-18T11:42:11: Error: listen EADDRINUSE: address already in use :::8003
2025-08-18T11:42:11:     at Server.setupListenHandle [as _listen2] (node:net:1908:16)
2025-08-18T11:42:11:     at listenInCluster (node:net:1965:12)
2025-08-18T11:42:11:     at Server.listen (node:net:2067:7)
2025-08-18T11:42:11:     at Function.listen (/Users/michaelmishayev/Projects/bankDev2_standalone/node_modules/express/lib/application.js:635:24)
2025-08-18T11:42:11:     at Object.<anonymous> (/Users/michaelmishayev/Projects/bankDev2_standalone/server/server-db.js:9530:5)
2025-08-18T11:42:11:     at Module._compile (node:internal/modules/cjs/loader:1529:14)
2025-08-18T11:42:11:     at Module._extensions..js (node:internal/modules/cjs/loader:1613:10)
2025-08-18T11:42:11:     at Module.load (node:internal/modules/cjs/loader:1275:32)
2025-08-18T11:42:11:     at Module._load (node:internal/modules/cjs/loader:1096:12)
2025-08-18T11:42:11:     at Object.<anonymous> (/opt/homebrew/lib/node_modules/pm2/lib/ProcessContainerFork.js:33:23) {
2025-08-18T11:42:11:   code: 'EADDRINUSE',
2025-08-18T11:42:11:   errno: -48,
2025-08-18T11:42:11:   syscall: 'listen',
2025-08-18T11:42:11:   address: '::',
2025-08-18T11:42:11:   port: 8003
2025-08-18T11:42:11: }
2025-08-18T11:42:11: Error: listen EADDRINUSE: address already in use :::8003
2025-08-18T11:42:11:     at Server.setupListenHandle [as _listen2] (node:net:1908:16)
2025-08-18T11:42:11:     at listenInCluster (node:net:1965:12)
2025-08-18T11:42:11:     at Server.listen (node:net:2067:7)
2025-08-18T11:42:11:     at Function.listen (/Users/michaelmishayev/Projects/bankDev2_standalone/node_modules/express/lib/application.js:635:24)
2025-08-18T11:42:11:     at Object.<anonymous> (/Users/michaelmishayev/Projects/bankDev2_standalone/server/server-db.js:9530:5)
2025-08-18T11:42:11:     at Module._compile (node:internal/modules/cjs/loader:1529:14)
2025-08-18T11:42:11:     at Module._extensions..js (node:internal/modules/cjs/loader:1613:10)
2025-08-18T11:42:11:     at Module.load (node:internal/modules/cjs/loader:1275:32)
2025-08-18T11:42:11:     at Module._load (node:internal/modules/cjs/loader:1096:12)
2025-08-18T11:42:11:     at Object.<anonymous> (/opt/homebrew/lib/node_modules/pm2/lib/ProcessContainerFork.js:33:23) {
2025-08-18T11:42:11:   code: 'EADDRINUSE',
2025-08-18T11:42:11:   errno: -48,
2025-08-18T11:42:11:   syscall: 'listen',
2025-08-18T11:42:11:   address: '::',
2025-08-18T11:42:11:   port: 8003
2025-08-18T11:42:11: }
2025-08-18T11:46:01: Get calculation parameters error: Error: Connection terminated due to connection timeout
2025-08-18T11:46:01:     at /Users/michaelmishayev/Projects/bankDev2_standalone/node_modules/pg-pool/index.js:45:11
2025-08-18T11:46:01:     at process.processTicksAndRejections (node:internal/process/task_queues:95:5)
2025-08-18T11:46:01:     at async /Users/michaelmishayev/Projects/bankDev2_standalone/server/server-db.js:9386:24 {
2025-08-18T11:46:01:   [cause]: Error: Connection terminated unexpectedly
2025-08-18T11:46:01:       at Connection.<anonymous> (/Users/michaelmishayev/Projects/bankDev2_standalone/node_modules/pg/lib/client.js:136:73)
2025-08-18T11:46:01:       at Object.onceWrapper (node:events:638:28)
2025-08-18T11:46:01:       at Connection.emit (node:events:524:28)
2025-08-18T11:46:01:       at Socket.<anonymous> (/Users/michaelmishayev/Projects/bankDev2_standalone/node_modules/pg/lib/connection.js:62:12)
2025-08-18T11:46:01:       at Socket.emit (node:events:524:28)
2025-08-18T11:46:01:       at TCP.<anonymous> (node:net:343:12)
2025-08-18T11:46:01: }
2025-08-18T11:46:01: Get calculation parameters error: Error: Connection terminated due to connection timeout
2025-08-18T11:46:01:     at /Users/michaelmishayev/Projects/bankDev2_standalone/node_modules/pg-pool/index.js:45:11
2025-08-18T11:46:01:     at process.processTicksAndRejections (node:internal/process/task_queues:95:5)
2025-08-18T11:46:01:     at async /Users/michaelmishayev/Projects/bankDev2_standalone/server/server-db.js:9386:24 {
2025-08-18T11:46:01:   [cause]: Error: Connection terminated unexpectedly
2025-08-18T11:46:01:       at Connection.<anonymous> (/Users/michaelmishayev/Projects/bankDev2_standalone/node_modules/pg/lib/client.js:136:73)
2025-08-18T11:46:01:       at Object.onceWrapper (node:events:638:28)
2025-08-18T11:46:01:       at Connection.emit (node:events:524:28)
2025-08-18T11:46:01:       at Socket.<anonymous> (/Users/michaelmishayev/Projects/bankDev2_standalone/node_modules/pg/lib/connection.js:62:12)
2025-08-18T11:46:01:       at Socket.emit (node:events:536:35)
2025-08-18T11:46:01:       at TCP.<anonymous> (node:net:343:12)
2025-08-18T11:46:01: }
2025-08-18T11:46:01: Get calculation parameters error: Error: Connection terminated due to connection timeout
2025-08-18T11:46:01:     at /Users/michaelmishayev/Projects/bankDev2_standalone/node_modules/pg-pool/index.js:45:11
2025-08-18T11:46:01:     at process.processTicksAndRejections (node:internal/process/task_queues:95:5)
2025-08-18T11:46:01:     at async /Users/michaelmishayev/Projects/bankDev2_standalone/server/server-db.js:9386:24 {
2025-08-18T11:46:01:   [cause]: Error: Connection terminated unexpectedly
2025-08-18T11:46:01:       at Connection.<anonymous> (/Users/michaelmishayev/Projects/bankDev2_standalone/node_modules/pg/lib/client.js:136:73)
2025-08-18T11:46:01:       at Object.onceWrapper (node:events:638:28)
2025-08-18T11:46:01:       at Connection.emit (node:events:524:28)
2025-08-18T11:46:01:       at Socket.<anonymous> (/Users/michaelmishayev/Projects/bankDev2_standalone/node_modules/pg/lib/connection.js:62:12)
2025-08-18T11:46:01:       at Socket.emit (node:events:536:35)
2025-08-18T11:46:01:       at TCP.<anonymous> (node:net:343:12)
2025-08-18T11:46:01: }
2025-08-18T11:46:01: Get calculation parameters error: Error: Connection terminated due to connection timeout
2025-08-18T11:46:01:     at /Users/michaelmishayev/Projects/bankDev2_standalone/node_modules/pg-pool/index.js:45:11
2025-08-18T11:46:01:     at process.processTicksAndRejections (node:internal/process/task_queues:95:5)
2025-08-18T11:46:01:     at async /Users/michaelmishayev/Projects/bankDev2_standalone/server/server-db.js:9386:24 {
2025-08-18T11:46:01:   [cause]: Error: Connection terminated unexpectedly
2025-08-18T11:46:01:       at Connection.<anonymous> (/Users/michaelmishayev/Projects/bankDev2_standalone/node_modules/pg/lib/client.js:136:73)
2025-08-18T11:46:01:       at Object.onceWrapper (node:events:638:28)
2025-08-18T11:46:01:       at Connection.emit (node:events:524:28)
2025-08-18T11:46:01:       at Socket.<anonymous> (/Users/michaelmishayev/Projects/bankDev2_standalone/node_modules/pg/lib/connection.js:62:12)
2025-08-18T11:46:01:       at Socket.emit (node:events:536:35)
2025-08-18T11:46:01:       at TCP.<anonymous> (node:net:343:12)
2025-08-18T11:46:01: }
2025-08-18T11:46:03: Get calculation parameters error: Error: Connection terminated due to connection timeout
2025-08-18T11:46:03:     at /Users/michaelmishayev/Projects/bankDev2_standalone/node_modules/pg-pool/index.js:45:11
2025-08-18T11:46:03:     at process.processTicksAndRejections (node:internal/process/task_queues:95:5)
2025-08-18T11:46:03:     at async /Users/michaelmishayev/Projects/bankDev2_standalone/server/server-db.js:9386:24 {
2025-08-18T11:46:03:   [cause]: Error: Connection terminated unexpectedly
2025-08-18T11:46:03:       at Connection.<anonymous> (/Users/michaelmishayev/Projects/bankDev2_standalone/node_modules/pg/lib/client.js:136:73)
2025-08-18T11:46:03:       at Object.onceWrapper (node:events:638:28)
2025-08-18T11:46:03:       at Connection.emit (node:events:524:28)
2025-08-18T11:46:03:       at Socket.<anonymous> (/Users/michaelmishayev/Projects/bankDev2_standalone/node_modules/pg/lib/connection.js:62:12)
2025-08-18T11:46:03:       at Socket.emit (node:events:524:28)
2025-08-18T11:46:03:       at TCP.<anonymous> (node:net:343:12)
2025-08-18T11:46:03: }
2025-08-18T11:46:06: Get calculation parameters error: Error: Connection terminated due to connection timeout
2025-08-18T11:46:06:     at /Users/michaelmishayev/Projects/bankDev2_standalone/node_modules/pg-pool/index.js:45:11
2025-08-18T11:46:06:     at process.processTicksAndRejections (node:internal/process/task_queues:95:5)
2025-08-18T11:46:06:     at async /Users/michaelmishayev/Projects/bankDev2_standalone/server/server-db.js:9386:24 {
2025-08-18T11:46:06:   [cause]: Error: Connection terminated unexpectedly
2025-08-18T11:46:06:       at Connection.<anonymous> (/Users/michaelmishayev/Projects/bankDev2_standalone/node_modules/pg/lib/client.js:136:73)
2025-08-18T11:46:06:       at Object.onceWrapper (node:events:638:28)
2025-08-18T11:46:06:       at Connection.emit (node:events:524:28)
2025-08-18T11:46:06:       at Socket.<anonymous> (/Users/michaelmishayev/Projects/bankDev2_standalone/node_modules/pg/lib/connection.js:62:12)
2025-08-18T11:46:06:       at Socket.emit (node:events:524:28)
2025-08-18T11:46:06:       at TCP.<anonymous> (node:net:343:12)
2025-08-18T11:46:06: }
2025-08-18T11:46:06: Get calculation parameters error: Error: Connection terminated due to connection timeout
2025-08-18T11:46:06:     at /Users/michaelmishayev/Projects/bankDev2_standalone/node_modules/pg-pool/index.js:45:11
2025-08-18T11:46:06:     at process.processTicksAndRejections (node:internal/process/task_queues:95:5)
2025-08-18T11:46:06:     at async /Users/michaelmishayev/Projects/bankDev2_standalone/server/server-db.js:9386:24 {
2025-08-18T11:46:06:   [cause]: Error: Connection terminated unexpectedly
2025-08-18T11:46:06:       at Connection.<anonymous> (/Users/michaelmishayev/Projects/bankDev2_standalone/node_modules/pg/lib/client.js:136:73)
2025-08-18T11:46:06:       at Object.onceWrapper (node:events:638:28)
2025-08-18T11:46:06:       at Connection.emit (node:events:524:28)
2025-08-18T11:46:06:       at Socket.<anonymous> (/Users/michaelmishayev/Projects/bankDev2_standalone/node_modules/pg/lib/connection.js:62:12)
2025-08-18T11:46:06:       at Socket.emit (node:events:524:28)
2025-08-18T11:46:06:       at TCP.<anonymous> (node:net:343:12)
2025-08-18T11:46:06: }
2025-08-18T11:46:06: Get calculation parameters error: Error: Connection terminated due to connection timeout
2025-08-18T11:46:06:     at /Users/michaelmishayev/Projects/bankDev2_standalone/node_modules/pg-pool/index.js:45:11
2025-08-18T11:46:06:     at process.processTicksAndRejections (node:internal/process/task_queues:95:5)
2025-08-18T11:46:06:     at async /Users/michaelmishayev/Projects/bankDev2_standalone/server/server-db.js:9386:24 {
2025-08-18T11:46:06:   [cause]: Error: Connection terminated unexpectedly
2025-08-18T11:46:06:       at Connection.<anonymous> (/Users/michaelmishayev/Projects/bankDev2_standalone/node_modules/pg/lib/client.js:136:73)
2025-08-18T11:46:06:       at Object.onceWrapper (node:events:638:28)
2025-08-18T11:46:06:       at Connection.emit (node:events:524:28)
2025-08-18T11:46:06:       at Socket.<anonymous> (/Users/michaelmishayev/Projects/bankDev2_standalone/node_modules/pg/lib/connection.js:62:12)
2025-08-18T11:46:06:       at Socket.emit (node:events:524:28)
2025-08-18T11:46:06:       at TCP.<anonymous> (node:net:343:12)
2025-08-18T11:46:06: }
2025-08-18T11:46:27: Property ownership options table not found, using fallback values
2025-08-18T11:46:27: Property ownership options table not found, using fallback values
2025-08-18T11:46:27: Property ownership options table not found, using fallback values
2025-08-18T11:46:28: Property ownership options table not found, using fallback values
2025-08-18T11:46:29: Get calculation parameters error: Error: Connection terminated due to connection timeout
2025-08-18T11:46:29:     at /Users/michaelmishayev/Projects/bankDev2_standalone/node_modules/pg-pool/index.js:45:11
2025-08-18T11:46:29:     at process.processTicksAndRejections (node:internal/process/task_queues:95:5)
2025-08-18T11:46:29:     at async /Users/michaelmishayev/Projects/bankDev2_standalone/server/server-db.js:9386:24 {
2025-08-18T11:46:29:   [cause]: Error: Connection terminated unexpectedly
2025-08-18T11:46:29:       at Connection.<anonymous> (/Users/michaelmishayev/Projects/bankDev2_standalone/node_modules/pg/lib/client.js:136:73)
2025-08-18T11:46:29:       at Object.onceWrapper (node:events:638:28)
2025-08-18T11:46:29:       at Connection.emit (node:events:524:28)
2025-08-18T11:46:29:       at Socket.<anonymous> (/Users/michaelmishayev/Projects/bankDev2_standalone/node_modules/pg/lib/connection.js:62:12)
2025-08-18T11:46:29:       at Socket.emit (node:events:524:28)
2025-08-18T11:46:29:       at TCP.<anonymous> (node:net:343:12)
2025-08-18T11:46:29: }
2025-08-18T11:46:57:  Failed to get content for screen: Connection terminated due to connection timeout
2025-08-18T11:47:05:  Main Database connection failed: Connection terminated due to connection timeout
2025-08-18T11:47:24:  Failed to get content for screen: Connection terminated due to connection timeout
2025-08-18T11:47:25:  Failed to get content for screen: Connection terminated due to connection timeout
2025-08-18T11:51:41:  Content Database connection failed: Connection terminated due to connection timeout
